[ 2017-04-28T11:49:07+08:00 ] 127.0.0.1 /
INFO: [ app_init ] --START--
INFO: Run Behavior\BuildLiteBehavior [ RunTime:0.000000s ]
INFO: [ app_init ] --END-- [ RunTime:0.003000s ]
INFO: [ app_begin ] --START--
INFO: Run Behavior\ReadHtmlCacheBehavior [ RunTime:0.002000s ]
INFO: [ app_begin ] --END-- [ RunTime:0.002000s ]
NOTIC: [8] A session had already been started - ignoring session_start() E:\wwwroot\www\kf.hitui.com\ThinkPHP\Common\functions.php 第 1263 行.
SQL: SHOW COLUMNS FROM `ht_config` [ RunTime:0.0090s ]
SQL: SELECT `web` FROM `ht_config` WHERE `id` = 1 LIMIT 1   [ RunTime:0.0080s ]
INFO: [ view_parse ] --START--
INFO: [ template_filter ] --START--
INFO: Run Behavior\ContentReplaceBehavior [ RunTime:0.001000s ]
INFO: [ template_filter ] --END-- [ RunTime:0.001000s ]
SQL: SELECT `web_name` FROM `ht_config` WHERE `id` = 1 LIMIT 1   [ RunTime:0.0080s ]
INFO: Run Behavior\ParseTemplateBehavior [ RunTime:0.037002s ]
INFO: [ view_parse ] --END-- [ RunTime:0.037002s ]
INFO: [ view_filter ] --START--
INFO: Run Behavior\WriteHtmlCacheBehavior [ RunTime:0.001000s ]
INFO: [ view_filter ] --END-- [ RunTime:0.001000s ]
INFO: [ app_end ] --START--
INFO: Run Behavior\ShowPageTraceBehavior [ RunTime:0.001000s ]
INFO: [ app_end ] --END-- [ RunTime:0.001000s ]

[ 2017-04-28T11:49:07+08:00 ] 127.0.0.1 /favicon.ico
INFO: [ app_init ] --START--
INFO: Run Behavior\BuildLiteBehavior [ RunTime:0.000000s ]
INFO: [ app_init ] --END-- [ RunTime:0.001000s ]

[ 2017-04-28T11:49:10+08:00 ] 127.0.0.1 /Index_articleList.html
INFO: [ app_init ] --START--
INFO: Run Behavior\BuildLiteBehavior [ RunTime:0.000000s ]
INFO: [ app_init ] --END-- [ RunTime:0.000000s ]
INFO: [ app_begin ] --START--
INFO: Run Behavior\ReadHtmlCacheBehavior [ RunTime:0.001000s ]
INFO: [ app_begin ] --END-- [ RunTime:0.001000s ]
NOTIC: [8] A session had already been started - ignoring session_start() E:\wwwroot\www\kf.hitui.com\ThinkPHP\Common\functions.php 第 1263 行.
SQL: SHOW COLUMNS FROM `ht_config` [ RunTime:0.0100s ]
SQL: SHOW COLUMNS FROM `ht_article` [ RunTime:0.0090s ]
SQL: SHOW COLUMNS FROM `ht_category` [ RunTime:0.0090s ]
NOTIC: [8] Undefined index: cid E:\wwwroot\www\kf.hitui.com\App\Home\Controller\IndexController.class.php 第 81 行.
SQL: SELECT COUNT(*) AS tp_count FROM `ht_article` WHERE `status` = 0 LIMIT 1   [ RunTime:0.0090s ]
SQL: SELECT * FROM `ht_article` WHERE `status` = 0 ORDER BY sort desc,id desc LIMIT 0,15   [ RunTime:0.0110s ]
SQL: SELECT * FROM `ht_article` ORDER BY addtime desc LIMIT 10   [ RunTime:0.0100s ]
SQL: SELECT * FROM `ht_category` WHERE `status` = 0 ORDER BY sort asc,id desc  [ RunTime:0.0090s ]
SQL: SELECT `pid` FROM `ht_category` WHERE `id` = 0 LIMIT 1   [ RunTime:0.0080s ]
INFO: [ view_parse ] --START--
INFO: [ template_filter ] --START--
INFO: Run Behavior\ContentReplaceBehavior [ RunTime:0.000000s ]
INFO: [ template_filter ] --END-- [ RunTime:0.000000s ]
SQL: SELECT `name` FROM `ht_category` WHERE `id` = 0 LIMIT 1   [ RunTime:0.0080s ]
NOTIC: [8] Undefined variable: cid E:\wwwroot\www\kf.hitui.com\App\Runtime\Cache\Home\7d99a98a4c4235518dc2983ecb128c6f.php 第 75 行.
NOTIC: [8] Undefined variable: cid E:\wwwroot\www\kf.hitui.com\App\Runtime\Cache\Home\7d99a98a4c4235518dc2983ecb128c6f.php 第 75 行.
SQL: SELECT `name` FROM `ht_category` WHERE `id` = 0 LIMIT 1   [ RunTime:0.0080s ]
NOTIC: [8] Undefined variable: cid E:\wwwroot\www\kf.hitui.com\App\Runtime\Cache\Home\7d99a98a4c4235518dc2983ecb128c6f.php 第 96 行.
NOTIC: [8] Undefined variable: cid E:\wwwroot\www\kf.hitui.com\App\Runtime\Cache\Home\7d99a98a4c4235518dc2983ecb128c6f.php 第 96 行.
NOTIC: [8] Undefined variable: cid E:\wwwroot\www\kf.hitui.com\App\Runtime\Cache\Home\7d99a98a4c4235518dc2983ecb128c6f.php 第 96 行.
NOTIC: [8] Undefined variable: cid E:\wwwroot\www\kf.hitui.com\App\Runtime\Cache\Home\7d99a98a4c4235518dc2983ecb128c6f.php 第 96 行.
NOTIC: [8] Undefined variable: cid E:\wwwroot\www\kf.hitui.com\App\Runtime\Cache\Home\7d99a98a4c4235518dc2983ecb128c6f.php 第 96 行.
NOTIC: [8] Undefined variable: cid E:\wwwroot\www\kf.hitui.com\App\Runtime\Cache\Home\7d99a98a4c4235518dc2983ecb128c6f.php 第 96 行.
NOTIC: [8] Undefined variable: cid E:\wwwroot\www\kf.hitui.com\App\Runtime\Cache\Home\7d99a98a4c4235518dc2983ecb128c6f.php 第 96 行.
NOTIC: [8] Undefined variable: cid E:\wwwroot\www\kf.hitui.com\App\Runtime\Cache\Home\7d99a98a4c4235518dc2983ecb128c6f.php 第 96 行.
NOTIC: [8] Undefined variable: cid E:\wwwroot\www\kf.hitui.com\App\Runtime\Cache\Home\7d99a98a4c4235518dc2983ecb128c6f.php 第 96 行.
NOTIC: [8] Undefined variable: cid E:\wwwroot\www\kf.hitui.com\App\Runtime\Cache\Home\7d99a98a4c4235518dc2983ecb128c6f.php 第 96 行.
NOTIC: [8] Undefined variable: cid E:\wwwroot\www\kf.hitui.com\App\Runtime\Cache\Home\7d99a98a4c4235518dc2983ecb128c6f.php 第 96 行.
NOTIC: [8] Undefined variable: cid E:\wwwroot\www\kf.hitui.com\App\Runtime\Cache\Home\7d99a98a4c4235518dc2983ecb128c6f.php 第 96 行.
NOTIC: [8] Undefined variable: cid E:\wwwroot\www\kf.hitui.com\App\Runtime\Cache\Home\7d99a98a4c4235518dc2983ecb128c6f.php 第 96 行.
INFO: Run Behavior\ParseTemplateBehavior [ RunTime:0.036002s ]
INFO: [ view_parse ] --END-- [ RunTime:0.036002s ]
INFO: [ view_filter ] --START--
INFO: Run Behavior\WriteHtmlCacheBehavior [ RunTime:0.000000s ]
INFO: [ view_filter ] --END-- [ RunTime:0.000000s ]
INFO: [ app_end ] --START--
INFO: Run Behavior\ShowPageTraceBehavior [ RunTime:0.001001s ]
INFO: [ app_end ] --END-- [ RunTime:0.001001s ]

