[ 2017-03-22T10:54:35+08:00 ] 192.168.0.17 /
INFO: [ app_init ] --START--
INFO: Run Behavior\BuildLiteBehavior [ RunTime:0.000000s ]
INFO: [ app_init ] --END-- [ RunTime:0.001000s ]
INFO: [ app_begin ] --START--
INFO: Run Behavior\ReadHtmlCacheBehavior [ RunTime:0.002000s ]
INFO: [ app_begin ] --END-- [ RunTime:0.002000s ]
SQL: SHOW COLUMNS FROM `ht_config` [ RunTime:0.0040s ]
SQL: SELECT `web` FROM `ht_config` WHERE `id` = 1 LIMIT 1   [ RunTime:0.0010s ]
INFO: [ view_parse ] --START--
INFO: [ template_filter ] --START--
INFO: Run Behavior\ContentReplaceBehavior [ RunTime:0.000000s ]
INFO: [ template_filter ] --END-- [ RunTime:0.000000s ]
SQL: SELECT `web_name` FROM `ht_config` WHERE `id` = 1 LIMIT 1   [ RunTime:0.0000s ]
INFO: Run Behavior\ParseTemplateBehavior [ RunTime:0.027001s ]
INFO: [ view_parse ] --END-- [ RunTime:0.027001s ]
INFO: [ view_filter ] --START--
INFO: Run Behavior\WriteHtmlCacheBehavior [ RunTime:0.001000s ]
INFO: [ view_filter ] --END-- [ RunTime:0.001000s ]
INFO: [ app_end ] --START--
INFO: Run Behavior\ShowPageTraceBehavior [ RunTime:0.001000s ]
INFO: [ app_end ] --END-- [ RunTime:0.001000s ]

[ 2017-03-22T10:54:35+08:00 ] 192.168.0.17 /favicon.ico
INFO: [ app_init ] --START--
INFO: Run Behavior\BuildLiteBehavior [ RunTime:0.000000s ]
INFO: [ app_init ] --END-- [ RunTime:0.000000s ]

[ 2017-03-22T10:54:47+08:00 ] 192.168.0.17 /
INFO: [ app_init ] --START--
INFO: Run Behavior\BuildLiteBehavior [ RunTime:0.000000s ]
INFO: [ app_init ] --END-- [ RunTime:0.000000s ]
INFO: [ app_begin ] --START--
INFO: Run Behavior\ReadHtmlCacheBehavior [ RunTime:0.000000s ]
INFO: [ app_begin ] --END-- [ RunTime:0.000000s ]
SQL: SHOW COLUMNS FROM `ht_config` [ RunTime:0.0156s ]
INFO: [ view_parse ] --START--
INFO: [ template_filter ] --START--
INFO: Run Behavior\ContentReplaceBehavior [ RunTime:0.000000s ]
INFO: [ template_filter ] --END-- [ RunTime:0.000000s ]
INFO: Run Behavior\ParseTemplateBehavior [ RunTime:0.000000s ]
INFO: [ view_parse ] --END-- [ RunTime:0.000000s ]
INFO: [ view_filter ] --START--
INFO: Run Behavior\WriteHtmlCacheBehavior [ RunTime:0.000000s ]
INFO: [ view_filter ] --END-- [ RunTime:0.000000s ]
INFO: [ app_end ] --START--
INFO: Run Behavior\ShowPageTraceBehavior [ RunTime:0.000000s ]
INFO: [ app_end ] --END-- [ RunTime:0.000000s ]

[ 2017-03-22T17:14:38+08:00 ] 127.0.0.1 /
INFO: [ app_init ] --START--
INFO: Run Behavior\BuildLiteBehavior [ RunTime:0.000000s ]
INFO: [ app_init ] --END-- [ RunTime:0.002000s ]
INFO: [ app_begin ] --START--
INFO: Run Behavior\ReadHtmlCacheBehavior [ RunTime:0.001000s ]
INFO: [ app_begin ] --END-- [ RunTime:0.001000s ]
SQL: SHOW COLUMNS FROM `ht_config` [ RunTime:0.0050s ]
SQL: SELECT `web` FROM `ht_config` WHERE `id` = 1 LIMIT 1   [ RunTime:0.0000s ]
INFO: [ view_parse ] --START--
INFO: [ template_filter ] --START--
INFO: Run Behavior\ContentReplaceBehavior [ RunTime:0.001000s ]
INFO: [ template_filter ] --END-- [ RunTime:0.001000s ]
SQL: SELECT `web_name` FROM `ht_config` WHERE `id` = 1 LIMIT 1   [ RunTime:0.0000s ]
INFO: Run Behavior\ParseTemplateBehavior [ RunTime:0.029002s ]
INFO: [ view_parse ] --END-- [ RunTime:0.029002s ]
INFO: [ view_filter ] --START--
INFO: Run Behavior\WriteHtmlCacheBehavior [ RunTime:0.001000s ]
INFO: [ view_filter ] --END-- [ RunTime:0.001000s ]
INFO: [ app_end ] --START--
INFO: Run Behavior\ShowPageTraceBehavior [ RunTime:0.001000s ]
INFO: [ app_end ] --END-- [ RunTime:0.001000s ]

[ 2017-03-22T17:14:38+08:00 ] 127.0.0.1 /favicon.ico
INFO: [ app_init ] --START--
INFO: Run Behavior\BuildLiteBehavior [ RunTime:0.000000s ]
INFO: [ app_init ] --END-- [ RunTime:0.000000s ]

[ 2017-03-22T17:14:39+08:00 ] 127.0.0.1 /Home/Index/articleList.html
INFO: [ app_init ] --START--
INFO: Run Behavior\BuildLiteBehavior [ RunTime:0.000000s ]
INFO: [ app_init ] --END-- [ RunTime:0.000000s ]
INFO: [ app_begin ] --START--
INFO: Run Behavior\ReadHtmlCacheBehavior [ RunTime:0.000000s ]
INFO: [ app_begin ] --END-- [ RunTime:0.001000s ]
SQL: SHOW COLUMNS FROM `ht_config` [ RunTime:0.0030s ]
SQL: SHOW COLUMNS FROM `ht_article` [ RunTime:0.0060s ]
SQL: SHOW COLUMNS FROM `ht_category` [ RunTime:0.0050s ]
NOTIC: [8] Undefined index: cid E:\wwwroot\www\kf.hitui.com\App\Home\Controller\IndexController.class.php 第 68 行.
SQL: SELECT COUNT(*) AS tp_count FROM `ht_article` WHERE `status` = 0 LIMIT 1   [ RunTime:0.0000s ]
SQL: SELECT * FROM `ht_article` WHERE `status` = 0 ORDER BY sort asc,id desc LIMIT 0,15   [ RunTime:0.0010s ]
SQL: SELECT * FROM `ht_article` ORDER BY addtime desc LIMIT 10   [ RunTime:0.0010s ]
SQL: SELECT * FROM `ht_category` WHERE `status` = 0 ORDER BY sort asc,id desc  [ RunTime:0.0000s ]
SQL: SELECT `pid` FROM `ht_category` WHERE `id` = 0 LIMIT 1   [ RunTime:0.0010s ]
INFO: [ view_parse ] --START--
INFO: [ template_filter ] --START--
INFO: Run Behavior\ContentReplaceBehavior [ RunTime:0.000000s ]
INFO: [ template_filter ] --END-- [ RunTime:0.000000s ]
SQL: SELECT `name` FROM `ht_category` WHERE `id` = 0 LIMIT 1   [ RunTime:0.0000s ]
NOTIC: [8] Undefined variable: cid E:\wwwroot\www\kf.hitui.com\App\Runtime\Cache\Home\7d99a98a4c4235518dc2983ecb128c6f.php 第 67 行.
NOTIC: [8] Undefined variable: cid E:\wwwroot\www\kf.hitui.com\App\Runtime\Cache\Home\7d99a98a4c4235518dc2983ecb128c6f.php 第 67 行.
SQL: SELECT `name` FROM `ht_category` WHERE `id` = 0 LIMIT 1   [ RunTime:0.0010s ]
NOTIC: [8] Undefined variable: cid E:\wwwroot\www\kf.hitui.com\App\Runtime\Cache\Home\7d99a98a4c4235518dc2983ecb128c6f.php 第 88 行.
NOTIC: [8] Undefined variable: cid E:\wwwroot\www\kf.hitui.com\App\Runtime\Cache\Home\7d99a98a4c4235518dc2983ecb128c6f.php 第 88 行.
NOTIC: [8] Undefined variable: cid E:\wwwroot\www\kf.hitui.com\App\Runtime\Cache\Home\7d99a98a4c4235518dc2983ecb128c6f.php 第 88 行.
NOTIC: [8] Undefined variable: cid E:\wwwroot\www\kf.hitui.com\App\Runtime\Cache\Home\7d99a98a4c4235518dc2983ecb128c6f.php 第 88 行.
NOTIC: [8] Undefined variable: cid E:\wwwroot\www\kf.hitui.com\App\Runtime\Cache\Home\7d99a98a4c4235518dc2983ecb128c6f.php 第 88 行.
NOTIC: [8] Undefined variable: cid E:\wwwroot\www\kf.hitui.com\App\Runtime\Cache\Home\7d99a98a4c4235518dc2983ecb128c6f.php 第 88 行.
NOTIC: [8] Undefined index: pv E:\wwwroot\www\kf.hitui.com\App\Runtime\Cache\Home\7d99a98a4c4235518dc2983ecb128c6f.php 第 99 行.
NOTIC: [8] Undefined index: pv E:\wwwroot\www\kf.hitui.com\App\Runtime\Cache\Home\7d99a98a4c4235518dc2983ecb128c6f.php 第 99 行.
NOTIC: [8] Undefined index: pv E:\wwwroot\www\kf.hitui.com\App\Runtime\Cache\Home\7d99a98a4c4235518dc2983ecb128c6f.php 第 99 行.
NOTIC: [8] Undefined index: pv E:\wwwroot\www\kf.hitui.com\App\Runtime\Cache\Home\7d99a98a4c4235518dc2983ecb128c6f.php 第 99 行.
NOTIC: [8] Undefined index: pv E:\wwwroot\www\kf.hitui.com\App\Runtime\Cache\Home\7d99a98a4c4235518dc2983ecb128c6f.php 第 99 行.
INFO: Run Behavior\ParseTemplateBehavior [ RunTime:0.022001s ]
INFO: [ view_parse ] --END-- [ RunTime:0.022001s ]
INFO: [ view_filter ] --START--
INFO: Run Behavior\WriteHtmlCacheBehavior [ RunTime:0.000000s ]
INFO: [ view_filter ] --END-- [ RunTime:0.000000s ]
INFO: [ app_end ] --START--
INFO: Run Behavior\ShowPageTraceBehavior [ RunTime:0.001000s ]
INFO: [ app_end ] --END-- [ RunTime:0.001000s ]

[ 2017-03-22T17:14:45+08:00 ] 127.0.0.1 /Home/Index/articleList/cid/109.html
INFO: [ app_init ] --START--
INFO: Run Behavior\BuildLiteBehavior [ RunTime:0.000000s ]
INFO: [ app_init ] --END-- [ RunTime:0.000000s ]
INFO: [ app_begin ] --START--
INFO: Run Behavior\ReadHtmlCacheBehavior [ RunTime:0.001000s ]
INFO: [ app_begin ] --END-- [ RunTime:0.001000s ]
SQL: SHOW COLUMNS FROM `ht_config` [ RunTime:0.0040s ]
SQL: SHOW COLUMNS FROM `ht_article` [ RunTime:0.0040s ]
SQL: SHOW COLUMNS FROM `ht_category` [ RunTime:0.0050s ]
SQL: SELECT `pid` FROM `ht_category` WHERE `id` = 109 LIMIT 1   [ RunTime:0.0000s ]
SQL: SELECT COUNT(*) AS tp_count FROM `ht_article` WHERE `status` = 0 AND `category_id` = 109 LIMIT 1   [ RunTime:0.0010s ]
SQL: SELECT * FROM `ht_article` WHERE `status` = 0 AND `category_id` = 109 ORDER BY sort asc,id desc LIMIT 0,15   [ RunTime:0.0010s ]
SQL: SELECT * FROM `ht_article` ORDER BY addtime desc LIMIT 10   [ RunTime:0.0000s ]
SQL: SELECT * FROM `ht_category` WHERE `status` = 0 ORDER BY sort asc,id desc  [ RunTime:0.0000s ]
SQL: SELECT `pid` FROM `ht_category` WHERE `id` = 109 LIMIT 1   [ RunTime:0.0000s ]
INFO: [ view_parse ] --START--
INFO: [ template_filter ] --START--
INFO: Run Behavior\ContentReplaceBehavior [ RunTime:0.000000s ]
INFO: [ template_filter ] --END-- [ RunTime:0.000000s ]
SQL: SELECT `name` FROM `ht_category` WHERE `id` = 104 LIMIT 1   [ RunTime:0.0010s ]
SQL: SELECT `name` FROM `ht_category` WHERE `id` = 109 LIMIT 1   [ RunTime:0.0000s ]
NOTIC: [8] Undefined index: pv E:\wwwroot\www\kf.hitui.com\App\Runtime\Cache\Home\7d99a98a4c4235518dc2983ecb128c6f.php 第 99 行.
NOTIC: [8] Undefined index: pv E:\wwwroot\www\kf.hitui.com\App\Runtime\Cache\Home\7d99a98a4c4235518dc2983ecb128c6f.php 第 99 行.
NOTIC: [8] Undefined index: pv E:\wwwroot\www\kf.hitui.com\App\Runtime\Cache\Home\7d99a98a4c4235518dc2983ecb128c6f.php 第 99 行.
NOTIC: [8] Undefined index: pv E:\wwwroot\www\kf.hitui.com\App\Runtime\Cache\Home\7d99a98a4c4235518dc2983ecb128c6f.php 第 99 行.
NOTIC: [8] Undefined index: pv E:\wwwroot\www\kf.hitui.com\App\Runtime\Cache\Home\7d99a98a4c4235518dc2983ecb128c6f.php 第 99 行.
INFO: Run Behavior\ParseTemplateBehavior [ RunTime:0.014000s ]
INFO: [ view_parse ] --END-- [ RunTime:0.014000s ]
INFO: [ view_filter ] --START--
INFO: Run Behavior\WriteHtmlCacheBehavior [ RunTime:0.000000s ]
INFO: [ view_filter ] --END-- [ RunTime:0.000000s ]
INFO: [ app_end ] --START--
INFO: Run Behavior\ShowPageTraceBehavior [ RunTime:0.001000s ]
INFO: [ app_end ] --END-- [ RunTime:0.001000s ]

[ 2017-03-22T17:14:48+08:00 ] 127.0.0.1 /Home/Index/articleList/cid/105.html
INFO: [ app_init ] --START--
INFO: Run Behavior\BuildLiteBehavior [ RunTime:0.000000s ]
INFO: [ app_init ] --END-- [ RunTime:0.000000s ]
INFO: [ app_begin ] --START--
INFO: Run Behavior\ReadHtmlCacheBehavior [ RunTime:0.002000s ]
INFO: [ app_begin ] --END-- [ RunTime:0.002000s ]
SQL: SHOW COLUMNS FROM `ht_config` [ RunTime:0.0040s ]
SQL: SHOW COLUMNS FROM `ht_article` [ RunTime:0.0050s ]
SQL: SHOW COLUMNS FROM `ht_category` [ RunTime:0.0040s ]
SQL: SELECT `pid` FROM `ht_category` WHERE `id` = 105 LIMIT 1   [ RunTime:0.0000s ]
SQL: SELECT COUNT(*) AS tp_count FROM `ht_article` WHERE `status` = 0 AND `category_id` = 105 LIMIT 1   [ RunTime:0.0010s ]
SQL: SELECT * FROM `ht_article` WHERE `status` = 0 AND `category_id` = 105 ORDER BY sort asc,id desc LIMIT 0,15   [ RunTime:0.0010s ]
SQL: SELECT * FROM `ht_article` ORDER BY addtime desc LIMIT 10   [ RunTime:0.0000s ]
SQL: SELECT * FROM `ht_category` WHERE `status` = 0 ORDER BY sort asc,id desc  [ RunTime:0.0000s ]
SQL: SELECT `pid` FROM `ht_category` WHERE `id` = 105 LIMIT 1   [ RunTime:0.0000s ]
INFO: [ view_parse ] --START--
INFO: [ template_filter ] --START--
INFO: Run Behavior\ContentReplaceBehavior [ RunTime:0.001000s ]
INFO: [ template_filter ] --END-- [ RunTime:0.001000s ]
SQL: SELECT `name` FROM `ht_category` WHERE `id` = 104 LIMIT 1   [ RunTime:0.0000s ]
SQL: SELECT `name` FROM `ht_category` WHERE `id` = 105 LIMIT 1   [ RunTime:0.0010s ]
NOTIC: [8] Undefined index: pv E:\wwwroot\www\kf.hitui.com\App\Runtime\Cache\Home\7d99a98a4c4235518dc2983ecb128c6f.php 第 99 行.
NOTIC: [8] Undefined index: pv E:\wwwroot\www\kf.hitui.com\App\Runtime\Cache\Home\7d99a98a4c4235518dc2983ecb128c6f.php 第 99 行.
NOTIC: [8] Undefined index: pv E:\wwwroot\www\kf.hitui.com\App\Runtime\Cache\Home\7d99a98a4c4235518dc2983ecb128c6f.php 第 99 行.
NOTIC: [8] Undefined index: pv E:\wwwroot\www\kf.hitui.com\App\Runtime\Cache\Home\7d99a98a4c4235518dc2983ecb128c6f.php 第 99 行.
NOTIC: [8] Undefined index: pv E:\wwwroot\www\kf.hitui.com\App\Runtime\Cache\Home\7d99a98a4c4235518dc2983ecb128c6f.php 第 99 行.
INFO: Run Behavior\ParseTemplateBehavior [ RunTime:0.013001s ]
INFO: [ view_parse ] --END-- [ RunTime:0.013001s ]
INFO: [ view_filter ] --START--
INFO: Run Behavior\WriteHtmlCacheBehavior [ RunTime:0.001000s ]
INFO: [ view_filter ] --END-- [ RunTime:0.001000s ]
INFO: [ app_end ] --START--
INFO: Run Behavior\ShowPageTraceBehavior [ RunTime:0.000000s ]
INFO: [ app_end ] --END-- [ RunTime:0.000000s ]

[ 2017-03-22T17:14:51+08:00 ] 127.0.0.1 /Home/Index/articleContent/aid/4/cid/105.html
INFO: [ app_init ] --START--
INFO: Run Behavior\BuildLiteBehavior [ RunTime:0.000000s ]
INFO: [ app_init ] --END-- [ RunTime:0.000000s ]
INFO: [ app_begin ] --START--
INFO: Run Behavior\ReadHtmlCacheBehavior [ RunTime:0.001000s ]
INFO: [ app_begin ] --END-- [ RunTime:0.001000s ]
SQL: SHOW COLUMNS FROM `ht_config` [ RunTime:0.0040s ]
SQL: SHOW COLUMNS FROM `ht_article` [ RunTime:0.0050s ]
SQL: SHOW COLUMNS FROM `ht_category` [ RunTime:0.0030s ]
SQL: SELECT * FROM `ht_article` WHERE `id` = 4 AND `category_id` = 105 AND `status` = 0 ORDER BY sort asc,id desc LIMIT 1   [ RunTime:0.0000s ]
SQL: SELECT * FROM `ht_article` ORDER BY addtime desc LIMIT 10   [ RunTime:0.0010s ]
SQL: SELECT COUNT(*) AS tp_count FROM `ht_article` WHERE `category_id` = 105 AND `status` = 0 LIMIT 1   [ RunTime:0.0000s ]
SQL: SELECT * FROM `ht_article` WHERE `category_id` = 105 AND `status` = 0 LIMIT 0,10   [ RunTime:0.0010s ]
SQL: SELECT * FROM `ht_category` WHERE `status` = 0 ORDER BY sort asc,id desc  [ RunTime:0.0000s ]
SQL: SELECT `pid` FROM `ht_category` WHERE `id` = 105 LIMIT 1   [ RunTime:0.0000s ]
INFO: [ view_parse ] --START--
INFO: [ template_filter ] --START--
INFO: Run Behavior\ContentReplaceBehavior [ RunTime:0.000000s ]
INFO: [ template_filter ] --END-- [ RunTime:0.001000s ]
NOTIC: [8] Undefined variable: article E:\wwwroot\www\kf.hitui.com\App\Runtime\Cache\Home\6f72d35e51dbf4627cb8bb52c1bbed9e.php 第 5 行.
INFO: Run Behavior\ParseTemplateBehavior [ RunTime:0.009001s ]
INFO: [ view_parse ] --END-- [ RunTime:0.009001s ]
INFO: [ view_filter ] --START--
INFO: Run Behavior\WriteHtmlCacheBehavior [ RunTime:0.000000s ]
INFO: [ view_filter ] --END-- [ RunTime:0.000000s ]
INFO: [ app_end ] --START--
INFO: Run Behavior\ShowPageTraceBehavior [ RunTime:0.001000s ]
INFO: [ app_end ] --END-- [ RunTime:0.001000s ]

[ 2017-03-22T17:14:51+08:00 ] 127.0.0.1 /Uploads/ueditor/20170308/58bfad57bcb96.png
INFO: [ app_init ] --START--
INFO: Run Behavior\BuildLiteBehavior [ RunTime:0.000000s ]
INFO: [ app_init ] --END-- [ RunTime:0.000000s ]

[ 2017-03-22T17:15:19+08:00 ] 127.0.0.1 /Home/Index/articleList/cid/105.html
INFO: [ app_init ] --START--
INFO: Run Behavior\BuildLiteBehavior [ RunTime:0.000000s ]
INFO: [ app_init ] --END-- [ RunTime:0.000000s ]
INFO: [ app_begin ] --START--
INFO: Run Behavior\ReadHtmlCacheBehavior [ RunTime:0.001000s ]
INFO: [ app_begin ] --END-- [ RunTime:0.001000s ]
SQL: SHOW COLUMNS FROM `ht_config` [ RunTime:0.0030s ]
SQL: SHOW COLUMNS FROM `ht_article` [ RunTime:0.0030s ]
SQL: SHOW COLUMNS FROM `ht_category` [ RunTime:0.0030s ]
SQL: SELECT `pid` FROM `ht_category` WHERE `id` = 105 LIMIT 1   [ RunTime:0.0000s ]
SQL: SELECT COUNT(*) AS tp_count FROM `ht_article` WHERE `status` = 0 AND `category_id` = 105 LIMIT 1   [ RunTime:0.0000s ]
SQL: SELECT * FROM `ht_article` WHERE `status` = 0 AND `category_id` = 105 ORDER BY sort asc,id desc LIMIT 0,15   [ RunTime:0.0010s ]
SQL: SELECT * FROM `ht_article` ORDER BY addtime desc LIMIT 10   [ RunTime:0.0000s ]
SQL: SELECT * FROM `ht_category` WHERE `status` = 0 ORDER BY sort asc,id desc  [ RunTime:0.0010s ]
SQL: SELECT `pid` FROM `ht_category` WHERE `id` = 105 LIMIT 1   [ RunTime:0.0010s ]
INFO: [ view_parse ] --START--
INFO: [ template_filter ] --START--
INFO: Run Behavior\ContentReplaceBehavior [ RunTime:0.000000s ]
INFO: [ template_filter ] --END-- [ RunTime:0.000000s ]
SQL: SELECT `name` FROM `ht_category` WHERE `id` = 104 LIMIT 1   [ RunTime:0.0000s ]
SQL: SELECT `name` FROM `ht_category` WHERE `id` = 105 LIMIT 1   [ RunTime:0.0000s ]
NOTIC: [8] Undefined index: pv E:\wwwroot\www\kf.hitui.com\App\Runtime\Cache\Home\7d99a98a4c4235518dc2983ecb128c6f.php 第 99 行.
NOTIC: [8] Undefined index: pv E:\wwwroot\www\kf.hitui.com\App\Runtime\Cache\Home\7d99a98a4c4235518dc2983ecb128c6f.php 第 99 行.
NOTIC: [8] Undefined index: pv E:\wwwroot\www\kf.hitui.com\App\Runtime\Cache\Home\7d99a98a4c4235518dc2983ecb128c6f.php 第 99 行.
NOTIC: [8] Undefined index: pv E:\wwwroot\www\kf.hitui.com\App\Runtime\Cache\Home\7d99a98a4c4235518dc2983ecb128c6f.php 第 99 行.
NOTIC: [8] Undefined index: pv E:\wwwroot\www\kf.hitui.com\App\Runtime\Cache\Home\7d99a98a4c4235518dc2983ecb128c6f.php 第 99 行.
INFO: Run Behavior\ParseTemplateBehavior [ RunTime:0.015001s ]
INFO: [ view_parse ] --END-- [ RunTime:0.015001s ]
INFO: [ view_filter ] --START--
INFO: Run Behavior\WriteHtmlCacheBehavior [ RunTime:0.000000s ]
INFO: [ view_filter ] --END-- [ RunTime:0.000000s ]
INFO: [ app_end ] --START--
INFO: Run Behavior\ShowPageTraceBehavior [ RunTime:0.001000s ]
INFO: [ app_end ] --END-- [ RunTime:0.001000s ]

[ 2017-03-22T17:15:21+08:00 ] 127.0.0.1 /Home/Index/articleContent/aid/11/cid/105.html
INFO: [ app_init ] --START--
INFO: Run Behavior\BuildLiteBehavior [ RunTime:0.000000s ]
INFO: [ app_init ] --END-- [ RunTime:0.000000s ]
INFO: [ app_begin ] --START--
INFO: Run Behavior\ReadHtmlCacheBehavior [ RunTime:0.001000s ]
INFO: [ app_begin ] --END-- [ RunTime:0.001000s ]
SQL: SHOW COLUMNS FROM `ht_config` [ RunTime:0.0030s ]
SQL: SHOW COLUMNS FROM `ht_article` [ RunTime:0.0050s ]
SQL: SHOW COLUMNS FROM `ht_category` [ RunTime:0.0030s ]
SQL: SELECT * FROM `ht_article` WHERE `id` = 11 AND `category_id` = 105 AND `status` = 0 ORDER BY sort asc,id desc LIMIT 1   [ RunTime:0.0000s ]
SQL: SELECT * FROM `ht_article` ORDER BY addtime desc LIMIT 10   [ RunTime:0.0000s ]
SQL: SELECT COUNT(*) AS tp_count FROM `ht_article` WHERE `category_id` = 105 AND `status` = 0 LIMIT 1   [ RunTime:0.0010s ]
SQL: SELECT * FROM `ht_article` WHERE `category_id` = 105 AND `status` = 0 LIMIT 1,10   [ RunTime:0.0000s ]
SQL: SELECT * FROM `ht_category` WHERE `status` = 0 ORDER BY sort asc,id desc  [ RunTime:0.0000s ]
SQL: SELECT `pid` FROM `ht_category` WHERE `id` = 105 LIMIT 1   [ RunTime:0.0000s ]
INFO: [ view_parse ] --START--
INFO: [ template_filter ] --START--
INFO: Run Behavior\ContentReplaceBehavior [ RunTime:0.000000s ]
INFO: [ template_filter ] --END-- [ RunTime:0.000000s ]
SQL: SELECT `name` FROM `ht_category` WHERE `id` = 104 LIMIT 1   [ RunTime:0.0000s ]
SQL: SELECT `name` FROM `ht_category` WHERE `id` = 105 LIMIT 1   [ RunTime:0.0000s ]
NOTIC: [8] Undefined index: pv E:\wwwroot\www\kf.hitui.com\App\Runtime\Cache\Home\cd3a31c80474990d265110c68f11d50b.php 第 106 行.
NOTIC: [8] Undefined index: pv E:\wwwroot\www\kf.hitui.com\App\Runtime\Cache\Home\cd3a31c80474990d265110c68f11d50b.php 第 106 行.
NOTIC: [8] Undefined index: pv E:\wwwroot\www\kf.hitui.com\App\Runtime\Cache\Home\cd3a31c80474990d265110c68f11d50b.php 第 106 行.
NOTIC: [8] Undefined index: pv E:\wwwroot\www\kf.hitui.com\App\Runtime\Cache\Home\cd3a31c80474990d265110c68f11d50b.php 第 106 行.
NOTIC: [8] Undefined index: pv E:\wwwroot\www\kf.hitui.com\App\Runtime\Cache\Home\cd3a31c80474990d265110c68f11d50b.php 第 106 行.
SQL: SELECT `article_ad` FROM `ht_config` WHERE `id` = 1 LIMIT 1   [ RunTime:0.0000s ]
INFO: Run Behavior\ParseTemplateBehavior [ RunTime:0.019001s ]
INFO: [ view_parse ] --END-- [ RunTime:0.019001s ]
INFO: [ view_filter ] --START--
INFO: Run Behavior\WriteHtmlCacheBehavior [ RunTime:0.000000s ]
INFO: [ view_filter ] --END-- [ RunTime:0.000000s ]
INFO: [ app_end ] --START--
INFO: Run Behavior\ShowPageTraceBehavior [ RunTime:0.001000s ]
INFO: [ app_end ] --END-- [ RunTime:0.001000s ]

[ 2017-03-22T17:15:25+08:00 ] 127.0.0.1 /Home/Index/articleList/cid/105.html
INFO: [ app_init ] --START--
INFO: Run Behavior\BuildLiteBehavior [ RunTime:0.000000s ]
INFO: [ app_init ] --END-- [ RunTime:0.000000s ]
INFO: [ app_begin ] --START--
INFO: Run Behavior\ReadHtmlCacheBehavior [ RunTime:0.000000s ]
INFO: [ app_begin ] --END-- [ RunTime:0.000000s ]
SQL: SHOW COLUMNS FROM `ht_config` [ RunTime:0.0040s ]
SQL: SHOW COLUMNS FROM `ht_article` [ RunTime:0.0050s ]
SQL: SHOW COLUMNS FROM `ht_category` [ RunTime:0.0040s ]
SQL: SELECT `pid` FROM `ht_category` WHERE `id` = 105 LIMIT 1   [ RunTime:0.0000s ]
SQL: SELECT COUNT(*) AS tp_count FROM `ht_article` WHERE `status` = 0 AND `category_id` = 105 LIMIT 1   [ RunTime:0.0000s ]
SQL: SELECT * FROM `ht_article` WHERE `status` = 0 AND `category_id` = 105 ORDER BY sort asc,id desc LIMIT 0,15   [ RunTime:0.0010s ]
SQL: SELECT * FROM `ht_article` ORDER BY addtime desc LIMIT 10   [ RunTime:0.0010s ]
SQL: SELECT * FROM `ht_category` WHERE `status` = 0 ORDER BY sort asc,id desc  [ RunTime:0.0000s ]
SQL: SELECT `pid` FROM `ht_category` WHERE `id` = 105 LIMIT 1   [ RunTime:0.0000s ]
INFO: [ view_parse ] --START--
INFO: [ template_filter ] --START--
INFO: Run Behavior\ContentReplaceBehavior [ RunTime:0.000000s ]
INFO: [ template_filter ] --END-- [ RunTime:0.000000s ]
SQL: SELECT `name` FROM `ht_category` WHERE `id` = 104 LIMIT 1   [ RunTime:0.0000s ]
SQL: SELECT `name` FROM `ht_category` WHERE `id` = 105 LIMIT 1   [ RunTime:0.0000s ]
NOTIC: [8] Undefined index: pv E:\wwwroot\www\kf.hitui.com\App\Runtime\Cache\Home\7d99a98a4c4235518dc2983ecb128c6f.php 第 99 行.
NOTIC: [8] Undefined index: pv E:\wwwroot\www\kf.hitui.com\App\Runtime\Cache\Home\7d99a98a4c4235518dc2983ecb128c6f.php 第 99 行.
NOTIC: [8] Undefined index: pv E:\wwwroot\www\kf.hitui.com\App\Runtime\Cache\Home\7d99a98a4c4235518dc2983ecb128c6f.php 第 99 行.
NOTIC: [8] Undefined index: pv E:\wwwroot\www\kf.hitui.com\App\Runtime\Cache\Home\7d99a98a4c4235518dc2983ecb128c6f.php 第 99 行.
NOTIC: [8] Undefined index: pv E:\wwwroot\www\kf.hitui.com\App\Runtime\Cache\Home\7d99a98a4c4235518dc2983ecb128c6f.php 第 99 行.
INFO: Run Behavior\ParseTemplateBehavior [ RunTime:0.016001s ]
INFO: [ view_parse ] --END-- [ RunTime:0.016001s ]
INFO: [ view_filter ] --START--
INFO: Run Behavior\WriteHtmlCacheBehavior [ RunTime:0.000000s ]
INFO: [ view_filter ] --END-- [ RunTime:0.000000s ]
INFO: [ app_end ] --START--
INFO: Run Behavior\ShowPageTraceBehavior [ RunTime:0.000000s ]
INFO: [ app_end ] --END-- [ RunTime:0.000000s ]

[ 2017-03-22T17:15:34+08:00 ] 127.0.0.1 /Home/Index/articleContent/aid/11/cid/105.html
INFO: [ app_init ] --START--
INFO: Run Behavior\BuildLiteBehavior [ RunTime:0.000000s ]
INFO: [ app_init ] --END-- [ RunTime:0.001000s ]
INFO: [ app_begin ] --START--
INFO: Run Behavior\ReadHtmlCacheBehavior [ RunTime:0.000000s ]
INFO: [ app_begin ] --END-- [ RunTime:0.000000s ]
SQL: SHOW COLUMNS FROM `ht_config` [ RunTime:0.0030s ]
SQL: SHOW COLUMNS FROM `ht_article` [ RunTime:0.0030s ]
SQL: SHOW COLUMNS FROM `ht_category` [ RunTime:0.0030s ]
SQL: SELECT * FROM `ht_article` WHERE `id` = 11 AND `category_id` = 105 AND `status` = 0 ORDER BY sort asc,id desc LIMIT 1   [ RunTime:0.0010s ]
SQL: SELECT * FROM `ht_article` ORDER BY addtime desc LIMIT 10   [ RunTime:0.0000s ]
SQL: SELECT COUNT(*) AS tp_count FROM `ht_article` WHERE `category_id` = 105 AND `status` = 0 LIMIT 1   [ RunTime:0.0010s ]
SQL: SELECT * FROM `ht_article` WHERE `category_id` = 105 AND `status` = 0 LIMIT 1,10   [ RunTime:0.0000s ]
SQL: SELECT * FROM `ht_category` WHERE `status` = 0 ORDER BY sort asc,id desc  [ RunTime:0.0000s ]
SQL: SELECT `pid` FROM `ht_category` WHERE `id` = 105 LIMIT 1   [ RunTime:0.0000s ]
INFO: [ view_parse ] --START--
INFO: [ template_filter ] --START--
INFO: Run Behavior\ContentReplaceBehavior [ RunTime:0.000000s ]
INFO: [ template_filter ] --END-- [ RunTime:0.000000s ]
SQL: SELECT `name` FROM `ht_category` WHERE `id` = 104 LIMIT 1   [ RunTime:0.0020s ]
SQL: SELECT `name` FROM `ht_category` WHERE `id` = 105 LIMIT 1   [ RunTime:0.0000s ]
NOTIC: [8] Undefined index: pv E:\wwwroot\www\kf.hitui.com\App\Runtime\Cache\Home\cd3a31c80474990d265110c68f11d50b.php 第 106 行.
NOTIC: [8] Undefined index: pv E:\wwwroot\www\kf.hitui.com\App\Runtime\Cache\Home\cd3a31c80474990d265110c68f11d50b.php 第 106 行.
NOTIC: [8] Undefined index: pv E:\wwwroot\www\kf.hitui.com\App\Runtime\Cache\Home\cd3a31c80474990d265110c68f11d50b.php 第 106 行.
NOTIC: [8] Undefined index: pv E:\wwwroot\www\kf.hitui.com\App\Runtime\Cache\Home\cd3a31c80474990d265110c68f11d50b.php 第 106 行.
NOTIC: [8] Undefined index: pv E:\wwwroot\www\kf.hitui.com\App\Runtime\Cache\Home\cd3a31c80474990d265110c68f11d50b.php 第 106 行.
INFO: Run Behavior\ParseTemplateBehavior [ RunTime:0.015000s ]
INFO: [ view_parse ] --END-- [ RunTime:0.015000s ]
INFO: [ view_filter ] --START--
INFO: Run Behavior\WriteHtmlCacheBehavior [ RunTime:0.000000s ]
INFO: [ view_filter ] --END-- [ RunTime:0.000000s ]
INFO: [ app_end ] --START--
INFO: Run Behavior\ShowPageTraceBehavior [ RunTime:0.000000s ]
INFO: [ app_end ] --END-- [ RunTime:0.000000s ]

[ 2017-03-22T17:15:38+08:00 ] 127.0.0.1 /Home/Index/articleList/cid/105.html
INFO: [ app_init ] --START--
INFO: Run Behavior\BuildLiteBehavior [ RunTime:0.000000s ]
INFO: [ app_init ] --END-- [ RunTime:0.000000s ]
INFO: [ app_begin ] --START--
INFO: Run Behavior\ReadHtmlCacheBehavior [ RunTime:0.000000s ]
INFO: [ app_begin ] --END-- [ RunTime:0.001000s ]
SQL: SHOW COLUMNS FROM `ht_config` [ RunTime:0.0040s ]
SQL: SHOW COLUMNS FROM `ht_article` [ RunTime:0.0030s ]
SQL: SHOW COLUMNS FROM `ht_category` [ RunTime:0.0030s ]
SQL: SELECT `pid` FROM `ht_category` WHERE `id` = 105 LIMIT 1   [ RunTime:0.0000s ]
SQL: SELECT COUNT(*) AS tp_count FROM `ht_article` WHERE `status` = 0 AND `category_id` = 105 LIMIT 1   [ RunTime:0.0000s ]
SQL: SELECT * FROM `ht_article` WHERE `status` = 0 AND `category_id` = 105 ORDER BY sort asc,id desc LIMIT 0,15   [ RunTime:0.0010s ]
SQL: SELECT * FROM `ht_article` ORDER BY addtime desc LIMIT 10   [ RunTime:0.0000s ]
SQL: SELECT * FROM `ht_category` WHERE `status` = 0 ORDER BY sort asc,id desc  [ RunTime:0.0000s ]
SQL: SELECT `pid` FROM `ht_category` WHERE `id` = 105 LIMIT 1   [ RunTime:0.0000s ]
INFO: [ view_parse ] --START--
INFO: [ template_filter ] --START--
INFO: Run Behavior\ContentReplaceBehavior [ RunTime:0.000000s ]
INFO: [ template_filter ] --END-- [ RunTime:0.000000s ]
SQL: SELECT `name` FROM `ht_category` WHERE `id` = 104 LIMIT 1   [ RunTime:0.0000s ]
SQL: SELECT `name` FROM `ht_category` WHERE `id` = 105 LIMIT 1   [ RunTime:0.0000s ]
NOTIC: [8] Undefined index: pv E:\wwwroot\www\kf.hitui.com\App\Runtime\Cache\Home\7d99a98a4c4235518dc2983ecb128c6f.php 第 99 行.
NOTIC: [8] Undefined index: pv E:\wwwroot\www\kf.hitui.com\App\Runtime\Cache\Home\7d99a98a4c4235518dc2983ecb128c6f.php 第 99 行.
NOTIC: [8] Undefined index: pv E:\wwwroot\www\kf.hitui.com\App\Runtime\Cache\Home\7d99a98a4c4235518dc2983ecb128c6f.php 第 99 行.
NOTIC: [8] Undefined index: pv E:\wwwroot\www\kf.hitui.com\App\Runtime\Cache\Home\7d99a98a4c4235518dc2983ecb128c6f.php 第 99 行.
NOTIC: [8] Undefined index: pv E:\wwwroot\www\kf.hitui.com\App\Runtime\Cache\Home\7d99a98a4c4235518dc2983ecb128c6f.php 第 99 行.
INFO: Run Behavior\ParseTemplateBehavior [ RunTime:0.015001s ]
INFO: [ view_parse ] --END-- [ RunTime:0.015001s ]
INFO: [ view_filter ] --START--
INFO: Run Behavior\WriteHtmlCacheBehavior [ RunTime:0.000000s ]
INFO: [ view_filter ] --END-- [ RunTime:0.000000s ]
INFO: [ app_end ] --START--
INFO: Run Behavior\ShowPageTraceBehavior [ RunTime:0.001000s ]
INFO: [ app_end ] --END-- [ RunTime:0.001000s ]

[ 2017-03-22T17:17:33+08:00 ] 127.0.0.1 /Home/Index/articleList/cid/105.html
INFO: [ app_init ] --START--
INFO: Run Behavior\BuildLiteBehavior [ RunTime:0.000000s ]
INFO: [ app_init ] --END-- [ RunTime:0.002000s ]
INFO: [ app_begin ] --START--
INFO: Run Behavior\ReadHtmlCacheBehavior [ RunTime:0.001000s ]
INFO: [ app_begin ] --END-- [ RunTime:0.001000s ]
SQL: SHOW COLUMNS FROM `ht_config` [ RunTime:0.0030s ]
SQL: SELECT `web` FROM `ht_config` WHERE `id` = 1 LIMIT 1   [ RunTime:0.0010s ]
SQL: SHOW COLUMNS FROM `ht_article` [ RunTime:0.0040s ]
SQL: SHOW COLUMNS FROM `ht_category` [ RunTime:0.0050s ]
SQL: SELECT `pid` FROM `ht_category` WHERE `id` = 105 LIMIT 1   [ RunTime:0.0000s ]
SQL: SELECT COUNT(*) AS tp_count FROM `ht_article` WHERE `status` = 0 AND `category_id` = 105 LIMIT 1   [ RunTime:0.0000s ]
SQL: SELECT * FROM `ht_article` WHERE `status` = 0 AND `category_id` = 105 ORDER BY sort asc,id desc LIMIT 0,15   [ RunTime:0.0000s ]
SQL: SELECT * FROM `ht_article` ORDER BY addtime desc LIMIT 10   [ RunTime:0.0010s ]
SQL: SELECT * FROM `ht_category` WHERE `status` = 0 ORDER BY sort asc,id desc  [ RunTime:0.0000s ]
SQL: SELECT `pid` FROM `ht_category` WHERE `id` = 105 LIMIT 1   [ RunTime:0.0000s ]
INFO: [ view_parse ] --START--
INFO: [ template_filter ] --START--
INFO: Run Behavior\ContentReplaceBehavior [ RunTime:0.000000s ]
INFO: [ template_filter ] --END-- [ RunTime:0.000000s ]
SQL: SELECT `web_name` FROM `ht_config` WHERE `id` = 1 LIMIT 1   [ RunTime:0.0000s ]
SQL: SELECT `name` FROM `ht_category` WHERE `id` = 104 LIMIT 1   [ RunTime:0.0010s ]
SQL: SELECT `name` FROM `ht_category` WHERE `id` = 105 LIMIT 1   [ RunTime:0.0000s ]
NOTIC: [8] Undefined index: pv E:\wwwroot\www\kf.hitui.com\App\Runtime\Cache\Home\7d99a98a4c4235518dc2983ecb128c6f.php 第 99 行.
NOTIC: [8] Undefined index: pv E:\wwwroot\www\kf.hitui.com\App\Runtime\Cache\Home\7d99a98a4c4235518dc2983ecb128c6f.php 第 99 行.
NOTIC: [8] Undefined index: pv E:\wwwroot\www\kf.hitui.com\App\Runtime\Cache\Home\7d99a98a4c4235518dc2983ecb128c6f.php 第 99 行.
NOTIC: [8] Undefined index: pv E:\wwwroot\www\kf.hitui.com\App\Runtime\Cache\Home\7d99a98a4c4235518dc2983ecb128c6f.php 第 99 行.
NOTIC: [8] Undefined index: pv E:\wwwroot\www\kf.hitui.com\App\Runtime\Cache\Home\7d99a98a4c4235518dc2983ecb128c6f.php 第 99 行.
INFO: Run Behavior\ParseTemplateBehavior [ RunTime:0.018001s ]
INFO: [ view_parse ] --END-- [ RunTime:0.018001s ]
INFO: [ view_filter ] --START--
INFO: Run Behavior\WriteHtmlCacheBehavior [ RunTime:0.000000s ]
INFO: [ view_filter ] --END-- [ RunTime:0.000000s ]
INFO: [ app_end ] --START--
INFO: Run Behavior\ShowPageTraceBehavior [ RunTime:0.001000s ]
INFO: [ app_end ] --END-- [ RunTime:0.001000s ]

[ 2017-03-22T17:17:36+08:00 ] 127.0.0.1 /Home/Index/articleList/cid/109.html
INFO: [ app_init ] --START--
INFO: Run Behavior\BuildLiteBehavior [ RunTime:0.000000s ]
INFO: [ app_init ] --END-- [ RunTime:0.001000s ]
INFO: [ app_begin ] --START--
INFO: Run Behavior\ReadHtmlCacheBehavior [ RunTime:0.001000s ]
INFO: [ app_begin ] --END-- [ RunTime:0.001000s ]
SQL: SHOW COLUMNS FROM `ht_config` [ RunTime:0.0050s ]
SQL: SHOW COLUMNS FROM `ht_article` [ RunTime:0.0040s ]
SQL: SHOW COLUMNS FROM `ht_category` [ RunTime:0.0030s ]
SQL: SELECT `pid` FROM `ht_category` WHERE `id` = 109 LIMIT 1   [ RunTime:0.0010s ]
SQL: SELECT COUNT(*) AS tp_count FROM `ht_article` WHERE `status` = 0 AND `category_id` = 109 LIMIT 1   [ RunTime:0.0000s ]
SQL: SELECT * FROM `ht_article` WHERE `status` = 0 AND `category_id` = 109 ORDER BY sort asc,id desc LIMIT 0,15   [ RunTime:0.0010s ]
SQL: SELECT * FROM `ht_article` ORDER BY addtime desc LIMIT 10   [ RunTime:0.0000s ]
SQL: SELECT * FROM `ht_category` WHERE `status` = 0 ORDER BY sort asc,id desc  [ RunTime:0.0000s ]
SQL: SELECT `pid` FROM `ht_category` WHERE `id` = 109 LIMIT 1   [ RunTime:0.0010s ]
INFO: [ view_parse ] --START--
INFO: [ template_filter ] --START--
INFO: Run Behavior\ContentReplaceBehavior [ RunTime:0.000000s ]
INFO: [ template_filter ] --END-- [ RunTime:0.000000s ]
SQL: SELECT `name` FROM `ht_category` WHERE `id` = 104 LIMIT 1   [ RunTime:0.0010s ]
SQL: SELECT `name` FROM `ht_category` WHERE `id` = 109 LIMIT 1   [ RunTime:0.0000s ]
NOTIC: [8] Undefined index: pv E:\wwwroot\www\kf.hitui.com\App\Runtime\Cache\Home\7d99a98a4c4235518dc2983ecb128c6f.php 第 99 行.
NOTIC: [8] Undefined index: pv E:\wwwroot\www\kf.hitui.com\App\Runtime\Cache\Home\7d99a98a4c4235518dc2983ecb128c6f.php 第 99 行.
NOTIC: [8] Undefined index: pv E:\wwwroot\www\kf.hitui.com\App\Runtime\Cache\Home\7d99a98a4c4235518dc2983ecb128c6f.php 第 99 行.
NOTIC: [8] Undefined index: pv E:\wwwroot\www\kf.hitui.com\App\Runtime\Cache\Home\7d99a98a4c4235518dc2983ecb128c6f.php 第 99 行.
NOTIC: [8] Undefined index: pv E:\wwwroot\www\kf.hitui.com\App\Runtime\Cache\Home\7d99a98a4c4235518dc2983ecb128c6f.php 第 99 行.
INFO: Run Behavior\ParseTemplateBehavior [ RunTime:0.014000s ]
INFO: [ view_parse ] --END-- [ RunTime:0.014000s ]
INFO: [ view_filter ] --START--
INFO: Run Behavior\WriteHtmlCacheBehavior [ RunTime:0.000000s ]
INFO: [ view_filter ] --END-- [ RunTime:0.000000s ]
INFO: [ app_end ] --START--
INFO: Run Behavior\ShowPageTraceBehavior [ RunTime:0.001001s ]
INFO: [ app_end ] --END-- [ RunTime:0.001001s ]

[ 2017-03-22T17:17:39+08:00 ] 127.0.0.1 /Home/Index/articleList/cid/108.html
INFO: [ app_init ] --START--
INFO: Run Behavior\BuildLiteBehavior [ RunTime:0.000000s ]
INFO: [ app_init ] --END-- [ RunTime:0.001000s ]
INFO: [ app_begin ] --START--
INFO: Run Behavior\ReadHtmlCacheBehavior [ RunTime:0.000000s ]
INFO: [ app_begin ] --END-- [ RunTime:0.000000s ]
SQL: SHOW COLUMNS FROM `ht_config` [ RunTime:0.0030s ]
SQL: SHOW COLUMNS FROM `ht_article` [ RunTime:0.0040s ]
SQL: SHOW COLUMNS FROM `ht_category` [ RunTime:0.0030s ]
SQL: SELECT `pid` FROM `ht_category` WHERE `id` = 108 LIMIT 1   [ RunTime:0.0000s ]
SQL: SELECT COUNT(*) AS tp_count FROM `ht_article` WHERE `status` = 0 AND `category_id` = 108 LIMIT 1   [ RunTime:0.0000s ]
SQL: SELECT * FROM `ht_article` WHERE `status` = 0 AND `category_id` = 108 ORDER BY sort asc,id desc LIMIT 0,15   [ RunTime:0.0000s ]
SQL: SELECT * FROM `ht_article` ORDER BY addtime desc LIMIT 10   [ RunTime:0.0000s ]
SQL: SELECT * FROM `ht_category` WHERE `status` = 0 ORDER BY sort asc,id desc  [ RunTime:0.0000s ]
SQL: SELECT `pid` FROM `ht_category` WHERE `id` = 108 LIMIT 1   [ RunTime:0.0000s ]
INFO: [ view_parse ] --START--
INFO: [ template_filter ] --START--
INFO: Run Behavior\ContentReplaceBehavior [ RunTime:0.000000s ]
INFO: [ template_filter ] --END-- [ RunTime:0.000000s ]
SQL: SELECT `name` FROM `ht_category` WHERE `id` = 106 LIMIT 1   [ RunTime:0.0010s ]
SQL: SELECT `name` FROM `ht_category` WHERE `id` = 108 LIMIT 1   [ RunTime:0.0000s ]
NOTIC: [8] Undefined index: pv E:\wwwroot\www\kf.hitui.com\App\Runtime\Cache\Home\7d99a98a4c4235518dc2983ecb128c6f.php 第 99 行.
NOTIC: [8] Undefined index: pv E:\wwwroot\www\kf.hitui.com\App\Runtime\Cache\Home\7d99a98a4c4235518dc2983ecb128c6f.php 第 99 行.
NOTIC: [8] Undefined index: pv E:\wwwroot\www\kf.hitui.com\App\Runtime\Cache\Home\7d99a98a4c4235518dc2983ecb128c6f.php 第 99 行.
NOTIC: [8] Undefined index: pv E:\wwwroot\www\kf.hitui.com\App\Runtime\Cache\Home\7d99a98a4c4235518dc2983ecb128c6f.php 第 99 行.
NOTIC: [8] Undefined index: pv E:\wwwroot\www\kf.hitui.com\App\Runtime\Cache\Home\7d99a98a4c4235518dc2983ecb128c6f.php 第 99 行.
INFO: Run Behavior\ParseTemplateBehavior [ RunTime:0.015000s ]
INFO: [ view_parse ] --END-- [ RunTime:0.015000s ]
INFO: [ view_filter ] --START--
INFO: Run Behavior\WriteHtmlCacheBehavior [ RunTime:0.000000s ]
INFO: [ view_filter ] --END-- [ RunTime:0.000000s ]
INFO: [ app_end ] --START--
INFO: Run Behavior\ShowPageTraceBehavior [ RunTime:0.000000s ]
INFO: [ app_end ] --END-- [ RunTime:0.000000s ]

[ 2017-03-22T17:17:40+08:00 ] 127.0.0.1 /Home/Index/articleList/cid/107.html
INFO: [ app_init ] --START--
INFO: Run Behavior\BuildLiteBehavior [ RunTime:0.000000s ]
INFO: [ app_init ] --END-- [ RunTime:0.000000s ]
INFO: [ app_begin ] --START--
INFO: Run Behavior\ReadHtmlCacheBehavior [ RunTime:0.001000s ]
INFO: [ app_begin ] --END-- [ RunTime:0.001000s ]
SQL: SHOW COLUMNS FROM `ht_config` [ RunTime:0.0030s ]
SQL: SHOW COLUMNS FROM `ht_article` [ RunTime:0.0040s ]
SQL: SHOW COLUMNS FROM `ht_category` [ RunTime:0.0030s ]
SQL: SELECT `pid` FROM `ht_category` WHERE `id` = 107 LIMIT 1   [ RunTime:0.0000s ]
SQL: SELECT COUNT(*) AS tp_count FROM `ht_article` WHERE `status` = 0 AND `category_id` = 107 LIMIT 1   [ RunTime:0.0000s ]
SQL: SELECT * FROM `ht_article` WHERE `status` = 0 AND `category_id` = 107 ORDER BY sort asc,id desc LIMIT 0,15   [ RunTime:0.0010s ]
SQL: SELECT * FROM `ht_article` ORDER BY addtime desc LIMIT 10   [ RunTime:0.0000s ]
SQL: SELECT * FROM `ht_category` WHERE `status` = 0 ORDER BY sort asc,id desc  [ RunTime:0.0000s ]
SQL: SELECT `pid` FROM `ht_category` WHERE `id` = 107 LIMIT 1   [ RunTime:0.0010s ]
INFO: [ view_parse ] --START--
INFO: [ template_filter ] --START--
INFO: Run Behavior\ContentReplaceBehavior [ RunTime:0.000000s ]
INFO: [ template_filter ] --END-- [ RunTime:0.000000s ]
SQL: SELECT `name` FROM `ht_category` WHERE `id` = 106 LIMIT 1   [ RunTime:0.0010s ]
SQL: SELECT `name` FROM `ht_category` WHERE `id` = 107 LIMIT 1   [ RunTime:0.0010s ]
NOTIC: [8] Undefined index: pv E:\wwwroot\www\kf.hitui.com\App\Runtime\Cache\Home\7d99a98a4c4235518dc2983ecb128c6f.php 第 99 行.
NOTIC: [8] Undefined index: pv E:\wwwroot\www\kf.hitui.com\App\Runtime\Cache\Home\7d99a98a4c4235518dc2983ecb128c6f.php 第 99 行.
NOTIC: [8] Undefined index: pv E:\wwwroot\www\kf.hitui.com\App\Runtime\Cache\Home\7d99a98a4c4235518dc2983ecb128c6f.php 第 99 行.
NOTIC: [8] Undefined index: pv E:\wwwroot\www\kf.hitui.com\App\Runtime\Cache\Home\7d99a98a4c4235518dc2983ecb128c6f.php 第 99 行.
NOTIC: [8] Undefined index: pv E:\wwwroot\www\kf.hitui.com\App\Runtime\Cache\Home\7d99a98a4c4235518dc2983ecb128c6f.php 第 99 行.
INFO: Run Behavior\ParseTemplateBehavior [ RunTime:0.014001s ]
INFO: [ view_parse ] --END-- [ RunTime:0.014001s ]
INFO: [ view_filter ] --START--
INFO: Run Behavior\WriteHtmlCacheBehavior [ RunTime:0.001000s ]
INFO: [ view_filter ] --END-- [ RunTime:0.001000s ]
INFO: [ app_end ] --START--
INFO: Run Behavior\ShowPageTraceBehavior [ RunTime:0.000000s ]
INFO: [ app_end ] --END-- [ RunTime:0.000000s ]

[ 2017-03-22T17:17:45+08:00 ] 127.0.0.1 /Home/Index/articleList/cid/111.html
INFO: [ app_init ] --START--
INFO: Run Behavior\BuildLiteBehavior [ RunTime:0.000000s ]
INFO: [ app_init ] --END-- [ RunTime:0.000000s ]
INFO: [ app_begin ] --START--
INFO: Run Behavior\ReadHtmlCacheBehavior [ RunTime:0.000000s ]
INFO: [ app_begin ] --END-- [ RunTime:0.000000s ]
SQL: SHOW COLUMNS FROM `ht_config` [ RunTime:0.0030s ]
SQL: SHOW COLUMNS FROM `ht_article` [ RunTime:0.0050s ]
SQL: SHOW COLUMNS FROM `ht_category` [ RunTime:0.0030s ]
SQL: SELECT `pid` FROM `ht_category` WHERE `id` = 111 LIMIT 1   [ RunTime:0.0000s ]
SQL: SELECT COUNT(*) AS tp_count FROM `ht_article` WHERE `status` = 0 AND `category_id` = 111 LIMIT 1   [ RunTime:0.0000s ]
SQL: SELECT * FROM `ht_article` WHERE `status` = 0 AND `category_id` = 111 ORDER BY sort asc,id desc LIMIT 0,15   [ RunTime:0.0010s ]
SQL: SELECT * FROM `ht_article` ORDER BY addtime desc LIMIT 10   [ RunTime:0.0000s ]
SQL: SELECT * FROM `ht_category` WHERE `status` = 0 ORDER BY sort asc,id desc  [ RunTime:0.0000s ]
SQL: SELECT `pid` FROM `ht_category` WHERE `id` = 111 LIMIT 1   [ RunTime:0.0010s ]
INFO: [ view_parse ] --START--
INFO: [ template_filter ] --START--
INFO: Run Behavior\ContentReplaceBehavior [ RunTime:0.000000s ]
INFO: [ template_filter ] --END-- [ RunTime:0.000000s ]
SQL: SELECT `name` FROM `ht_category` WHERE `id` = 110 LIMIT 1   [ RunTime:0.0010s ]
SQL: SELECT `name` FROM `ht_category` WHERE `id` = 111 LIMIT 1   [ RunTime:0.0000s ]
NOTIC: [8] Undefined index: pv E:\wwwroot\www\kf.hitui.com\App\Runtime\Cache\Home\7d99a98a4c4235518dc2983ecb128c6f.php 第 99 行.
NOTIC: [8] Undefined index: pv E:\wwwroot\www\kf.hitui.com\App\Runtime\Cache\Home\7d99a98a4c4235518dc2983ecb128c6f.php 第 99 行.
NOTIC: [8] Undefined index: pv E:\wwwroot\www\kf.hitui.com\App\Runtime\Cache\Home\7d99a98a4c4235518dc2983ecb128c6f.php 第 99 行.
NOTIC: [8] Undefined index: pv E:\wwwroot\www\kf.hitui.com\App\Runtime\Cache\Home\7d99a98a4c4235518dc2983ecb128c6f.php 第 99 行.
NOTIC: [8] Undefined index: pv E:\wwwroot\www\kf.hitui.com\App\Runtime\Cache\Home\7d99a98a4c4235518dc2983ecb128c6f.php 第 99 行.
INFO: Run Behavior\ParseTemplateBehavior [ RunTime:0.014000s ]
INFO: [ view_parse ] --END-- [ RunTime:0.014000s ]
INFO: [ view_filter ] --START--
INFO: Run Behavior\WriteHtmlCacheBehavior [ RunTime:0.000000s ]
INFO: [ view_filter ] --END-- [ RunTime:0.000000s ]
INFO: [ app_end ] --START--
INFO: Run Behavior\ShowPageTraceBehavior [ RunTime:0.001001s ]
INFO: [ app_end ] --END-- [ RunTime:0.001001s ]

[ 2017-03-22T17:17:48+08:00 ] 127.0.0.1 /Home/Index/articleContent/aid/11/cid/105.html
INFO: [ app_init ] --START--
INFO: Run Behavior\BuildLiteBehavior [ RunTime:0.000000s ]
INFO: [ app_init ] --END-- [ RunTime:0.001000s ]
INFO: [ app_begin ] --START--
INFO: Run Behavior\ReadHtmlCacheBehavior [ RunTime:0.001000s ]
INFO: [ app_begin ] --END-- [ RunTime:0.001000s ]
SQL: SHOW COLUMNS FROM `ht_config` [ RunTime:0.0030s ]
SQL: SHOW COLUMNS FROM `ht_article` [ RunTime:0.0040s ]
SQL: SHOW COLUMNS FROM `ht_category` [ RunTime:0.0030s ]
SQL: SELECT * FROM `ht_article` WHERE `id` = 11 AND `category_id` = 105 AND `status` = 0 ORDER BY sort asc,id desc LIMIT 1   [ RunTime:0.0000s ]
SQL: SELECT * FROM `ht_article` ORDER BY addtime desc LIMIT 10   [ RunTime:0.0000s ]
SQL: SELECT COUNT(*) AS tp_count FROM `ht_article` WHERE `category_id` = 105 AND `status` = 0 LIMIT 1   [ RunTime:0.0010s ]
SQL: SELECT * FROM `ht_article` WHERE `category_id` = 105 AND `status` = 0 LIMIT 1,10   [ RunTime:0.0000s ]
SQL: SELECT * FROM `ht_category` WHERE `status` = 0 ORDER BY sort asc,id desc  [ RunTime:0.0000s ]
SQL: SELECT `pid` FROM `ht_category` WHERE `id` = 105 LIMIT 1   [ RunTime:0.0000s ]
INFO: [ view_parse ] --START--
INFO: [ template_filter ] --START--
INFO: Run Behavior\ContentReplaceBehavior [ RunTime:0.000000s ]
INFO: [ template_filter ] --END-- [ RunTime:0.000000s ]
NOTIC: [8] Undefined variable: article E:\wwwroot\www\kf.hitui.com\App\Runtime\Cache\Home\6f72d35e51dbf4627cb8bb52c1bbed9e.php 第 5 行.
INFO: Run Behavior\ParseTemplateBehavior [ RunTime:0.008001s ]
INFO: [ view_parse ] --END-- [ RunTime:0.008001s ]
INFO: [ view_filter ] --START--
INFO: Run Behavior\WriteHtmlCacheBehavior [ RunTime:0.000000s ]
INFO: [ view_filter ] --END-- [ RunTime:0.000000s ]
INFO: [ app_end ] --START--
INFO: Run Behavior\ShowPageTraceBehavior [ RunTime:0.001000s ]
INFO: [ app_end ] --END-- [ RunTime:0.001000s ]

[ 2017-03-22T17:21:38+08:00 ] 127.0.0.1 /Home/Index/searchList/aid/11/cid/105.html
INFO: [ app_init ] --START--
INFO: Run Behavior\BuildLiteBehavior [ RunTime:0.000000s ]
INFO: [ app_init ] --END-- [ RunTime:0.001001s ]
INFO: [ app_begin ] --START--
INFO: Run Behavior\ReadHtmlCacheBehavior [ RunTime:0.000000s ]
INFO: [ app_begin ] --END-- [ RunTime:0.001000s ]
SQL: SHOW COLUMNS FROM `ht_config` [ RunTime:0.0050s ]
SQL: SELECT `web` FROM `ht_config` WHERE `id` = 1 LIMIT 1   [ RunTime:0.0010s ]
SQL: SHOW COLUMNS FROM `ht_article` [ RunTime:0.0030s ]
NOTIC: [8] Undefined index: name E:\wwwroot\www\kf.hitui.com\App\Home\Controller\IndexController.class.php 第 29 行.
SQL: SELECT COUNT(*) AS tp_count FROM `ht_article` WHERE `status` = 0 LIMIT 1   [ RunTime:0.0000s ]
SQL: SELECT * FROM `ht_article` WHERE `status` = 0 ORDER BY sort asc LIMIT 0,15   [ RunTime:0.0010s ]
INFO: [ view_parse ] --START--
INFO: [ template_filter ] --START--
INFO: Run Behavior\ContentReplaceBehavior [ RunTime:0.000000s ]
INFO: [ template_filter ] --END-- [ RunTime:0.000000s ]
INFO: Run Behavior\ParseTemplateBehavior [ RunTime:0.008001s ]
INFO: [ view_parse ] --END-- [ RunTime:0.008001s ]
INFO: [ view_filter ] --START--
INFO: Run Behavior\WriteHtmlCacheBehavior [ RunTime:0.000000s ]
INFO: [ view_filter ] --END-- [ RunTime:0.000000s ]
INFO: [ app_end ] --START--
INFO: Run Behavior\ShowPageTraceBehavior [ RunTime:0.001000s ]
INFO: [ app_end ] --END-- [ RunTime:0.001000s ]

[ 2017-03-22T17:21:48+08:00 ] 127.0.0.1 /Home/Index/articleContent/aid/4/cid/105.html
INFO: [ app_init ] --START--
INFO: Run Behavior\BuildLiteBehavior [ RunTime:0.000000s ]
INFO: [ app_init ] --END-- [ RunTime:0.001000s ]
INFO: [ app_begin ] --START--
INFO: Run Behavior\ReadHtmlCacheBehavior [ RunTime:0.000000s ]
INFO: [ app_begin ] --END-- [ RunTime:0.000000s ]
SQL: SHOW COLUMNS FROM `ht_config` [ RunTime:0.0060s ]
SQL: SHOW COLUMNS FROM `ht_article` [ RunTime:0.0040s ]
SQL: SHOW COLUMNS FROM `ht_category` [ RunTime:0.0030s ]
SQL: SELECT * FROM `ht_article` WHERE `id` = 4 AND `category_id` = 105 AND `status` = 0 ORDER BY sort asc,id desc LIMIT 1   [ RunTime:0.0000s ]
SQL: SELECT * FROM `ht_article` ORDER BY addtime desc LIMIT 10   [ RunTime:0.0000s ]
SQL: SELECT COUNT(*) AS tp_count FROM `ht_article` WHERE `category_id` = 105 AND `status` = 0 LIMIT 1   [ RunTime:0.0010s ]
SQL: SELECT * FROM `ht_article` WHERE `category_id` = 105 AND `status` = 0 LIMIT 1,10   [ RunTime:0.0010s ]
SQL: SELECT * FROM `ht_category` WHERE `status` = 0 ORDER BY sort asc,id desc  [ RunTime:0.0000s ]
SQL: SELECT `pid` FROM `ht_category` WHERE `id` = 105 LIMIT 1   [ RunTime:0.0000s ]
INFO: [ view_parse ] --START--
INFO: [ template_filter ] --START--
INFO: Run Behavior\ContentReplaceBehavior [ RunTime:0.000000s ]
INFO: [ template_filter ] --END-- [ RunTime:0.000000s ]
NOTIC: [8] Undefined variable: article E:\wwwroot\www\kf.hitui.com\App\Runtime\Cache\Home\6f72d35e51dbf4627cb8bb52c1bbed9e.php 第 5 行.
SQL: SELECT `article_ad` FROM `ht_config` WHERE `id` = 1 LIMIT 1   [ RunTime:0.0000s ]
INFO: Run Behavior\ParseTemplateBehavior [ RunTime:0.011000s ]
INFO: [ view_parse ] --END-- [ RunTime:0.011000s ]
INFO: [ view_filter ] --START--
INFO: Run Behavior\WriteHtmlCacheBehavior [ RunTime:0.001000s ]
INFO: [ view_filter ] --END-- [ RunTime:0.001000s ]
INFO: [ app_end ] --START--
INFO: Run Behavior\ShowPageTraceBehavior [ RunTime:0.000000s ]
INFO: [ app_end ] --END-- [ RunTime:0.000000s ]

[ 2017-03-22T17:21:48+08:00 ] 127.0.0.1 /Uploads/ueditor/20170308/58bfad57bcb96.png
INFO: [ app_init ] --START--
INFO: Run Behavior\BuildLiteBehavior [ RunTime:0.000000s ]
INFO: [ app_init ] --END-- [ RunTime:0.001000s ]

[ 2017-03-22T17:24:45+08:00 ] 127.0.0.1 /Home/Index/articleContent/aid/4/cid/105.html
INFO: [ app_init ] --START--
INFO: Run Behavior\BuildLiteBehavior [ RunTime:0.000000s ]
INFO: [ app_init ] --END-- [ RunTime:0.000000s ]
INFO: [ app_begin ] --START--
INFO: Run Behavior\ReadHtmlCacheBehavior [ RunTime:0.001000s ]
INFO: [ app_begin ] --END-- [ RunTime:0.001000s ]
SQL: SHOW COLUMNS FROM `ht_config` [ RunTime:0.0040s ]
SQL: SELECT `web` FROM `ht_config` WHERE `id` = 1 LIMIT 1   [ RunTime:0.0000s ]
SQL: SHOW COLUMNS FROM `ht_article` [ RunTime:0.0040s ]
SQL: SHOW COLUMNS FROM `ht_category` [ RunTime:0.0030s ]
SQL: SELECT * FROM `ht_article` WHERE `id` = 4 AND `category_id` = 105 AND `status` = 0 ORDER BY sort asc,id desc LIMIT 1   [ RunTime:0.0010s ]
SQL: SELECT * FROM `ht_article` ORDER BY addtime desc LIMIT 10   [ RunTime:0.0000s ]
SQL: SELECT COUNT(*) AS tp_count FROM `ht_article` WHERE `category_id` = 105 AND `status` = 0 LIMIT 1   [ RunTime:0.0000s ]
SQL: SELECT * FROM `ht_article` WHERE `category_id` = 105 AND `status` = 0 LIMIT 1,10   [ RunTime:0.0000s ]
SQL: SELECT * FROM `ht_category` WHERE `status` = 0 ORDER BY sort asc,id desc  [ RunTime:0.0010s ]
SQL: SELECT `pid` FROM `ht_category` WHERE `id` = 105 LIMIT 1   [ RunTime:0.0010s ]
INFO: [ view_parse ] --START--
INFO: [ template_filter ] --START--
INFO: Run Behavior\ContentReplaceBehavior [ RunTime:0.000000s ]
INFO: [ template_filter ] --END-- [ RunTime:0.000000s ]
NOTIC: [8] Undefined variable: article E:\wwwroot\www\kf.hitui.com\App\Runtime\Cache\Home\6f72d35e51dbf4627cb8bb52c1bbed9e.php 第 5 行.
SQL: SELECT `article_ad` FROM `ht_config` WHERE `id` = 1 LIMIT 1   [ RunTime:0.0010s ]
INFO: Run Behavior\ParseTemplateBehavior [ RunTime:0.013001s ]
INFO: [ view_parse ] --END-- [ RunTime:0.013001s ]
INFO: [ view_filter ] --START--
INFO: Run Behavior\WriteHtmlCacheBehavior [ RunTime:0.001000s ]
INFO: [ view_filter ] --END-- [ RunTime:0.001000s ]
INFO: [ app_end ] --START--
INFO: Run Behavior\ShowPageTraceBehavior [ RunTime:0.000000s ]
INFO: [ app_end ] --END-- [ RunTime:0.000000s ]

[ 2017-03-22T17:24:45+08:00 ] 127.0.0.1 /Uploads/ueditor/20170308/58bfad57bcb96.png
INFO: [ app_init ] --START--
INFO: Run Behavior\BuildLiteBehavior [ RunTime:0.000000s ]
INFO: [ app_init ] --END-- [ RunTime:0.001000s ]

[ 2017-03-22T17:24:45+08:00 ] 127.0.0.1 /Uploads/ueditor/20170308/58bfad57bcb96.png
INFO: [ app_init ] --START--
INFO: Run Behavior\BuildLiteBehavior [ RunTime:0.000000s ]
INFO: [ app_init ] --END-- [ RunTime:0.001000s ]

[ 2017-03-22T17:29:35+08:00 ] 127.0.0.1 /Home/Index/searchList/aid/11/cid/105.html
INFO: [ app_init ] --START--
INFO: Run Behavior\BuildLiteBehavior [ RunTime:0.000000s ]
INFO: [ app_init ] --END-- [ RunTime:0.000000s ]
INFO: [ app_begin ] --START--
INFO: Run Behavior\ReadHtmlCacheBehavior [ RunTime:0.001000s ]
INFO: [ app_begin ] --END-- [ RunTime:0.001000s ]
SQL: SHOW COLUMNS FROM `ht_config` [ RunTime:0.0050s ]
SQL: SELECT `web` FROM `ht_config` WHERE `id` = 1 LIMIT 1   [ RunTime:0.0000s ]
SQL: SHOW COLUMNS FROM `ht_article` [ RunTime:0.0040s ]
SQL: SELECT COUNT(*) AS tp_count FROM `ht_article` WHERE `status` = 0 LIMIT 1   [ RunTime:0.0000s ]
SQL: SELECT * FROM `ht_article` WHERE `status` = 0 ORDER BY sort asc LIMIT 0,15   [ RunTime:0.0010s ]
INFO: [ view_parse ] --START--
INFO: [ template_filter ] --START--
INFO: Run Behavior\ContentReplaceBehavior [ RunTime:0.000000s ]
INFO: [ template_filter ] --END-- [ RunTime:0.000000s ]
SQL: SELECT `web_name` FROM `ht_config` WHERE `id` = 1 LIMIT 1   [ RunTime:0.0000s ]
INFO: Run Behavior\ParseTemplateBehavior [ RunTime:0.013001s ]
INFO: [ view_parse ] --END-- [ RunTime:0.013001s ]
INFO: [ view_filter ] --START--
INFO: Run Behavior\WriteHtmlCacheBehavior [ RunTime:0.001000s ]
INFO: [ view_filter ] --END-- [ RunTime:0.001000s ]
INFO: [ app_end ] --START--
INFO: Run Behavior\ShowPageTraceBehavior [ RunTime:0.000000s ]
INFO: [ app_end ] --END-- [ RunTime:0.001000s ]

[ 2017-03-22T17:29:35+08:00 ] 127.0.0.1 /Uploads/ueditor/20170308/58bfad57bcb96.png
INFO: [ app_init ] --START--
INFO: Run Behavior\BuildLiteBehavior [ RunTime:0.000000s ]
INFO: [ app_init ] --END-- [ RunTime:0.001000s ]

[ 2017-03-22T17:29:35+08:00 ] 127.0.0.1 /Uploads/ueditor/20170308/58bfad57bcb96.png
INFO: [ app_init ] --START--
INFO: Run Behavior\BuildLiteBehavior [ RunTime:0.000000s ]
INFO: [ app_init ] --END-- [ RunTime:0.000000s ]

[ 2017-03-22T17:29:40+08:00 ] 127.0.0.1 /Home/Index/searchList/aid/11/cid/105.html
INFO: [ app_init ] --START--
INFO: Run Behavior\BuildLiteBehavior [ RunTime:0.000000s ]
INFO: [ app_init ] --END-- [ RunTime:0.000000s ]
INFO: [ app_begin ] --START--
INFO: Run Behavior\ReadHtmlCacheBehavior [ RunTime:0.001000s ]
INFO: [ app_begin ] --END-- [ RunTime:0.001000s ]
SQL: SHOW COLUMNS FROM `ht_config` [ RunTime:0.0050s ]
SQL: SHOW COLUMNS FROM `ht_article` [ RunTime:0.0030s ]
SQL: SELECT COUNT(*) AS tp_count FROM `ht_article` WHERE `status` = 0 LIMIT 1   [ RunTime:0.0010s ]
SQL: SELECT * FROM `ht_article` WHERE `status` = 0 ORDER BY sort asc LIMIT 0,15   [ RunTime:0.0010s ]
INFO: [ view_parse ] --START--
INFO: [ template_filter ] --START--
INFO: Run Behavior\ContentReplaceBehavior [ RunTime:0.001000s ]
INFO: [ template_filter ] --END-- [ RunTime:0.001000s ]
INFO: Run Behavior\ParseTemplateBehavior [ RunTime:0.008000s ]
INFO: [ view_parse ] --END-- [ RunTime:0.008000s ]
INFO: [ view_filter ] --START--
INFO: Run Behavior\WriteHtmlCacheBehavior [ RunTime:0.000000s ]
INFO: [ view_filter ] --END-- [ RunTime:0.000000s ]
INFO: [ app_end ] --START--
INFO: Run Behavior\ShowPageTraceBehavior [ RunTime:0.000000s ]
INFO: [ app_end ] --END-- [ RunTime:0.001000s ]

[ 2017-03-22T17:30:18+08:00 ] 127.0.0.1 /Home/Index/artcleContentList/aid/11/cid/105.html
INFO: [ app_init ] --START--
INFO: Run Behavior\BuildLiteBehavior [ RunTime:0.000000s ]
INFO: [ app_init ] --END-- [ RunTime:0.000000s ]
INFO: [ app_begin ] --START--
INFO: Run Behavior\ReadHtmlCacheBehavior [ RunTime:0.001000s ]
INFO: [ app_begin ] --END-- [ RunTime:0.001000s ]
SQL: SHOW COLUMNS FROM `ht_config` [ RunTime:0.0030s ]
ERR: 非法操作:artcleContentList

[ 2017-03-22T17:30:23+08:00 ] 127.0.0.1 /Home/Index/artcleContentList
INFO: [ app_init ] --START--
INFO: Run Behavior\BuildLiteBehavior [ RunTime:0.001000s ]
INFO: [ app_init ] --END-- [ RunTime:0.001000s ]
INFO: [ app_begin ] --START--
INFO: Run Behavior\ReadHtmlCacheBehavior [ RunTime:0.001000s ]
INFO: [ app_begin ] --END-- [ RunTime:0.001000s ]
SQL: SHOW COLUMNS FROM `ht_config` [ RunTime:0.0030s ]
ERR: 非法操作:artcleContentList

[ 2017-03-22T17:32:04+08:00 ] 127.0.0.1 /Home/Index/articleList
INFO: [ app_init ] --START--
INFO: Run Behavior\BuildLiteBehavior [ RunTime:0.000000s ]
INFO: [ app_init ] --END-- [ RunTime:0.000000s ]
INFO: [ app_begin ] --START--
INFO: Run Behavior\ReadHtmlCacheBehavior [ RunTime:0.000000s ]
INFO: [ app_begin ] --END-- [ RunTime:0.001000s ]
SQL: SHOW COLUMNS FROM `ht_config` [ RunTime:0.0050s ]
SQL: SELECT `web` FROM `ht_config` WHERE `id` = 1 LIMIT 1   [ RunTime:0.0010s ]
SQL: SHOW COLUMNS FROM `ht_article` [ RunTime:0.0050s ]
SQL: SHOW COLUMNS FROM `ht_category` [ RunTime:0.0030s ]
SQL: SELECT `pid` FROM `ht_category` WHERE `id` = 111 LIMIT 1   [ RunTime:0.0010s ]
SQL: SELECT COUNT(*) AS tp_count FROM `ht_article` WHERE `status` = 0 AND `category_id` = 111 LIMIT 1   [ RunTime:0.0000s ]
SQL: SELECT * FROM `ht_article` WHERE `status` = 0 AND `category_id` = 111 ORDER BY sort asc,id desc LIMIT 0,15   [ RunTime:0.0000s ]
SQL: SELECT * FROM `ht_article` ORDER BY addtime desc LIMIT 10   [ RunTime:0.0010s ]
SQL: SELECT * FROM `ht_category` WHERE `status` = 0 ORDER BY sort asc,id desc  [ RunTime:0.0000s ]
SQL: SELECT `pid` FROM `ht_category` WHERE `id` = 111 LIMIT 1   [ RunTime:0.0010s ]
INFO: [ view_parse ] --START--
INFO: [ template_filter ] --START--
INFO: Run Behavior\ContentReplaceBehavior [ RunTime:0.000000s ]
INFO: [ template_filter ] --END-- [ RunTime:0.001000s ]
NOTIC: [8] Undefined variable: arr E:\wwwroot\www\kf.hitui.com\App\Runtime\Cache\Home\260c5646b38161a1f514625bd5601058.php 第 47 行.
NOTIC: [8] Undefined variable: name E:\wwwroot\www\kf.hitui.com\App\Runtime\Cache\Home\260c5646b38161a1f514625bd5601058.php 第 54 行.
INFO: Run Behavior\ParseTemplateBehavior [ RunTime:0.008001s ]
INFO: [ view_parse ] --END-- [ RunTime:0.008001s ]
INFO: [ view_filter ] --START--
INFO: Run Behavior\WriteHtmlCacheBehavior [ RunTime:0.000000s ]
INFO: [ view_filter ] --END-- [ RunTime:0.000000s ]
INFO: [ app_end ] --START--
INFO: Run Behavior\ShowPageTraceBehavior [ RunTime:0.001000s ]
INFO: [ app_end ] --END-- [ RunTime:0.001000s ]

[ 2017-03-22T17:32:08+08:00 ] 127.0.0.1 /Home/Index/articleList
INFO: [ app_init ] --START--
INFO: Run Behavior\BuildLiteBehavior [ RunTime:0.000000s ]
INFO: [ app_init ] --END-- [ RunTime:0.000000s ]
INFO: [ app_begin ] --START--
INFO: Run Behavior\ReadHtmlCacheBehavior [ RunTime:0.001000s ]
INFO: [ app_begin ] --END-- [ RunTime:0.001000s ]
SQL: SHOW COLUMNS FROM `ht_config` [ RunTime:0.0040s ]
SQL: SHOW COLUMNS FROM `ht_article` [ RunTime:0.0030s ]
SQL: SHOW COLUMNS FROM `ht_category` [ RunTime:0.0040s ]
SQL: SELECT `pid` FROM `ht_category` WHERE `id` = 111 LIMIT 1   [ RunTime:0.0010s ]
SQL: SELECT COUNT(*) AS tp_count FROM `ht_article` WHERE `status` = 0 AND `category_id` = 111 LIMIT 1   [ RunTime:0.0000s ]
SQL: SELECT * FROM `ht_article` WHERE `status` = 0 AND `category_id` = 111 ORDER BY sort asc,id desc LIMIT 0,15   [ RunTime:0.0000s ]
SQL: SELECT * FROM `ht_article` ORDER BY addtime desc LIMIT 10   [ RunTime:0.0000s ]
SQL: SELECT * FROM `ht_category` WHERE `status` = 0 ORDER BY sort asc,id desc  [ RunTime:0.0010s ]
SQL: SELECT `pid` FROM `ht_category` WHERE `id` = 111 LIMIT 1   [ RunTime:0.0000s ]
INFO: [ view_parse ] --START--
INFO: [ template_filter ] --START--
INFO: Run Behavior\ContentReplaceBehavior [ RunTime:0.000000s ]
INFO: [ template_filter ] --END-- [ RunTime:0.000000s ]
NOTIC: [8] Undefined variable: arr E:\wwwroot\www\kf.hitui.com\App\Runtime\Cache\Home\260c5646b38161a1f514625bd5601058.php 第 47 行.
NOTIC: [8] Undefined variable: name E:\wwwroot\www\kf.hitui.com\App\Runtime\Cache\Home\260c5646b38161a1f514625bd5601058.php 第 54 行.
INFO: Run Behavior\ParseTemplateBehavior [ RunTime:0.006000s ]
INFO: [ view_parse ] --END-- [ RunTime:0.006000s ]
INFO: [ view_filter ] --START--
INFO: Run Behavior\WriteHtmlCacheBehavior [ RunTime:0.000000s ]
INFO: [ view_filter ] --END-- [ RunTime:0.000000s ]
INFO: [ app_end ] --START--
INFO: Run Behavior\ShowPageTraceBehavior [ RunTime:0.001000s ]
INFO: [ app_end ] --END-- [ RunTime:0.001000s ]

[ 2017-03-22T17:32:27+08:00 ] 127.0.0.1 /Home/Index/articleList
INFO: [ app_init ] --START--
INFO: Run Behavior\BuildLiteBehavior [ RunTime:0.000000s ]
INFO: [ app_init ] --END-- [ RunTime:0.001000s ]
INFO: [ app_begin ] --START--
INFO: Run Behavior\ReadHtmlCacheBehavior [ RunTime:0.000000s ]
INFO: [ app_begin ] --END-- [ RunTime:0.000000s ]
SQL: SHOW COLUMNS FROM `ht_config` [ RunTime:0.0030s ]
SQL: SHOW COLUMNS FROM `ht_article` [ RunTime:0.0030s ]
SQL: SHOW COLUMNS FROM `ht_category` [ RunTime:0.0040s ]
SQL: SELECT `pid` FROM `ht_category` WHERE `id` = 111 LIMIT 1   [ RunTime:0.0000s ]
SQL: SELECT COUNT(*) AS tp_count FROM `ht_article` WHERE `status` = 0 AND `category_id` = 111 LIMIT 1   [ RunTime:0.0010s ]
SQL: SELECT * FROM `ht_article` WHERE `status` = 0 AND `category_id` = 111 ORDER BY sort asc,id desc LIMIT 0,15   [ RunTime:0.0000s ]
SQL: SELECT * FROM `ht_article` ORDER BY addtime desc LIMIT 10   [ RunTime:0.0000s ]
SQL: SELECT * FROM `ht_category` WHERE `status` = 0 ORDER BY sort asc,id desc  [ RunTime:0.0000s ]
SQL: SELECT `pid` FROM `ht_category` WHERE `id` = 111 LIMIT 1   [ RunTime:0.0010s ]
INFO: [ view_parse ] --START--
INFO: [ template_filter ] --START--
INFO: Run Behavior\ContentReplaceBehavior [ RunTime:0.001000s ]
INFO: [ template_filter ] --END-- [ RunTime:0.001000s ]
NOTIC: [8] Undefined variable: arr E:\wwwroot\www\kf.hitui.com\App\Runtime\Cache\Home\260c5646b38161a1f514625bd5601058.php 第 47 行.
NOTIC: [8] Undefined variable: name E:\wwwroot\www\kf.hitui.com\App\Runtime\Cache\Home\260c5646b38161a1f514625bd5601058.php 第 54 行.
INFO: Run Behavior\ParseTemplateBehavior [ RunTime:0.007000s ]
INFO: [ view_parse ] --END-- [ RunTime:0.007000s ]
INFO: [ view_filter ] --START--
INFO: Run Behavior\WriteHtmlCacheBehavior [ RunTime:0.000000s ]
INFO: [ view_filter ] --END-- [ RunTime:0.000000s ]
INFO: [ app_end ] --START--
INFO: Run Behavior\ShowPageTraceBehavior [ RunTime:0.000000s ]
INFO: [ app_end ] --END-- [ RunTime:0.001000s ]

[ 2017-03-22T17:32:28+08:00 ] 127.0.0.1 /Home/Index/articleList
INFO: [ app_init ] --START--
INFO: Run Behavior\BuildLiteBehavior [ RunTime:0.000000s ]
INFO: [ app_init ] --END-- [ RunTime:0.001000s ]
INFO: [ app_begin ] --START--
INFO: Run Behavior\ReadHtmlCacheBehavior [ RunTime:0.001000s ]
INFO: [ app_begin ] --END-- [ RunTime:0.001000s ]
SQL: SHOW COLUMNS FROM `ht_config` [ RunTime:0.0030s ]
SQL: SHOW COLUMNS FROM `ht_article` [ RunTime:0.0040s ]
SQL: SHOW COLUMNS FROM `ht_category` [ RunTime:0.0030s ]
SQL: SELECT `pid` FROM `ht_category` WHERE `id` = 111 LIMIT 1   [ RunTime:0.0010s ]
SQL: SELECT COUNT(*) AS tp_count FROM `ht_article` WHERE `status` = 0 AND `category_id` = 111 LIMIT 1   [ RunTime:0.0000s ]
SQL: SELECT * FROM `ht_article` WHERE `status` = 0 AND `category_id` = 111 ORDER BY sort asc,id desc LIMIT 0,15   [ RunTime:0.0010s ]
SQL: SELECT * FROM `ht_article` ORDER BY addtime desc LIMIT 10   [ RunTime:0.0000s ]
SQL: SELECT * FROM `ht_category` WHERE `status` = 0 ORDER BY sort asc,id desc  [ RunTime:0.0010s ]
SQL: SELECT `pid` FROM `ht_category` WHERE `id` = 111 LIMIT 1   [ RunTime:0.0000s ]
INFO: [ view_parse ] --START--
INFO: [ template_filter ] --START--
INFO: Run Behavior\ContentReplaceBehavior [ RunTime:0.000000s ]
INFO: [ template_filter ] --END-- [ RunTime:0.000000s ]
NOTIC: [8] Undefined variable: arr E:\wwwroot\www\kf.hitui.com\App\Runtime\Cache\Home\260c5646b38161a1f514625bd5601058.php 第 47 行.
NOTIC: [8] Undefined variable: name E:\wwwroot\www\kf.hitui.com\App\Runtime\Cache\Home\260c5646b38161a1f514625bd5601058.php 第 54 行.
INFO: Run Behavior\ParseTemplateBehavior [ RunTime:0.008000s ]
INFO: [ view_parse ] --END-- [ RunTime:0.008000s ]
INFO: [ view_filter ] --START--
INFO: Run Behavior\WriteHtmlCacheBehavior [ RunTime:0.000000s ]
INFO: [ view_filter ] --END-- [ RunTime:0.000000s ]
INFO: [ app_end ] --START--
INFO: Run Behavior\ShowPageTraceBehavior [ RunTime:0.001000s ]
INFO: [ app_end ] --END-- [ RunTime:0.001000s ]

[ 2017-03-22T17:32:29+08:00 ] 127.0.0.1 /Home/Index/articleList
INFO: [ app_init ] --START--
INFO: Run Behavior\BuildLiteBehavior [ RunTime:0.000000s ]
INFO: [ app_init ] --END-- [ RunTime:0.000000s ]
INFO: [ app_begin ] --START--
INFO: Run Behavior\ReadHtmlCacheBehavior [ RunTime:0.001000s ]
INFO: [ app_begin ] --END-- [ RunTime:0.001000s ]
SQL: SHOW COLUMNS FROM `ht_config` [ RunTime:0.0050s ]
SQL: SHOW COLUMNS FROM `ht_article` [ RunTime:0.0050s ]
SQL: SHOW COLUMNS FROM `ht_category` [ RunTime:0.0050s ]
SQL: SELECT `pid` FROM `ht_category` WHERE `id` = 111 LIMIT 1   [ RunTime:0.0000s ]
SQL: SELECT COUNT(*) AS tp_count FROM `ht_article` WHERE `status` = 0 AND `category_id` = 111 LIMIT 1   [ RunTime:0.0010s ]
SQL: SELECT * FROM `ht_article` WHERE `status` = 0 AND `category_id` = 111 ORDER BY sort asc,id desc LIMIT 0,15   [ RunTime:0.0010s ]
SQL: SELECT * FROM `ht_article` ORDER BY addtime desc LIMIT 10   [ RunTime:0.0010s ]
SQL: SELECT * FROM `ht_category` WHERE `status` = 0 ORDER BY sort asc,id desc  [ RunTime:0.0010s ]
SQL: SELECT `pid` FROM `ht_category` WHERE `id` = 111 LIMIT 1   [ RunTime:0.0000s ]
INFO: [ view_parse ] --START--
INFO: [ template_filter ] --START--
INFO: Run Behavior\ContentReplaceBehavior [ RunTime:0.000000s ]
INFO: [ template_filter ] --END-- [ RunTime:0.000000s ]
NOTIC: [8] Undefined variable: arr E:\wwwroot\www\kf.hitui.com\App\Runtime\Cache\Home\260c5646b38161a1f514625bd5601058.php 第 47 行.
NOTIC: [8] Undefined variable: name E:\wwwroot\www\kf.hitui.com\App\Runtime\Cache\Home\260c5646b38161a1f514625bd5601058.php 第 54 行.
INFO: Run Behavior\ParseTemplateBehavior [ RunTime:0.010001s ]
INFO: [ view_parse ] --END-- [ RunTime:0.010001s ]
INFO: [ view_filter ] --START--
INFO: Run Behavior\WriteHtmlCacheBehavior [ RunTime:0.000000s ]
INFO: [ view_filter ] --END-- [ RunTime:0.000000s ]
INFO: [ app_end ] --START--
INFO: Run Behavior\ShowPageTraceBehavior [ RunTime:0.000000s ]
INFO: [ app_end ] --END-- [ RunTime:0.001000s ]

[ 2017-03-22T17:32:29+08:00 ] 127.0.0.1 /Home/Index/articleList
INFO: [ app_init ] --START--
INFO: Run Behavior\BuildLiteBehavior [ RunTime:0.000000s ]
INFO: [ app_init ] --END-- [ RunTime:0.001000s ]
INFO: [ app_begin ] --START--
INFO: Run Behavior\ReadHtmlCacheBehavior [ RunTime:0.000000s ]
INFO: [ app_begin ] --END-- [ RunTime:0.000000s ]
SQL: SHOW COLUMNS FROM `ht_config` [ RunTime:0.0040s ]
SQL: SHOW COLUMNS FROM `ht_article` [ RunTime:0.0030s ]
SQL: SHOW COLUMNS FROM `ht_category` [ RunTime:0.0040s ]
SQL: SELECT `pid` FROM `ht_category` WHERE `id` = 111 LIMIT 1   [ RunTime:0.0010s ]
SQL: SELECT COUNT(*) AS tp_count FROM `ht_article` WHERE `status` = 0 AND `category_id` = 111 LIMIT 1   [ RunTime:0.0000s ]
SQL: SELECT * FROM `ht_article` WHERE `status` = 0 AND `category_id` = 111 ORDER BY sort asc,id desc LIMIT 0,15   [ RunTime:0.0010s ]
SQL: SELECT * FROM `ht_article` ORDER BY addtime desc LIMIT 10   [ RunTime:0.0000s ]
SQL: SELECT * FROM `ht_category` WHERE `status` = 0 ORDER BY sort asc,id desc  [ RunTime:0.0000s ]
SQL: SELECT `pid` FROM `ht_category` WHERE `id` = 111 LIMIT 1   [ RunTime:0.0010s ]
INFO: [ view_parse ] --START--
INFO: [ template_filter ] --START--
INFO: Run Behavior\ContentReplaceBehavior [ RunTime:0.000000s ]
INFO: [ template_filter ] --END-- [ RunTime:0.000000s ]
NOTIC: [8] Undefined variable: arr E:\wwwroot\www\kf.hitui.com\App\Runtime\Cache\Home\260c5646b38161a1f514625bd5601058.php 第 47 行.
NOTIC: [8] Undefined variable: name E:\wwwroot\www\kf.hitui.com\App\Runtime\Cache\Home\260c5646b38161a1f514625bd5601058.php 第 54 行.
INFO: Run Behavior\ParseTemplateBehavior [ RunTime:0.009000s ]
INFO: [ view_parse ] --END-- [ RunTime:0.009000s ]
INFO: [ view_filter ] --START--
INFO: Run Behavior\WriteHtmlCacheBehavior [ RunTime:0.000000s ]
INFO: [ view_filter ] --END-- [ RunTime:0.000000s ]
INFO: [ app_end ] --START--
INFO: Run Behavior\ShowPageTraceBehavior [ RunTime:0.001000s ]
INFO: [ app_end ] --END-- [ RunTime:0.001000s ]

[ 2017-03-22T17:32:29+08:00 ] 127.0.0.1 /Home/Index/articleList
INFO: [ app_init ] --START--
INFO: Run Behavior\BuildLiteBehavior [ RunTime:0.000000s ]
INFO: [ app_init ] --END-- [ RunTime:0.001000s ]
INFO: [ app_begin ] --START--
INFO: Run Behavior\ReadHtmlCacheBehavior [ RunTime:0.001000s ]
INFO: [ app_begin ] --END-- [ RunTime:0.001000s ]
SQL: SHOW COLUMNS FROM `ht_config` [ RunTime:0.0050s ]
SQL: SHOW COLUMNS FROM `ht_article` [ RunTime:0.0030s ]
SQL: SHOW COLUMNS FROM `ht_category` [ RunTime:0.0050s ]
SQL: SELECT `pid` FROM `ht_category` WHERE `id` = 111 LIMIT 1   [ RunTime:0.0000s ]
SQL: SELECT COUNT(*) AS tp_count FROM `ht_article` WHERE `status` = 0 AND `category_id` = 111 LIMIT 1   [ RunTime:0.0010s ]
SQL: SELECT * FROM `ht_article` WHERE `status` = 0 AND `category_id` = 111 ORDER BY sort asc,id desc LIMIT 0,15   [ RunTime:0.0010s ]
SQL: SELECT * FROM `ht_article` ORDER BY addtime desc LIMIT 10   [ RunTime:0.0000s ]
SQL: SELECT * FROM `ht_category` WHERE `status` = 0 ORDER BY sort asc,id desc  [ RunTime:0.0000s ]
SQL: SELECT `pid` FROM `ht_category` WHERE `id` = 111 LIMIT 1   [ RunTime:0.0000s ]
INFO: [ view_parse ] --START--
INFO: [ template_filter ] --START--
INFO: Run Behavior\ContentReplaceBehavior [ RunTime:0.000000s ]
INFO: [ template_filter ] --END-- [ RunTime:0.000000s ]
NOTIC: [8] Undefined variable: arr E:\wwwroot\www\kf.hitui.com\App\Runtime\Cache\Home\260c5646b38161a1f514625bd5601058.php 第 47 行.
NOTIC: [8] Undefined variable: name E:\wwwroot\www\kf.hitui.com\App\Runtime\Cache\Home\260c5646b38161a1f514625bd5601058.php 第 54 行.
INFO: Run Behavior\ParseTemplateBehavior [ RunTime:0.009001s ]
INFO: [ view_parse ] --END-- [ RunTime:0.009001s ]
INFO: [ view_filter ] --START--
INFO: Run Behavior\WriteHtmlCacheBehavior [ RunTime:0.000000s ]
INFO: [ view_filter ] --END-- [ RunTime:0.000000s ]
INFO: [ app_end ] --START--
INFO: Run Behavior\ShowPageTraceBehavior [ RunTime:0.001000s ]
INFO: [ app_end ] --END-- [ RunTime:0.001000s ]

[ 2017-03-22T17:32:29+08:00 ] 127.0.0.1 /Home/Index/articleList
INFO: [ app_init ] --START--
INFO: Run Behavior\BuildLiteBehavior [ RunTime:0.000000s ]
INFO: [ app_init ] --END-- [ RunTime:0.000000s ]
INFO: [ app_begin ] --START--
INFO: Run Behavior\ReadHtmlCacheBehavior [ RunTime:0.001000s ]
INFO: [ app_begin ] --END-- [ RunTime:0.001000s ]
SQL: SHOW COLUMNS FROM `ht_config` [ RunTime:0.0040s ]
SQL: SHOW COLUMNS FROM `ht_article` [ RunTime:0.0040s ]
SQL: SHOW COLUMNS FROM `ht_category` [ RunTime:0.0050s ]
SQL: SELECT `pid` FROM `ht_category` WHERE `id` = 111 LIMIT 1   [ RunTime:0.0000s ]
SQL: SELECT COUNT(*) AS tp_count FROM `ht_article` WHERE `status` = 0 AND `category_id` = 111 LIMIT 1   [ RunTime:0.0000s ]
SQL: SELECT * FROM `ht_article` WHERE `status` = 0 AND `category_id` = 111 ORDER BY sort asc,id desc LIMIT 0,15   [ RunTime:0.0010s ]
SQL: SELECT * FROM `ht_article` ORDER BY addtime desc LIMIT 10   [ RunTime:0.0000s ]
SQL: SELECT * FROM `ht_category` WHERE `status` = 0 ORDER BY sort asc,id desc  [ RunTime:0.0000s ]
SQL: SELECT `pid` FROM `ht_category` WHERE `id` = 111 LIMIT 1   [ RunTime:0.0000s ]
INFO: [ view_parse ] --START--
INFO: [ template_filter ] --START--
INFO: Run Behavior\ContentReplaceBehavior [ RunTime:0.000000s ]
INFO: [ template_filter ] --END-- [ RunTime:0.000000s ]
NOTIC: [8] Undefined variable: arr E:\wwwroot\www\kf.hitui.com\App\Runtime\Cache\Home\260c5646b38161a1f514625bd5601058.php 第 47 行.
NOTIC: [8] Undefined variable: name E:\wwwroot\www\kf.hitui.com\App\Runtime\Cache\Home\260c5646b38161a1f514625bd5601058.php 第 54 行.
INFO: Run Behavior\ParseTemplateBehavior [ RunTime:0.006000s ]
INFO: [ view_parse ] --END-- [ RunTime:0.006000s ]
INFO: [ view_filter ] --START--
INFO: Run Behavior\WriteHtmlCacheBehavior [ RunTime:0.001000s ]
INFO: [ view_filter ] --END-- [ RunTime:0.001000s ]
INFO: [ app_end ] --START--
INFO: Run Behavior\ShowPageTraceBehavior [ RunTime:0.000000s ]
INFO: [ app_end ] --END-- [ RunTime:0.000000s ]

[ 2017-03-22T17:32:30+08:00 ] 127.0.0.1 /Home/Index/articleList
INFO: [ app_init ] --START--
INFO: Run Behavior\BuildLiteBehavior [ RunTime:0.000000s ]
INFO: [ app_init ] --END-- [ RunTime:0.001000s ]
INFO: [ app_begin ] --START--
INFO: Run Behavior\ReadHtmlCacheBehavior [ RunTime:0.000000s ]
INFO: [ app_begin ] --END-- [ RunTime:0.000000s ]
SQL: SHOW COLUMNS FROM `ht_config` [ RunTime:0.0030s ]
SQL: SHOW COLUMNS FROM `ht_article` [ RunTime:0.0040s ]
SQL: SHOW COLUMNS FROM `ht_category` [ RunTime:0.0030s ]
SQL: SELECT `pid` FROM `ht_category` WHERE `id` = 111 LIMIT 1   [ RunTime:0.0000s ]
SQL: SELECT COUNT(*) AS tp_count FROM `ht_article` WHERE `status` = 0 AND `category_id` = 111 LIMIT 1   [ RunTime:0.0000s ]
SQL: SELECT * FROM `ht_article` WHERE `status` = 0 AND `category_id` = 111 ORDER BY sort asc,id desc LIMIT 0,15   [ RunTime:0.0000s ]
SQL: SELECT * FROM `ht_article` ORDER BY addtime desc LIMIT 10   [ RunTime:0.0000s ]
SQL: SELECT * FROM `ht_category` WHERE `status` = 0 ORDER BY sort asc,id desc  [ RunTime:0.0000s ]
SQL: SELECT `pid` FROM `ht_category` WHERE `id` = 111 LIMIT 1   [ RunTime:0.0000s ]
INFO: [ view_parse ] --START--
INFO: [ template_filter ] --START--
INFO: Run Behavior\ContentReplaceBehavior [ RunTime:0.000000s ]
INFO: [ template_filter ] --END-- [ RunTime:0.000000s ]
NOTIC: [8] Undefined variable: arr E:\wwwroot\www\kf.hitui.com\App\Runtime\Cache\Home\260c5646b38161a1f514625bd5601058.php 第 47 行.
NOTIC: [8] Undefined variable: name E:\wwwroot\www\kf.hitui.com\App\Runtime\Cache\Home\260c5646b38161a1f514625bd5601058.php 第 54 行.
INFO: Run Behavior\ParseTemplateBehavior [ RunTime:0.009000s ]
INFO: [ view_parse ] --END-- [ RunTime:0.009000s ]
INFO: [ view_filter ] --START--
INFO: Run Behavior\WriteHtmlCacheBehavior [ RunTime:0.000000s ]
INFO: [ view_filter ] --END-- [ RunTime:0.000000s ]
INFO: [ app_end ] --START--
INFO: Run Behavior\ShowPageTraceBehavior [ RunTime:0.001000s ]
INFO: [ app_end ] --END-- [ RunTime:0.001000s ]

[ 2017-03-22T17:32:43+08:00 ] 127.0.0.1 /Home/Index/articleContent/aid/4/cid/105.html
INFO: [ app_init ] --START--
INFO: Run Behavior\BuildLiteBehavior [ RunTime:0.000000s ]
INFO: [ app_init ] --END-- [ RunTime:0.000000s ]
INFO: [ app_begin ] --START--
INFO: Run Behavior\ReadHtmlCacheBehavior [ RunTime:0.000000s ]
INFO: [ app_begin ] --END-- [ RunTime:0.001000s ]
SQL: SHOW COLUMNS FROM `ht_config` [ RunTime:0.0060s ]
SQL: SHOW COLUMNS FROM `ht_article` [ RunTime:0.0040s ]
SQL: SHOW COLUMNS FROM `ht_category` [ RunTime:0.0030s ]
SQL: SELECT * FROM `ht_article` WHERE `id` = 4 AND `category_id` = 105 AND `status` = 0 ORDER BY sort asc,id desc LIMIT 1   [ RunTime:0.0000s ]
SQL: SELECT * FROM `ht_article` ORDER BY addtime desc LIMIT 10   [ RunTime:0.0000s ]
SQL: SELECT COUNT(*) AS tp_count FROM `ht_article` WHERE `category_id` = 105 AND `status` = 0 LIMIT 1   [ RunTime:0.0010s ]
SQL: SELECT * FROM `ht_article` WHERE `category_id` = 105 AND `status` = 0 LIMIT 1,10   [ RunTime:0.0000s ]
SQL: SELECT * FROM `ht_category` WHERE `status` = 0 ORDER BY sort asc,id desc  [ RunTime:0.0000s ]
SQL: SELECT `pid` FROM `ht_category` WHERE `id` = 105 LIMIT 1   [ RunTime:0.0010s ]
INFO: [ view_parse ] --START--
INFO: [ template_filter ] --START--
INFO: Run Behavior\ContentReplaceBehavior [ RunTime:0.000000s ]
INFO: [ template_filter ] --END-- [ RunTime:0.000000s ]
NOTIC: [8] Undefined variable: article E:\wwwroot\www\kf.hitui.com\App\Runtime\Cache\Home\6f72d35e51dbf4627cb8bb52c1bbed9e.php 第 5 行.
SQL: SELECT `article_ad` FROM `ht_config` WHERE `id` = 1 LIMIT 1   [ RunTime:0.0000s ]
INFO: Run Behavior\ParseTemplateBehavior [ RunTime:0.011000s ]
INFO: [ view_parse ] --END-- [ RunTime:0.011000s ]
INFO: [ view_filter ] --START--
INFO: Run Behavior\WriteHtmlCacheBehavior [ RunTime:0.001000s ]
INFO: [ view_filter ] --END-- [ RunTime:0.001000s ]
INFO: [ app_end ] --START--
INFO: Run Behavior\ShowPageTraceBehavior [ RunTime:0.000000s ]
INFO: [ app_end ] --END-- [ RunTime:0.000000s ]

[ 2017-03-22T17:32:43+08:00 ] 127.0.0.1 /Uploads/ueditor/20170308/58bfad57bcb96.png
INFO: [ app_init ] --START--
INFO: Run Behavior\BuildLiteBehavior [ RunTime:0.000000s ]
INFO: [ app_init ] --END-- [ RunTime:0.001000s ]

[ 2017-03-22T17:35:57+08:00 ] 127.0.0.1 /Home/Index/articleList
INFO: [ app_init ] --START--
INFO: Run Behavior\BuildLiteBehavior [ RunTime:0.000000s ]
INFO: [ app_init ] --END-- [ RunTime:0.000000s ]
INFO: [ app_begin ] --START--
INFO: Run Behavior\ReadHtmlCacheBehavior [ RunTime:0.001000s ]
INFO: [ app_begin ] --END-- [ RunTime:0.001000s ]
SQL: SHOW COLUMNS FROM `ht_config` [ RunTime:0.0030s ]
SQL: SELECT `web` FROM `ht_config` WHERE `id` = 1 LIMIT 1   [ RunTime:0.0000s ]
SQL: SHOW COLUMNS FROM `ht_article` [ RunTime:0.0030s ]
SQL: SHOW COLUMNS FROM `ht_category` [ RunTime:0.0030s ]
SQL: SELECT `pid` FROM `ht_category` WHERE `id` = 111 LIMIT 1   [ RunTime:0.0010s ]
SQL: SELECT COUNT(*) AS tp_count FROM `ht_article` WHERE `status` = 0 AND `category_id` = 111 LIMIT 1   [ RunTime:0.0000s ]
SQL: SELECT * FROM `ht_article` WHERE `status` = 0 AND `category_id` = 111 ORDER BY sort asc,id desc LIMIT 0,15   [ RunTime:0.0000s ]
SQL: SELECT * FROM `ht_article` ORDER BY addtime desc LIMIT 10   [ RunTime:0.0010s ]
SQL: SELECT * FROM `ht_category` WHERE `status` = 0 ORDER BY sort asc,id desc  [ RunTime:0.0000s ]
SQL: SELECT `pid` FROM `ht_category` WHERE `id` = 111 LIMIT 1   [ RunTime:0.0000s ]
INFO: [ view_parse ] --START--
INFO: [ template_filter ] --START--
INFO: Run Behavior\ContentReplaceBehavior [ RunTime:0.001000s ]
INFO: [ template_filter ] --END-- [ RunTime:0.001000s ]
NOTIC: [8] Undefined variable: arr E:\wwwroot\www\kf.hitui.com\App\Runtime\Cache\Home\260c5646b38161a1f514625bd5601058.php 第 70 行.
NOTIC: [8] Undefined variable: name E:\wwwroot\www\kf.hitui.com\App\Runtime\Cache\Home\260c5646b38161a1f514625bd5601058.php 第 77 行.
INFO: Run Behavior\ParseTemplateBehavior [ RunTime:0.008001s ]
INFO: [ view_parse ] --END-- [ RunTime:0.008001s ]
INFO: [ view_filter ] --START--
INFO: Run Behavior\WriteHtmlCacheBehavior [ RunTime:0.000000s ]
INFO: [ view_filter ] --END-- [ RunTime:0.000000s ]
INFO: [ app_end ] --START--
INFO: Run Behavior\ShowPageTraceBehavior [ RunTime:0.000000s ]
INFO: [ app_end ] --END-- [ RunTime:0.001000s ]

[ 2017-03-22T17:36:43+08:00 ] 127.0.0.1 /Home/Index/articleList
INFO: [ app_init ] --START--
INFO: Run Behavior\BuildLiteBehavior [ RunTime:0.000000s ]
INFO: [ app_init ] --END-- [ RunTime:0.000000s ]
INFO: [ app_begin ] --START--
INFO: Run Behavior\ReadHtmlCacheBehavior [ RunTime:0.001001s ]
INFO: [ app_begin ] --END-- [ RunTime:0.001001s ]
SQL: SHOW COLUMNS FROM `ht_config` [ RunTime:0.0030s ]
SQL: SHOW COLUMNS FROM `ht_article` [ RunTime:0.0030s ]
SQL: SHOW COLUMNS FROM `ht_category` [ RunTime:0.0040s ]
SQL: SELECT `pid` FROM `ht_category` WHERE `id` = 111 LIMIT 1   [ RunTime:0.0000s ]
SQL: SELECT COUNT(*) AS tp_count FROM `ht_article` WHERE `status` = 0 AND `category_id` = 111 LIMIT 1   [ RunTime:0.0010s ]
SQL: SELECT * FROM `ht_article` WHERE `status` = 0 AND `category_id` = 111 ORDER BY sort asc,id desc LIMIT 0,15   [ RunTime:0.0010s ]
SQL: SELECT * FROM `ht_article` ORDER BY addtime desc LIMIT 10   [ RunTime:0.0000s ]
SQL: SELECT * FROM `ht_category` WHERE `status` = 0 ORDER BY sort asc,id desc  [ RunTime:0.0010s ]
SQL: SELECT `pid` FROM `ht_category` WHERE `id` = 111 LIMIT 1   [ RunTime:0.0000s ]
INFO: [ view_parse ] --START--
INFO: [ template_filter ] --START--
INFO: Run Behavior\ContentReplaceBehavior [ RunTime:0.000000s ]
INFO: [ template_filter ] --END-- [ RunTime:0.000000s ]
NOTIC: [8] Undefined variable: arr E:\wwwroot\www\kf.hitui.com\App\Runtime\Cache\Home\260c5646b38161a1f514625bd5601058.php 第 70 行.
NOTIC: [8] Undefined variable: name E:\wwwroot\www\kf.hitui.com\App\Runtime\Cache\Home\260c5646b38161a1f514625bd5601058.php 第 77 行.
INFO: Run Behavior\ParseTemplateBehavior [ RunTime:0.008001s ]
INFO: [ view_parse ] --END-- [ RunTime:0.008001s ]
INFO: [ view_filter ] --START--
INFO: Run Behavior\WriteHtmlCacheBehavior [ RunTime:0.000000s ]
INFO: [ view_filter ] --END-- [ RunTime:0.000000s ]
INFO: [ app_end ] --START--
INFO: Run Behavior\ShowPageTraceBehavior [ RunTime:0.000000s ]
INFO: [ app_end ] --END-- [ RunTime:0.000000s ]

[ 2017-03-22T17:36:44+08:00 ] 127.0.0.1 /Home/Index/articleList
INFO: [ app_init ] --START--
INFO: Run Behavior\BuildLiteBehavior [ RunTime:0.000000s ]
INFO: [ app_init ] --END-- [ RunTime:0.001000s ]
INFO: [ app_begin ] --START--
INFO: Run Behavior\ReadHtmlCacheBehavior [ RunTime:0.001000s ]
INFO: [ app_begin ] --END-- [ RunTime:0.001000s ]
SQL: SHOW COLUMNS FROM `ht_config` [ RunTime:0.0050s ]
SQL: SHOW COLUMNS FROM `ht_article` [ RunTime:0.0050s ]
SQL: SHOW COLUMNS FROM `ht_category` [ RunTime:0.0030s ]
SQL: SELECT `pid` FROM `ht_category` WHERE `id` = 111 LIMIT 1   [ RunTime:0.0000s ]
SQL: SELECT COUNT(*) AS tp_count FROM `ht_article` WHERE `status` = 0 AND `category_id` = 111 LIMIT 1   [ RunTime:0.0010s ]
SQL: SELECT * FROM `ht_article` WHERE `status` = 0 AND `category_id` = 111 ORDER BY sort asc,id desc LIMIT 0,15   [ RunTime:0.0010s ]
SQL: SELECT * FROM `ht_article` ORDER BY addtime desc LIMIT 10   [ RunTime:0.0000s ]
SQL: SELECT * FROM `ht_category` WHERE `status` = 0 ORDER BY sort asc,id desc  [ RunTime:0.0000s ]
SQL: SELECT `pid` FROM `ht_category` WHERE `id` = 111 LIMIT 1   [ RunTime:0.0000s ]
INFO: [ view_parse ] --START--
INFO: [ template_filter ] --START--
INFO: Run Behavior\ContentReplaceBehavior [ RunTime:0.001000s ]
INFO: [ template_filter ] --END-- [ RunTime:0.001000s ]
NOTIC: [8] Undefined variable: arr E:\wwwroot\www\kf.hitui.com\App\Runtime\Cache\Home\260c5646b38161a1f514625bd5601058.php 第 70 行.
NOTIC: [8] Undefined variable: name E:\wwwroot\www\kf.hitui.com\App\Runtime\Cache\Home\260c5646b38161a1f514625bd5601058.php 第 77 行.
INFO: Run Behavior\ParseTemplateBehavior [ RunTime:0.007001s ]
INFO: [ view_parse ] --END-- [ RunTime:0.007001s ]
INFO: [ view_filter ] --START--
INFO: Run Behavior\WriteHtmlCacheBehavior [ RunTime:0.000000s ]
INFO: [ view_filter ] --END-- [ RunTime:0.000000s ]
INFO: [ app_end ] --START--
INFO: Run Behavior\ShowPageTraceBehavior [ RunTime:0.000000s ]
INFO: [ app_end ] --END-- [ RunTime:0.001000s ]

[ 2017-03-22T17:37:14+08:00 ] 127.0.0.1 /Home/Index/articleList
INFO: [ app_init ] --START--
INFO: Run Behavior\BuildLiteBehavior [ RunTime:0.000000s ]
INFO: [ app_init ] --END-- [ RunTime:0.000000s ]
INFO: [ app_begin ] --START--
INFO: Run Behavior\ReadHtmlCacheBehavior [ RunTime:0.000000s ]
INFO: [ app_begin ] --END-- [ RunTime:0.000000s ]
SQL: SHOW COLUMNS FROM `ht_config` [ RunTime:0.0050s ]
SQL: SELECT `web` FROM `ht_config` WHERE `id` = 1 LIMIT 1   [ RunTime:0.0010s ]
SQL: SHOW COLUMNS FROM `ht_article` [ RunTime:0.0030s ]
SQL: SHOW COLUMNS FROM `ht_category` [ RunTime:0.0040s ]
SQL: SELECT `pid` FROM `ht_category` WHERE `id` = 111 LIMIT 1   [ RunTime:0.0010s ]
SQL: SELECT COUNT(*) AS tp_count FROM `ht_article` WHERE `status` = 0 AND `category_id` = 111 LIMIT 1   [ RunTime:0.0000s ]
SQL: SELECT * FROM `ht_article` WHERE `status` = 0 AND `category_id` = 111 ORDER BY sort asc,id desc LIMIT 0,15   [ RunTime:0.0000s ]
SQL: SELECT * FROM `ht_article` ORDER BY addtime desc LIMIT 10   [ RunTime:0.0000s ]
SQL: SELECT * FROM `ht_category` WHERE `status` = 0 ORDER BY sort asc,id desc  [ RunTime:0.0000s ]
SQL: SELECT `pid` FROM `ht_category` WHERE `id` = 111 LIMIT 1   [ RunTime:0.0010s ]
INFO: [ view_parse ] --START--
INFO: [ template_filter ] --START--
INFO: Run Behavior\ContentReplaceBehavior [ RunTime:0.000000s ]
INFO: [ template_filter ] --END-- [ RunTime:0.000000s ]
NOTIC: [8] Undefined variable: arr E:\wwwroot\www\kf.hitui.com\App\Runtime\Cache\Home\260c5646b38161a1f514625bd5601058.php 第 71 行.
NOTIC: [8] Undefined variable: name E:\wwwroot\www\kf.hitui.com\App\Runtime\Cache\Home\260c5646b38161a1f514625bd5601058.php 第 78 行.
INFO: Run Behavior\ParseTemplateBehavior [ RunTime:0.008001s ]
INFO: [ view_parse ] --END-- [ RunTime:0.008001s ]
INFO: [ view_filter ] --START--
INFO: Run Behavior\WriteHtmlCacheBehavior [ RunTime:0.000000s ]
INFO: [ view_filter ] --END-- [ RunTime:0.000000s ]
INFO: [ app_end ] --START--
INFO: Run Behavior\ShowPageTraceBehavior [ RunTime:0.001000s ]
INFO: [ app_end ] --END-- [ RunTime:0.001000s ]

[ 2017-03-22T17:37:15+08:00 ] 127.0.0.1 /Home/Index/articleList
INFO: [ app_init ] --START--
INFO: Run Behavior\BuildLiteBehavior [ RunTime:0.000000s ]
INFO: [ app_init ] --END-- [ RunTime:0.000000s ]
INFO: [ app_begin ] --START--
INFO: Run Behavior\ReadHtmlCacheBehavior [ RunTime:0.000000s ]
INFO: [ app_begin ] --END-- [ RunTime:0.000000s ]
SQL: SHOW COLUMNS FROM `ht_config` [ RunTime:0.0030s ]
SQL: SHOW COLUMNS FROM `ht_article` [ RunTime:0.0030s ]
SQL: SHOW COLUMNS FROM `ht_category` [ RunTime:0.0030s ]
SQL: SELECT `pid` FROM `ht_category` WHERE `id` = 111 LIMIT 1   [ RunTime:0.0000s ]
SQL: SELECT COUNT(*) AS tp_count FROM `ht_article` WHERE `status` = 0 AND `category_id` = 111 LIMIT 1   [ RunTime:0.0010s ]
SQL: SELECT * FROM `ht_article` WHERE `status` = 0 AND `category_id` = 111 ORDER BY sort asc,id desc LIMIT 0,15   [ RunTime:0.0010s ]
SQL: SELECT * FROM `ht_article` ORDER BY addtime desc LIMIT 10   [ RunTime:0.0000s ]
SQL: SELECT * FROM `ht_category` WHERE `status` = 0 ORDER BY sort asc,id desc  [ RunTime:0.0010s ]
SQL: SELECT `pid` FROM `ht_category` WHERE `id` = 111 LIMIT 1   [ RunTime:0.0000s ]
INFO: [ view_parse ] --START--
INFO: [ template_filter ] --START--
INFO: Run Behavior\ContentReplaceBehavior [ RunTime:0.000000s ]
INFO: [ template_filter ] --END-- [ RunTime:0.000000s ]
NOTIC: [8] Undefined variable: arr E:\wwwroot\www\kf.hitui.com\App\Runtime\Cache\Home\260c5646b38161a1f514625bd5601058.php 第 71 行.
NOTIC: [8] Undefined variable: name E:\wwwroot\www\kf.hitui.com\App\Runtime\Cache\Home\260c5646b38161a1f514625bd5601058.php 第 78 行.
INFO: Run Behavior\ParseTemplateBehavior [ RunTime:0.009000s ]
INFO: [ view_parse ] --END-- [ RunTime:0.009000s ]
INFO: [ view_filter ] --START--
INFO: Run Behavior\WriteHtmlCacheBehavior [ RunTime:0.000000s ]
INFO: [ view_filter ] --END-- [ RunTime:0.000000s ]
INFO: [ app_end ] --START--
INFO: Run Behavior\ShowPageTraceBehavior [ RunTime:0.001000s ]
INFO: [ app_end ] --END-- [ RunTime:0.001000s ]

[ 2017-03-22T17:37:15+08:00 ] 127.0.0.1 /Home/Index/articleList
INFO: [ app_init ] --START--
INFO: Run Behavior\BuildLiteBehavior [ RunTime:0.000000s ]
INFO: [ app_init ] --END-- [ RunTime:0.000000s ]
INFO: [ app_begin ] --START--
INFO: Run Behavior\ReadHtmlCacheBehavior [ RunTime:0.002000s ]
INFO: [ app_begin ] --END-- [ RunTime:0.002000s ]
SQL: SHOW COLUMNS FROM `ht_config` [ RunTime:0.0030s ]
SQL: SHOW COLUMNS FROM `ht_article` [ RunTime:0.0030s ]
SQL: SHOW COLUMNS FROM `ht_category` [ RunTime:0.0030s ]
SQL: SELECT `pid` FROM `ht_category` WHERE `id` = 111 LIMIT 1   [ RunTime:0.0010s ]
SQL: SELECT COUNT(*) AS tp_count FROM `ht_article` WHERE `status` = 0 AND `category_id` = 111 LIMIT 1   [ RunTime:0.0000s ]
SQL: SELECT * FROM `ht_article` WHERE `status` = 0 AND `category_id` = 111 ORDER BY sort asc,id desc LIMIT 0,15   [ RunTime:0.0010s ]
SQL: SELECT * FROM `ht_article` ORDER BY addtime desc LIMIT 10   [ RunTime:0.0000s ]
SQL: SELECT * FROM `ht_category` WHERE `status` = 0 ORDER BY sort asc,id desc  [ RunTime:0.0000s ]
SQL: SELECT `pid` FROM `ht_category` WHERE `id` = 111 LIMIT 1   [ RunTime:0.0000s ]
INFO: [ view_parse ] --START--
INFO: [ template_filter ] --START--
INFO: Run Behavior\ContentReplaceBehavior [ RunTime:0.000000s ]
INFO: [ template_filter ] --END-- [ RunTime:0.000000s ]
NOTIC: [8] Undefined variable: arr E:\wwwroot\www\kf.hitui.com\App\Runtime\Cache\Home\260c5646b38161a1f514625bd5601058.php 第 71 行.
NOTIC: [8] Undefined variable: name E:\wwwroot\www\kf.hitui.com\App\Runtime\Cache\Home\260c5646b38161a1f514625bd5601058.php 第 78 行.
INFO: Run Behavior\ParseTemplateBehavior [ RunTime:0.008000s ]
INFO: [ view_parse ] --END-- [ RunTime:0.008000s ]
INFO: [ view_filter ] --START--
INFO: Run Behavior\WriteHtmlCacheBehavior [ RunTime:0.000000s ]
INFO: [ view_filter ] --END-- [ RunTime:0.001000s ]
INFO: [ app_end ] --START--
INFO: Run Behavior\ShowPageTraceBehavior [ RunTime:0.000000s ]
INFO: [ app_end ] --END-- [ RunTime:0.000000s ]

[ 2017-03-22T17:37:19+08:00 ] 127.0.0.1 /Home/Index/articleList/cid/108.html
INFO: [ app_init ] --START--
INFO: Run Behavior\BuildLiteBehavior [ RunTime:0.000000s ]
INFO: [ app_init ] --END-- [ RunTime:0.001000s ]
INFO: [ app_begin ] --START--
INFO: Run Behavior\ReadHtmlCacheBehavior [ RunTime:0.000000s ]
INFO: [ app_begin ] --END-- [ RunTime:0.000000s ]
SQL: SHOW COLUMNS FROM `ht_config` [ RunTime:0.0050s ]
SQL: SHOW COLUMNS FROM `ht_article` [ RunTime:0.0040s ]
SQL: SHOW COLUMNS FROM `ht_category` [ RunTime:0.0060s ]
SQL: SELECT `pid` FROM `ht_category` WHERE `id` = 108 LIMIT 1   [ RunTime:0.0000s ]
SQL: SELECT COUNT(*) AS tp_count FROM `ht_article` WHERE `status` = 0 AND `category_id` = 108 LIMIT 1   [ RunTime:0.0000s ]
SQL: SELECT * FROM `ht_article` WHERE `status` = 0 AND `category_id` = 108 ORDER BY sort asc,id desc LIMIT 0,15   [ RunTime:0.0000s ]
SQL: SELECT * FROM `ht_article` ORDER BY addtime desc LIMIT 10   [ RunTime:0.0010s ]
SQL: SELECT * FROM `ht_category` WHERE `status` = 0 ORDER BY sort asc,id desc  [ RunTime:0.0010s ]
SQL: SELECT `pid` FROM `ht_category` WHERE `id` = 108 LIMIT 1   [ RunTime:0.0010s ]
INFO: [ view_parse ] --START--
INFO: [ template_filter ] --START--
INFO: Run Behavior\ContentReplaceBehavior [ RunTime:0.000000s ]
INFO: [ template_filter ] --END-- [ RunTime:0.000000s ]
NOTIC: [8] Undefined variable: arr E:\wwwroot\www\kf.hitui.com\App\Runtime\Cache\Home\260c5646b38161a1f514625bd5601058.php 第 71 行.
NOTIC: [8] Undefined variable: name E:\wwwroot\www\kf.hitui.com\App\Runtime\Cache\Home\260c5646b38161a1f514625bd5601058.php 第 78 行.
INFO: Run Behavior\ParseTemplateBehavior [ RunTime:0.008000s ]
INFO: [ view_parse ] --END-- [ RunTime:0.008000s ]
INFO: [ view_filter ] --START--
INFO: Run Behavior\WriteHtmlCacheBehavior [ RunTime:0.000000s ]
INFO: [ view_filter ] --END-- [ RunTime:0.000000s ]
INFO: [ app_end ] --START--
INFO: Run Behavior\ShowPageTraceBehavior [ RunTime:0.001000s ]
INFO: [ app_end ] --END-- [ RunTime:0.001000s ]

[ 2017-03-22T17:37:25+08:00 ] 127.0.0.1 /Home/Index/articleList/cid/108.html
INFO: [ app_init ] --START--
INFO: Run Behavior\BuildLiteBehavior [ RunTime:0.000000s ]
INFO: [ app_init ] --END-- [ RunTime:0.001000s ]
INFO: [ app_begin ] --START--
INFO: Run Behavior\ReadHtmlCacheBehavior [ RunTime:0.001000s ]
INFO: [ app_begin ] --END-- [ RunTime:0.001000s ]
SQL: SHOW COLUMNS FROM `ht_config` [ RunTime:0.0040s ]
SQL: SHOW COLUMNS FROM `ht_article` [ RunTime:0.0030s ]
SQL: SHOW COLUMNS FROM `ht_category` [ RunTime:0.0030s ]
SQL: SELECT `pid` FROM `ht_category` WHERE `id` = 108 LIMIT 1   [ RunTime:0.0000s ]
SQL: SELECT COUNT(*) AS tp_count FROM `ht_article` WHERE `status` = 0 AND `category_id` = 108 LIMIT 1   [ RunTime:0.0010s ]
SQL: SELECT * FROM `ht_article` WHERE `status` = 0 AND `category_id` = 108 ORDER BY sort asc,id desc LIMIT 0,15   [ RunTime:0.0010s ]
SQL: SELECT * FROM `ht_article` ORDER BY addtime desc LIMIT 10   [ RunTime:0.0000s ]
SQL: SELECT * FROM `ht_category` WHERE `status` = 0 ORDER BY sort asc,id desc  [ RunTime:0.0010s ]
SQL: SELECT `pid` FROM `ht_category` WHERE `id` = 108 LIMIT 1   [ RunTime:0.0010s ]
INFO: [ view_parse ] --START--
INFO: [ template_filter ] --START--
INFO: Run Behavior\ContentReplaceBehavior [ RunTime:0.000000s ]
INFO: [ template_filter ] --END-- [ RunTime:0.000000s ]
NOTIC: [8] Undefined variable: arr E:\wwwroot\www\kf.hitui.com\App\Runtime\Cache\Home\260c5646b38161a1f514625bd5601058.php 第 71 行.
NOTIC: [8] Undefined variable: name E:\wwwroot\www\kf.hitui.com\App\Runtime\Cache\Home\260c5646b38161a1f514625bd5601058.php 第 78 行.
INFO: Run Behavior\ParseTemplateBehavior [ RunTime:0.010001s ]
INFO: [ view_parse ] --END-- [ RunTime:0.010001s ]
INFO: [ view_filter ] --START--
INFO: Run Behavior\WriteHtmlCacheBehavior [ RunTime:0.001000s ]
INFO: [ view_filter ] --END-- [ RunTime:0.001000s ]
INFO: [ app_end ] --START--
INFO: Run Behavior\ShowPageTraceBehavior [ RunTime:0.000000s ]
INFO: [ app_end ] --END-- [ RunTime:0.000000s ]

[ 2017-03-22T17:47:00+08:00 ] 127.0.0.1 /Home/Index/searchList/aid/4/cid/105.html
INFO: [ app_init ] --START--
INFO: Run Behavior\BuildLiteBehavior [ RunTime:0.000000s ]
INFO: [ app_init ] --END-- [ RunTime:0.000000s ]
INFO: [ app_begin ] --START--
INFO: Run Behavior\ReadHtmlCacheBehavior [ RunTime:0.001000s ]
INFO: [ app_begin ] --END-- [ RunTime:0.001000s ]
SQL: SHOW COLUMNS FROM `ht_config` [ RunTime:0.0030s ]
SQL: SELECT `web` FROM `ht_config` WHERE `id` = 1 LIMIT 1   [ RunTime:0.0000s ]
SQL: SHOW COLUMNS FROM `ht_article` [ RunTime:0.0030s ]
SQL: SELECT COUNT(*) AS tp_count FROM `ht_article` WHERE `status` = 0 LIMIT 1   [ RunTime:0.0000s ]
SQL: SELECT * FROM `ht_article` WHERE `status` = 0 ORDER BY sort asc LIMIT 0,15   [ RunTime:0.0000s ]
INFO: [ view_parse ] --START--
INFO: [ template_filter ] --START--
INFO: Run Behavior\ContentReplaceBehavior [ RunTime:0.000000s ]
INFO: [ template_filter ] --END-- [ RunTime:0.000000s ]
INFO: Run Behavior\ParseTemplateBehavior [ RunTime:0.009000s ]
INFO: [ view_parse ] --END-- [ RunTime:0.009000s ]
INFO: [ view_filter ] --START--
INFO: Run Behavior\WriteHtmlCacheBehavior [ RunTime:0.000000s ]
INFO: [ view_filter ] --END-- [ RunTime:0.000000s ]
INFO: [ app_end ] --START--
INFO: Run Behavior\ShowPageTraceBehavior [ RunTime:0.001000s ]
INFO: [ app_end ] --END-- [ RunTime:0.001000s ]

