[ 2017-03-27T09:38:42+08:00 ] 192.168.0.17 /
INFO: [ app_init ] --START--
INFO: Run Behavior\BuildLiteBehavior [ RunTime:0.000000s ]
INFO: [ app_init ] --END-- [ RunTime:0.000000s ]
INFO: [ app_begin ] --START--
INFO: Run Behavior\ReadHtmlCacheBehavior [ RunTime:0.002000s ]
INFO: [ app_begin ] --END-- [ RunTime:0.002000s ]
SQL: SHOW COLUMNS FROM `ht_config` [ RunTime:0.0050s ]
SQL: SELECT `web` FROM `ht_config` WHERE `id` = 1 LIMIT 1   [ RunTime:0.0010s ]
INFO: [ view_parse ] --START--
INFO: [ template_filter ] --START--
INFO: Run Behavior\ContentReplaceBehavior [ RunTime:0.001000s ]
INFO: [ template_filter ] --END-- [ RunTime:0.001000s ]
SQL: SELECT `web_name` FROM `ht_config` WHERE `id` = 1 LIMIT 1   [ RunTime:0.0010s ]
INFO: Run Behavior\ParseTemplateBehavior [ RunTime:0.025002s ]
INFO: [ view_parse ] --END-- [ RunTime:0.025002s ]
INFO: [ view_filter ] --START--
INFO: Run Behavior\WriteHtmlCacheBehavior [ RunTime:0.001000s ]
INFO: [ view_filter ] --END-- [ RunTime:0.001000s ]
INFO: [ app_end ] --START--
INFO: Run Behavior\ShowPageTraceBehavior [ RunTime:0.001000s ]
INFO: [ app_end ] --END-- [ RunTime:0.001000s ]

[ 2017-03-27T09:38:42+08:00 ] 192.168.0.17 /favicon.ico
INFO: [ app_init ] --START--
INFO: Run Behavior\BuildLiteBehavior [ RunTime:0.000000s ]
INFO: [ app_init ] --END-- [ RunTime:0.000000s ]

[ 2017-03-27T09:38:50+08:00 ] 192.168.0.17 /Home/Index/articleList.html
INFO: [ app_init ] --START--
INFO: Run Behavior\BuildLiteBehavior [ RunTime:0.000000s ]
INFO: [ app_init ] --END-- [ RunTime:0.001000s ]
INFO: [ app_begin ] --START--
INFO: Run Behavior\ReadHtmlCacheBehavior [ RunTime:0.000000s ]
INFO: [ app_begin ] --END-- [ RunTime:0.000000s ]
SQL: SHOW COLUMNS FROM `ht_config` [ RunTime:0.0030s ]
SQL: SHOW COLUMNS FROM `ht_article` [ RunTime:0.0070s ]
SQL: SHOW COLUMNS FROM `ht_category` [ RunTime:0.0050s ]
NOTIC: [8] Undefined index: cid E:\wwwroot\www\kf.hitui.com\App\Home\Controller\IndexController.class.php 第 73 行.
SQL: SELECT COUNT(*) AS tp_count FROM `ht_article` WHERE `status` = 0 LIMIT 1   [ RunTime:0.0000s ]
SQL: SELECT * FROM `ht_article` WHERE `status` = 0 ORDER BY sort asc,id desc LIMIT 0,15   [ RunTime:0.0010s ]
SQL: SELECT * FROM `ht_article` ORDER BY addtime desc LIMIT 10   [ RunTime:0.0000s ]
SQL: SELECT * FROM `ht_category` WHERE `status` = 0 ORDER BY sort asc,id desc  [ RunTime:0.0000s ]
SQL: SELECT `pid` FROM `ht_category` WHERE `id` = 0 LIMIT 1   [ RunTime:0.0000s ]
INFO: [ view_parse ] --START--
INFO: [ template_filter ] --START--
INFO: Run Behavior\ContentReplaceBehavior [ RunTime:0.000000s ]
INFO: [ template_filter ] --END-- [ RunTime:0.000000s ]
SQL: SELECT `name` FROM `ht_category` WHERE `id` = 0 LIMIT 1   [ RunTime:0.0010s ]
NOTIC: [8] Undefined variable: cid E:\wwwroot\www\kf.hitui.com\App\Runtime\Cache\Home\7d99a98a4c4235518dc2983ecb128c6f.php 第 75 行.
NOTIC: [8] Undefined variable: cid E:\wwwroot\www\kf.hitui.com\App\Runtime\Cache\Home\7d99a98a4c4235518dc2983ecb128c6f.php 第 75 行.
SQL: SELECT `name` FROM `ht_category` WHERE `id` = 0 LIMIT 1   [ RunTime:0.0000s ]
NOTIC: [8] Undefined variable: cid E:\wwwroot\www\kf.hitui.com\App\Runtime\Cache\Home\7d99a98a4c4235518dc2983ecb128c6f.php 第 96 行.
NOTIC: [8] Undefined variable: cid E:\wwwroot\www\kf.hitui.com\App\Runtime\Cache\Home\7d99a98a4c4235518dc2983ecb128c6f.php 第 96 行.
NOTIC: [8] Undefined variable: cid E:\wwwroot\www\kf.hitui.com\App\Runtime\Cache\Home\7d99a98a4c4235518dc2983ecb128c6f.php 第 96 行.
NOTIC: [8] Undefined variable: cid E:\wwwroot\www\kf.hitui.com\App\Runtime\Cache\Home\7d99a98a4c4235518dc2983ecb128c6f.php 第 96 行.
NOTIC: [8] Undefined variable: cid E:\wwwroot\www\kf.hitui.com\App\Runtime\Cache\Home\7d99a98a4c4235518dc2983ecb128c6f.php 第 96 行.
NOTIC: [8] Undefined variable: cid E:\wwwroot\www\kf.hitui.com\App\Runtime\Cache\Home\7d99a98a4c4235518dc2983ecb128c6f.php 第 96 行.
NOTIC: [8] Undefined index: pv E:\wwwroot\www\kf.hitui.com\App\Runtime\Cache\Home\7d99a98a4c4235518dc2983ecb128c6f.php 第 107 行.
NOTIC: [8] Undefined index: pv E:\wwwroot\www\kf.hitui.com\App\Runtime\Cache\Home\7d99a98a4c4235518dc2983ecb128c6f.php 第 107 行.
NOTIC: [8] Undefined index: pv E:\wwwroot\www\kf.hitui.com\App\Runtime\Cache\Home\7d99a98a4c4235518dc2983ecb128c6f.php 第 107 行.
NOTIC: [8] Undefined index: pv E:\wwwroot\www\kf.hitui.com\App\Runtime\Cache\Home\7d99a98a4c4235518dc2983ecb128c6f.php 第 107 行.
NOTIC: [8] Undefined index: pv E:\wwwroot\www\kf.hitui.com\App\Runtime\Cache\Home\7d99a98a4c4235518dc2983ecb128c6f.php 第 107 行.
INFO: Run Behavior\ParseTemplateBehavior [ RunTime:0.017001s ]
INFO: [ view_parse ] --END-- [ RunTime:0.017001s ]
INFO: [ view_filter ] --START--
INFO: Run Behavior\WriteHtmlCacheBehavior [ RunTime:0.000000s ]
INFO: [ view_filter ] --END-- [ RunTime:0.001000s ]
INFO: [ app_end ] --START--
INFO: Run Behavior\ShowPageTraceBehavior [ RunTime:0.000000s ]
INFO: [ app_end ] --END-- [ RunTime:0.000000s ]

[ 2017-03-27T09:38:58+08:00 ] 192.168.0.17 /Home/Index/articleList.html
INFO: [ app_init ] --START--
INFO: Run Behavior\BuildLiteBehavior [ RunTime:0.000000s ]
INFO: [ app_init ] --END-- [ RunTime:0.001000s ]
INFO: [ app_begin ] --START--
INFO: Run Behavior\ReadHtmlCacheBehavior [ RunTime:0.000000s ]
INFO: [ app_begin ] --END-- [ RunTime:0.001000s ]
SQL: SHOW COLUMNS FROM `ht_config` [ RunTime:0.0040s ]
SQL: SHOW COLUMNS FROM `ht_article` [ RunTime:0.0040s ]
SQL: SHOW COLUMNS FROM `ht_category` [ RunTime:0.0040s ]
SQL: SELECT COUNT(*) AS tp_count FROM `ht_article` WHERE `status` = 0 LIMIT 1   [ RunTime:0.0000s ]
SQL: SELECT * FROM `ht_article` WHERE `status` = 0 ORDER BY sort asc,id desc LIMIT 0,15   [ RunTime:0.0010s ]
SQL: SELECT * FROM `ht_article` ORDER BY addtime desc LIMIT 10   [ RunTime:0.0010s ]
SQL: SELECT * FROM `ht_category` WHERE `status` = 0 ORDER BY sort asc,id desc  [ RunTime:0.0000s ]
SQL: SELECT `pid` FROM `ht_category` WHERE `id` = 0 LIMIT 1   [ RunTime:0.0010s ]
INFO: [ view_parse ] --START--
INFO: [ template_filter ] --START--
INFO: Run Behavior\ContentReplaceBehavior [ RunTime:0.000000s ]
INFO: [ template_filter ] --END-- [ RunTime:0.000000s ]
NOTIC: [8] Undefined variable: cid E:\wwwroot\www\kf.hitui.com\App\Runtime\Cache\Home\260c5646b38161a1f514625bd5601058.php 第 68 行.
NOTIC: [8] Undefined variable: cid E:\wwwroot\www\kf.hitui.com\App\Runtime\Cache\Home\260c5646b38161a1f514625bd5601058.php 第 68 行.
NOTIC: [8] Undefined variable: cid E:\wwwroot\www\kf.hitui.com\App\Runtime\Cache\Home\260c5646b38161a1f514625bd5601058.php 第 68 行.
NOTIC: [8] Undefined variable: cid E:\wwwroot\www\kf.hitui.com\App\Runtime\Cache\Home\260c5646b38161a1f514625bd5601058.php 第 68 行.
NOTIC: [8] Undefined variable: cid E:\wwwroot\www\kf.hitui.com\App\Runtime\Cache\Home\260c5646b38161a1f514625bd5601058.php 第 68 行.
NOTIC: [8] Undefined variable: cid E:\wwwroot\www\kf.hitui.com\App\Runtime\Cache\Home\260c5646b38161a1f514625bd5601058.php 第 68 行.
INFO: Run Behavior\ParseTemplateBehavior [ RunTime:0.010000s ]
INFO: [ view_parse ] --END-- [ RunTime:0.010000s ]
INFO: [ view_filter ] --START--
INFO: Run Behavior\WriteHtmlCacheBehavior [ RunTime:0.001000s ]
INFO: [ view_filter ] --END-- [ RunTime:0.001000s ]
INFO: [ app_end ] --START--
INFO: Run Behavior\ShowPageTraceBehavior [ RunTime:0.000000s ]
INFO: [ app_end ] --END-- [ RunTime:0.000000s ]

[ 2017-03-27T09:39:07+08:00 ] 192.168.0.17 /Home/Index/articleList/cid/108.html
INFO: [ app_init ] --START--
INFO: Run Behavior\BuildLiteBehavior [ RunTime:0.000000s ]
INFO: [ app_init ] --END-- [ RunTime:0.001000s ]
INFO: [ app_begin ] --START--
INFO: Run Behavior\ReadHtmlCacheBehavior [ RunTime:0.001000s ]
INFO: [ app_begin ] --END-- [ RunTime:0.001000s ]
SQL: SHOW COLUMNS FROM `ht_config` [ RunTime:0.0040s ]
SQL: SHOW COLUMNS FROM `ht_article` [ RunTime:0.0040s ]
SQL: SHOW COLUMNS FROM `ht_category` [ RunTime:0.0040s ]
SQL: SELECT `pid` FROM `ht_category` WHERE `id` = 108 LIMIT 1   [ RunTime:0.0010s ]
SQL: SELECT COUNT(*) AS tp_count FROM `ht_article` WHERE `status` = 0 AND `category_id` = 108 LIMIT 1   [ RunTime:0.0000s ]
SQL: SELECT * FROM `ht_article` WHERE `status` = 0 AND `category_id` = 108 ORDER BY sort asc,id desc LIMIT 0,15   [ RunTime:0.0010s ]
SQL: SELECT * FROM `ht_article` ORDER BY addtime desc LIMIT 10   [ RunTime:0.0000s ]
SQL: SELECT * FROM `ht_category` WHERE `status` = 0 ORDER BY sort asc,id desc  [ RunTime:0.0010s ]
SQL: SELECT `pid` FROM `ht_category` WHERE `id` = 108 LIMIT 1   [ RunTime:0.0000s ]
INFO: [ view_parse ] --START--
INFO: [ template_filter ] --START--
INFO: Run Behavior\ContentReplaceBehavior [ RunTime:0.000000s ]
INFO: [ template_filter ] --END-- [ RunTime:0.000000s ]
INFO: Run Behavior\ParseTemplateBehavior [ RunTime:0.009001s ]
INFO: [ view_parse ] --END-- [ RunTime:0.009001s ]
INFO: [ view_filter ] --START--
INFO: Run Behavior\WriteHtmlCacheBehavior [ RunTime:0.000000s ]
INFO: [ view_filter ] --END-- [ RunTime:0.000000s ]
INFO: [ app_end ] --START--
INFO: Run Behavior\ShowPageTraceBehavior [ RunTime:0.000000s ]
INFO: [ app_end ] --END-- [ RunTime:0.000000s ]

[ 2017-03-27T09:39:32+08:00 ] 192.168.0.17 /Home/Index/articleList/cid/112.html
INFO: [ app_init ] --START--
INFO: Run Behavior\BuildLiteBehavior [ RunTime:0.000000s ]
INFO: [ app_init ] --END-- [ RunTime:0.000000s ]
INFO: [ app_begin ] --START--
INFO: Run Behavior\ReadHtmlCacheBehavior [ RunTime:0.001000s ]
INFO: [ app_begin ] --END-- [ RunTime:0.001000s ]
SQL: SHOW COLUMNS FROM `ht_config` [ RunTime:0.0050s ]
SQL: SHOW COLUMNS FROM `ht_article` [ RunTime:0.0040s ]
SQL: SHOW COLUMNS FROM `ht_category` [ RunTime:0.0050s ]
SQL: SELECT `pid` FROM `ht_category` WHERE `id` = 112 LIMIT 1   [ RunTime:0.0010s ]
SQL: SELECT COUNT(*) AS tp_count FROM `ht_article` WHERE `status` = 0 AND `category_id` = 112 LIMIT 1   [ RunTime:0.0000s ]
SQL: SELECT * FROM `ht_article` WHERE `status` = 0 AND `category_id` = 112 ORDER BY sort asc,id desc LIMIT 0,15   [ RunTime:0.0000s ]
SQL: SELECT * FROM `ht_article` ORDER BY addtime desc LIMIT 10   [ RunTime:0.0010s ]
SQL: SELECT * FROM `ht_category` WHERE `status` = 0 ORDER BY sort asc,id desc  [ RunTime:0.0000s ]
SQL: SELECT `pid` FROM `ht_category` WHERE `id` = 112 LIMIT 1   [ RunTime:0.0000s ]
INFO: [ view_parse ] --START--
INFO: [ template_filter ] --START--
INFO: Run Behavior\ContentReplaceBehavior [ RunTime:0.000000s ]
INFO: [ template_filter ] --END-- [ RunTime:0.000000s ]
INFO: Run Behavior\ParseTemplateBehavior [ RunTime:0.010000s ]
INFO: [ view_parse ] --END-- [ RunTime:0.010000s ]
INFO: [ view_filter ] --START--
INFO: Run Behavior\WriteHtmlCacheBehavior [ RunTime:0.000000s ]
INFO: [ view_filter ] --END-- [ RunTime:0.000000s ]
INFO: [ app_end ] --START--
INFO: Run Behavior\ShowPageTraceBehavior [ RunTime:0.001000s ]
INFO: [ app_end ] --END-- [ RunTime:0.001000s ]

[ 2017-03-27T09:48:05+08:00 ] 192.168.0.17 /Home/Index/articleContent/cid/112.html
INFO: [ app_init ] --START--
INFO: Run Behavior\BuildLiteBehavior [ RunTime:0.000000s ]
INFO: [ app_init ] --END-- [ RunTime:0.000000s ]
INFO: [ app_begin ] --START--
INFO: Run Behavior\ReadHtmlCacheBehavior [ RunTime:0.000000s ]
INFO: [ app_begin ] --END-- [ RunTime:0.000000s ]
SQL: SHOW COLUMNS FROM `ht_config` [ RunTime:0.0050s ]
SQL: SELECT `web` FROM `ht_config` WHERE `id` = 1 LIMIT 1   [ RunTime:0.0000s ]
SQL: SHOW COLUMNS FROM `ht_article` [ RunTime:0.0040s ]
SQL: SHOW COLUMNS FROM `ht_category` [ RunTime:0.0040s ]
SQL: SELECT * FROM `ht_article` WHERE `id` = 0 AND `category_id` = 112 AND `status` = 0 ORDER BY sort asc,id desc LIMIT 1   [ RunTime:0.0000s ]
SQL: SELECT * FROM `ht_article` ORDER BY addtime desc LIMIT 10   [ RunTime:0.0000s ]
SQL: SELECT COUNT(*) AS tp_count FROM `ht_article` WHERE `category_id` = 112 AND `status` = 0 LIMIT 1   [ RunTime:0.0000s ]
NOTIC: [2] mt_rand(): max(-1) is smaller than min(0) E:\wwwroot\www\kf.hitui.com\App\Home\Controller\IndexController.class.php 第 142 行.
SQL: SELECT * FROM `ht_article` WHERE `category_id` = 112 AND `status` = 0  [ RunTime:0.0000s ]
SQL: SELECT * FROM `ht_category` WHERE `status` = 0 ORDER BY sort asc,id desc  [ RunTime:0.0000s ]
SQL: SELECT `pid` FROM `ht_category` WHERE `id` = 112 LIMIT 1   [ RunTime:0.0000s ]
INFO: [ view_parse ] --START--
INFO: [ template_filter ] --START--
INFO: Run Behavior\ContentReplaceBehavior [ RunTime:0.000000s ]
INFO: [ template_filter ] --END-- [ RunTime:0.000000s ]
NOTIC: [8] Undefined variable: article E:\wwwroot\www\kf.hitui.com\App\Runtime\Cache\Home\6f72d35e51dbf4627cb8bb52c1bbed9e.php 第 5 行.
SQL: SELECT `article_ad` FROM `ht_config` WHERE `id` = 1 LIMIT 1   [ RunTime:0.0000s ]
INFO: Run Behavior\ParseTemplateBehavior [ RunTime:0.012000s ]
INFO: [ view_parse ] --END-- [ RunTime:0.012000s ]
INFO: [ view_filter ] --START--
INFO: Run Behavior\WriteHtmlCacheBehavior [ RunTime:0.001001s ]
INFO: [ view_filter ] --END-- [ RunTime:0.001001s ]
INFO: [ app_end ] --START--
INFO: Run Behavior\ShowPageTraceBehavior [ RunTime:0.000000s ]
INFO: [ app_end ] --END-- [ RunTime:0.000000s ]

[ 2017-03-27T09:49:09+08:00 ] 192.168.0.17 /Home/Index/articleList/cid/112.html
INFO: [ app_init ] --START--
INFO: Run Behavior\BuildLiteBehavior [ RunTime:0.000000s ]
INFO: [ app_init ] --END-- [ RunTime:0.001000s ]
INFO: [ app_begin ] --START--
INFO: Run Behavior\ReadHtmlCacheBehavior [ RunTime:0.000000s ]
INFO: [ app_begin ] --END-- [ RunTime:0.000000s ]
SQL: SHOW COLUMNS FROM `ht_config` [ RunTime:0.0040s ]
SQL: SELECT `web` FROM `ht_config` WHERE `id` = 1 LIMIT 1   [ RunTime:0.0010s ]
SQL: SHOW COLUMNS FROM `ht_article` [ RunTime:0.0050s ]
SQL: SHOW COLUMNS FROM `ht_category` [ RunTime:0.0040s ]
SQL: SELECT `pid` FROM `ht_category` WHERE `id` = 112 LIMIT 1   [ RunTime:0.0000s ]
SQL: SELECT COUNT(*) AS tp_count FROM `ht_article` WHERE `status` = 0 AND `category_id` = 112 LIMIT 1   [ RunTime:0.0000s ]
SQL: SELECT * FROM `ht_article` WHERE `status` = 0 AND `category_id` = 112 ORDER BY sort asc,id desc LIMIT 0,15   [ RunTime:0.0010s ]
SQL: SELECT * FROM `ht_article` ORDER BY addtime desc LIMIT 10   [ RunTime:0.0000s ]
SQL: SELECT * FROM `ht_category` WHERE `status` = 0 ORDER BY sort asc,id desc  [ RunTime:0.0000s ]
SQL: SELECT `pid` FROM `ht_category` WHERE `id` = 112 LIMIT 1   [ RunTime:0.0000s ]
INFO: [ view_parse ] --START--
INFO: [ template_filter ] --START--
INFO: Run Behavior\ContentReplaceBehavior [ RunTime:0.000000s ]
INFO: [ template_filter ] --END-- [ RunTime:0.000000s ]
INFO: Run Behavior\ParseTemplateBehavior [ RunTime:0.011001s ]
INFO: [ view_parse ] --END-- [ RunTime:0.011001s ]
INFO: [ view_filter ] --START--
INFO: Run Behavior\WriteHtmlCacheBehavior [ RunTime:0.000000s ]
INFO: [ view_filter ] --END-- [ RunTime:0.000000s ]
INFO: [ app_end ] --START--
INFO: Run Behavior\ShowPageTraceBehavior [ RunTime:0.000000s ]
INFO: [ app_end ] --END-- [ RunTime:0.000000s ]

[ 2017-03-27T11:01:39+08:00 ] 192.168.0.17 /Home/Index/articleList/cid/112.html
INFO: [ app_init ] --START--
INFO: Run Behavior\BuildLiteBehavior [ RunTime:0.000000s ]
INFO: [ app_init ] --END-- [ RunTime:0.001000s ]
INFO: [ app_begin ] --START--
INFO: Run Behavior\ReadHtmlCacheBehavior [ RunTime:0.001000s ]
INFO: [ app_begin ] --END-- [ RunTime:0.001000s ]
SQL: SHOW COLUMNS FROM `ht_config` [ RunTime:0.0050s ]
SQL: SELECT `web` FROM `ht_config` WHERE `id` = 1 LIMIT 1   [ RunTime:0.0000s ]
SQL: SHOW COLUMNS FROM `ht_article` [ RunTime:0.0040s ]
SQL: SHOW COLUMNS FROM `ht_category` [ RunTime:0.0030s ]
SQL: SELECT `pid` FROM `ht_category` WHERE `id` = 112 LIMIT 1   [ RunTime:0.0000s ]
SQL: SELECT COUNT(*) AS tp_count FROM `ht_article` WHERE `status` = 0 AND `category_id` = 112 LIMIT 1   [ RunTime:0.0000s ]
SQL: SELECT * FROM `ht_article` WHERE `status` = 0 AND `category_id` = 112 ORDER BY sort asc,id desc LIMIT 0,15   [ RunTime:0.0000s ]
SQL: SELECT * FROM `ht_article` ORDER BY addtime desc LIMIT 10   [ RunTime:0.0000s ]
SQL: SELECT * FROM `ht_category` WHERE `status` = 0 ORDER BY sort asc,id desc  [ RunTime:0.0010s ]
SQL: SELECT `pid` FROM `ht_category` WHERE `id` = 112 LIMIT 1   [ RunTime:0.0010s ]
INFO: [ view_parse ] --START--
INFO: [ template_filter ] --START--
INFO: Run Behavior\ContentReplaceBehavior [ RunTime:0.000000s ]
INFO: [ template_filter ] --END-- [ RunTime:0.000000s ]
INFO: Run Behavior\ParseTemplateBehavior [ RunTime:0.012001s ]
INFO: [ view_parse ] --END-- [ RunTime:0.012001s ]
INFO: [ view_filter ] --START--
INFO: Run Behavior\WriteHtmlCacheBehavior [ RunTime:0.000000s ]
INFO: [ view_filter ] --END-- [ RunTime:0.000000s ]
INFO: [ app_end ] --START--
INFO: Run Behavior\ShowPageTraceBehavior [ RunTime:0.001000s ]
INFO: [ app_end ] --END-- [ RunTime:0.001000s ]

[ 2017-03-27T11:01:40+08:00 ] 192.168.0.17 /Home/Index/articleList/cid/112.html
INFO: [ app_init ] --START--
INFO: Run Behavior\BuildLiteBehavior [ RunTime:0.000000s ]
INFO: [ app_init ] --END-- [ RunTime:0.000000s ]
INFO: [ app_begin ] --START--
INFO: Run Behavior\ReadHtmlCacheBehavior [ RunTime:0.000000s ]
INFO: [ app_begin ] --END-- [ RunTime:0.001000s ]
SQL: SHOW COLUMNS FROM `ht_config` [ RunTime:0.0040s ]
SQL: SHOW COLUMNS FROM `ht_article` [ RunTime:0.0040s ]
SQL: SHOW COLUMNS FROM `ht_category` [ RunTime:0.0040s ]
SQL: SELECT `pid` FROM `ht_category` WHERE `id` = 112 LIMIT 1   [ RunTime:0.0010s ]
SQL: SELECT COUNT(*) AS tp_count FROM `ht_article` WHERE `status` = 0 AND `category_id` = 112 LIMIT 1   [ RunTime:0.0010s ]
SQL: SELECT * FROM `ht_article` WHERE `status` = 0 AND `category_id` = 112 ORDER BY sort asc,id desc LIMIT 0,15   [ RunTime:0.0000s ]
SQL: SELECT * FROM `ht_article` ORDER BY addtime desc LIMIT 10   [ RunTime:0.0000s ]
SQL: SELECT * FROM `ht_category` WHERE `status` = 0 ORDER BY sort asc,id desc  [ RunTime:0.0000s ]
SQL: SELECT `pid` FROM `ht_category` WHERE `id` = 112 LIMIT 1   [ RunTime:0.0000s ]
INFO: [ view_parse ] --START--
INFO: [ template_filter ] --START--
INFO: Run Behavior\ContentReplaceBehavior [ RunTime:0.000000s ]
INFO: [ template_filter ] --END-- [ RunTime:0.000000s ]
INFO: Run Behavior\ParseTemplateBehavior [ RunTime:0.011000s ]
INFO: [ view_parse ] --END-- [ RunTime:0.011000s ]
INFO: [ view_filter ] --START--
INFO: Run Behavior\WriteHtmlCacheBehavior [ RunTime:0.000000s ]
INFO: [ view_filter ] --END-- [ RunTime:0.000000s ]
INFO: [ app_end ] --START--
INFO: Run Behavior\ShowPageTraceBehavior [ RunTime:0.000000s ]
INFO: [ app_end ] --END-- [ RunTime:0.000000s ]

[ 2017-03-27T11:01:40+08:00 ] 192.168.0.17 /Home/Index/articleList/cid/112.html
INFO: [ app_init ] --START--
INFO: Run Behavior\BuildLiteBehavior [ RunTime:0.000000s ]
INFO: [ app_init ] --END-- [ RunTime:0.000000s ]
INFO: [ app_begin ] --START--
INFO: Run Behavior\ReadHtmlCacheBehavior [ RunTime:0.000000s ]
INFO: [ app_begin ] --END-- [ RunTime:0.000000s ]
SQL: SHOW COLUMNS FROM `ht_config` [ RunTime:0.0050s ]
SQL: SHOW COLUMNS FROM `ht_article` [ RunTime:0.0050s ]
SQL: SHOW COLUMNS FROM `ht_category` [ RunTime:0.0050s ]
SQL: SELECT `pid` FROM `ht_category` WHERE `id` = 112 LIMIT 1   [ RunTime:0.0010s ]
SQL: SELECT COUNT(*) AS tp_count FROM `ht_article` WHERE `status` = 0 AND `category_id` = 112 LIMIT 1   [ RunTime:0.0000s ]
SQL: SELECT * FROM `ht_article` WHERE `status` = 0 AND `category_id` = 112 ORDER BY sort asc,id desc LIMIT 0,15   [ RunTime:0.0010s ]
SQL: SELECT * FROM `ht_article` ORDER BY addtime desc LIMIT 10   [ RunTime:0.0010s ]
SQL: SELECT * FROM `ht_category` WHERE `status` = 0 ORDER BY sort asc,id desc  [ RunTime:0.0010s ]
SQL: SELECT `pid` FROM `ht_category` WHERE `id` = 112 LIMIT 1   [ RunTime:0.0000s ]
INFO: [ view_parse ] --START--
INFO: [ template_filter ] --START--
INFO: Run Behavior\ContentReplaceBehavior [ RunTime:0.000000s ]
INFO: [ template_filter ] --END-- [ RunTime:0.000000s ]
INFO: Run Behavior\ParseTemplateBehavior [ RunTime:0.010000s ]
INFO: [ view_parse ] --END-- [ RunTime:0.010000s ]
INFO: [ view_filter ] --START--
INFO: Run Behavior\WriteHtmlCacheBehavior [ RunTime:0.000000s ]
INFO: [ view_filter ] --END-- [ RunTime:0.000000s ]
INFO: [ app_end ] --START--
INFO: Run Behavior\ShowPageTraceBehavior [ RunTime:0.001000s ]
INFO: [ app_end ] --END-- [ RunTime:0.001000s ]

[ 2017-03-27T11:03:46+08:00 ] 192.168.0.17 /Home/Index/articleList/cid/112.html
INFO: [ app_init ] --START--
INFO: Run Behavior\BuildLiteBehavior [ RunTime:0.000000s ]
INFO: [ app_init ] --END-- [ RunTime:0.001000s ]
INFO: [ app_begin ] --START--
INFO: Run Behavior\ReadHtmlCacheBehavior [ RunTime:0.001000s ]
INFO: [ app_begin ] --END-- [ RunTime:0.001000s ]
SQL: SHOW COLUMNS FROM `ht_config` [ RunTime:0.0050s ]
SQL: SELECT `web` FROM `ht_config` WHERE `id` = 1 LIMIT 1   [ RunTime:0.0000s ]
SQL: SHOW COLUMNS FROM `ht_article` [ RunTime:0.0040s ]
SQL: SHOW COLUMNS FROM `ht_category` [ RunTime:0.0040s ]
SQL: SELECT `pid` FROM `ht_category` WHERE `id` = 112 LIMIT 1   [ RunTime:0.0000s ]
SQL: SELECT COUNT(*) AS tp_count FROM `ht_article` WHERE `status` = 0 AND `category_id` = 112 LIMIT 1   [ RunTime:0.0010s ]
SQL: SELECT * FROM `ht_article` WHERE `status` = 0 AND `category_id` = 112 ORDER BY sort asc,id desc LIMIT 0,15   [ RunTime:0.0000s ]
SQL: SELECT * FROM `ht_article` ORDER BY addtime desc LIMIT 10   [ RunTime:0.0000s ]
SQL: SELECT * FROM `ht_category` WHERE `status` = 0 ORDER BY sort asc,id desc  [ RunTime:0.0010s ]
SQL: SELECT `pid` FROM `ht_category` WHERE `id` = 112 LIMIT 1   [ RunTime:0.0000s ]
INFO: [ view_parse ] --START--
INFO: [ template_filter ] --START--
INFO: Run Behavior\ContentReplaceBehavior [ RunTime:0.000000s ]
INFO: [ template_filter ] --END-- [ RunTime:0.000000s ]
INFO: Run Behavior\ParseTemplateBehavior [ RunTime:0.009000s ]
INFO: [ view_parse ] --END-- [ RunTime:0.009000s ]
INFO: [ view_filter ] --START--
INFO: Run Behavior\WriteHtmlCacheBehavior [ RunTime:0.001000s ]
INFO: [ view_filter ] --END-- [ RunTime:0.001000s ]
INFO: [ app_end ] --START--
INFO: Run Behavior\ShowPageTraceBehavior [ RunTime:0.000000s ]
INFO: [ app_end ] --END-- [ RunTime:0.000000s ]

[ 2017-03-27T11:03:47+08:00 ] 192.168.0.17 /Home/Index/articleList/cid/112.html
INFO: [ app_init ] --START--
INFO: Run Behavior\BuildLiteBehavior [ RunTime:0.000000s ]
INFO: [ app_init ] --END-- [ RunTime:0.000000s ]
INFO: [ app_begin ] --START--
INFO: Run Behavior\ReadHtmlCacheBehavior [ RunTime:0.000000s ]
INFO: [ app_begin ] --END-- [ RunTime:0.000000s ]
SQL: SHOW COLUMNS FROM `ht_config` [ RunTime:0.0040s ]
SQL: SHOW COLUMNS FROM `ht_article` [ RunTime:0.0040s ]
SQL: SHOW COLUMNS FROM `ht_category` [ RunTime:0.0040s ]
SQL: SELECT `pid` FROM `ht_category` WHERE `id` = 112 LIMIT 1   [ RunTime:0.0000s ]
SQL: SELECT COUNT(*) AS tp_count FROM `ht_article` WHERE `status` = 0 AND `category_id` = 112 LIMIT 1   [ RunTime:0.0000s ]
SQL: SELECT * FROM `ht_article` WHERE `status` = 0 AND `category_id` = 112 ORDER BY sort asc,id desc LIMIT 0,15   [ RunTime:0.0010s ]
SQL: SELECT * FROM `ht_article` ORDER BY addtime desc LIMIT 10   [ RunTime:0.0010s ]
SQL: SELECT * FROM `ht_category` WHERE `status` = 0 ORDER BY sort asc,id desc  [ RunTime:0.0000s ]
SQL: SELECT `pid` FROM `ht_category` WHERE `id` = 112 LIMIT 1   [ RunTime:0.0000s ]
INFO: [ view_parse ] --START--
INFO: [ template_filter ] --START--
INFO: Run Behavior\ContentReplaceBehavior [ RunTime:0.000000s ]
INFO: [ template_filter ] --END-- [ RunTime:0.000000s ]
INFO: Run Behavior\ParseTemplateBehavior [ RunTime:0.010001s ]
INFO: [ view_parse ] --END-- [ RunTime:0.010001s ]
INFO: [ view_filter ] --START--
INFO: Run Behavior\WriteHtmlCacheBehavior [ RunTime:0.000000s ]
INFO: [ view_filter ] --END-- [ RunTime:0.000000s ]
INFO: [ app_end ] --START--
INFO: Run Behavior\ShowPageTraceBehavior [ RunTime:0.001000s ]
INFO: [ app_end ] --END-- [ RunTime:0.001000s ]

[ 2017-03-27T11:03:47+08:00 ] 192.168.0.17 /Home/Index/articleList/cid/112.html
INFO: [ app_init ] --START--
INFO: Run Behavior\BuildLiteBehavior [ RunTime:0.000000s ]
INFO: [ app_init ] --END-- [ RunTime:0.000000s ]
INFO: [ app_begin ] --START--
INFO: Run Behavior\ReadHtmlCacheBehavior [ RunTime:0.001000s ]
INFO: [ app_begin ] --END-- [ RunTime:0.002000s ]
SQL: SHOW COLUMNS FROM `ht_config` [ RunTime:0.0080s ]
SQL: SHOW COLUMNS FROM `ht_article` [ RunTime:0.0070s ]
SQL: SHOW COLUMNS FROM `ht_category` [ RunTime:0.0050s ]
SQL: SELECT `pid` FROM `ht_category` WHERE `id` = 112 LIMIT 1   [ RunTime:0.0000s ]
SQL: SELECT COUNT(*) AS tp_count FROM `ht_article` WHERE `status` = 0 AND `category_id` = 112 LIMIT 1   [ RunTime:0.0000s ]
SQL: SELECT * FROM `ht_article` WHERE `status` = 0 AND `category_id` = 112 ORDER BY sort asc,id desc LIMIT 0,15   [ RunTime:0.0010s ]
SQL: SELECT * FROM `ht_article` ORDER BY addtime desc LIMIT 10   [ RunTime:0.0000s ]
SQL: SELECT * FROM `ht_category` WHERE `status` = 0 ORDER BY sort asc,id desc  [ RunTime:0.0010s ]
SQL: SELECT `pid` FROM `ht_category` WHERE `id` = 112 LIMIT 1   [ RunTime:0.0000s ]
INFO: [ view_parse ] --START--
INFO: [ template_filter ] --START--
INFO: Run Behavior\ContentReplaceBehavior [ RunTime:0.000000s ]
INFO: [ template_filter ] --END-- [ RunTime:0.000000s ]
INFO: Run Behavior\ParseTemplateBehavior [ RunTime:0.010000s ]
INFO: [ view_parse ] --END-- [ RunTime:0.010000s ]
INFO: [ view_filter ] --START--
INFO: Run Behavior\WriteHtmlCacheBehavior [ RunTime:0.000000s ]
INFO: [ view_filter ] --END-- [ RunTime:0.000000s ]
INFO: [ app_end ] --START--
INFO: Run Behavior\ShowPageTraceBehavior [ RunTime:0.001000s ]
INFO: [ app_end ] --END-- [ RunTime:0.001000s ]

[ 2017-03-27T11:04:34+08:00 ] 192.168.0.17 /Home/Index/articleList/cid/112.html
INFO: [ app_init ] --START--
INFO: Run Behavior\BuildLiteBehavior [ RunTime:0.000000s ]
INFO: [ app_init ] --END-- [ RunTime:0.000000s ]
INFO: [ app_begin ] --START--
INFO: Run Behavior\ReadHtmlCacheBehavior [ RunTime:0.001001s ]
INFO: [ app_begin ] --END-- [ RunTime:0.001001s ]
SQL: SHOW COLUMNS FROM `ht_config` [ RunTime:0.0040s ]
SQL: SHOW COLUMNS FROM `ht_article` [ RunTime:0.0060s ]
SQL: SHOW COLUMNS FROM `ht_category` [ RunTime:0.0050s ]
SQL: SELECT `pid` FROM `ht_category` WHERE `id` = 112 LIMIT 1   [ RunTime:0.0000s ]
SQL: SELECT COUNT(*) AS tp_count FROM `ht_article` WHERE `status` = 0 AND `category_id` = 112 LIMIT 1   [ RunTime:0.0000s ]
SQL: SELECT * FROM `ht_article` WHERE `status` = 0 AND `category_id` = 112 ORDER BY sort asc,id desc LIMIT 0,15   [ RunTime:0.0000s ]
SQL: SELECT * FROM `ht_article` ORDER BY addtime desc LIMIT 10   [ RunTime:0.0000s ]
SQL: SELECT * FROM `ht_category` WHERE `status` = 0 ORDER BY sort asc,id desc  [ RunTime:0.0010s ]
SQL: SELECT `pid` FROM `ht_category` WHERE `id` = 112 LIMIT 1   [ RunTime:0.0010s ]
INFO: [ view_parse ] --START--
INFO: [ template_filter ] --START--
INFO: Run Behavior\ContentReplaceBehavior [ RunTime:0.000000s ]
INFO: [ template_filter ] --END-- [ RunTime:0.000000s ]
INFO: Run Behavior\ParseTemplateBehavior [ RunTime:0.014001s ]
INFO: [ view_parse ] --END-- [ RunTime:0.014001s ]
INFO: [ view_filter ] --START--
INFO: Run Behavior\WriteHtmlCacheBehavior [ RunTime:0.000000s ]
INFO: [ view_filter ] --END-- [ RunTime:0.000000s ]
INFO: [ app_end ] --START--
INFO: Run Behavior\ShowPageTraceBehavior [ RunTime:0.001000s ]
INFO: [ app_end ] --END-- [ RunTime:0.001000s ]

[ 2017-03-27T11:04:35+08:00 ] 192.168.0.17 /Home/Index/articleList/cid/112.html
INFO: [ app_init ] --START--
INFO: Run Behavior\BuildLiteBehavior [ RunTime:0.000000s ]
INFO: [ app_init ] --END-- [ RunTime:0.001000s ]
INFO: [ app_begin ] --START--
INFO: Run Behavior\ReadHtmlCacheBehavior [ RunTime:0.001000s ]
INFO: [ app_begin ] --END-- [ RunTime:0.001000s ]
SQL: SHOW COLUMNS FROM `ht_config` [ RunTime:0.0040s ]
SQL: SHOW COLUMNS FROM `ht_article` [ RunTime:0.0040s ]
SQL: SHOW COLUMNS FROM `ht_category` [ RunTime:0.0040s ]
SQL: SELECT `pid` FROM `ht_category` WHERE `id` = 112 LIMIT 1   [ RunTime:0.0010s ]
SQL: SELECT COUNT(*) AS tp_count FROM `ht_article` WHERE `status` = 0 AND `category_id` = 112 LIMIT 1   [ RunTime:0.0000s ]
SQL: SELECT * FROM `ht_article` WHERE `status` = 0 AND `category_id` = 112 ORDER BY sort asc,id desc LIMIT 0,15   [ RunTime:0.0010s ]
SQL: SELECT * FROM `ht_article` ORDER BY addtime desc LIMIT 10   [ RunTime:0.0000s ]
SQL: SELECT * FROM `ht_category` WHERE `status` = 0 ORDER BY sort asc,id desc  [ RunTime:0.0000s ]
SQL: SELECT `pid` FROM `ht_category` WHERE `id` = 112 LIMIT 1   [ RunTime:0.0000s ]
INFO: [ view_parse ] --START--
INFO: [ template_filter ] --START--
INFO: Run Behavior\ContentReplaceBehavior [ RunTime:0.000000s ]
INFO: [ template_filter ] --END-- [ RunTime:0.000000s ]
INFO: Run Behavior\ParseTemplateBehavior [ RunTime:0.009001s ]
INFO: [ view_parse ] --END-- [ RunTime:0.009001s ]
INFO: [ view_filter ] --START--
INFO: Run Behavior\WriteHtmlCacheBehavior [ RunTime:0.001000s ]
INFO: [ view_filter ] --END-- [ RunTime:0.001000s ]
INFO: [ app_end ] --START--
INFO: Run Behavior\ShowPageTraceBehavior [ RunTime:0.001000s ]
INFO: [ app_end ] --END-- [ RunTime:0.001000s ]

[ 2017-03-27T11:04:35+08:00 ] 192.168.0.17 /Home/Index/articleList/cid/112.html
INFO: [ app_init ] --START--
INFO: Run Behavior\BuildLiteBehavior [ RunTime:0.000000s ]
INFO: [ app_init ] --END-- [ RunTime:0.001000s ]
INFO: [ app_begin ] --START--
INFO: Run Behavior\ReadHtmlCacheBehavior [ RunTime:0.000000s ]
INFO: [ app_begin ] --END-- [ RunTime:0.000000s ]
SQL: SHOW COLUMNS FROM `ht_config` [ RunTime:0.0050s ]
SQL: SHOW COLUMNS FROM `ht_article` [ RunTime:0.0050s ]
SQL: SHOW COLUMNS FROM `ht_category` [ RunTime:0.0050s ]
SQL: SELECT `pid` FROM `ht_category` WHERE `id` = 112 LIMIT 1   [ RunTime:0.0000s ]
SQL: SELECT COUNT(*) AS tp_count FROM `ht_article` WHERE `status` = 0 AND `category_id` = 112 LIMIT 1   [ RunTime:0.0010s ]
SQL: SELECT * FROM `ht_article` WHERE `status` = 0 AND `category_id` = 112 ORDER BY sort asc,id desc LIMIT 0,15   [ RunTime:0.0010s ]
SQL: SELECT * FROM `ht_article` ORDER BY addtime desc LIMIT 10   [ RunTime:0.0010s ]
SQL: SELECT * FROM `ht_category` WHERE `status` = 0 ORDER BY sort asc,id desc  [ RunTime:0.0000s ]
SQL: SELECT `pid` FROM `ht_category` WHERE `id` = 112 LIMIT 1   [ RunTime:0.0000s ]
INFO: [ view_parse ] --START--
INFO: [ template_filter ] --START--
INFO: Run Behavior\ContentReplaceBehavior [ RunTime:0.000000s ]
INFO: [ template_filter ] --END-- [ RunTime:0.000000s ]
INFO: Run Behavior\ParseTemplateBehavior [ RunTime:0.012001s ]
INFO: [ view_parse ] --END-- [ RunTime:0.012001s ]
INFO: [ view_filter ] --START--
INFO: Run Behavior\WriteHtmlCacheBehavior [ RunTime:0.000000s ]
INFO: [ view_filter ] --END-- [ RunTime:0.000000s ]
INFO: [ app_end ] --START--
INFO: Run Behavior\ShowPageTraceBehavior [ RunTime:0.001000s ]
INFO: [ app_end ] --END-- [ RunTime:0.001000s ]

[ 2017-03-27T11:05:03+08:00 ] 192.168.0.17 /Home/Index/articleList/cid/112.html
INFO: [ app_init ] --START--
INFO: Run Behavior\BuildLiteBehavior [ RunTime:0.000000s ]
INFO: [ app_init ] --END-- [ RunTime:0.000000s ]
INFO: [ app_begin ] --START--
INFO: Run Behavior\ReadHtmlCacheBehavior [ RunTime:0.001000s ]
INFO: [ app_begin ] --END-- [ RunTime:0.001000s ]
SQL: SHOW COLUMNS FROM `ht_config` [ RunTime:0.0050s ]
SQL: SELECT `web` FROM `ht_config` WHERE `id` = 1 LIMIT 1   [ RunTime:0.0010s ]
SQL: SHOW COLUMNS FROM `ht_article` [ RunTime:0.0040s ]
SQL: SHOW COLUMNS FROM `ht_category` [ RunTime:0.0040s ]
SQL: SELECT `pid` FROM `ht_category` WHERE `id` = 112 LIMIT 1   [ RunTime:0.0000s ]
SQL: SELECT COUNT(*) AS tp_count FROM `ht_article` WHERE `status` = 0 AND `category_id` = 112 LIMIT 1   [ RunTime:0.0000s ]
SQL: SELECT * FROM `ht_article` WHERE `status` = 0 AND `category_id` = 112 ORDER BY sort asc,id desc LIMIT 0,15   [ RunTime:0.0010s ]
SQL: SELECT * FROM `ht_article` ORDER BY addtime desc LIMIT 10   [ RunTime:0.0000s ]
SQL: SELECT * FROM `ht_category` WHERE `status` = 0 ORDER BY sort asc,id desc  [ RunTime:0.0000s ]
SQL: SELECT `pid` FROM `ht_category` WHERE `id` = 112 LIMIT 1   [ RunTime:0.0000s ]
INFO: [ view_parse ] --START--
INFO: [ template_filter ] --START--
INFO: Run Behavior\ContentReplaceBehavior [ RunTime:0.000000s ]
INFO: [ template_filter ] --END-- [ RunTime:0.000000s ]
INFO: Run Behavior\ParseTemplateBehavior [ RunTime:0.010000s ]
INFO: [ view_parse ] --END-- [ RunTime:0.010000s ]
INFO: [ view_filter ] --START--
INFO: Run Behavior\WriteHtmlCacheBehavior [ RunTime:0.000000s ]
INFO: [ view_filter ] --END-- [ RunTime:0.000000s ]
INFO: [ app_end ] --START--
INFO: Run Behavior\ShowPageTraceBehavior [ RunTime:0.000000s ]
INFO: [ app_end ] --END-- [ RunTime:0.000000s ]

[ 2017-03-27T11:05:03+08:00 ] 192.168.0.17 /Home/Index/articleList/cid/112.html
INFO: [ app_init ] --START--
INFO: Run Behavior\BuildLiteBehavior [ RunTime:0.000000s ]
INFO: [ app_init ] --END-- [ RunTime:0.001000s ]
INFO: [ app_begin ] --START--
INFO: Run Behavior\ReadHtmlCacheBehavior [ RunTime:0.000000s ]
INFO: [ app_begin ] --END-- [ RunTime:0.001000s ]
SQL: SHOW COLUMNS FROM `ht_config` [ RunTime:0.0050s ]
SQL: SHOW COLUMNS FROM `ht_article` [ RunTime:0.0040s ]
SQL: SHOW COLUMNS FROM `ht_category` [ RunTime:0.0040s ]
SQL: SELECT `pid` FROM `ht_category` WHERE `id` = 112 LIMIT 1   [ RunTime:0.0010s ]
SQL: SELECT COUNT(*) AS tp_count FROM `ht_article` WHERE `status` = 0 AND `category_id` = 112 LIMIT 1   [ RunTime:0.0000s ]
SQL: SELECT * FROM `ht_article` WHERE `status` = 0 AND `category_id` = 112 ORDER BY sort asc,id desc LIMIT 0,15   [ RunTime:0.0000s ]
SQL: SELECT * FROM `ht_article` ORDER BY addtime desc LIMIT 10   [ RunTime:0.0000s ]
SQL: SELECT * FROM `ht_category` WHERE `status` = 0 ORDER BY sort asc,id desc  [ RunTime:0.0000s ]
SQL: SELECT `pid` FROM `ht_category` WHERE `id` = 112 LIMIT 1   [ RunTime:0.0000s ]
INFO: [ view_parse ] --START--
INFO: [ template_filter ] --START--
INFO: Run Behavior\ContentReplaceBehavior [ RunTime:0.000000s ]
INFO: [ template_filter ] --END-- [ RunTime:0.001000s ]
INFO: Run Behavior\ParseTemplateBehavior [ RunTime:0.011001s ]
INFO: [ view_parse ] --END-- [ RunTime:0.011001s ]
INFO: [ view_filter ] --START--
INFO: Run Behavior\WriteHtmlCacheBehavior [ RunTime:0.001000s ]
INFO: [ view_filter ] --END-- [ RunTime:0.001000s ]
INFO: [ app_end ] --START--
INFO: Run Behavior\ShowPageTraceBehavior [ RunTime:0.000000s ]
INFO: [ app_end ] --END-- [ RunTime:0.000000s ]

[ 2017-03-27T11:05:04+08:00 ] 192.168.0.17 /Home/Index/articleList/cid/112.html
INFO: [ app_init ] --START--
INFO: Run Behavior\BuildLiteBehavior [ RunTime:0.000000s ]
INFO: [ app_init ] --END-- [ RunTime:0.000000s ]
INFO: [ app_begin ] --START--
INFO: Run Behavior\ReadHtmlCacheBehavior [ RunTime:0.001000s ]
INFO: [ app_begin ] --END-- [ RunTime:0.002000s ]
SQL: SHOW COLUMNS FROM `ht_config` [ RunTime:0.0050s ]
SQL: SHOW COLUMNS FROM `ht_article` [ RunTime:0.0050s ]
SQL: SHOW COLUMNS FROM `ht_category` [ RunTime:0.0060s ]
SQL: SELECT `pid` FROM `ht_category` WHERE `id` = 112 LIMIT 1   [ RunTime:0.0000s ]
SQL: SELECT COUNT(*) AS tp_count FROM `ht_article` WHERE `status` = 0 AND `category_id` = 112 LIMIT 1   [ RunTime:0.0010s ]
SQL: SELECT * FROM `ht_article` WHERE `status` = 0 AND `category_id` = 112 ORDER BY sort asc,id desc LIMIT 0,15   [ RunTime:0.0010s ]
SQL: SELECT * FROM `ht_article` ORDER BY addtime desc LIMIT 10   [ RunTime:0.0010s ]
SQL: SELECT * FROM `ht_category` WHERE `status` = 0 ORDER BY sort asc,id desc  [ RunTime:0.0010s ]
SQL: SELECT `pid` FROM `ht_category` WHERE `id` = 112 LIMIT 1   [ RunTime:0.0010s ]
INFO: [ view_parse ] --START--
INFO: [ template_filter ] --START--
INFO: Run Behavior\ContentReplaceBehavior [ RunTime:0.000000s ]
INFO: [ template_filter ] --END-- [ RunTime:0.000000s ]
INFO: Run Behavior\ParseTemplateBehavior [ RunTime:0.010001s ]
INFO: [ view_parse ] --END-- [ RunTime:0.010001s ]
INFO: [ view_filter ] --START--
INFO: Run Behavior\WriteHtmlCacheBehavior [ RunTime:0.001000s ]
INFO: [ view_filter ] --END-- [ RunTime:0.001000s ]
INFO: [ app_end ] --START--
INFO: Run Behavior\ShowPageTraceBehavior [ RunTime:0.000000s ]
INFO: [ app_end ] --END-- [ RunTime:0.000000s ]

[ 2017-03-27T11:06:19+08:00 ] 192.168.0.17 /Home/Index/articleList/cid/112.html
INFO: [ app_init ] --START--
INFO: Run Behavior\BuildLiteBehavior [ RunTime:0.000000s ]
INFO: [ app_init ] --END-- [ RunTime:0.001000s ]
INFO: [ app_begin ] --START--
INFO: Run Behavior\ReadHtmlCacheBehavior [ RunTime:0.000000s ]
INFO: [ app_begin ] --END-- [ RunTime:0.000000s ]
SQL: SHOW COLUMNS FROM `ht_config` [ RunTime:0.0050s ]
SQL: SELECT `web` FROM `ht_config` WHERE `id` = 1 LIMIT 1   [ RunTime:0.0000s ]
SQL: SHOW COLUMNS FROM `ht_article` [ RunTime:0.0030s ]
SQL: SHOW COLUMNS FROM `ht_category` [ RunTime:0.0030s ]
SQL: SELECT `pid` FROM `ht_category` WHERE `id` = 112 LIMIT 1   [ RunTime:0.0000s ]
SQL: SELECT COUNT(*) AS tp_count FROM `ht_article` WHERE `status` = 0 AND `category_id` = 112 LIMIT 1   [ RunTime:0.0010s ]
SQL: SELECT * FROM `ht_article` WHERE `status` = 0 AND `category_id` = 112 ORDER BY sort asc,id desc LIMIT 0,15   [ RunTime:0.0010s ]
SQL: SELECT * FROM `ht_article` ORDER BY addtime desc LIMIT 10   [ RunTime:0.0000s ]
SQL: SELECT * FROM `ht_category` WHERE `status` = 0 ORDER BY sort asc,id desc  [ RunTime:0.0000s ]
SQL: SELECT `pid` FROM `ht_category` WHERE `id` = 112 LIMIT 1   [ RunTime:0.0000s ]
INFO: [ view_parse ] --START--
INFO: [ template_filter ] --START--
INFO: Run Behavior\ContentReplaceBehavior [ RunTime:0.000000s ]
INFO: [ template_filter ] --END-- [ RunTime:0.000000s ]
INFO: Run Behavior\ParseTemplateBehavior [ RunTime:0.010001s ]
INFO: [ view_parse ] --END-- [ RunTime:0.010001s ]
INFO: [ view_filter ] --START--
INFO: Run Behavior\WriteHtmlCacheBehavior [ RunTime:0.000000s ]
INFO: [ view_filter ] --END-- [ RunTime:0.000000s ]
INFO: [ app_end ] --START--
INFO: Run Behavior\ShowPageTraceBehavior [ RunTime:0.001000s ]
INFO: [ app_end ] --END-- [ RunTime:0.001000s ]

[ 2017-03-27T11:06:59+08:00 ] 192.168.0.17 /Home/Index/articleList/cid/112.html
INFO: [ app_init ] --START--
INFO: Run Behavior\BuildLiteBehavior [ RunTime:0.000000s ]
INFO: [ app_init ] --END-- [ RunTime:0.001000s ]
INFO: [ app_begin ] --START--
INFO: Run Behavior\ReadHtmlCacheBehavior [ RunTime:0.001000s ]
INFO: [ app_begin ] --END-- [ RunTime:0.001000s ]
SQL: SHOW COLUMNS FROM `ht_config` [ RunTime:0.0040s ]
SQL: SHOW COLUMNS FROM `ht_article` [ RunTime:0.0030s ]
SQL: SHOW COLUMNS FROM `ht_category` [ RunTime:0.0030s ]
SQL: SELECT `pid` FROM `ht_category` WHERE `id` = 112 LIMIT 1   [ RunTime:0.0000s ]
SQL: SELECT COUNT(*) AS tp_count FROM `ht_article` WHERE `status` = 0 AND `category_id` = 112 LIMIT 1   [ RunTime:0.0000s ]
SQL: SELECT * FROM `ht_article` WHERE `status` = 0 AND `category_id` = 112 ORDER BY sort asc,id desc LIMIT 0,15   [ RunTime:0.0000s ]
SQL: SELECT * FROM `ht_article` ORDER BY addtime desc LIMIT 10   [ RunTime:0.0010s ]
SQL: SELECT * FROM `ht_category` WHERE `status` = 0 ORDER BY sort asc,id desc  [ RunTime:0.0000s ]
SQL: SELECT `pid` FROM `ht_category` WHERE `id` = 112 LIMIT 1   [ RunTime:0.0000s ]
INFO: [ view_parse ] --START--
INFO: [ template_filter ] --START--
INFO: Run Behavior\ContentReplaceBehavior [ RunTime:0.000000s ]
INFO: [ template_filter ] --END-- [ RunTime:0.000000s ]
INFO: Run Behavior\ParseTemplateBehavior [ RunTime:0.009001s ]
INFO: [ view_parse ] --END-- [ RunTime:0.009001s ]
INFO: [ view_filter ] --START--
INFO: Run Behavior\WriteHtmlCacheBehavior [ RunTime:0.000000s ]
INFO: [ view_filter ] --END-- [ RunTime:0.000000s ]
INFO: [ app_end ] --START--
INFO: Run Behavior\ShowPageTraceBehavior [ RunTime:0.001000s ]
INFO: [ app_end ] --END-- [ RunTime:0.001000s ]

[ 2017-03-27T11:07:00+08:00 ] 192.168.0.17 /Home/Index/articleList/cid/112.html
INFO: [ app_init ] --START--
INFO: Run Behavior\BuildLiteBehavior [ RunTime:0.000000s ]
INFO: [ app_init ] --END-- [ RunTime:0.000000s ]
INFO: [ app_begin ] --START--
INFO: Run Behavior\ReadHtmlCacheBehavior [ RunTime:0.000000s ]
INFO: [ app_begin ] --END-- [ RunTime:0.000000s ]
SQL: SHOW COLUMNS FROM `ht_config` [ RunTime:0.0040s ]
SQL: SHOW COLUMNS FROM `ht_article` [ RunTime:0.0040s ]
SQL: SHOW COLUMNS FROM `ht_category` [ RunTime:0.0040s ]
SQL: SELECT `pid` FROM `ht_category` WHERE `id` = 112 LIMIT 1   [ RunTime:0.0000s ]
SQL: SELECT COUNT(*) AS tp_count FROM `ht_article` WHERE `status` = 0 AND `category_id` = 112 LIMIT 1   [ RunTime:0.0000s ]
SQL: SELECT * FROM `ht_article` WHERE `status` = 0 AND `category_id` = 112 ORDER BY sort asc,id desc LIMIT 0,15   [ RunTime:0.0000s ]
SQL: SELECT * FROM `ht_article` ORDER BY addtime desc LIMIT 10   [ RunTime:0.0010s ]
SQL: SELECT * FROM `ht_category` WHERE `status` = 0 ORDER BY sort asc,id desc  [ RunTime:0.0000s ]
SQL: SELECT `pid` FROM `ht_category` WHERE `id` = 112 LIMIT 1   [ RunTime:0.0010s ]
INFO: [ view_parse ] --START--
INFO: [ template_filter ] --START--
INFO: Run Behavior\ContentReplaceBehavior [ RunTime:0.000000s ]
INFO: [ template_filter ] --END-- [ RunTime:0.000000s ]
INFO: Run Behavior\ParseTemplateBehavior [ RunTime:0.009001s ]
INFO: [ view_parse ] --END-- [ RunTime:0.009001s ]
INFO: [ view_filter ] --START--
INFO: Run Behavior\WriteHtmlCacheBehavior [ RunTime:0.001000s ]
INFO: [ view_filter ] --END-- [ RunTime:0.001000s ]
INFO: [ app_end ] --START--
INFO: Run Behavior\ShowPageTraceBehavior [ RunTime:0.000000s ]
INFO: [ app_end ] --END-- [ RunTime:0.000000s ]

[ 2017-03-27T11:07:17+08:00 ] 192.168.0.17 /Home/Index/articleList/cid/112.html
INFO: [ app_init ] --START--
INFO: Run Behavior\BuildLiteBehavior [ RunTime:0.000000s ]
INFO: [ app_init ] --END-- [ RunTime:0.001000s ]
INFO: [ app_begin ] --START--
INFO: Run Behavior\ReadHtmlCacheBehavior [ RunTime:0.001000s ]
INFO: [ app_begin ] --END-- [ RunTime:0.001000s ]
SQL: SHOW COLUMNS FROM `ht_config` [ RunTime:0.0030s ]
SQL: SHOW COLUMNS FROM `ht_article` [ RunTime:0.0040s ]
SQL: SHOW COLUMNS FROM `ht_category` [ RunTime:0.0050s ]
SQL: SELECT `pid` FROM `ht_category` WHERE `id` = 112 LIMIT 1   [ RunTime:0.0010s ]
SQL: SELECT COUNT(*) AS tp_count FROM `ht_article` WHERE `status` = 0 AND `category_id` = 112 LIMIT 1   [ RunTime:0.0000s ]
SQL: SELECT * FROM `ht_article` WHERE `status` = 0 AND `category_id` = 112 ORDER BY sort asc,id desc LIMIT 0,15   [ RunTime:0.0010s ]
SQL: SELECT * FROM `ht_article` ORDER BY addtime desc LIMIT 10   [ RunTime:0.0010s ]
SQL: SELECT * FROM `ht_category` WHERE `status` = 0 ORDER BY sort asc,id desc  [ RunTime:0.0000s ]
SQL: SELECT `pid` FROM `ht_category` WHERE `id` = 112 LIMIT 1   [ RunTime:0.0000s ]
INFO: [ view_parse ] --START--
INFO: [ template_filter ] --START--
INFO: Run Behavior\ContentReplaceBehavior [ RunTime:0.000000s ]
INFO: [ template_filter ] --END-- [ RunTime:0.000000s ]
INFO: Run Behavior\ParseTemplateBehavior [ RunTime:0.015001s ]
INFO: [ view_parse ] --END-- [ RunTime:0.016001s ]
INFO: [ view_filter ] --START--
INFO: Run Behavior\WriteHtmlCacheBehavior [ RunTime:0.000000s ]
INFO: [ view_filter ] --END-- [ RunTime:0.000000s ]
INFO: [ app_end ] --START--
INFO: Run Behavior\ShowPageTraceBehavior [ RunTime:0.001000s ]
INFO: [ app_end ] --END-- [ RunTime:0.001000s ]

[ 2017-03-27T11:07:17+08:00 ] 192.168.0.17 /Home/Index/articleList/cid/112.html
INFO: [ app_init ] --START--
INFO: Run Behavior\BuildLiteBehavior [ RunTime:0.000000s ]
INFO: [ app_init ] --END-- [ RunTime:0.000000s ]
INFO: [ app_begin ] --START--
INFO: Run Behavior\ReadHtmlCacheBehavior [ RunTime:0.001000s ]
INFO: [ app_begin ] --END-- [ RunTime:0.001000s ]
SQL: SHOW COLUMNS FROM `ht_config` [ RunTime:0.0050s ]
SQL: SHOW COLUMNS FROM `ht_article` [ RunTime:0.0040s ]
SQL: SHOW COLUMNS FROM `ht_category` [ RunTime:0.0040s ]
SQL: SELECT `pid` FROM `ht_category` WHERE `id` = 112 LIMIT 1   [ RunTime:0.0010s ]
SQL: SELECT COUNT(*) AS tp_count FROM `ht_article` WHERE `status` = 0 AND `category_id` = 112 LIMIT 1   [ RunTime:0.0000s ]
SQL: SELECT * FROM `ht_article` WHERE `status` = 0 AND `category_id` = 112 ORDER BY sort asc,id desc LIMIT 0,15   [ RunTime:0.0000s ]
SQL: SELECT * FROM `ht_article` ORDER BY addtime desc LIMIT 10   [ RunTime:0.0010s ]
SQL: SELECT * FROM `ht_category` WHERE `status` = 0 ORDER BY sort asc,id desc  [ RunTime:0.0000s ]
SQL: SELECT `pid` FROM `ht_category` WHERE `id` = 112 LIMIT 1   [ RunTime:0.0000s ]
INFO: [ view_parse ] --START--
INFO: [ template_filter ] --START--
INFO: Run Behavior\ContentReplaceBehavior [ RunTime:0.000000s ]
INFO: [ template_filter ] --END-- [ RunTime:0.000000s ]
INFO: Run Behavior\ParseTemplateBehavior [ RunTime:0.010000s ]
INFO: [ view_parse ] --END-- [ RunTime:0.010000s ]
INFO: [ view_filter ] --START--
INFO: Run Behavior\WriteHtmlCacheBehavior [ RunTime:0.001000s ]
INFO: [ view_filter ] --END-- [ RunTime:0.001000s ]
INFO: [ app_end ] --START--
INFO: Run Behavior\ShowPageTraceBehavior [ RunTime:0.000000s ]
INFO: [ app_end ] --END-- [ RunTime:0.000000s ]

[ 2017-03-27T11:07:21+08:00 ] 192.168.0.17 /Home/Index/articleList/cid/109.html
INFO: [ app_init ] --START--
INFO: Run Behavior\BuildLiteBehavior [ RunTime:0.000000s ]
INFO: [ app_init ] --END-- [ RunTime:0.000000s ]
INFO: [ app_begin ] --START--
INFO: Run Behavior\ReadHtmlCacheBehavior [ RunTime:0.001000s ]
INFO: [ app_begin ] --END-- [ RunTime:0.001000s ]
SQL: SHOW COLUMNS FROM `ht_config` [ RunTime:0.0050s ]
SQL: SELECT `web` FROM `ht_config` WHERE `id` = 1 LIMIT 1   [ RunTime:0.0010s ]
SQL: SHOW COLUMNS FROM `ht_article` [ RunTime:0.0090s ]
SQL: SHOW COLUMNS FROM `ht_category` [ RunTime:0.0050s ]
SQL: SELECT `pid` FROM `ht_category` WHERE `id` = 109 LIMIT 1   [ RunTime:0.0010s ]
SQL: SELECT COUNT(*) AS tp_count FROM `ht_article` WHERE `status` = 0 AND `category_id` = 109 LIMIT 1   [ RunTime:0.0000s ]
SQL: SELECT * FROM `ht_article` WHERE `status` = 0 AND `category_id` = 109 ORDER BY sort asc,id desc LIMIT 0,15   [ RunTime:0.0010s ]
SQL: SELECT * FROM `ht_article` ORDER BY addtime desc LIMIT 10   [ RunTime:0.0000s ]
SQL: SELECT * FROM `ht_category` WHERE `status` = 0 ORDER BY sort asc,id desc  [ RunTime:0.0010s ]
SQL: SELECT `pid` FROM `ht_category` WHERE `id` = 109 LIMIT 1   [ RunTime:0.0000s ]
INFO: [ view_parse ] --START--
INFO: [ template_filter ] --START--
INFO: Run Behavior\ContentReplaceBehavior [ RunTime:0.000000s ]
INFO: [ template_filter ] --END-- [ RunTime:0.000000s ]
INFO: Run Behavior\ParseTemplateBehavior [ RunTime:0.012000s ]
INFO: [ view_parse ] --END-- [ RunTime:0.012000s ]
INFO: [ view_filter ] --START--
INFO: Run Behavior\WriteHtmlCacheBehavior [ RunTime:0.000000s ]
INFO: [ view_filter ] --END-- [ RunTime:0.000000s ]
INFO: [ app_end ] --START--
INFO: Run Behavior\ShowPageTraceBehavior [ RunTime:0.000000s ]
INFO: [ app_end ] --END-- [ RunTime:0.000000s ]

[ 2017-03-27T11:07:40+08:00 ] 192.168.0.17 /Home/Index/articleContend/cid/109.html
INFO: [ app_init ] --START--
INFO: Run Behavior\BuildLiteBehavior [ RunTime:0.000000s ]
INFO: [ app_init ] --END-- [ RunTime:0.001001s ]
INFO: [ app_begin ] --START--
INFO: Run Behavior\ReadHtmlCacheBehavior [ RunTime:0.001000s ]
INFO: [ app_begin ] --END-- [ RunTime:0.001000s ]
SQL: SHOW COLUMNS FROM `ht_config` [ RunTime:0.0050s ]
ERR: 非法操作:articleContend

[ 2017-03-27T11:07:46+08:00 ] 192.168.0.17 /Home/Index/articleContend
INFO: [ app_init ] --START--
INFO: Run Behavior\BuildLiteBehavior [ RunTime:0.001000s ]
INFO: [ app_init ] --END-- [ RunTime:0.001000s ]
INFO: [ app_begin ] --START--
INFO: Run Behavior\ReadHtmlCacheBehavior [ RunTime:0.001000s ]
INFO: [ app_begin ] --END-- [ RunTime:0.001000s ]
SQL: SHOW COLUMNS FROM `ht_config` [ RunTime:0.0050s ]
ERR: 非法操作:articleContend

[ 2017-03-27T11:07:56+08:00 ] 192.168.0.17 /
INFO: [ app_init ] --START--
INFO: Run Behavior\BuildLiteBehavior [ RunTime:0.000000s ]
INFO: [ app_init ] --END-- [ RunTime:0.001000s ]
INFO: [ app_begin ] --START--
INFO: Run Behavior\ReadHtmlCacheBehavior [ RunTime:0.000000s ]
INFO: [ app_begin ] --END-- [ RunTime:0.000000s ]
SQL: SHOW COLUMNS FROM `ht_config` [ RunTime:0.0040s ]
INFO: [ view_parse ] --START--
INFO: [ template_filter ] --START--
INFO: Run Behavior\ContentReplaceBehavior [ RunTime:0.000000s ]
INFO: [ template_filter ] --END-- [ RunTime:0.000000s ]
SQL: SELECT `web_name` FROM `ht_config` WHERE `id` = 1 LIMIT 1   [ RunTime:0.0000s ]
INFO: Run Behavior\ParseTemplateBehavior [ RunTime:0.009000s ]
INFO: [ view_parse ] --END-- [ RunTime:0.009000s ]
INFO: [ view_filter ] --START--
INFO: Run Behavior\WriteHtmlCacheBehavior [ RunTime:0.001001s ]
INFO: [ view_filter ] --END-- [ RunTime:0.001001s ]
INFO: [ app_end ] --START--
INFO: Run Behavior\ShowPageTraceBehavior [ RunTime:0.000000s ]
INFO: [ app_end ] --END-- [ RunTime:0.000000s ]

[ 2017-03-27T11:08:03+08:00 ] 192.168.0.17 /Home/Index/articleList.html
INFO: [ app_init ] --START--
INFO: Run Behavior\BuildLiteBehavior [ RunTime:0.000000s ]
INFO: [ app_init ] --END-- [ RunTime:0.000000s ]
INFO: [ app_begin ] --START--
INFO: Run Behavior\ReadHtmlCacheBehavior [ RunTime:0.000000s ]
INFO: [ app_begin ] --END-- [ RunTime:0.000000s ]
SQL: SHOW COLUMNS FROM `ht_config` [ RunTime:0.0040s ]
SQL: SHOW COLUMNS FROM `ht_article` [ RunTime:0.0030s ]
SQL: SHOW COLUMNS FROM `ht_category` [ RunTime:0.0040s ]
SQL: SELECT `pid` FROM `ht_category` WHERE `id` = 109 LIMIT 1   [ RunTime:0.0000s ]
SQL: SELECT COUNT(*) AS tp_count FROM `ht_article` WHERE `status` = 0 AND `category_id` = 109 LIMIT 1   [ RunTime:0.0000s ]
SQL: SELECT * FROM `ht_article` WHERE `status` = 0 AND `category_id` = 109 ORDER BY sort asc,id desc LIMIT 0,15   [ RunTime:0.0010s ]
SQL: SELECT * FROM `ht_article` ORDER BY addtime desc LIMIT 10   [ RunTime:0.0010s ]
SQL: SELECT * FROM `ht_category` WHERE `status` = 0 ORDER BY sort asc,id desc  [ RunTime:0.0000s ]
SQL: SELECT `pid` FROM `ht_category` WHERE `id` = 109 LIMIT 1   [ RunTime:0.0010s ]
INFO: [ view_parse ] --START--
INFO: [ template_filter ] --START--
INFO: Run Behavior\ContentReplaceBehavior [ RunTime:0.000000s ]
INFO: [ template_filter ] --END-- [ RunTime:0.000000s ]
INFO: Run Behavior\ParseTemplateBehavior [ RunTime:0.011001s ]
INFO: [ view_parse ] --END-- [ RunTime:0.011001s ]
INFO: [ view_filter ] --START--
INFO: Run Behavior\WriteHtmlCacheBehavior [ RunTime:0.000000s ]
INFO: [ view_filter ] --END-- [ RunTime:0.001000s ]
INFO: [ app_end ] --START--
INFO: Run Behavior\ShowPageTraceBehavior [ RunTime:0.000000s ]
INFO: [ app_end ] --END-- [ RunTime:0.000000s ]

[ 2017-03-27T11:08:07+08:00 ] 192.168.0.17 /Home/Index/articleList/cid/108.html
INFO: [ app_init ] --START--
INFO: Run Behavior\BuildLiteBehavior [ RunTime:0.000000s ]
INFO: [ app_init ] --END-- [ RunTime:0.000000s ]
INFO: [ app_begin ] --START--
INFO: Run Behavior\ReadHtmlCacheBehavior [ RunTime:0.000000s ]
INFO: [ app_begin ] --END-- [ RunTime:0.000000s ]
SQL: SHOW COLUMNS FROM `ht_config` [ RunTime:0.0040s ]
SQL: SHOW COLUMNS FROM `ht_article` [ RunTime:0.0030s ]
SQL: SHOW COLUMNS FROM `ht_category` [ RunTime:0.0050s ]
SQL: SELECT `pid` FROM `ht_category` WHERE `id` = 108 LIMIT 1   [ RunTime:0.0000s ]
SQL: SELECT COUNT(*) AS tp_count FROM `ht_article` WHERE `status` = 0 AND `category_id` = 108 LIMIT 1   [ RunTime:0.0000s ]
SQL: SELECT * FROM `ht_article` WHERE `status` = 0 AND `category_id` = 108 ORDER BY sort asc,id desc LIMIT 0,15   [ RunTime:0.0000s ]
SQL: SELECT * FROM `ht_article` ORDER BY addtime desc LIMIT 10   [ RunTime:0.0010s ]
SQL: SELECT * FROM `ht_category` WHERE `status` = 0 ORDER BY sort asc,id desc  [ RunTime:0.0000s ]
SQL: SELECT `pid` FROM `ht_category` WHERE `id` = 108 LIMIT 1   [ RunTime:0.0000s ]
INFO: [ view_parse ] --START--
INFO: [ template_filter ] --START--
INFO: Run Behavior\ContentReplaceBehavior [ RunTime:0.000000s ]
INFO: [ template_filter ] --END-- [ RunTime:0.000000s ]
INFO: Run Behavior\ParseTemplateBehavior [ RunTime:0.010001s ]
INFO: [ view_parse ] --END-- [ RunTime:0.010001s ]
INFO: [ view_filter ] --START--
INFO: Run Behavior\WriteHtmlCacheBehavior [ RunTime:0.001000s ]
INFO: [ view_filter ] --END-- [ RunTime:0.001000s ]
INFO: [ app_end ] --START--
INFO: Run Behavior\ShowPageTraceBehavior [ RunTime:0.000000s ]
INFO: [ app_end ] --END-- [ RunTime:0.000000s ]

[ 2017-03-27T11:08:10+08:00 ] 192.168.0.17 /Home/Index/searchList.html
INFO: [ app_init ] --START--
INFO: Run Behavior\BuildLiteBehavior [ RunTime:0.000000s ]
INFO: [ app_init ] --END-- [ RunTime:0.000000s ]
INFO: [ app_begin ] --START--
INFO: Run Behavior\ReadHtmlCacheBehavior [ RunTime:0.001000s ]
INFO: [ app_begin ] --END-- [ RunTime:0.001000s ]
SQL: SHOW COLUMNS FROM `ht_config` [ RunTime:0.0050s ]
SQL: SHOW COLUMNS FROM `ht_article` [ RunTime:0.0050s ]
NOTIC: [8] Undefined index: name E:\wwwroot\www\kf.hitui.com\App\Home\Controller\IndexController.class.php 第 34 行.
SQL: SELECT COUNT(*) AS tp_count FROM `ht_article` WHERE `status` = 0 LIMIT 1   [ RunTime:0.0000s ]
SQL: SELECT * FROM `ht_article` WHERE `status` = 0 ORDER BY sort asc LIMIT 0,15   [ RunTime:0.0010s ]
INFO: [ view_parse ] --START--
INFO: [ template_filter ] --START--
INFO: Run Behavior\ContentReplaceBehavior [ RunTime:0.000000s ]
INFO: [ template_filter ] --END-- [ RunTime:0.000000s ]
INFO: Run Behavior\ParseTemplateBehavior [ RunTime:0.010001s ]
INFO: [ view_parse ] --END-- [ RunTime:0.010001s ]
INFO: [ view_filter ] --START--
INFO: Run Behavior\WriteHtmlCacheBehavior [ RunTime:0.001000s ]
INFO: [ view_filter ] --END-- [ RunTime:0.001000s ]
INFO: [ app_end ] --START--
INFO: Run Behavior\ShowPageTraceBehavior [ RunTime:0.001000s ]
INFO: [ app_end ] --END-- [ RunTime:0.001000s ]

[ 2017-03-27T11:08:11+08:00 ] 192.168.0.17 /Home/Index/articleContent/aid/4/cid/105.html
INFO: [ app_init ] --START--
INFO: Run Behavior\BuildLiteBehavior [ RunTime:0.000000s ]
INFO: [ app_init ] --END-- [ RunTime:0.000000s ]
INFO: [ app_begin ] --START--
INFO: Run Behavior\ReadHtmlCacheBehavior [ RunTime:0.000000s ]
INFO: [ app_begin ] --END-- [ RunTime:0.001000s ]
SQL: SHOW COLUMNS FROM `ht_config` [ RunTime:0.0050s ]
SQL: SHOW COLUMNS FROM `ht_article` [ RunTime:0.0040s ]
SQL: SHOW COLUMNS FROM `ht_category` [ RunTime:0.0030s ]
SQL: SELECT * FROM `ht_article` WHERE `id` = 4 AND `category_id` = 105 AND `status` = 0 ORDER BY sort asc,id desc LIMIT 1   [ RunTime:0.0000s ]
SQL: SELECT * FROM `ht_article` ORDER BY addtime desc LIMIT 10   [ RunTime:0.0010s ]
SQL: SELECT COUNT(*) AS tp_count FROM `ht_article` WHERE `category_id` = 105 AND `status` = 0 LIMIT 1   [ RunTime:0.0000s ]
SQL: SELECT * FROM `ht_article` WHERE `category_id` = 105 AND `status` = 0 LIMIT 0,10   [ RunTime:0.0000s ]
SQL: SELECT * FROM `ht_category` WHERE `status` = 0 ORDER BY sort asc,id desc  [ RunTime:0.0010s ]
SQL: SELECT `pid` FROM `ht_category` WHERE `id` = 105 LIMIT 1   [ RunTime:0.0010s ]
INFO: [ view_parse ] --START--
INFO: [ template_filter ] --START--
INFO: Run Behavior\ContentReplaceBehavior [ RunTime:0.000000s ]
INFO: [ template_filter ] --END-- [ RunTime:0.000000s ]
NOTIC: [8] Undefined variable: article E:\wwwroot\www\kf.hitui.com\App\Runtime\Cache\Home\6f72d35e51dbf4627cb8bb52c1bbed9e.php 第 5 行.
SQL: SELECT `article_ad` FROM `ht_config` WHERE `id` = 1 LIMIT 1   [ RunTime:0.0000s ]
INFO: Run Behavior\ParseTemplateBehavior [ RunTime:0.013001s ]
INFO: [ view_parse ] --END-- [ RunTime:0.014001s ]
INFO: [ view_filter ] --START--
INFO: Run Behavior\WriteHtmlCacheBehavior [ RunTime:0.000000s ]
INFO: [ view_filter ] --END-- [ RunTime:0.000000s ]
INFO: [ app_end ] --START--
INFO: Run Behavior\ShowPageTraceBehavior [ RunTime:0.001000s ]
INFO: [ app_end ] --END-- [ RunTime:0.001000s ]

[ 2017-03-27T11:08:11+08:00 ] 192.168.0.17 /Uploads/ueditor/20170308/58bfad57bcb96.png
INFO: [ app_init ] --START--
INFO: Run Behavior\BuildLiteBehavior [ RunTime:0.000000s ]
INFO: [ app_init ] --END-- [ RunTime:0.000000s ]

[ 2017-03-27T11:10:51+08:00 ] 192.168.0.17 /Home/Index/articleContent/aid/4/cid/105.html
INFO: [ app_init ] --START--
INFO: Run Behavior\BuildLiteBehavior [ RunTime:0.000000s ]
INFO: [ app_init ] --END-- [ RunTime:0.001000s ]
INFO: [ app_begin ] --START--
INFO: Run Behavior\ReadHtmlCacheBehavior [ RunTime:0.001000s ]
INFO: [ app_begin ] --END-- [ RunTime:0.001000s ]
SQL: SHOW COLUMNS FROM `ht_config` [ RunTime:0.0040s ]
SQL: SELECT `web` FROM `ht_config` WHERE `id` = 1 LIMIT 1   [ RunTime:0.0010s ]
SQL: SHOW COLUMNS FROM `ht_article` [ RunTime:0.0040s ]
SQL: SHOW COLUMNS FROM `ht_category` [ RunTime:0.0030s ]
SQL: SELECT * FROM `ht_article` WHERE `id` = 4 AND `category_id` = 105 AND `status` = 0 ORDER BY sort asc,id desc LIMIT 1   [ RunTime:0.0000s ]
SQL: SELECT * FROM `ht_article` ORDER BY addtime desc LIMIT 10   [ RunTime:0.0000s ]
SQL: SELECT COUNT(*) AS tp_count FROM `ht_article` WHERE `category_id` = 105 AND `status` = 0 LIMIT 1   [ RunTime:0.0000s ]
SQL: SELECT * FROM `ht_article` WHERE `category_id` = 105 AND `status` = 0 LIMIT 0,10   [ RunTime:0.0000s ]
SQL: SELECT * FROM `ht_category` WHERE `status` = 0 ORDER BY sort asc,id desc  [ RunTime:0.0000s ]
SQL: SELECT `pid` FROM `ht_category` WHERE `id` = 105 LIMIT 1   [ RunTime:0.0000s ]
INFO: [ view_parse ] --START--
INFO: [ template_filter ] --START--
INFO: Run Behavior\ContentReplaceBehavior [ RunTime:0.000000s ]
INFO: [ template_filter ] --END-- [ RunTime:0.000000s ]
NOTIC: [8] Undefined variable: article E:\wwwroot\www\kf.hitui.com\App\Runtime\Cache\Home\6f72d35e51dbf4627cb8bb52c1bbed9e.php 第 5 行.
SQL: SELECT `article_ad` FROM `ht_config` WHERE `id` = 1 LIMIT 1   [ RunTime:0.0000s ]
INFO: Run Behavior\ParseTemplateBehavior [ RunTime:0.013000s ]
INFO: [ view_parse ] --END-- [ RunTime:0.013000s ]
INFO: [ view_filter ] --START--
INFO: Run Behavior\WriteHtmlCacheBehavior [ RunTime:0.000000s ]
INFO: [ view_filter ] --END-- [ RunTime:0.000000s ]
INFO: [ app_end ] --START--
INFO: Run Behavior\ShowPageTraceBehavior [ RunTime:0.000000s ]
INFO: [ app_end ] --END-- [ RunTime:0.000000s ]

[ 2017-03-27T11:10:51+08:00 ] 192.168.0.17 /Uploads/ueditor/20170308/58bfad57bcb96.png
INFO: [ app_init ] --START--
INFO: Run Behavior\BuildLiteBehavior [ RunTime:0.000000s ]
INFO: [ app_init ] --END-- [ RunTime:0.000000s ]

[ 2017-03-27T11:10:52+08:00 ] 192.168.0.17 /Home/Index/articleContent/aid/4/cid/105.html
INFO: [ app_init ] --START--
INFO: Run Behavior\BuildLiteBehavior [ RunTime:0.000000s ]
INFO: [ app_init ] --END-- [ RunTime:0.000000s ]
INFO: [ app_begin ] --START--
INFO: Run Behavior\ReadHtmlCacheBehavior [ RunTime:0.001000s ]
INFO: [ app_begin ] --END-- [ RunTime:0.001000s ]
SQL: SHOW COLUMNS FROM `ht_config` [ RunTime:0.0040s ]
SQL: SHOW COLUMNS FROM `ht_article` [ RunTime:0.0040s ]
SQL: SHOW COLUMNS FROM `ht_category` [ RunTime:0.0040s ]
SQL: SELECT * FROM `ht_article` WHERE `id` = 4 AND `category_id` = 105 AND `status` = 0 ORDER BY sort asc,id desc LIMIT 1   [ RunTime:0.0010s ]
SQL: SELECT * FROM `ht_article` ORDER BY addtime desc LIMIT 10   [ RunTime:0.0000s ]
SQL: SELECT COUNT(*) AS tp_count FROM `ht_article` WHERE `category_id` = 105 AND `status` = 0 LIMIT 1   [ RunTime:0.0010s ]
SQL: SELECT * FROM `ht_article` WHERE `category_id` = 105 AND `status` = 0 LIMIT 1,10   [ RunTime:0.0000s ]
SQL: SELECT * FROM `ht_category` WHERE `status` = 0 ORDER BY sort asc,id desc  [ RunTime:0.0010s ]
SQL: SELECT `pid` FROM `ht_category` WHERE `id` = 105 LIMIT 1   [ RunTime:0.0000s ]
INFO: [ view_parse ] --START--
INFO: [ template_filter ] --START--
INFO: Run Behavior\ContentReplaceBehavior [ RunTime:0.000000s ]
INFO: [ template_filter ] --END-- [ RunTime:0.000000s ]
NOTIC: [8] Undefined variable: article E:\wwwroot\www\kf.hitui.com\App\Runtime\Cache\Home\6f72d35e51dbf4627cb8bb52c1bbed9e.php 第 5 行.
INFO: Run Behavior\ParseTemplateBehavior [ RunTime:0.013000s ]
INFO: [ view_parse ] --END-- [ RunTime:0.014000s ]
INFO: [ view_filter ] --START--
INFO: Run Behavior\WriteHtmlCacheBehavior [ RunTime:0.000000s ]
INFO: [ view_filter ] --END-- [ RunTime:0.000000s ]
INFO: [ app_end ] --START--
INFO: Run Behavior\ShowPageTraceBehavior [ RunTime:0.000000s ]
INFO: [ app_end ] --END-- [ RunTime:0.000000s ]

[ 2017-03-27T11:10:52+08:00 ] 192.168.0.17 /Uploads/ueditor/20170308/58bfad57bcb96.png
INFO: [ app_init ] --START--
INFO: Run Behavior\BuildLiteBehavior [ RunTime:0.000000s ]
INFO: [ app_init ] --END-- [ RunTime:0.000000s ]

[ 2017-03-27T11:19:35+08:00 ] 192.168.0.17 /Home/Index/articleList/aid/4/cid/105.html
INFO: [ app_init ] --START--
INFO: Run Behavior\BuildLiteBehavior [ RunTime:0.000000s ]
INFO: [ app_init ] --END-- [ RunTime:0.001000s ]
INFO: [ app_begin ] --START--
INFO: Run Behavior\ReadHtmlCacheBehavior [ RunTime:0.001000s ]
INFO: [ app_begin ] --END-- [ RunTime:0.001000s ]
SQL: SHOW COLUMNS FROM `ht_config` [ RunTime:0.0040s ]
SQL: SELECT `web` FROM `ht_config` WHERE `id` = 1 LIMIT 1   [ RunTime:0.0000s ]
SQL: SHOW COLUMNS FROM `ht_article` [ RunTime:0.0040s ]
SQL: SHOW COLUMNS FROM `ht_category` [ RunTime:0.0030s ]
SQL: SELECT `pid` FROM `ht_category` WHERE `id` = 105 LIMIT 1   [ RunTime:0.0010s ]
SQL: SELECT COUNT(*) AS tp_count FROM `ht_article` WHERE `status` = 0 AND `category_id` = 105 LIMIT 1   [ RunTime:0.0000s ]
SQL: SELECT * FROM `ht_article` WHERE `status` = 0 AND `category_id` = 105 ORDER BY sort asc,id desc LIMIT 0,15   [ RunTime:0.0000s ]
SQL: SELECT * FROM `ht_article` ORDER BY addtime desc LIMIT 10   [ RunTime:0.0000s ]
SQL: SELECT * FROM `ht_category` WHERE `status` = 0 ORDER BY sort asc,id desc  [ RunTime:0.0010s ]
SQL: SELECT `pid` FROM `ht_category` WHERE `id` = 105 LIMIT 1   [ RunTime:0.0010s ]
INFO: [ view_parse ] --START--
INFO: [ template_filter ] --START--
INFO: Run Behavior\ContentReplaceBehavior [ RunTime:0.000000s ]
INFO: [ template_filter ] --END-- [ RunTime:0.000000s ]
INFO: Run Behavior\ParseTemplateBehavior [ RunTime:0.011001s ]
INFO: [ view_parse ] --END-- [ RunTime:0.011001s ]
INFO: [ view_filter ] --START--
INFO: Run Behavior\WriteHtmlCacheBehavior [ RunTime:0.000000s ]
INFO: [ view_filter ] --END-- [ RunTime:0.000000s ]
INFO: [ app_end ] --START--
INFO: Run Behavior\ShowPageTraceBehavior [ RunTime:0.001000s ]
INFO: [ app_end ] --END-- [ RunTime:0.001000s ]

[ 2017-03-27T11:38:36+08:00 ] 192.168.0.17 /Home/Index/index.html
INFO: [ app_init ] --START--
INFO: Run Behavior\BuildLiteBehavior [ RunTime:0.000000s ]
INFO: [ app_init ] --END-- [ RunTime:0.001000s ]
INFO: [ app_begin ] --START--
INFO: Run Behavior\ReadHtmlCacheBehavior [ RunTime:0.001000s ]
INFO: [ app_begin ] --END-- [ RunTime:0.001000s ]
SQL: SHOW COLUMNS FROM `ht_config` [ RunTime:0.0040s ]
SQL: SELECT `web` FROM `ht_config` WHERE `id` = 1 LIMIT 1   [ RunTime:0.0010s ]
INFO: [ view_parse ] --START--
INFO: [ template_filter ] --START--
INFO: Run Behavior\ContentReplaceBehavior [ RunTime:0.000000s ]
INFO: [ template_filter ] --END-- [ RunTime:0.000000s ]
SQL: SELECT `web_name` FROM `ht_config` WHERE `id` = 1 LIMIT 1   [ RunTime:0.0000s ]
INFO: Run Behavior\ParseTemplateBehavior [ RunTime:0.012000s ]
INFO: [ view_parse ] --END-- [ RunTime:0.012000s ]
INFO: [ view_filter ] --START--
INFO: Run Behavior\WriteHtmlCacheBehavior [ RunTime:0.000000s ]
INFO: [ view_filter ] --END-- [ RunTime:0.000000s ]
INFO: [ app_end ] --START--
INFO: Run Behavior\ShowPageTraceBehavior [ RunTime:0.000000s ]
INFO: [ app_end ] --END-- [ RunTime:0.000000s ]

[ 2017-03-27T11:38:43+08:00 ] 192.168.0.17 /Home/Index/index.html
INFO: [ app_init ] --START--
INFO: Run Behavior\BuildLiteBehavior [ RunTime:0.000000s ]
INFO: [ app_init ] --END-- [ RunTime:0.001000s ]
INFO: [ app_begin ] --START--
INFO: Run Behavior\ReadHtmlCacheBehavior [ RunTime:0.000000s ]
INFO: [ app_begin ] --END-- [ RunTime:0.000000s ]
SQL: SHOW COLUMNS FROM `ht_config` [ RunTime:0.0030s ]
INFO: [ view_parse ] --START--
INFO: [ template_filter ] --START--
INFO: Run Behavior\ContentReplaceBehavior [ RunTime:0.000000s ]
INFO: [ template_filter ] --END-- [ RunTime:0.000000s ]
INFO: Run Behavior\ParseTemplateBehavior [ RunTime:0.009000s ]
INFO: [ view_parse ] --END-- [ RunTime:0.009000s ]
INFO: [ view_filter ] --START--
INFO: Run Behavior\WriteHtmlCacheBehavior [ RunTime:0.000000s ]
INFO: [ view_filter ] --END-- [ RunTime:0.000000s ]
INFO: [ app_end ] --START--
INFO: Run Behavior\ShowPageTraceBehavior [ RunTime:0.000000s ]
INFO: [ app_end ] --END-- [ RunTime:0.000000s ]

[ 2017-03-27T11:38:59+08:00 ] 192.168.0.17 /Home/Login/index.html
INFO: [ app_init ] --START--
INFO: Run Behavior\BuildLiteBehavior [ RunTime:0.000000s ]
INFO: [ app_init ] --END-- [ RunTime:0.000000s ]
INFO: [ app_begin ] --START--
INFO: Run Behavior\ReadHtmlCacheBehavior [ RunTime:0.001000s ]
INFO: [ app_begin ] --END-- [ RunTime:0.001000s ]
SQL: SHOW COLUMNS FROM `ht_config` [ RunTime:0.0030s ]
INFO: [ view_parse ] --START--
INFO: [ template_filter ] --START--
INFO: Run Behavior\ContentReplaceBehavior [ RunTime:0.000000s ]
INFO: [ template_filter ] --END-- [ RunTime:0.000000s ]
INFO: Run Behavior\ParseTemplateBehavior [ RunTime:0.009001s ]
INFO: [ view_parse ] --END-- [ RunTime:0.009001s ]
INFO: [ view_filter ] --START--
INFO: Run Behavior\WriteHtmlCacheBehavior [ RunTime:0.000000s ]
INFO: [ view_filter ] --END-- [ RunTime:0.000000s ]
INFO: [ app_end ] --START--
INFO: Run Behavior\ShowPageTraceBehavior [ RunTime:0.000000s ]
INFO: [ app_end ] --END-- [ RunTime:0.000000s ]

[ 2017-03-27T11:38:59+08:00 ] 192.168.0.17 /Home/Login/verify
INFO: [ app_init ] --START--
INFO: Run Behavior\BuildLiteBehavior [ RunTime:0.000000s ]
INFO: [ app_init ] --END-- [ RunTime:0.000000s ]
INFO: [ app_begin ] --START--
INFO: Run Behavior\ReadHtmlCacheBehavior [ RunTime:0.000000s ]
INFO: [ app_begin ] --END-- [ RunTime:0.000000s ]
SQL: SHOW COLUMNS FROM `ht_config` [ RunTime:0.0070s ]
INFO: [ app_end ] --START--
INFO: Run Behavior\ShowPageTraceBehavior [ RunTime:0.000000s ]
INFO: [ app_end ] --END-- [ RunTime:0.001000s ]

[ 2017-03-27T11:39:19+08:00 ] 192.168.0.17 /Home/Login/register.html
INFO: [ app_init ] --START--
INFO: Run Behavior\BuildLiteBehavior [ RunTime:0.000000s ]
INFO: [ app_init ] --END-- [ RunTime:0.000000s ]
INFO: [ app_begin ] --START--
INFO: Run Behavior\ReadHtmlCacheBehavior [ RunTime:0.001000s ]
INFO: [ app_begin ] --END-- [ RunTime:0.001000s ]
SQL: SHOW COLUMNS FROM `ht_config` [ RunTime:0.0040s ]
SQL: SELECT `register` FROM `ht_config` WHERE `id` = 1 LIMIT 1   [ RunTime:0.0000s ]
INFO: [ view_parse ] --START--
INFO: [ template_filter ] --START--
INFO: Run Behavior\ContentReplaceBehavior [ RunTime:0.001000s ]
INFO: [ template_filter ] --END-- [ RunTime:0.001000s ]
INFO: Run Behavior\ParseTemplateBehavior [ RunTime:0.011001s ]
INFO: [ view_parse ] --END-- [ RunTime:0.011001s ]
INFO: [ view_filter ] --START--
INFO: Run Behavior\WriteHtmlCacheBehavior [ RunTime:0.000000s ]
INFO: [ view_filter ] --END-- [ RunTime:0.000000s ]
INFO: [ app_end ] --START--
INFO: Run Behavior\ShowPageTraceBehavior [ RunTime:0.000000s ]
INFO: [ app_end ] --END-- [ RunTime:0.000000s ]

[ 2017-03-27T11:40:28+08:00 ] 192.168.0.17 /Home/Login/register.html
INFO: [ app_init ] --START--
INFO: Run Behavior\BuildLiteBehavior [ RunTime:0.000000s ]
INFO: [ app_init ] --END-- [ RunTime:0.000000s ]
INFO: [ app_begin ] --START--
INFO: Run Behavior\ReadHtmlCacheBehavior [ RunTime:0.000000s ]
INFO: [ app_begin ] --END-- [ RunTime:0.000000s ]
SQL: SHOW COLUMNS FROM `ht_config` [ RunTime:0.0030s ]
SQL: SELECT `web` FROM `ht_config` WHERE `id` = 1 LIMIT 1   [ RunTime:0.0000s ]
SQL: SELECT `register` FROM `ht_config` WHERE `id` = 1 LIMIT 1   [ RunTime:0.0010s ]
INFO: [ view_parse ] --START--
INFO: [ template_filter ] --START--
INFO: Run Behavior\ContentReplaceBehavior [ RunTime:0.000000s ]
INFO: [ template_filter ] --END-- [ RunTime:0.000000s ]
INFO: Run Behavior\ParseTemplateBehavior [ RunTime:0.010000s ]
INFO: [ view_parse ] --END-- [ RunTime:0.010000s ]
INFO: [ view_filter ] --START--
INFO: Run Behavior\WriteHtmlCacheBehavior [ RunTime:0.000000s ]
INFO: [ view_filter ] --END-- [ RunTime:0.000000s ]
INFO: [ app_end ] --START--
INFO: Run Behavior\ShowPageTraceBehavior [ RunTime:0.001000s ]
INFO: [ app_end ] --END-- [ RunTime:0.001000s ]

[ 2017-03-27T11:42:03+08:00 ] 192.168.0.17 /Home/Login/register.html
INFO: [ app_init ] --START--
INFO: Run Behavior\BuildLiteBehavior [ RunTime:0.000000s ]
INFO: [ app_init ] --END-- [ RunTime:0.001000s ]
INFO: [ app_begin ] --START--
INFO: Run Behavior\ReadHtmlCacheBehavior [ RunTime:0.001000s ]
INFO: [ app_begin ] --END-- [ RunTime:0.001000s ]
SQL: SHOW COLUMNS FROM `ht_config` [ RunTime:0.0030s ]
SQL: SELECT `web` FROM `ht_config` WHERE `id` = 1 LIMIT 1   [ RunTime:0.0000s ]
SQL: SELECT `register` FROM `ht_config` WHERE `id` = 1 LIMIT 1   [ RunTime:0.0000s ]
INFO: [ view_parse ] --START--
INFO: [ template_filter ] --START--
INFO: Run Behavior\ContentReplaceBehavior [ RunTime:0.000000s ]
INFO: [ template_filter ] --END-- [ RunTime:0.000000s ]
SQL: SELECT `web_name` FROM `ht_config` WHERE `id` = 1 LIMIT 1   [ RunTime:0.0010s ]
INFO: Run Behavior\ParseTemplateBehavior [ RunTime:0.013001s ]
INFO: [ view_parse ] --END-- [ RunTime:0.013001s ]
INFO: [ view_filter ] --START--
INFO: Run Behavior\WriteHtmlCacheBehavior [ RunTime:0.000000s ]
INFO: [ view_filter ] --END-- [ RunTime:0.000000s ]
INFO: [ app_end ] --START--
INFO: Run Behavior\ShowPageTraceBehavior [ RunTime:0.000000s ]
INFO: [ app_end ] --END-- [ RunTime:0.000000s ]

[ 2017-03-27T11:44:52+08:00 ] 192.168.0.17 /Home/Login/register.html
INFO: [ app_init ] --START--
INFO: Run Behavior\BuildLiteBehavior [ RunTime:0.000000s ]
INFO: [ app_init ] --END-- [ RunTime:0.001000s ]
INFO: [ app_begin ] --START--
INFO: Run Behavior\ReadHtmlCacheBehavior [ RunTime:0.000000s ]
INFO: [ app_begin ] --END-- [ RunTime:0.000000s ]
SQL: SHOW COLUMNS FROM `ht_config` [ RunTime:0.0030s ]
SQL: SELECT `web` FROM `ht_config` WHERE `id` = 1 LIMIT 1   [ RunTime:0.0020s ]
SQL: SELECT `register` FROM `ht_config` WHERE `id` = 1 LIMIT 1   [ RunTime:0.0010s ]
INFO: [ view_parse ] --START--
INFO: [ template_filter ] --START--
INFO: Run Behavior\ContentReplaceBehavior [ RunTime:0.000000s ]
INFO: [ template_filter ] --END-- [ RunTime:0.000000s ]
SQL: SELECT `web_name` FROM `ht_config` WHERE `id` = 1 LIMIT 1   [ RunTime:0.0000s ]
INFO: Run Behavior\ParseTemplateBehavior [ RunTime:0.015001s ]
INFO: [ view_parse ] --END-- [ RunTime:0.015001s ]
INFO: [ view_filter ] --START--
INFO: Run Behavior\WriteHtmlCacheBehavior [ RunTime:0.000000s ]
INFO: [ view_filter ] --END-- [ RunTime:0.000000s ]
INFO: [ app_end ] --START--
INFO: Run Behavior\ShowPageTraceBehavior [ RunTime:0.000000s ]
INFO: [ app_end ] --END-- [ RunTime:0.000000s ]

[ 2017-03-27T11:44:52+08:00 ] 192.168.0.17 /Home/Login/register.html
INFO: [ app_init ] --START--
INFO: Run Behavior\BuildLiteBehavior [ RunTime:0.000000s ]
INFO: [ app_init ] --END-- [ RunTime:0.000000s ]
INFO: [ app_begin ] --START--
INFO: Run Behavior\ReadHtmlCacheBehavior [ RunTime:0.001000s ]
INFO: [ app_begin ] --END-- [ RunTime:0.001000s ]
SQL: SHOW COLUMNS FROM `ht_config` [ RunTime:0.0040s ]
INFO: [ view_parse ] --START--
INFO: [ template_filter ] --START--
INFO: Run Behavior\ContentReplaceBehavior [ RunTime:0.000000s ]
INFO: [ template_filter ] --END-- [ RunTime:0.000000s ]
INFO: Run Behavior\ParseTemplateBehavior [ RunTime:0.015001s ]
INFO: [ view_parse ] --END-- [ RunTime:0.015001s ]
INFO: [ view_filter ] --START--
INFO: Run Behavior\WriteHtmlCacheBehavior [ RunTime:0.000000s ]
INFO: [ view_filter ] --END-- [ RunTime:0.001000s ]
INFO: [ app_end ] --START--
INFO: Run Behavior\ShowPageTraceBehavior [ RunTime:0.000000s ]
INFO: [ app_end ] --END-- [ RunTime:0.000000s ]

[ 2017-03-27T11:45:51+08:00 ] 192.168.0.17 /Home/Login/register.html
INFO: [ app_init ] --START--
INFO: Run Behavior\BuildLiteBehavior [ RunTime:0.000000s ]
INFO: [ app_init ] --END-- [ RunTime:0.001000s ]
INFO: [ app_begin ] --START--
INFO: Run Behavior\ReadHtmlCacheBehavior [ RunTime:0.001000s ]
INFO: [ app_begin ] --END-- [ RunTime:0.001000s ]
SQL: SHOW COLUMNS FROM `ht_config` [ RunTime:0.0050s ]
INFO: [ view_parse ] --START--
INFO: [ template_filter ] --START--
INFO: Run Behavior\ContentReplaceBehavior [ RunTime:0.001000s ]
INFO: [ template_filter ] --END-- [ RunTime:0.001000s ]
INFO: Run Behavior\ParseTemplateBehavior [ RunTime:0.008001s ]
INFO: [ view_parse ] --END-- [ RunTime:0.008001s ]
INFO: [ view_filter ] --START--
INFO: Run Behavior\WriteHtmlCacheBehavior [ RunTime:0.000000s ]
INFO: [ view_filter ] --END-- [ RunTime:0.000000s ]
INFO: [ app_end ] --START--
INFO: Run Behavior\ShowPageTraceBehavior [ RunTime:0.000000s ]
INFO: [ app_end ] --END-- [ RunTime:0.000000s ]

[ 2017-03-27T11:47:18+08:00 ] 192.168.0.17 /Home/Login/register.html
INFO: [ app_init ] --START--
INFO: Run Behavior\BuildLiteBehavior [ RunTime:0.000000s ]
INFO: [ app_init ] --END-- [ RunTime:0.000000s ]
INFO: [ app_begin ] --START--
INFO: Run Behavior\ReadHtmlCacheBehavior [ RunTime:0.001000s ]
INFO: [ app_begin ] --END-- [ RunTime:0.001000s ]
SQL: SHOW COLUMNS FROM `ht_config` [ RunTime:0.0040s ]
SQL: SELECT `web` FROM `ht_config` WHERE `id` = 1 LIMIT 1   [ RunTime:0.0000s ]
SQL: SELECT `register` FROM `ht_config` WHERE `id` = 1 LIMIT 1   [ RunTime:0.0010s ]
INFO: [ view_parse ] --START--
INFO: [ template_filter ] --START--
INFO: Run Behavior\ContentReplaceBehavior [ RunTime:0.000000s ]
INFO: [ template_filter ] --END-- [ RunTime:0.000000s ]
SQL: SELECT `web_name` FROM `ht_config` WHERE `id` = 1 LIMIT 1   [ RunTime:0.0000s ]
INFO: Run Behavior\ParseTemplateBehavior [ RunTime:0.013001s ]
INFO: [ view_parse ] --END-- [ RunTime:0.013001s ]
INFO: [ view_filter ] --START--
INFO: Run Behavior\WriteHtmlCacheBehavior [ RunTime:0.000000s ]
INFO: [ view_filter ] --END-- [ RunTime:0.000000s ]
INFO: [ app_end ] --START--
INFO: Run Behavior\ShowPageTraceBehavior [ RunTime:0.000000s ]
INFO: [ app_end ] --END-- [ RunTime:0.000000s ]

[ 2017-03-27T11:53:41+08:00 ] 192.168.0.17 /favicon.ico
INFO: [ app_init ] --START--
INFO: Run Behavior\BuildLiteBehavior [ RunTime:0.000000s ]
INFO: [ app_init ] --END-- [ RunTime:0.000000s ]

[ 2017-03-27T11:53:42+08:00 ] 192.168.0.17 /Home/Login/register.html
INFO: [ app_init ] --START--
INFO: Run Behavior\BuildLiteBehavior [ RunTime:0.000000s ]
INFO: [ app_init ] --END-- [ RunTime:0.000000s ]
INFO: [ app_begin ] --START--
INFO: Run Behavior\ReadHtmlCacheBehavior [ RunTime:0.000000s ]
INFO: [ app_begin ] --END-- [ RunTime:0.000000s ]
SQL: SHOW COLUMNS FROM `ht_config` [ RunTime:0.0040s ]
SQL: SELECT `web` FROM `ht_config` WHERE `id` = 1 LIMIT 1   [ RunTime:0.0010s ]
SQL: SELECT `register` FROM `ht_config` WHERE `id` = 1 LIMIT 1   [ RunTime:0.0000s ]
INFO: [ view_parse ] --START--
INFO: [ template_filter ] --START--
INFO: Run Behavior\ContentReplaceBehavior [ RunTime:0.000000s ]
INFO: [ template_filter ] --END-- [ RunTime:0.000000s ]
SQL: SELECT `web_name` FROM `ht_config` WHERE `id` = 1 LIMIT 1   [ RunTime:0.0010s ]
INFO: Run Behavior\ParseTemplateBehavior [ RunTime:0.012001s ]
INFO: [ view_parse ] --END-- [ RunTime:0.012001s ]
INFO: [ view_filter ] --START--
INFO: Run Behavior\WriteHtmlCacheBehavior [ RunTime:0.000000s ]
INFO: [ view_filter ] --END-- [ RunTime:0.000000s ]
INFO: [ app_end ] --START--
INFO: Run Behavior\ShowPageTraceBehavior [ RunTime:0.000000s ]
INFO: [ app_end ] --END-- [ RunTime:0.000000s ]

[ 2017-03-27T11:54:09+08:00 ] 192.168.0.17 /Home/Login/register.html
INFO: [ app_init ] --START--
INFO: Run Behavior\BuildLiteBehavior [ RunTime:0.000000s ]
INFO: [ app_init ] --END-- [ RunTime:0.000000s ]
INFO: [ app_begin ] --START--
INFO: Run Behavior\ReadHtmlCacheBehavior [ RunTime:0.001001s ]
INFO: [ app_begin ] --END-- [ RunTime:0.001001s ]
SQL: SHOW COLUMNS FROM `ht_config` [ RunTime:0.0040s ]
INFO: [ view_parse ] --START--
INFO: [ template_filter ] --START--
INFO: Run Behavior\ContentReplaceBehavior [ RunTime:0.000000s ]
INFO: [ template_filter ] --END-- [ RunTime:0.000000s ]
INFO: Run Behavior\ParseTemplateBehavior [ RunTime:0.011000s ]
INFO: [ view_parse ] --END-- [ RunTime:0.011000s ]
INFO: [ view_filter ] --START--
INFO: Run Behavior\WriteHtmlCacheBehavior [ RunTime:0.000000s ]
INFO: [ view_filter ] --END-- [ RunTime:0.000000s ]
INFO: [ app_end ] --START--
INFO: Run Behavior\ShowPageTraceBehavior [ RunTime:0.001000s ]
INFO: [ app_end ] --END-- [ RunTime:0.001000s ]

[ 2017-03-27T11:54:10+08:00 ] 192.168.0.17 /favicon.ico
INFO: [ app_init ] --START--
INFO: Run Behavior\BuildLiteBehavior [ RunTime:0.000000s ]
INFO: [ app_init ] --END-- [ RunTime:0.000000s ]

[ 2017-03-27T11:54:10+08:00 ] 192.168.0.17 /favicon.ico
INFO: [ app_init ] --START--
INFO: Run Behavior\BuildLiteBehavior [ RunTime:0.000000s ]
INFO: [ app_init ] --END-- [ RunTime:0.001000s ]

[ 2017-03-27T12:00:19+08:00 ] 192.168.0.17 /Home/Login/register.html
INFO: [ app_init ] --START--
INFO: Run Behavior\BuildLiteBehavior [ RunTime:0.000000s ]
INFO: [ app_init ] --END-- [ RunTime:0.001000s ]
INFO: [ app_begin ] --START--
INFO: Run Behavior\ReadHtmlCacheBehavior [ RunTime:0.001000s ]
INFO: [ app_begin ] --END-- [ RunTime:0.001000s ]
SQL: SHOW COLUMNS FROM `ht_config` [ RunTime:0.0050s ]
SQL: SELECT `web` FROM `ht_config` WHERE `id` = 1 LIMIT 1   [ RunTime:0.0000s ]
SQL: SELECT `register` FROM `ht_config` WHERE `id` = 1 LIMIT 1   [ RunTime:0.0010s ]
INFO: [ view_parse ] --START--
INFO: [ template_filter ] --START--
INFO: Run Behavior\ContentReplaceBehavior [ RunTime:0.000000s ]
INFO: [ template_filter ] --END-- [ RunTime:0.001000s ]
SQL: SELECT `web_name` FROM `ht_config` WHERE `id` = 1 LIMIT 1   [ RunTime:0.0010s ]
INFO: Run Behavior\ParseTemplateBehavior [ RunTime:0.013001s ]
INFO: [ view_parse ] --END-- [ RunTime:0.013001s ]
INFO: [ view_filter ] --START--
INFO: Run Behavior\WriteHtmlCacheBehavior [ RunTime:0.000000s ]
INFO: [ view_filter ] --END-- [ RunTime:0.001000s ]
INFO: [ app_end ] --START--
INFO: Run Behavior\ShowPageTraceBehavior [ RunTime:0.000000s ]
INFO: [ app_end ] --END-- [ RunTime:0.000000s ]

[ 2017-03-27T12:00:20+08:00 ] 192.168.0.17 /Home/Login/register.html
INFO: [ app_init ] --START--
INFO: Run Behavior\BuildLiteBehavior [ RunTime:0.000000s ]
INFO: [ app_init ] --END-- [ RunTime:0.001000s ]
INFO: [ app_begin ] --START--
INFO: Run Behavior\ReadHtmlCacheBehavior [ RunTime:0.001000s ]
INFO: [ app_begin ] --END-- [ RunTime:0.001000s ]
SQL: SHOW COLUMNS FROM `ht_config` [ RunTime:0.0050s ]
INFO: [ view_parse ] --START--
INFO: [ template_filter ] --START--
INFO: Run Behavior\ContentReplaceBehavior [ RunTime:0.000000s ]
INFO: [ template_filter ] --END-- [ RunTime:0.000000s ]
INFO: Run Behavior\ParseTemplateBehavior [ RunTime:0.010001s ]
INFO: [ view_parse ] --END-- [ RunTime:0.010001s ]
INFO: [ view_filter ] --START--
INFO: Run Behavior\WriteHtmlCacheBehavior [ RunTime:0.000000s ]
INFO: [ view_filter ] --END-- [ RunTime:0.000000s ]
INFO: [ app_end ] --START--
INFO: Run Behavior\ShowPageTraceBehavior [ RunTime:0.000000s ]
INFO: [ app_end ] --END-- [ RunTime:0.000000s ]

[ 2017-03-27T12:00:20+08:00 ] 192.168.0.17 /Home/Login/register.html
INFO: [ app_init ] --START--
INFO: Run Behavior\BuildLiteBehavior [ RunTime:0.001000s ]
INFO: [ app_init ] --END-- [ RunTime:0.001000s ]
INFO: [ app_begin ] --START--
INFO: Run Behavior\ReadHtmlCacheBehavior [ RunTime:0.000000s ]
INFO: [ app_begin ] --END-- [ RunTime:0.000000s ]
SQL: SHOW COLUMNS FROM `ht_config` [ RunTime:0.0060s ]
INFO: [ view_parse ] --START--
INFO: [ template_filter ] --START--
INFO: Run Behavior\ContentReplaceBehavior [ RunTime:0.000000s ]
INFO: [ template_filter ] --END-- [ RunTime:0.000000s ]
INFO: Run Behavior\ParseTemplateBehavior [ RunTime:0.011000s ]
INFO: [ view_parse ] --END-- [ RunTime:0.011000s ]
INFO: [ view_filter ] --START--
INFO: Run Behavior\WriteHtmlCacheBehavior [ RunTime:0.000000s ]
INFO: [ view_filter ] --END-- [ RunTime:0.000000s ]
INFO: [ app_end ] --START--
INFO: Run Behavior\ShowPageTraceBehavior [ RunTime:0.000000s ]
INFO: [ app_end ] --END-- [ RunTime:0.000000s ]

[ 2017-03-27T12:00:21+08:00 ] 192.168.0.17 /Home/Login/register.html
INFO: [ app_init ] --START--
INFO: Run Behavior\BuildLiteBehavior [ RunTime:0.000000s ]
INFO: [ app_init ] --END-- [ RunTime:0.001000s ]
INFO: [ app_begin ] --START--
INFO: Run Behavior\ReadHtmlCacheBehavior [ RunTime:0.001000s ]
INFO: [ app_begin ] --END-- [ RunTime:0.001000s ]
SQL: SHOW COLUMNS FROM `ht_config` [ RunTime:0.0050s ]
INFO: [ view_parse ] --START--
INFO: [ template_filter ] --START--
INFO: Run Behavior\ContentReplaceBehavior [ RunTime:0.000000s ]
INFO: [ template_filter ] --END-- [ RunTime:0.000000s ]
INFO: Run Behavior\ParseTemplateBehavior [ RunTime:0.009000s ]
INFO: [ view_parse ] --END-- [ RunTime:0.010000s ]
INFO: [ view_filter ] --START--
INFO: Run Behavior\WriteHtmlCacheBehavior [ RunTime:0.000000s ]
INFO: [ view_filter ] --END-- [ RunTime:0.000000s ]
INFO: [ app_end ] --START--
INFO: Run Behavior\ShowPageTraceBehavior [ RunTime:0.000000s ]
INFO: [ app_end ] --END-- [ RunTime:0.001000s ]

[ 2017-03-27T12:00:26+08:00 ] 192.168.0.17 /Home/Login/register.html
INFO: [ app_init ] --START--
INFO: Run Behavior\BuildLiteBehavior [ RunTime:0.000000s ]
INFO: [ app_init ] --END-- [ RunTime:0.001000s ]
INFO: [ app_begin ] --START--
INFO: Run Behavior\ReadHtmlCacheBehavior [ RunTime:0.000000s ]
INFO: [ app_begin ] --END-- [ RunTime:0.000000s ]
SQL: SHOW COLUMNS FROM `ht_config` [ RunTime:0.0030s ]
INFO: [ view_parse ] --START--
INFO: [ template_filter ] --START--
INFO: Run Behavior\ContentReplaceBehavior [ RunTime:0.001000s ]
INFO: [ template_filter ] --END-- [ RunTime:0.001000s ]
INFO: Run Behavior\ParseTemplateBehavior [ RunTime:0.010000s ]
INFO: [ view_parse ] --END-- [ RunTime:0.010000s ]
INFO: [ view_filter ] --START--
INFO: Run Behavior\WriteHtmlCacheBehavior [ RunTime:0.000000s ]
INFO: [ view_filter ] --END-- [ RunTime:0.000000s ]
INFO: [ app_end ] --START--
INFO: Run Behavior\ShowPageTraceBehavior [ RunTime:0.001000s ]
INFO: [ app_end ] --END-- [ RunTime:0.001000s ]

[ 2017-03-27T12:00:26+08:00 ] 192.168.0.17 /Home/Login/register.html
INFO: [ app_init ] --START--
INFO: Run Behavior\BuildLiteBehavior [ RunTime:0.000000s ]
INFO: [ app_init ] --END-- [ RunTime:0.000000s ]
INFO: [ app_begin ] --START--
INFO: Run Behavior\ReadHtmlCacheBehavior [ RunTime:0.000000s ]
INFO: [ app_begin ] --END-- [ RunTime:0.000000s ]
SQL: SHOW COLUMNS FROM `ht_config` [ RunTime:0.0060s ]
INFO: [ view_parse ] --START--
INFO: [ template_filter ] --START--
INFO: Run Behavior\ContentReplaceBehavior [ RunTime:0.000000s ]
INFO: [ template_filter ] --END-- [ RunTime:0.000000s ]
INFO: Run Behavior\ParseTemplateBehavior [ RunTime:0.008000s ]
INFO: [ view_parse ] --END-- [ RunTime:0.008000s ]
INFO: [ view_filter ] --START--
INFO: Run Behavior\WriteHtmlCacheBehavior [ RunTime:0.000000s ]
INFO: [ view_filter ] --END-- [ RunTime:0.000000s ]
INFO: [ app_end ] --START--
INFO: Run Behavior\ShowPageTraceBehavior [ RunTime:0.000000s ]
INFO: [ app_end ] --END-- [ RunTime:0.000000s ]

[ 2017-03-27T12:00:29+08:00 ] 192.168.0.17 /Home/Login/register.html
INFO: [ app_init ] --START--
INFO: Run Behavior\BuildLiteBehavior [ RunTime:0.000000s ]
INFO: [ app_init ] --END-- [ RunTime:0.000000s ]
INFO: [ app_begin ] --START--
INFO: Run Behavior\ReadHtmlCacheBehavior [ RunTime:0.001000s ]
INFO: [ app_begin ] --END-- [ RunTime:0.001000s ]
SQL: SHOW COLUMNS FROM `ht_config` [ RunTime:0.0060s ]
INFO: [ view_parse ] --START--
INFO: [ template_filter ] --START--
INFO: Run Behavior\ContentReplaceBehavior [ RunTime:0.000000s ]
INFO: [ template_filter ] --END-- [ RunTime:0.000000s ]
INFO: Run Behavior\ParseTemplateBehavior [ RunTime:0.010001s ]
INFO: [ view_parse ] --END-- [ RunTime:0.010001s ]
INFO: [ view_filter ] --START--
INFO: Run Behavior\WriteHtmlCacheBehavior [ RunTime:0.001000s ]
INFO: [ view_filter ] --END-- [ RunTime:0.001000s ]
INFO: [ app_end ] --START--
INFO: Run Behavior\ShowPageTraceBehavior [ RunTime:0.000000s ]
INFO: [ app_end ] --END-- [ RunTime:0.000000s ]

[ 2017-03-27T12:00:51+08:00 ] 192.168.0.17 /Home/Login/register.html
INFO: [ app_init ] --START--
INFO: Run Behavior\BuildLiteBehavior [ RunTime:0.000000s ]
INFO: [ app_init ] --END-- [ RunTime:0.000000s ]
INFO: [ app_begin ] --START--
INFO: Run Behavior\ReadHtmlCacheBehavior [ RunTime:0.001000s ]
INFO: [ app_begin ] --END-- [ RunTime:0.001000s ]
SQL: SHOW COLUMNS FROM `ht_config` [ RunTime:0.0040s ]
INFO: [ view_parse ] --START--
INFO: [ template_filter ] --START--
INFO: Run Behavior\ContentReplaceBehavior [ RunTime:0.000000s ]
INFO: [ template_filter ] --END-- [ RunTime:0.001000s ]
INFO: Run Behavior\ParseTemplateBehavior [ RunTime:0.011001s ]
INFO: [ view_parse ] --END-- [ RunTime:0.011001s ]
INFO: [ view_filter ] --START--
INFO: Run Behavior\WriteHtmlCacheBehavior [ RunTime:0.000000s ]
INFO: [ view_filter ] --END-- [ RunTime:0.000000s ]
INFO: [ app_end ] --START--
INFO: Run Behavior\ShowPageTraceBehavior [ RunTime:0.001000s ]
INFO: [ app_end ] --END-- [ RunTime:0.001000s ]

[ 2017-03-27T12:00:51+08:00 ] 192.168.0.17 /Home/Login/register.html
INFO: [ app_init ] --START--
INFO: Run Behavior\BuildLiteBehavior [ RunTime:0.001000s ]
INFO: [ app_init ] --END-- [ RunTime:0.001000s ]
INFO: [ app_begin ] --START--
INFO: Run Behavior\ReadHtmlCacheBehavior [ RunTime:0.001000s ]
INFO: [ app_begin ] --END-- [ RunTime:0.001000s ]
SQL: SHOW COLUMNS FROM `ht_config` [ RunTime:0.0050s ]
INFO: [ view_parse ] --START--
INFO: [ template_filter ] --START--
INFO: Run Behavior\ContentReplaceBehavior [ RunTime:0.000000s ]
INFO: [ template_filter ] --END-- [ RunTime:0.000000s ]
INFO: Run Behavior\ParseTemplateBehavior [ RunTime:0.010001s ]
INFO: [ view_parse ] --END-- [ RunTime:0.010001s ]
INFO: [ view_filter ] --START--
INFO: Run Behavior\WriteHtmlCacheBehavior [ RunTime:0.001000s ]
INFO: [ view_filter ] --END-- [ RunTime:0.001000s ]
INFO: [ app_end ] --START--
INFO: Run Behavior\ShowPageTraceBehavior [ RunTime:0.001000s ]
INFO: [ app_end ] --END-- [ RunTime:0.001000s ]

[ 2017-03-27T12:00:51+08:00 ] 192.168.0.17 /Home/Login/register.html
INFO: [ app_init ] --START--
INFO: Run Behavior\BuildLiteBehavior [ RunTime:0.000000s ]
INFO: [ app_init ] --END-- [ RunTime:0.001000s ]
INFO: [ app_begin ] --START--
INFO: Run Behavior\ReadHtmlCacheBehavior [ RunTime:0.000000s ]
INFO: [ app_begin ] --END-- [ RunTime:0.000000s ]
SQL: SHOW COLUMNS FROM `ht_config` [ RunTime:0.0050s ]
INFO: [ view_parse ] --START--
INFO: [ template_filter ] --START--
INFO: Run Behavior\ContentReplaceBehavior [ RunTime:0.000000s ]
INFO: [ template_filter ] --END-- [ RunTime:0.000000s ]
INFO: Run Behavior\ParseTemplateBehavior [ RunTime:0.008001s ]
INFO: [ view_parse ] --END-- [ RunTime:0.008001s ]
INFO: [ view_filter ] --START--
INFO: Run Behavior\WriteHtmlCacheBehavior [ RunTime:0.000000s ]
INFO: [ view_filter ] --END-- [ RunTime:0.001000s ]
INFO: [ app_end ] --START--
INFO: Run Behavior\ShowPageTraceBehavior [ RunTime:0.001000s ]
INFO: [ app_end ] --END-- [ RunTime:0.001000s ]

[ 2017-03-27T12:05:34+08:00 ] 192.168.0.17 /Home/Login/register.html
INFO: [ app_init ] --START--
INFO: Run Behavior\BuildLiteBehavior [ RunTime:0.000000s ]
INFO: [ app_init ] --END-- [ RunTime:0.001000s ]
INFO: [ app_begin ] --START--
INFO: Run Behavior\ReadHtmlCacheBehavior [ RunTime:0.001000s ]
INFO: [ app_begin ] --END-- [ RunTime:0.001000s ]
SQL: SHOW COLUMNS FROM `ht_config` [ RunTime:0.0040s ]
SQL: SELECT `web` FROM `ht_config` WHERE `id` = 1 LIMIT 1   [ RunTime:0.0010s ]
SQL: SELECT `register` FROM `ht_config` WHERE `id` = 1 LIMIT 1   [ RunTime:0.0010s ]
INFO: [ view_parse ] --START--
INFO: [ template_filter ] --START--
INFO: Run Behavior\ContentReplaceBehavior [ RunTime:0.001000s ]
INFO: [ template_filter ] --END-- [ RunTime:0.001000s ]
SQL: SELECT `web_name` FROM `ht_config` WHERE `id` = 1 LIMIT 1   [ RunTime:0.0000s ]
INFO: Run Behavior\ParseTemplateBehavior [ RunTime:0.013001s ]
INFO: [ view_parse ] --END-- [ RunTime:0.013001s ]
INFO: [ view_filter ] --START--
INFO: Run Behavior\WriteHtmlCacheBehavior [ RunTime:0.001000s ]
INFO: [ view_filter ] --END-- [ RunTime:0.001000s ]
INFO: [ app_end ] --START--
INFO: Run Behavior\ShowPageTraceBehavior [ RunTime:0.001000s ]
INFO: [ app_end ] --END-- [ RunTime:0.001000s ]

[ 2017-03-27T12:05:37+08:00 ] 192.168.0.17 /Home/Login/register.html
INFO: [ app_init ] --START--
INFO: Run Behavior\BuildLiteBehavior [ RunTime:0.000000s ]
INFO: [ app_init ] --END-- [ RunTime:0.000000s ]
INFO: [ app_begin ] --START--
INFO: Run Behavior\ReadHtmlCacheBehavior [ RunTime:0.000000s ]
INFO: [ app_begin ] --END-- [ RunTime:0.000000s ]
SQL: SHOW COLUMNS FROM `ht_config` [ RunTime:0.0050s ]
INFO: [ view_parse ] --START--
INFO: [ template_filter ] --START--
INFO: Run Behavior\ContentReplaceBehavior [ RunTime:0.000000s ]
INFO: [ template_filter ] --END-- [ RunTime:0.000000s ]
INFO: Run Behavior\ParseTemplateBehavior [ RunTime:0.009000s ]
INFO: [ view_parse ] --END-- [ RunTime:0.009000s ]
INFO: [ view_filter ] --START--
INFO: Run Behavior\WriteHtmlCacheBehavior [ RunTime:0.001000s ]
INFO: [ view_filter ] --END-- [ RunTime:0.001000s ]
INFO: [ app_end ] --START--
INFO: Run Behavior\ShowPageTraceBehavior [ RunTime:0.001000s ]
INFO: [ app_end ] --END-- [ RunTime:0.001000s ]

