[ 2017-04-24T09:30:48+08:00 ] 127.0.0.1 /
INFO: [ app_init ] --START--
INFO: Run Behavior\BuildLiteBehavior [ RunTime:0.000000s ]
INFO: [ app_init ] --END-- [ RunTime:0.002000s ]
INFO: [ app_begin ] --START--
INFO: Run Behavior\ReadHtmlCacheBehavior [ RunTime:0.001000s ]
INFO: [ app_begin ] --END-- [ RunTime:0.001000s ]
NOTIC: [8] A session had already been started - ignoring session_start() E:\wwwroot\www\kf.hitui.com\ThinkPHP\Common\functions.php 第 1263 行.
SQL: SHOW COLUMNS FROM `ht_config` [ RunTime:0.0080s ]
SQL: SELECT `web` FROM `ht_config` WHERE `id` = 1 LIMIT 1   [ RunTime:0.0070s ]
INFO: [ view_parse ] --START--
INFO: [ template_filter ] --START--
INFO: Run Behavior\ContentReplaceBehavior [ RunTime:0.000000s ]
INFO: [ template_filter ] --END-- [ RunTime:0.000000s ]
SQL: SELECT `web_name` FROM `ht_config` WHERE `id` = 1 LIMIT 1   [ RunTime:0.0070s ]
INFO: Run Behavior\ParseTemplateBehavior [ RunTime:0.037002s ]
INFO: [ view_parse ] --END-- [ RunTime:0.037002s ]
INFO: [ view_filter ] --START--
INFO: Run Behavior\WriteHtmlCacheBehavior [ RunTime:0.001000s ]
INFO: [ view_filter ] --END-- [ RunTime:0.001000s ]
INFO: [ app_end ] --START--
INFO: Run Behavior\ShowPageTraceBehavior [ RunTime:0.001000s ]
INFO: [ app_end ] --END-- [ RunTime:0.001000s ]

[ 2017-04-24T09:30:48+08:00 ] 127.0.0.1 /favicon.ico
INFO: [ app_init ] --START--
INFO: Run Behavior\BuildLiteBehavior [ RunTime:0.000000s ]
INFO: [ app_init ] --END-- [ RunTime:0.001000s ]

[ 2017-04-24T09:30:58+08:00 ] 127.0.0.1 /
INFO: [ app_init ] --START--
INFO: Run Behavior\BuildLiteBehavior [ RunTime:0.000000s ]
INFO: [ app_init ] --END-- [ RunTime:0.000000s ]
INFO: [ app_begin ] --START--
INFO: Run Behavior\ReadHtmlCacheBehavior [ RunTime:0.001000s ]
INFO: [ app_begin ] --END-- [ RunTime:0.001000s ]
NOTIC: [8] A session had already been started - ignoring session_start() E:\wwwroot\www\kf.hitui.com\ThinkPHP\Common\functions.php 第 1263 行.
SQL: SHOW COLUMNS FROM `ht_config` [ RunTime:0.0090s ]
INFO: [ view_parse ] --START--
INFO: [ template_filter ] --START--
INFO: Run Behavior\ContentReplaceBehavior [ RunTime:0.000000s ]
INFO: [ template_filter ] --END-- [ RunTime:0.000000s ]
INFO: Run Behavior\ParseTemplateBehavior [ RunTime:0.011001s ]
INFO: [ view_parse ] --END-- [ RunTime:0.011001s ]
INFO: [ view_filter ] --START--
INFO: Run Behavior\WriteHtmlCacheBehavior [ RunTime:0.000000s ]
INFO: [ view_filter ] --END-- [ RunTime:0.000000s ]
INFO: [ app_end ] --START--
INFO: Run Behavior\ShowPageTraceBehavior [ RunTime:0.000000s ]
INFO: [ app_end ] --END-- [ RunTime:0.001000s ]

[ 2017-04-24T09:30:58+08:00 ] 127.0.0.1 /favicon.ico
INFO: [ app_init ] --START--
INFO: Run Behavior\BuildLiteBehavior [ RunTime:0.000000s ]
INFO: [ app_init ] --END-- [ RunTime:0.000000s ]

[ 2017-04-24T09:31:01+08:00 ] 127.0.0.1 /Index_articleList.html
INFO: [ app_init ] --START--
INFO: Run Behavior\BuildLiteBehavior [ RunTime:0.000000s ]
INFO: [ app_init ] --END-- [ RunTime:0.001000s ]
INFO: [ app_begin ] --START--
INFO: Run Behavior\ReadHtmlCacheBehavior [ RunTime:0.000000s ]
INFO: [ app_begin ] --END-- [ RunTime:0.000000s ]
NOTIC: [8] A session had already been started - ignoring session_start() E:\wwwroot\www\kf.hitui.com\ThinkPHP\Common\functions.php 第 1263 行.
SQL: SHOW COLUMNS FROM `ht_config` [ RunTime:0.0090s ]
SQL: SHOW COLUMNS FROM `ht_article` [ RunTime:0.0090s ]
SQL: SHOW COLUMNS FROM `ht_category` [ RunTime:0.0220s ]
NOTIC: [8] Undefined index: cid E:\wwwroot\www\kf.hitui.com\App\Home\Controller\IndexController.class.php 第 81 行.
SQL: SELECT COUNT(*) AS tp_count FROM `ht_article` WHERE `status` = 0 LIMIT 1   [ RunTime:0.0240s ]
SQL: SELECT * FROM `ht_article` WHERE `status` = 0 ORDER BY sort desc,id desc LIMIT 0,15   [ RunTime:0.0340s ]
SQL: SELECT * FROM `ht_article` ORDER BY addtime desc LIMIT 10   [ RunTime:0.0110s ]
SQL: SELECT * FROM `ht_category` WHERE `status` = 0 ORDER BY sort asc,id desc  [ RunTime:0.0100s ]
SQL: SELECT `pid` FROM `ht_category` WHERE `id` = 0 LIMIT 1   [ RunTime:0.0080s ]
INFO: [ view_parse ] --START--
INFO: [ template_filter ] --START--
INFO: Run Behavior\ContentReplaceBehavior [ RunTime:0.000000s ]
INFO: [ template_filter ] --END-- [ RunTime:0.000000s ]
SQL: SELECT `name` FROM `ht_category` WHERE `id` = 0 LIMIT 1   [ RunTime:0.0080s ]
NOTIC: [8] Undefined variable: cid E:\wwwroot\www\kf.hitui.com\App\Runtime\Cache\Home\7d99a98a4c4235518dc2983ecb128c6f.php 第 75 行.
NOTIC: [8] Undefined variable: cid E:\wwwroot\www\kf.hitui.com\App\Runtime\Cache\Home\7d99a98a4c4235518dc2983ecb128c6f.php 第 75 行.
SQL: SELECT `name` FROM `ht_category` WHERE `id` = 0 LIMIT 1   [ RunTime:0.0080s ]
NOTIC: [8] Undefined variable: cid E:\wwwroot\www\kf.hitui.com\App\Runtime\Cache\Home\7d99a98a4c4235518dc2983ecb128c6f.php 第 96 行.
NOTIC: [8] Undefined variable: cid E:\wwwroot\www\kf.hitui.com\App\Runtime\Cache\Home\7d99a98a4c4235518dc2983ecb128c6f.php 第 96 行.
NOTIC: [8] Undefined variable: cid E:\wwwroot\www\kf.hitui.com\App\Runtime\Cache\Home\7d99a98a4c4235518dc2983ecb128c6f.php 第 96 行.
NOTIC: [8] Undefined variable: cid E:\wwwroot\www\kf.hitui.com\App\Runtime\Cache\Home\7d99a98a4c4235518dc2983ecb128c6f.php 第 96 行.
NOTIC: [8] Undefined variable: cid E:\wwwroot\www\kf.hitui.com\App\Runtime\Cache\Home\7d99a98a4c4235518dc2983ecb128c6f.php 第 96 行.
NOTIC: [8] Undefined variable: cid E:\wwwroot\www\kf.hitui.com\App\Runtime\Cache\Home\7d99a98a4c4235518dc2983ecb128c6f.php 第 96 行.
NOTIC: [8] Undefined variable: cid E:\wwwroot\www\kf.hitui.com\App\Runtime\Cache\Home\7d99a98a4c4235518dc2983ecb128c6f.php 第 96 行.
NOTIC: [8] Undefined variable: cid E:\wwwroot\www\kf.hitui.com\App\Runtime\Cache\Home\7d99a98a4c4235518dc2983ecb128c6f.php 第 96 行.
NOTIC: [8] Undefined variable: cid E:\wwwroot\www\kf.hitui.com\App\Runtime\Cache\Home\7d99a98a4c4235518dc2983ecb128c6f.php 第 96 行.
NOTIC: [8] Undefined variable: cid E:\wwwroot\www\kf.hitui.com\App\Runtime\Cache\Home\7d99a98a4c4235518dc2983ecb128c6f.php 第 96 行.
NOTIC: [8] Undefined variable: cid E:\wwwroot\www\kf.hitui.com\App\Runtime\Cache\Home\7d99a98a4c4235518dc2983ecb128c6f.php 第 96 行.
NOTIC: [8] Undefined variable: cid E:\wwwroot\www\kf.hitui.com\App\Runtime\Cache\Home\7d99a98a4c4235518dc2983ecb128c6f.php 第 96 行.
NOTIC: [8] Undefined variable: cid E:\wwwroot\www\kf.hitui.com\App\Runtime\Cache\Home\7d99a98a4c4235518dc2983ecb128c6f.php 第 96 行.
INFO: Run Behavior\ParseTemplateBehavior [ RunTime:0.033001s ]
INFO: [ view_parse ] --END-- [ RunTime:0.034001s ]
INFO: [ view_filter ] --START--
INFO: Run Behavior\WriteHtmlCacheBehavior [ RunTime:0.000000s ]
INFO: [ view_filter ] --END-- [ RunTime:0.000000s ]
INFO: [ app_end ] --START--
INFO: Run Behavior\ShowPageTraceBehavior [ RunTime:0.000000s ]
INFO: [ app_end ] --END-- [ RunTime:0.000000s ]

[ 2017-04-24T09:34:07+08:00 ] 127.0.0.1 /Public/Static/images/favicon.ico
INFO: [ app_init ] --START--
INFO: Run Behavior\BuildLiteBehavior [ RunTime:0.000000s ]
INFO: [ app_init ] --END-- [ RunTime:0.001000s ]

[ 2017-04-24T09:34:30+08:00 ] 127.0.0.1 /Public/Static/images/favicon.ico
INFO: [ app_init ] --START--
INFO: Run Behavior\BuildLiteBehavior [ RunTime:0.000000s ]
INFO: [ app_init ] --END-- [ RunTime:0.000000s ]

[ 2017-04-24T09:34:32+08:00 ] 127.0.0.1 /Public/Static/images/favicon.ico
INFO: [ app_init ] --START--
INFO: Run Behavior\BuildLiteBehavior [ RunTime:0.000000s ]
INFO: [ app_init ] --END-- [ RunTime:0.001000s ]

[ 2017-04-24T09:35:03+08:00 ] 127.0.0.1 /Public/Static/images/favicon.ico
INFO: [ app_init ] --START--
INFO: Run Behavior\BuildLiteBehavior [ RunTime:0.000000s ]
INFO: [ app_init ] --END-- [ RunTime:0.001000s ]

[ 2017-04-24T09:35:43+08:00 ] 127.0.0.1 /Public/Static/images/favicon.ico
INFO: [ app_init ] --START--
INFO: Run Behavior\BuildLiteBehavior [ RunTime:0.000000s ]
INFO: [ app_init ] --END-- [ RunTime:0.000000s ]

[ 2017-04-24T09:35:58+08:00 ] 127.0.0.1 /Index_articleList.html
INFO: [ app_init ] --START--
INFO: Run Behavior\BuildLiteBehavior [ RunTime:0.000000s ]
INFO: [ app_init ] --END-- [ RunTime:0.001000s ]
INFO: [ app_begin ] --START--
INFO: Run Behavior\ReadHtmlCacheBehavior [ RunTime:0.001000s ]
INFO: [ app_begin ] --END-- [ RunTime:0.001000s ]
NOTIC: [8] A session had already been started - ignoring session_start() E:\wwwroot\www\kf.hitui.com\ThinkPHP\Common\functions.php 第 1263 行.
SQL: SHOW COLUMNS FROM `ht_config` [ RunTime:0.0080s ]
SQL: SELECT `web` FROM `ht_config` WHERE `id` = 1 LIMIT 1   [ RunTime:0.0070s ]
SQL: SHOW COLUMNS FROM `ht_article` [ RunTime:0.0080s ]
SQL: SHOW COLUMNS FROM `ht_category` [ RunTime:0.0080s ]
SQL: SELECT COUNT(*) AS tp_count FROM `ht_article` WHERE `status` = 0 LIMIT 1   [ RunTime:0.0080s ]
SQL: SELECT * FROM `ht_article` WHERE `status` = 0 ORDER BY sort desc,id desc LIMIT 0,15   [ RunTime:0.0080s ]
SQL: SELECT * FROM `ht_article` ORDER BY addtime desc LIMIT 10   [ RunTime:0.0090s ]
SQL: SELECT * FROM `ht_category` WHERE `status` = 0 ORDER BY sort asc,id desc  [ RunTime:0.0070s ]
SQL: SELECT `pid` FROM `ht_category` WHERE `id` = 0 LIMIT 1   [ RunTime:0.0070s ]
INFO: [ view_parse ] --START--
INFO: [ template_filter ] --START--
INFO: Run Behavior\ContentReplaceBehavior [ RunTime:0.001000s ]
INFO: [ template_filter ] --END-- [ RunTime:0.001000s ]
SQL: SELECT `name` FROM `ht_category` WHERE `id` = 0 LIMIT 1   [ RunTime:0.0070s ]
NOTIC: [8] Undefined variable: cid E:\wwwroot\www\kf.hitui.com\App\Runtime\Cache\Home\7d99a98a4c4235518dc2983ecb128c6f.php 第 75 行.
NOTIC: [8] Undefined variable: cid E:\wwwroot\www\kf.hitui.com\App\Runtime\Cache\Home\7d99a98a4c4235518dc2983ecb128c6f.php 第 75 行.
SQL: SELECT `name` FROM `ht_category` WHERE `id` = 0 LIMIT 1   [ RunTime:0.0080s ]
NOTIC: [8] Undefined variable: cid E:\wwwroot\www\kf.hitui.com\App\Runtime\Cache\Home\7d99a98a4c4235518dc2983ecb128c6f.php 第 96 行.
NOTIC: [8] Undefined variable: cid E:\wwwroot\www\kf.hitui.com\App\Runtime\Cache\Home\7d99a98a4c4235518dc2983ecb128c6f.php 第 96 行.
NOTIC: [8] Undefined variable: cid E:\wwwroot\www\kf.hitui.com\App\Runtime\Cache\Home\7d99a98a4c4235518dc2983ecb128c6f.php 第 96 行.
NOTIC: [8] Undefined variable: cid E:\wwwroot\www\kf.hitui.com\App\Runtime\Cache\Home\7d99a98a4c4235518dc2983ecb128c6f.php 第 96 行.
NOTIC: [8] Undefined variable: cid E:\wwwroot\www\kf.hitui.com\App\Runtime\Cache\Home\7d99a98a4c4235518dc2983ecb128c6f.php 第 96 行.
NOTIC: [8] Undefined variable: cid E:\wwwroot\www\kf.hitui.com\App\Runtime\Cache\Home\7d99a98a4c4235518dc2983ecb128c6f.php 第 96 行.
NOTIC: [8] Undefined variable: cid E:\wwwroot\www\kf.hitui.com\App\Runtime\Cache\Home\7d99a98a4c4235518dc2983ecb128c6f.php 第 96 行.
NOTIC: [8] Undefined variable: cid E:\wwwroot\www\kf.hitui.com\App\Runtime\Cache\Home\7d99a98a4c4235518dc2983ecb128c6f.php 第 96 行.
NOTIC: [8] Undefined variable: cid E:\wwwroot\www\kf.hitui.com\App\Runtime\Cache\Home\7d99a98a4c4235518dc2983ecb128c6f.php 第 96 行.
NOTIC: [8] Undefined variable: cid E:\wwwroot\www\kf.hitui.com\App\Runtime\Cache\Home\7d99a98a4c4235518dc2983ecb128c6f.php 第 96 行.
NOTIC: [8] Undefined variable: cid E:\wwwroot\www\kf.hitui.com\App\Runtime\Cache\Home\7d99a98a4c4235518dc2983ecb128c6f.php 第 96 行.
NOTIC: [8] Undefined variable: cid E:\wwwroot\www\kf.hitui.com\App\Runtime\Cache\Home\7d99a98a4c4235518dc2983ecb128c6f.php 第 96 行.
NOTIC: [8] Undefined variable: cid E:\wwwroot\www\kf.hitui.com\App\Runtime\Cache\Home\7d99a98a4c4235518dc2983ecb128c6f.php 第 96 行.
INFO: Run Behavior\ParseTemplateBehavior [ RunTime:0.034002s ]
INFO: [ view_parse ] --END-- [ RunTime:0.034002s ]
INFO: [ view_filter ] --START--
INFO: Run Behavior\WriteHtmlCacheBehavior [ RunTime:0.000000s ]
INFO: [ view_filter ] --END-- [ RunTime:0.000000s ]
INFO: [ app_end ] --START--
INFO: Run Behavior\ShowPageTraceBehavior [ RunTime:0.000000s ]
INFO: [ app_end ] --END-- [ RunTime:0.000000s ]

[ 2017-04-24T09:35:59+08:00 ] 127.0.0.1 /favicon.ico
INFO: [ app_init ] --START--
INFO: Run Behavior\BuildLiteBehavior [ RunTime:0.000000s ]
INFO: [ app_init ] --END-- [ RunTime:0.001000s ]

[ 2017-04-24T09:35:59+08:00 ] 127.0.0.1 /Index_articleList.html
INFO: [ app_init ] --START--
INFO: Run Behavior\BuildLiteBehavior [ RunTime:0.000000s ]
INFO: [ app_init ] --END-- [ RunTime:0.000000s ]
INFO: [ app_begin ] --START--
INFO: Run Behavior\ReadHtmlCacheBehavior [ RunTime:0.001000s ]
INFO: [ app_begin ] --END-- [ RunTime:0.001000s ]
NOTIC: [8] A session had already been started - ignoring session_start() E:\wwwroot\www\kf.hitui.com\ThinkPHP\Common\functions.php 第 1263 行.
SQL: SHOW COLUMNS FROM `ht_config` [ RunTime:0.0090s ]
SQL: SHOW COLUMNS FROM `ht_article` [ RunTime:0.0090s ]
SQL: SHOW COLUMNS FROM `ht_category` [ RunTime:0.0090s ]
SQL: SELECT COUNT(*) AS tp_count FROM `ht_article` WHERE `status` = 0 LIMIT 1   [ RunTime:0.0080s ]
SQL: SELECT * FROM `ht_article` WHERE `status` = 0 ORDER BY sort desc,id desc LIMIT 0,15   [ RunTime:0.0090s ]
SQL: SELECT * FROM `ht_article` ORDER BY addtime desc LIMIT 10   [ RunTime:0.0090s ]
SQL: SELECT * FROM `ht_category` WHERE `status` = 0 ORDER BY sort asc,id desc  [ RunTime:0.0080s ]
SQL: SELECT `pid` FROM `ht_category` WHERE `id` = 0 LIMIT 1   [ RunTime:0.0080s ]
INFO: [ view_parse ] --START--
INFO: [ template_filter ] --START--
INFO: Run Behavior\ContentReplaceBehavior [ RunTime:0.000000s ]
INFO: [ template_filter ] --END-- [ RunTime:0.000000s ]
SQL: SELECT `name` FROM `ht_category` WHERE `id` = 0 LIMIT 1   [ RunTime:0.0080s ]
NOTIC: [8] Undefined variable: cid E:\wwwroot\www\kf.hitui.com\App\Runtime\Cache\Home\7d99a98a4c4235518dc2983ecb128c6f.php 第 75 行.
NOTIC: [8] Undefined variable: cid E:\wwwroot\www\kf.hitui.com\App\Runtime\Cache\Home\7d99a98a4c4235518dc2983ecb128c6f.php 第 75 行.
SQL: SELECT `name` FROM `ht_category` WHERE `id` = 0 LIMIT 1   [ RunTime:0.0080s ]
NOTIC: [8] Undefined variable: cid E:\wwwroot\www\kf.hitui.com\App\Runtime\Cache\Home\7d99a98a4c4235518dc2983ecb128c6f.php 第 96 行.
NOTIC: [8] Undefined variable: cid E:\wwwroot\www\kf.hitui.com\App\Runtime\Cache\Home\7d99a98a4c4235518dc2983ecb128c6f.php 第 96 行.
NOTIC: [8] Undefined variable: cid E:\wwwroot\www\kf.hitui.com\App\Runtime\Cache\Home\7d99a98a4c4235518dc2983ecb128c6f.php 第 96 行.
NOTIC: [8] Undefined variable: cid E:\wwwroot\www\kf.hitui.com\App\Runtime\Cache\Home\7d99a98a4c4235518dc2983ecb128c6f.php 第 96 行.
NOTIC: [8] Undefined variable: cid E:\wwwroot\www\kf.hitui.com\App\Runtime\Cache\Home\7d99a98a4c4235518dc2983ecb128c6f.php 第 96 行.
NOTIC: [8] Undefined variable: cid E:\wwwroot\www\kf.hitui.com\App\Runtime\Cache\Home\7d99a98a4c4235518dc2983ecb128c6f.php 第 96 行.
NOTIC: [8] Undefined variable: cid E:\wwwroot\www\kf.hitui.com\App\Runtime\Cache\Home\7d99a98a4c4235518dc2983ecb128c6f.php 第 96 行.
NOTIC: [8] Undefined variable: cid E:\wwwroot\www\kf.hitui.com\App\Runtime\Cache\Home\7d99a98a4c4235518dc2983ecb128c6f.php 第 96 行.
NOTIC: [8] Undefined variable: cid E:\wwwroot\www\kf.hitui.com\App\Runtime\Cache\Home\7d99a98a4c4235518dc2983ecb128c6f.php 第 96 行.
NOTIC: [8] Undefined variable: cid E:\wwwroot\www\kf.hitui.com\App\Runtime\Cache\Home\7d99a98a4c4235518dc2983ecb128c6f.php 第 96 行.
NOTIC: [8] Undefined variable: cid E:\wwwroot\www\kf.hitui.com\App\Runtime\Cache\Home\7d99a98a4c4235518dc2983ecb128c6f.php 第 96 行.
NOTIC: [8] Undefined variable: cid E:\wwwroot\www\kf.hitui.com\App\Runtime\Cache\Home\7d99a98a4c4235518dc2983ecb128c6f.php 第 96 行.
NOTIC: [8] Undefined variable: cid E:\wwwroot\www\kf.hitui.com\App\Runtime\Cache\Home\7d99a98a4c4235518dc2983ecb128c6f.php 第 96 行.
INFO: Run Behavior\ParseTemplateBehavior [ RunTime:0.032002s ]
INFO: [ view_parse ] --END-- [ RunTime:0.032002s ]
INFO: [ view_filter ] --START--
INFO: Run Behavior\WriteHtmlCacheBehavior [ RunTime:0.000000s ]
INFO: [ view_filter ] --END-- [ RunTime:0.000000s ]
INFO: [ app_end ] --START--
INFO: Run Behavior\ShowPageTraceBehavior [ RunTime:0.000000s ]
INFO: [ app_end ] --END-- [ RunTime:0.000000s ]

[ 2017-04-24T09:36:02+08:00 ] 127.0.0.1 /list_116.html
INFO: [ app_init ] --START--
INFO: Run Behavior\BuildLiteBehavior [ RunTime:0.000000s ]
INFO: [ app_init ] --END-- [ RunTime:0.000000s ]
INFO: [ app_begin ] --START--
INFO: Run Behavior\ReadHtmlCacheBehavior [ RunTime:0.000000s ]
INFO: [ app_begin ] --END-- [ RunTime:0.000000s ]
NOTIC: [8] A session had already been started - ignoring session_start() E:\wwwroot\www\kf.hitui.com\ThinkPHP\Common\functions.php 第 1263 行.
SQL: SHOW COLUMNS FROM `ht_config` [ RunTime:0.0080s ]
SQL: SHOW COLUMNS FROM `ht_article` [ RunTime:0.0080s ]
SQL: SHOW COLUMNS FROM `ht_category` [ RunTime:0.0080s ]
SQL: SELECT `pid` FROM `ht_category` WHERE `id` = 116 LIMIT 1   [ RunTime:0.0070s ]
SQL: SELECT COUNT(*) AS tp_count FROM `ht_article` WHERE `status` = 0 AND `category_id` = 116 LIMIT 1   [ RunTime:0.0070s ]
SQL: SELECT * FROM `ht_article` WHERE `status` = 0 AND `category_id` = 116 ORDER BY sort desc,id desc LIMIT 0,15   [ RunTime:0.0080s ]
SQL: SELECT * FROM `ht_article` ORDER BY addtime desc LIMIT 10   [ RunTime:0.0080s ]
SQL: SELECT * FROM `ht_category` WHERE `status` = 0 ORDER BY sort asc,id desc  [ RunTime:0.0070s ]
SQL: SELECT `pid` FROM `ht_category` WHERE `id` = 116 LIMIT 1   [ RunTime:0.0070s ]
INFO: [ view_parse ] --START--
INFO: [ template_filter ] --START--
INFO: Run Behavior\ContentReplaceBehavior [ RunTime:0.001000s ]
INFO: [ template_filter ] --END-- [ RunTime:0.001000s ]
SQL: SELECT `name` FROM `ht_category` WHERE `id` = 106 LIMIT 1   [ RunTime:0.0070s ]
SQL: SELECT `name` FROM `ht_category` WHERE `id` = 116 LIMIT 1   [ RunTime:0.0060s ]
INFO: Run Behavior\ParseTemplateBehavior [ RunTime:0.031002s ]
INFO: [ view_parse ] --END-- [ RunTime:0.031002s ]
INFO: [ view_filter ] --START--
INFO: Run Behavior\WriteHtmlCacheBehavior [ RunTime:0.001000s ]
INFO: [ view_filter ] --END-- [ RunTime:0.001000s ]
INFO: [ app_end ] --START--
INFO: Run Behavior\ShowPageTraceBehavior [ RunTime:0.001000s ]
INFO: [ app_end ] --END-- [ RunTime:0.001000s ]

[ 2017-04-24T09:39:07+08:00 ] 127.0.0.1 /list_114.html
INFO: [ app_init ] --START--
INFO: Run Behavior\BuildLiteBehavior [ RunTime:0.000000s ]
INFO: [ app_init ] --END-- [ RunTime:0.001000s ]
INFO: [ app_begin ] --START--
INFO: Run Behavior\ReadHtmlCacheBehavior [ RunTime:0.001000s ]
INFO: [ app_begin ] --END-- [ RunTime:0.001000s ]
NOTIC: [8] A session had already been started - ignoring session_start() E:\wwwroot\www\kf.hitui.com\ThinkPHP\Common\functions.php 第 1263 行.
SQL: SHOW COLUMNS FROM `ht_config` [ RunTime:0.0090s ]
SQL: SELECT `web` FROM `ht_config` WHERE `id` = 1 LIMIT 1   [ RunTime:0.0070s ]
ERR: 1146:Table 'ihitui_px.ht_article' doesn't exist
 [ SQL语句 ] : SHOW COLUMNS FROM `ht_article`
ERR: 1146:Table 'ihitui_px.ht_article' doesn't exist
 [ SQL语句 ] : SHOW COLUMNS FROM `ht_article`

[ 2017-04-24T09:39:13+08:00 ] 127.0.0.1 /list_111.html
INFO: [ app_init ] --START--
INFO: Run Behavior\BuildLiteBehavior [ RunTime:0.000000s ]
INFO: [ app_init ] --END-- [ RunTime:0.000000s ]
INFO: [ app_begin ] --START--
INFO: Run Behavior\ReadHtmlCacheBehavior [ RunTime:0.001000s ]
INFO: [ app_begin ] --END-- [ RunTime:0.001000s ]
NOTIC: [8] A session had already been started - ignoring session_start() E:\wwwroot\www\kf.hitui.com\ThinkPHP\Common\functions.php 第 1263 行.
SQL: SHOW COLUMNS FROM `ht_config` [ RunTime:0.0080s ]
ERR: 1146:Table 'ihitui_px.ht_article' doesn't exist
 [ SQL语句 ] : SHOW COLUMNS FROM `ht_article`
ERR: 1146:Table 'ihitui_px.ht_article' doesn't exist
 [ SQL语句 ] : SHOW COLUMNS FROM `ht_article`

[ 2017-04-24T09:59:34+08:00 ] 127.0.0.1 /Public/Static/images/favicon.ico
INFO: [ app_init ] --START--
INFO: Run Behavior\BuildLiteBehavior [ RunTime:0.000000s ]
INFO: [ app_init ] --END-- [ RunTime:0.000000s ]

[ 2017-04-24T09:59:41+08:00 ] 127.0.0.1 /list_115.html
INFO: [ app_init ] --START--
INFO: Run Behavior\BuildLiteBehavior [ RunTime:0.000000s ]
INFO: [ app_init ] --END-- [ RunTime:0.000000s ]
INFO: [ app_begin ] --START--
INFO: Run Behavior\ReadHtmlCacheBehavior [ RunTime:0.001000s ]
INFO: [ app_begin ] --END-- [ RunTime:0.001000s ]
NOTIC: [8] A session had already been started - ignoring session_start() E:\wwwroot\www\kf.hitui.com\ThinkPHP\Common\functions.php 第 1263 行.
SQL: SHOW COLUMNS FROM `ht_config` [ RunTime:0.0100s ]
SQL: SELECT `web` FROM `ht_config` WHERE `id` = 1 LIMIT 1   [ RunTime:0.0090s ]
SQL: SHOW COLUMNS FROM `ht_article` [ RunTime:0.0100s ]
SQL: SHOW COLUMNS FROM `ht_category` [ RunTime:0.0100s ]
SQL: SELECT `pid` FROM `ht_category` WHERE `id` = 115 LIMIT 1   [ RunTime:0.0100s ]
SQL: SELECT COUNT(*) AS tp_count FROM `ht_article` WHERE `status` = 0 AND `category_id` = 115 LIMIT 1   [ RunTime:0.0090s ]
SQL: SELECT * FROM `ht_article` WHERE `status` = 0 AND `category_id` = 115 ORDER BY sort desc,id desc LIMIT 0,15   [ RunTime:0.0110s ]
SQL: SELECT * FROM `ht_article` ORDER BY addtime desc LIMIT 10   [ RunTime:0.0120s ]
SQL: SELECT * FROM `ht_category` WHERE `status` = 0 ORDER BY sort asc,id desc  [ RunTime:0.0100s ]
SQL: SELECT `pid` FROM `ht_category` WHERE `id` = 115 LIMIT 1   [ RunTime:0.0090s ]
INFO: [ view_parse ] --START--
INFO: [ template_filter ] --START--
INFO: Run Behavior\ContentReplaceBehavior [ RunTime:0.000000s ]
INFO: [ template_filter ] --END-- [ RunTime:0.001000s ]
SQL: SELECT `name` FROM `ht_category` WHERE `id` = 106 LIMIT 1   [ RunTime:0.0090s ]
SQL: SELECT `name` FROM `ht_category` WHERE `id` = 115 LIMIT 1   [ RunTime:0.0080s ]
INFO: Run Behavior\ParseTemplateBehavior [ RunTime:0.036002s ]
INFO: [ view_parse ] --END-- [ RunTime:0.036002s ]
INFO: [ view_filter ] --START--
INFO: Run Behavior\WriteHtmlCacheBehavior [ RunTime:0.000000s ]
INFO: [ view_filter ] --END-- [ RunTime:0.000000s ]
INFO: [ app_end ] --START--
INFO: Run Behavior\ShowPageTraceBehavior [ RunTime:0.001000s ]
INFO: [ app_end ] --END-- [ RunTime:0.001000s ]

[ 2017-04-24T09:59:42+08:00 ] 127.0.0.1 /favicon.ico
INFO: [ app_init ] --START--
INFO: Run Behavior\BuildLiteBehavior [ RunTime:0.000000s ]
INFO: [ app_init ] --END-- [ RunTime:0.000000s ]

[ 2017-04-24T11:46:02+08:00 ] 127.0.0.1 /list_113.html
INFO: [ app_init ] --START--
INFO: Run Behavior\BuildLiteBehavior [ RunTime:0.000000s ]
INFO: [ app_init ] --END-- [ RunTime:0.001000s ]
INFO: [ app_begin ] --START--
INFO: Run Behavior\ReadHtmlCacheBehavior [ RunTime:0.000000s ]
INFO: [ app_begin ] --END-- [ RunTime:0.000000s ]
NOTIC: [8] A session had already been started - ignoring session_start() E:\wwwroot\www\kf.hitui.com\ThinkPHP\Common\functions.php 第 1263 行.
SQL: SHOW COLUMNS FROM `ht_config` [ RunTime:0.0080s ]
SQL: SELECT `web` FROM `ht_config` WHERE `id` = 1 LIMIT 1   [ RunTime:0.0070s ]
SQL: SHOW COLUMNS FROM `ht_article` [ RunTime:0.0090s ]
SQL: SHOW COLUMNS FROM `ht_category` [ RunTime:0.0090s ]
SQL: SELECT `pid` FROM `ht_category` WHERE `id` = 113 LIMIT 1   [ RunTime:0.0080s ]
SQL: SELECT COUNT(*) AS tp_count FROM `ht_article` WHERE `status` = 0 AND `category_id` = 113 LIMIT 1   [ RunTime:0.0080s ]
SQL: SELECT * FROM `ht_article` WHERE `status` = 0 AND `category_id` = 113 ORDER BY sort desc,id desc LIMIT 0,15   [ RunTime:0.0080s ]
SQL: SELECT * FROM `ht_article` ORDER BY addtime desc LIMIT 10   [ RunTime:0.0080s ]
SQL: SELECT * FROM `ht_category` WHERE `status` = 0 ORDER BY sort asc,id desc  [ RunTime:0.0080s ]
SQL: SELECT `pid` FROM `ht_category` WHERE `id` = 113 LIMIT 1   [ RunTime:0.0070s ]
INFO: [ view_parse ] --START--
INFO: [ template_filter ] --START--
INFO: Run Behavior\ContentReplaceBehavior [ RunTime:0.000000s ]
INFO: [ template_filter ] --END-- [ RunTime:0.001000s ]
SQL: SELECT `web_name` FROM `ht_config` WHERE `id` = 1 LIMIT 1   [ RunTime:0.0080s ]
SQL: SELECT `name` FROM `ht_category` WHERE `id` = 106 LIMIT 1   [ RunTime:0.0080s ]
SQL: SELECT `name` FROM `ht_category` WHERE `id` = 113 LIMIT 1   [ RunTime:0.0080s ]
INFO: Run Behavior\ParseTemplateBehavior [ RunTime:0.041002s ]
INFO: [ view_parse ] --END-- [ RunTime:0.041002s ]
INFO: [ view_filter ] --START--
INFO: Run Behavior\WriteHtmlCacheBehavior [ RunTime:0.000000s ]
INFO: [ view_filter ] --END-- [ RunTime:0.000000s ]
INFO: [ app_end ] --START--
INFO: Run Behavior\ShowPageTraceBehavior [ RunTime:0.000000s ]
INFO: [ app_end ] --END-- [ RunTime:0.000000s ]

[ 2017-04-24T11:46:02+08:00 ] 127.0.0.1 /favicon.ico
INFO: [ app_init ] --START--
INFO: Run Behavior\BuildLiteBehavior [ RunTime:0.000000s ]
INFO: [ app_init ] --END-- [ RunTime:0.000000s ]

[ 2017-04-24T11:46:17+08:00 ] 127.0.0.1 /Index_searchList.html
INFO: [ app_init ] --START--
INFO: Run Behavior\BuildLiteBehavior [ RunTime:0.000000s ]
INFO: [ app_init ] --END-- [ RunTime:0.001000s ]
INFO: [ app_begin ] --START--
INFO: Run Behavior\ReadHtmlCacheBehavior [ RunTime:0.001001s ]
INFO: [ app_begin ] --END-- [ RunTime:0.001001s ]
NOTIC: [8] A session had already been started - ignoring session_start() E:\wwwroot\www\kf.hitui.com\ThinkPHP\Common\functions.php 第 1263 行.
SQL: SHOW COLUMNS FROM `ht_config` [ RunTime:0.0090s ]
SQL: SHOW COLUMNS FROM `ht_article` [ RunTime:0.0090s ]
NOTIC: [8] Undefined index: name E:\wwwroot\www\kf.hitui.com\App\Home\Controller\IndexController.class.php 第 34 行.
SQL: SELECT COUNT(*) AS tp_count FROM `ht_article` WHERE `status` = 0 LIMIT 1   [ RunTime:0.0080s ]
SQL: SELECT * FROM `ht_article` WHERE `status` = 0 ORDER BY sort asc LIMIT 0,15   [ RunTime:0.0110s ]
INFO: [ view_parse ] --START--
INFO: [ template_filter ] --START--
INFO: Run Behavior\ContentReplaceBehavior [ RunTime:0.001000s ]
INFO: [ template_filter ] --END-- [ RunTime:0.001000s ]
INFO: Run Behavior\ParseTemplateBehavior [ RunTime:0.014000s ]
INFO: [ view_parse ] --END-- [ RunTime:0.015000s ]
INFO: [ view_filter ] --START--
INFO: Run Behavior\WriteHtmlCacheBehavior [ RunTime:0.000000s ]
INFO: [ view_filter ] --END-- [ RunTime:0.000000s ]
INFO: [ app_end ] --START--
INFO: Run Behavior\ShowPageTraceBehavior [ RunTime:0.001000s ]
INFO: [ app_end ] --END-- [ RunTime:0.001000s ]

[ 2017-04-24T11:46:24+08:00 ] 127.0.0.1 /c_15.html
INFO: [ app_init ] --START--
INFO: Run Behavior\BuildLiteBehavior [ RunTime:0.000000s ]
INFO: [ app_init ] --END-- [ RunTime:0.001000s ]
INFO: [ app_begin ] --START--
INFO: Run Behavior\ReadHtmlCacheBehavior [ RunTime:0.000000s ]
INFO: [ app_begin ] --END-- [ RunTime:0.001000s ]
NOTIC: [8] A session had already been started - ignoring session_start() E:\wwwroot\www\kf.hitui.com\ThinkPHP\Common\functions.php 第 1263 行.
SQL: SHOW COLUMNS FROM `ht_config` [ RunTime:0.0070s ]
SQL: SHOW COLUMNS FROM `ht_article` [ RunTime:0.0080s ]
SQL: SHOW COLUMNS FROM `ht_category` [ RunTime:0.0070s ]
SQL: SELECT * FROM `ht_article` WHERE `id` = 15 AND `status` = 0 LIMIT 1   [ RunTime:0.0070s ]
SQL: SELECT * FROM `ht_article` ORDER BY addtime desc LIMIT 10   [ RunTime:0.0060s ]
SQL: SELECT COUNT(*) AS tp_count FROM `ht_article` WHERE `category_id` = 110 AND `status` = 0 LIMIT 1   [ RunTime:0.0080s ]
SQL: SELECT * FROM `ht_article` WHERE `category_id` = 110 AND `status` = 0 LIMIT 577,10   [ RunTime:0.0100s ]
SQL: UPDATE `ht_article` SET `pv`=pv+1 WHERE `id` = 15 AND `status` = 0 [ RunTime:0.0070s ]
SQL: SELECT * FROM `ht_category` WHERE `status` = 0 ORDER BY sort asc,id desc  [ RunTime:0.0070s ]
SQL: SELECT `pid` FROM `ht_category` WHERE `id` = 110 LIMIT 1   [ RunTime:0.0070s ]
INFO: [ view_parse ] --START--
INFO: [ template_filter ] --START--
INFO: Run Behavior\ContentReplaceBehavior [ RunTime:0.000000s ]
INFO: [ template_filter ] --END-- [ RunTime:0.000000s ]
SQL: SELECT `name` FROM `ht_category` WHERE `id` = 108 LIMIT 1   [ RunTime:0.0060s ]
SQL: SELECT `name` FROM `ht_category` WHERE `id` = 110 LIMIT 1   [ RunTime:0.0070s ]
SQL: SELECT `article_ad` FROM `ht_config` WHERE `id` = 1 LIMIT 1   [ RunTime:0.0060s ]
INFO: Run Behavior\ParseTemplateBehavior [ RunTime:0.040002s ]
INFO: [ view_parse ] --END-- [ RunTime:0.040002s ]
INFO: [ view_filter ] --START--
INFO: Run Behavior\WriteHtmlCacheBehavior [ RunTime:0.000000s ]
INFO: [ view_filter ] --END-- [ RunTime:0.000000s ]
INFO: [ app_end ] --START--
INFO: Run Behavior\ShowPageTraceBehavior [ RunTime:0.001000s ]
INFO: [ app_end ] --END-- [ RunTime:0.001000s ]

[ 2017-04-24T16:19:58+08:00 ] 127.0.0.1 /Public/Static/images/favicon.ico
INFO: [ app_init ] --START--
INFO: Run Behavior\BuildLiteBehavior [ RunTime:0.000000s ]
INFO: [ app_init ] --END-- [ RunTime:0.000000s ]

[ 2017-04-24T16:29:49+08:00 ] 127.0.0.1 /Public/Static/images/favicon.ico
INFO: [ app_init ] --START--
INFO: Run Behavior\BuildLiteBehavior [ RunTime:0.000000s ]
INFO: [ app_init ] --END-- [ RunTime:0.000000s ]

