[ 2017-03-17T11:22:11+08:00 ] 127.0.0.1 /admin
INFO: [ app_init ] --START--
INFO: Run Behavior\BuildLiteBehavior [ RunTime:0.000000s ]
INFO: [ app_init ] --END-- [ RunTime:0.000000s ]
INFO: [ app_begin ] --START--
INFO: Run Behavior\ReadHtmlCacheBehavior [ RunTime:0.001000s ]
INFO: [ app_begin ] --END-- [ RunTime:0.001000s ]

[ 2017-03-17T11:22:11+08:00 ] 127.0.0.1 /Admin/Login/index.html
INFO: [ app_init ] --START--
INFO: Run Behavior\BuildLiteBehavior [ RunTime:0.000000s ]
INFO: [ app_init ] --END-- [ RunTime:0.001000s ]
INFO: [ app_begin ] --START--
INFO: Run Behavior\ReadHtmlCacheBehavior [ RunTime:0.001000s ]
INFO: [ app_begin ] --END-- [ RunTime:0.001000s ]
INFO: [ view_parse ] --START--
INFO: [ template_filter ] --START--
INFO: Run Behavior\ContentReplaceBehavior [ RunTime:0.000000s ]
INFO: [ template_filter ] --END-- [ RunTime:0.000000s ]
INFO: Run Behavior\ParseTemplateBehavior [ RunTime:0.009000s ]
INFO: [ view_parse ] --END-- [ RunTime:0.009000s ]
INFO: [ view_filter ] --START--
INFO: Run Behavior\WriteHtmlCacheBehavior [ RunTime:0.000000s ]
INFO: [ view_filter ] --END-- [ RunTime:0.000000s ]
INFO: [ app_end ] --START--
INFO: Run Behavior\ShowPageTraceBehavior [ RunTime:0.000000s ]
INFO: [ app_end ] --END-- [ RunTime:0.000000s ]

[ 2017-03-17T11:22:11+08:00 ] 127.0.0.1 /Admin/Login/verify
INFO: [ app_init ] --START--
INFO: Run Behavior\BuildLiteBehavior [ RunTime:0.000000s ]
INFO: [ app_init ] --END-- [ RunTime:0.001000s ]
INFO: [ app_begin ] --START--
INFO: Run Behavior\ReadHtmlCacheBehavior [ RunTime:0.001000s ]
INFO: [ app_begin ] --END-- [ RunTime:0.001000s ]
INFO: [ app_end ] --START--
INFO: Run Behavior\ShowPageTraceBehavior [ RunTime:0.001000s ]
INFO: [ app_end ] --END-- [ RunTime:0.001000s ]

[ 2017-03-17T11:22:19+08:00 ] 127.0.0.1 /Admin/Login/login.html
INFO: [ app_init ] --START--
INFO: Run Behavior\BuildLiteBehavior [ RunTime:0.000000s ]
INFO: [ app_init ] --END-- [ RunTime:0.001000s ]
INFO: [ app_begin ] --START--
INFO: Run Behavior\ReadHtmlCacheBehavior [ RunTime:0.001000s ]
INFO: [ app_begin ] --END-- [ RunTime:0.001000s ]
SQL: SHOW COLUMNS FROM `ht_manage` [ RunTime:0.0060s ]
SQL: SELECT * FROM `ht_manage` WHERE `username` = 'admin' LIMIT 1   [ RunTime:0.0020s ]
SQL: UPDATE `ht_manage` SET `login_time`='1489720939',`login_ip`='127.0.0.1',`login_count`='17' WHERE `id` = 1 [ RunTime:0.0010s ]
NOTIC: [8] Undefined index: type E:\wwwroot\www\kf.hitui.com\App\Admin\Controller\LoginController.class.php 第 38 行.

[ 2017-03-17T11:22:19+08:00 ] 127.0.0.1 /Admin/Index/index.html
INFO: [ app_init ] --START--
INFO: Run Behavior\BuildLiteBehavior [ RunTime:0.000000s ]
INFO: [ app_init ] --END-- [ RunTime:0.001000s ]
INFO: [ app_begin ] --START--
INFO: Run Behavior\ReadHtmlCacheBehavior [ RunTime:0.001000s ]
INFO: [ app_begin ] --END-- [ RunTime:0.001000s ]
SQL: SHOW COLUMNS FROM `ht_menu` [ RunTime:0.0050s ]
SQL: SELECT * FROM `ht_menu` WHERE `status` = 1 ORDER BY sort  [ RunTime:0.0010s ]
SQL: SHOW COLUMNS FROM `ht_node` [ RunTime:0.0050s ]
SQL: SELECT `id`,`name`,`title`,`pid`,`level`,`menu_id`,`sort`,`url` FROM `ht_node` WHERE ( status=1 AND menu_status=1 AND menu_id='1' ) ORDER BY sort  [ RunTime:0.0010s ]
SQL: SELECT `id`,`name`,`title`,`pid`,`level`,`menu_id`,`sort`,`url` FROM `ht_node` WHERE ( status=1 AND menu_status=1 AND menu_id='15' ) ORDER BY sort  [ RunTime:0.0000s ]
SQL: SELECT `id`,`name`,`title`,`pid`,`level`,`menu_id`,`sort`,`url` FROM `ht_node` WHERE ( status=1 AND menu_status=1 AND menu_id='5' ) ORDER BY sort  [ RunTime:0.0000s ]
SQL: SHOW COLUMNS FROM `ht_node` [ RunTime:0.0030s ]
SQL: SELECT `id`,`name`,`title`,`pid`,`menu_id`,`menu_status` FROM `ht_node`  [ RunTime:0.0000s ]
INFO: [ view_parse ] --START--
INFO: [ template_filter ] --START--
INFO: Run Behavior\ContentReplaceBehavior [ RunTime:0.000000s ]
INFO: [ template_filter ] --END-- [ RunTime:0.000000s ]
INFO: Run Behavior\ParseTemplateBehavior [ RunTime:0.015000s ]
INFO: [ view_parse ] --END-- [ RunTime:0.015000s ]
INFO: [ view_filter ] --START--
INFO: Run Behavior\WriteHtmlCacheBehavior [ RunTime:0.000000s ]
INFO: [ view_filter ] --END-- [ RunTime:0.000000s ]
INFO: [ app_end ] --START--
INFO: Run Behavior\ShowPageTraceBehavior [ RunTime:0.000000s ]
INFO: [ app_end ] --END-- [ RunTime:0.000000s ]

[ 2017-03-17T11:22:19+08:00 ] 127.0.0.1 /Admin/Index/welcome.html
INFO: [ app_init ] --START--
INFO: Run Behavior\BuildLiteBehavior [ RunTime:0.000000s ]
INFO: [ app_init ] --END-- [ RunTime:0.000000s ]
INFO: [ app_begin ] --START--
INFO: Run Behavior\ReadHtmlCacheBehavior [ RunTime:0.001000s ]
INFO: [ app_begin ] --END-- [ RunTime:0.001000s ]
SQL: select VERSION() [ RunTime:0.0000s ]
SQL: SHOW COLUMNS FROM `v5_user` [ RunTime:0.0090s ]
SQL: SELECT COUNT(*) AS tp_count FROM `v5_user` LIMIT 1   [ RunTime:0.0000s ]
SQL: SHOW COLUMNS FROM `ht_article` [ RunTime:0.0060s ]
SQL: SELECT COUNT(*) AS tp_count FROM `ht_article` LIMIT 1   [ RunTime:0.0010s ]
SQL: SHOW COLUMNS FROM `v5_video` [ RunTime:0.0070s ]
SQL: SELECT COUNT(*) AS tp_count FROM `v5_video` LIMIT 1   [ RunTime:0.0000s ]
INFO: [ view_parse ] --START--
INFO: [ template_filter ] --START--
INFO: Run Behavior\ContentReplaceBehavior [ RunTime:0.000000s ]
INFO: [ template_filter ] --END-- [ RunTime:0.000000s ]
INFO: Run Behavior\ParseTemplateBehavior [ RunTime:0.023001s ]
INFO: [ view_parse ] --END-- [ RunTime:0.023001s ]
INFO: [ view_filter ] --START--
INFO: Run Behavior\WriteHtmlCacheBehavior [ RunTime:0.000000s ]
INFO: [ view_filter ] --END-- [ RunTime:0.000000s ]
INFO: [ app_end ] --START--
INFO: Run Behavior\ShowPageTraceBehavior [ RunTime:0.000000s ]
INFO: [ app_end ] --END-- [ RunTime:0.000000s ]

[ 2017-03-17T11:22:22+08:00 ] 127.0.0.1 /Admin/Category/index.html
INFO: [ app_init ] --START--
INFO: Run Behavior\BuildLiteBehavior [ RunTime:0.001000s ]
INFO: [ app_init ] --END-- [ RunTime:0.001000s ]
INFO: [ app_begin ] --START--
INFO: Run Behavior\ReadHtmlCacheBehavior [ RunTime:0.000000s ]
INFO: [ app_begin ] --END-- [ RunTime:0.000000s ]
SQL: SHOW COLUMNS FROM `ht_category` [ RunTime:0.0040s ]
NOTIC: [8] Undefined variable: gid E:\wwwroot\www\kf.hitui.com\App\Admin\Controller\CategoryController.class.php 第 12 行.
SQL: SELECT * FROM `ht_category` ORDER BY sort ASC  [ RunTime:0.0000s ]
INFO: [ view_parse ] --START--
INFO: [ template_filter ] --START--
INFO: Run Behavior\ContentReplaceBehavior [ RunTime:0.001000s ]
INFO: [ template_filter ] --END-- [ RunTime:0.001000s ]
NOTIC: [8] Undefined variable: gid E:\wwwroot\www\kf.hitui.com\App\Runtime\Cache\Admin\fd4baca4519ae09b87f761f8e37c27b2.php 第 70 行.
INFO: Run Behavior\ParseTemplateBehavior [ RunTime:0.010000s ]
INFO: [ view_parse ] --END-- [ RunTime:0.011000s ]
INFO: [ view_filter ] --START--
INFO: Run Behavior\WriteHtmlCacheBehavior [ RunTime:0.000000s ]
INFO: [ view_filter ] --END-- [ RunTime:0.000000s ]
INFO: [ app_end ] --START--
INFO: Run Behavior\ShowPageTraceBehavior [ RunTime:0.000000s ]
INFO: [ app_end ] --END-- [ RunTime:0.000000s ]

[ 2017-03-17T11:22:25+08:00 ] 127.0.0.1 /Admin/Category/addCate.html
INFO: [ app_init ] --START--
INFO: Run Behavior\BuildLiteBehavior [ RunTime:0.000000s ]
INFO: [ app_init ] --END-- [ RunTime:0.000000s ]
INFO: [ app_begin ] --START--
INFO: Run Behavior\ReadHtmlCacheBehavior [ RunTime:0.000000s ]
INFO: [ app_begin ] --END-- [ RunTime:0.000000s ]
INFO: [ view_parse ] --START--
INFO: [ template_filter ] --START--
INFO: Run Behavior\ContentReplaceBehavior [ RunTime:0.001000s ]
INFO: [ template_filter ] --END-- [ RunTime:0.001000s ]
INFO: Run Behavior\ParseTemplateBehavior [ RunTime:0.009000s ]
INFO: [ view_parse ] --END-- [ RunTime:0.009000s ]
INFO: [ view_filter ] --START--
INFO: Run Behavior\WriteHtmlCacheBehavior [ RunTime:0.001000s ]
INFO: [ view_filter ] --END-- [ RunTime:0.001000s ]
INFO: [ app_end ] --START--
INFO: Run Behavior\ShowPageTraceBehavior [ RunTime:0.000000s ]
INFO: [ app_end ] --END-- [ RunTime:0.000000s ]

[ 2017-03-17T11:22:34+08:00 ] 127.0.0.1 /Admin/Category/addCate.html
INFO: [ app_init ] --START--
INFO: Run Behavior\BuildLiteBehavior [ RunTime:0.000000s ]
INFO: [ app_init ] --END-- [ RunTime:0.001000s ]
INFO: [ app_begin ] --START--
INFO: Run Behavior\ReadHtmlCacheBehavior [ RunTime:0.001000s ]
INFO: [ app_begin ] --END-- [ RunTime:0.001000s ]
SQL: SHOW COLUMNS FROM `ht_category` [ RunTime:0.0040s ]
SQL: INSERT INTO `ht_category` (`name`,`sort`,`status`,`pid`) VALUES ('测试测试22','100','0','0') [ RunTime:0.0000s ]
INFO: [ view_parse ] --START--
INFO: [ template_filter ] --START--
INFO: Run Behavior\ContentReplaceBehavior [ RunTime:0.000000s ]
INFO: [ template_filter ] --END-- [ RunTime:0.001001s ]
INFO: Run Behavior\ParseTemplateBehavior [ RunTime:0.007001s ]
INFO: [ view_parse ] --END-- [ RunTime:0.007001s ]
INFO: [ view_filter ] --START--
INFO: Run Behavior\WriteHtmlCacheBehavior [ RunTime:0.000000s ]
INFO: [ view_filter ] --END-- [ RunTime:0.000000s ]
INFO: [ app_end ] --START--
INFO: Run Behavior\ShowPageTraceBehavior [ RunTime:0.001000s ]
INFO: [ app_end ] --END-- [ RunTime:0.001000s ]

[ 2017-03-17T11:22:35+08:00 ] 127.0.0.1 /Admin/Category/index.html
INFO: [ app_init ] --START--
INFO: Run Behavior\BuildLiteBehavior [ RunTime:0.000000s ]
INFO: [ app_init ] --END-- [ RunTime:0.000000s ]
INFO: [ app_begin ] --START--
INFO: Run Behavior\ReadHtmlCacheBehavior [ RunTime:0.001000s ]
INFO: [ app_begin ] --END-- [ RunTime:0.001000s ]
SQL: SHOW COLUMNS FROM `ht_category` [ RunTime:0.0040s ]
NOTIC: [8] Undefined variable: gid E:\wwwroot\www\kf.hitui.com\App\Admin\Controller\CategoryController.class.php 第 12 行.
SQL: SELECT * FROM `ht_category` ORDER BY sort ASC  [ RunTime:0.0000s ]
INFO: [ view_parse ] --START--
INFO: [ template_filter ] --START--
INFO: Run Behavior\ContentReplaceBehavior [ RunTime:0.000000s ]
INFO: [ template_filter ] --END-- [ RunTime:0.000000s ]
NOTIC: [8] Undefined variable: gid E:\wwwroot\www\kf.hitui.com\App\Runtime\Cache\Admin\fd4baca4519ae09b87f761f8e37c27b2.php 第 70 行.
INFO: Run Behavior\ParseTemplateBehavior [ RunTime:0.011001s ]
INFO: [ view_parse ] --END-- [ RunTime:0.011001s ]
INFO: [ view_filter ] --START--
INFO: Run Behavior\WriteHtmlCacheBehavior [ RunTime:0.000000s ]
INFO: [ view_filter ] --END-- [ RunTime:0.000000s ]
INFO: [ app_end ] --START--
INFO: Run Behavior\ShowPageTraceBehavior [ RunTime:0.000000s ]
INFO: [ app_end ] --END-- [ RunTime:0.000000s ]

[ 2017-03-17T11:22:36+08:00 ] 127.0.0.1 /Admin/Category/addCate/pid/106.html
INFO: [ app_init ] --START--
INFO: Run Behavior\BuildLiteBehavior [ RunTime:0.000000s ]
INFO: [ app_init ] --END-- [ RunTime:0.001000s ]
INFO: [ app_begin ] --START--
INFO: Run Behavior\ReadHtmlCacheBehavior [ RunTime:0.001000s ]
INFO: [ app_begin ] --END-- [ RunTime:0.001000s ]
INFO: [ view_parse ] --START--
INFO: [ template_filter ] --START--
INFO: Run Behavior\ContentReplaceBehavior [ RunTime:0.000000s ]
INFO: [ template_filter ] --END-- [ RunTime:0.001000s ]
INFO: Run Behavior\ParseTemplateBehavior [ RunTime:0.007000s ]
INFO: [ view_parse ] --END-- [ RunTime:0.007000s ]
INFO: [ view_filter ] --START--
INFO: Run Behavior\WriteHtmlCacheBehavior [ RunTime:0.000000s ]
INFO: [ view_filter ] --END-- [ RunTime:0.000000s ]
INFO: [ app_end ] --START--
INFO: Run Behavior\ShowPageTraceBehavior [ RunTime:0.001000s ]
INFO: [ app_end ] --END-- [ RunTime:0.001000s ]

[ 2017-03-17T11:22:45+08:00 ] 127.0.0.1 /Admin/Category/addCate.html
INFO: [ app_init ] --START--
INFO: Run Behavior\BuildLiteBehavior [ RunTime:0.000000s ]
INFO: [ app_init ] --END-- [ RunTime:0.000000s ]
INFO: [ app_begin ] --START--
INFO: Run Behavior\ReadHtmlCacheBehavior [ RunTime:0.000000s ]
INFO: [ app_begin ] --END-- [ RunTime:0.000000s ]
SQL: SHOW COLUMNS FROM `ht_category` [ RunTime:0.0040s ]
SQL: INSERT INTO `ht_category` (`name`,`sort`,`status`,`pid`) VALUES ('慧华1','100','0','106') [ RunTime:0.0000s ]
INFO: [ view_parse ] --START--
INFO: [ template_filter ] --START--
INFO: Run Behavior\ContentReplaceBehavior [ RunTime:0.000000s ]
INFO: [ template_filter ] --END-- [ RunTime:0.000000s ]
INFO: Run Behavior\ParseTemplateBehavior [ RunTime:0.005000s ]
INFO: [ view_parse ] --END-- [ RunTime:0.005000s ]
INFO: [ view_filter ] --START--
INFO: Run Behavior\WriteHtmlCacheBehavior [ RunTime:0.000000s ]
INFO: [ view_filter ] --END-- [ RunTime:0.000000s ]
INFO: [ app_end ] --START--
INFO: Run Behavior\ShowPageTraceBehavior [ RunTime:0.001001s ]
INFO: [ app_end ] --END-- [ RunTime:0.001001s ]

[ 2017-03-17T11:22:46+08:00 ] 127.0.0.1 /Admin/Category/index.html
INFO: [ app_init ] --START--
INFO: Run Behavior\BuildLiteBehavior [ RunTime:0.000000s ]
INFO: [ app_init ] --END-- [ RunTime:0.000000s ]
INFO: [ app_begin ] --START--
INFO: Run Behavior\ReadHtmlCacheBehavior [ RunTime:0.000000s ]
INFO: [ app_begin ] --END-- [ RunTime:0.000000s ]
SQL: SHOW COLUMNS FROM `ht_category` [ RunTime:0.0050s ]
NOTIC: [8] Undefined variable: gid E:\wwwroot\www\kf.hitui.com\App\Admin\Controller\CategoryController.class.php 第 12 行.
SQL: SELECT * FROM `ht_category` ORDER BY sort ASC  [ RunTime:0.0010s ]
INFO: [ view_parse ] --START--
INFO: [ template_filter ] --START--
INFO: Run Behavior\ContentReplaceBehavior [ RunTime:0.000000s ]
INFO: [ template_filter ] --END-- [ RunTime:0.000000s ]
NOTIC: [8] Undefined variable: gid E:\wwwroot\www\kf.hitui.com\App\Runtime\Cache\Admin\fd4baca4519ae09b87f761f8e37c27b2.php 第 70 行.
INFO: Run Behavior\ParseTemplateBehavior [ RunTime:0.012001s ]
INFO: [ view_parse ] --END-- [ RunTime:0.012001s ]
INFO: [ view_filter ] --START--
INFO: Run Behavior\WriteHtmlCacheBehavior [ RunTime:0.000000s ]
INFO: [ view_filter ] --END-- [ RunTime:0.000000s ]
INFO: [ app_end ] --START--
INFO: Run Behavior\ShowPageTraceBehavior [ RunTime:0.001000s ]
INFO: [ app_end ] --END-- [ RunTime:0.001000s ]

[ 2017-03-17T15:03:29+08:00 ] 127.0.0.1 /admin
INFO: [ app_init ] --START--
INFO: Run Behavior\BuildLiteBehavior [ RunTime:0.000000s ]
INFO: [ app_init ] --END-- [ RunTime:0.000000s ]
INFO: [ app_begin ] --START--
INFO: Run Behavior\ReadHtmlCacheBehavior [ RunTime:0.001000s ]
INFO: [ app_begin ] --END-- [ RunTime:0.001000s ]

[ 2017-03-17T15:03:29+08:00 ] 127.0.0.1 /Admin/Login/index.html
INFO: [ app_init ] --START--
INFO: Run Behavior\BuildLiteBehavior [ RunTime:0.000000s ]
INFO: [ app_init ] --END-- [ RunTime:0.001000s ]
INFO: [ app_begin ] --START--
INFO: Run Behavior\ReadHtmlCacheBehavior [ RunTime:0.001000s ]
INFO: [ app_begin ] --END-- [ RunTime:0.001000s ]
INFO: [ view_parse ] --START--
INFO: [ template_filter ] --START--
INFO: Run Behavior\ContentReplaceBehavior [ RunTime:0.000000s ]
INFO: [ template_filter ] --END-- [ RunTime:0.000000s ]
INFO: Run Behavior\ParseTemplateBehavior [ RunTime:0.007000s ]
INFO: [ view_parse ] --END-- [ RunTime:0.007000s ]
INFO: [ view_filter ] --START--
INFO: Run Behavior\WriteHtmlCacheBehavior [ RunTime:0.001000s ]
INFO: [ view_filter ] --END-- [ RunTime:0.001000s ]
INFO: [ app_end ] --START--
INFO: Run Behavior\ShowPageTraceBehavior [ RunTime:0.000000s ]
INFO: [ app_end ] --END-- [ RunTime:0.000000s ]

[ 2017-03-17T15:03:30+08:00 ] 127.0.0.1 /Admin/Login/verify
INFO: [ app_init ] --START--
INFO: Run Behavior\BuildLiteBehavior [ RunTime:0.000000s ]
INFO: [ app_init ] --END-- [ RunTime:0.000000s ]
INFO: [ app_begin ] --START--
INFO: Run Behavior\ReadHtmlCacheBehavior [ RunTime:0.000000s ]
INFO: [ app_begin ] --END-- [ RunTime:0.000000s ]
INFO: [ app_end ] --START--
INFO: Run Behavior\ShowPageTraceBehavior [ RunTime:0.000000s ]
INFO: [ app_end ] --END-- [ RunTime:0.001000s ]

[ 2017-03-17T15:03:53+08:00 ] 127.0.0.1 /Admin/Login/login.html
INFO: [ app_init ] --START--
INFO: Run Behavior\BuildLiteBehavior [ RunTime:0.000000s ]
INFO: [ app_init ] --END-- [ RunTime:0.001000s ]
INFO: [ app_begin ] --START--
INFO: Run Behavior\ReadHtmlCacheBehavior [ RunTime:0.001000s ]
INFO: [ app_begin ] --END-- [ RunTime:0.001000s ]
SQL: SHOW COLUMNS FROM `ht_manage` [ RunTime:0.0050s ]
SQL: SELECT * FROM `ht_manage` WHERE `username` = 'admin' LIMIT 1   [ RunTime:0.0000s ]
SQL: UPDATE `ht_manage` SET `login_time`='1489734233',`login_ip`='127.0.0.1',`login_count`='18' WHERE `id` = 1 [ RunTime:0.0010s ]
NOTIC: [8] Undefined index: type E:\wwwroot\www\kf.hitui.com\App\Admin\Controller\LoginController.class.php 第 38 行.

[ 2017-03-17T15:03:53+08:00 ] 127.0.0.1 /Admin/Index/index.html
INFO: [ app_init ] --START--
INFO: Run Behavior\BuildLiteBehavior [ RunTime:0.000000s ]
INFO: [ app_init ] --END-- [ RunTime:0.000000s ]
INFO: [ app_begin ] --START--
INFO: Run Behavior\ReadHtmlCacheBehavior [ RunTime:0.001000s ]
INFO: [ app_begin ] --END-- [ RunTime:0.001000s ]
SQL: SHOW COLUMNS FROM `ht_menu` [ RunTime:0.0070s ]
SQL: SELECT * FROM `ht_menu` WHERE `status` = 1 ORDER BY sort  [ RunTime:0.0010s ]
SQL: SHOW COLUMNS FROM `ht_node` [ RunTime:0.0060s ]
SQL: SELECT `id`,`name`,`title`,`pid`,`level`,`menu_id`,`sort`,`url` FROM `ht_node` WHERE ( status=1 AND menu_status=1 AND menu_id='1' ) ORDER BY sort  [ RunTime:0.0000s ]
SQL: SELECT `id`,`name`,`title`,`pid`,`level`,`menu_id`,`sort`,`url` FROM `ht_node` WHERE ( status=1 AND menu_status=1 AND menu_id='15' ) ORDER BY sort  [ RunTime:0.0000s ]
SQL: SELECT `id`,`name`,`title`,`pid`,`level`,`menu_id`,`sort`,`url` FROM `ht_node` WHERE ( status=1 AND menu_status=1 AND menu_id='5' ) ORDER BY sort  [ RunTime:0.0000s ]
SQL: SHOW COLUMNS FROM `ht_node` [ RunTime:0.0040s ]
SQL: SELECT `id`,`name`,`title`,`pid`,`menu_id`,`menu_status` FROM `ht_node`  [ RunTime:0.0000s ]
INFO: [ view_parse ] --START--
INFO: [ template_filter ] --START--
INFO: Run Behavior\ContentReplaceBehavior [ RunTime:0.000000s ]
INFO: [ template_filter ] --END-- [ RunTime:0.000000s ]
INFO: Run Behavior\ParseTemplateBehavior [ RunTime:0.012001s ]
INFO: [ view_parse ] --END-- [ RunTime:0.012001s ]
INFO: [ view_filter ] --START--
INFO: Run Behavior\WriteHtmlCacheBehavior [ RunTime:0.000000s ]
INFO: [ view_filter ] --END-- [ RunTime:0.000000s ]
INFO: [ app_end ] --START--
INFO: Run Behavior\ShowPageTraceBehavior [ RunTime:0.001000s ]
INFO: [ app_end ] --END-- [ RunTime:0.001000s ]

[ 2017-03-17T15:03:53+08:00 ] 127.0.0.1 /Admin/Index/welcome.html
INFO: [ app_init ] --START--
INFO: Run Behavior\BuildLiteBehavior [ RunTime:0.000000s ]
INFO: [ app_init ] --END-- [ RunTime:0.000000s ]
INFO: [ app_begin ] --START--
INFO: Run Behavior\ReadHtmlCacheBehavior [ RunTime:0.001000s ]
INFO: [ app_begin ] --END-- [ RunTime:0.001000s ]
SQL: select VERSION() [ RunTime:0.0000s ]
SQL: SHOW COLUMNS FROM `v5_user` [ RunTime:0.0050s ]
SQL: SELECT COUNT(*) AS tp_count FROM `v5_user` LIMIT 1   [ RunTime:0.0000s ]
SQL: SHOW COLUMNS FROM `ht_article` [ RunTime:0.0040s ]
SQL: SELECT COUNT(*) AS tp_count FROM `ht_article` LIMIT 1   [ RunTime:0.0010s ]
SQL: SHOW COLUMNS FROM `v5_video` [ RunTime:0.0060s ]
SQL: SELECT COUNT(*) AS tp_count FROM `v5_video` LIMIT 1   [ RunTime:0.0000s ]
INFO: [ view_parse ] --START--
INFO: [ template_filter ] --START--
INFO: Run Behavior\ContentReplaceBehavior [ RunTime:0.000000s ]
INFO: [ template_filter ] --END-- [ RunTime:0.000000s ]
INFO: Run Behavior\ParseTemplateBehavior [ RunTime:0.018001s ]
INFO: [ view_parse ] --END-- [ RunTime:0.018001s ]
INFO: [ view_filter ] --START--
INFO: Run Behavior\WriteHtmlCacheBehavior [ RunTime:0.000000s ]
INFO: [ view_filter ] --END-- [ RunTime:0.000000s ]
INFO: [ app_end ] --START--
INFO: Run Behavior\ShowPageTraceBehavior [ RunTime:0.000000s ]
INFO: [ app_end ] --END-- [ RunTime:0.001000s ]

[ 2017-03-17T15:04:12+08:00 ] 127.0.0.1 /Admin/Menu/index.html
INFO: [ app_init ] --START--
INFO: Run Behavior\BuildLiteBehavior [ RunTime:0.000000s ]
INFO: [ app_init ] --END-- [ RunTime:0.000000s ]
INFO: [ app_begin ] --START--
INFO: Run Behavior\ReadHtmlCacheBehavior [ RunTime:0.000000s ]
INFO: [ app_begin ] --END-- [ RunTime:0.000000s ]
SQL: SHOW COLUMNS FROM `ht_menu` [ RunTime:0.0040s ]
SQL: SELECT * FROM `ht_menu` ORDER BY sort  [ RunTime:0.0000s ]
INFO: [ view_parse ] --START--
INFO: [ template_filter ] --START--
INFO: Run Behavior\ContentReplaceBehavior [ RunTime:0.000000s ]
INFO: [ template_filter ] --END-- [ RunTime:0.000000s ]
NOTIC: [8] Undefined variable: gid E:\wwwroot\www\kf.hitui.com\App\Runtime\Cache\Admin\5a1d71dcf039f1b3725a8d8d96ae9d91.php 第 70 行.
INFO: Run Behavior\ParseTemplateBehavior [ RunTime:0.009001s ]
INFO: [ view_parse ] --END-- [ RunTime:0.009001s ]
INFO: [ view_filter ] --START--
INFO: Run Behavior\WriteHtmlCacheBehavior [ RunTime:0.000000s ]
INFO: [ view_filter ] --END-- [ RunTime:0.000000s ]
INFO: [ app_end ] --START--
INFO: Run Behavior\ShowPageTraceBehavior [ RunTime:0.000000s ]
INFO: [ app_end ] --END-- [ RunTime:0.000000s ]

[ 2017-03-17T15:04:19+08:00 ] 127.0.0.1 /Admin/Rbac/index.html
INFO: [ app_init ] --START--
INFO: Run Behavior\BuildLiteBehavior [ RunTime:0.000000s ]
INFO: [ app_init ] --END-- [ RunTime:0.000000s ]
INFO: [ app_begin ] --START--
INFO: Run Behavior\ReadHtmlCacheBehavior [ RunTime:0.000000s ]
INFO: [ app_begin ] --END-- [ RunTime:0.000000s ]
SQL: SHOW COLUMNS FROM `ht_manage` [ RunTime:0.0040s ]
SQL: SELECT COUNT(id) AS tp_count FROM `ht_manage` WHERE `id` <> '1' AND `username` <> 'admin' LIMIT 1   [ RunTime:0.0010s ]
SQL: SELECT `id`,`username`,`name`,`sex`,`email`,`tel`,`login_time`,`login_ip`,`up_time`,`reg_time`,`reg_ip`,`login_count`,`lock` FROM `ht_manage` WHERE `id` <> '1' AND `username` <> 'admin' LIMIT 0,15   [ RunTime:0.0000s ]
INFO: [ view_parse ] --START--
INFO: [ template_filter ] --START--
INFO: Run Behavior\ContentReplaceBehavior [ RunTime:0.000000s ]
INFO: [ template_filter ] --END-- [ RunTime:0.000000s ]
INFO: Run Behavior\ParseTemplateBehavior [ RunTime:0.012000s ]
INFO: [ view_parse ] --END-- [ RunTime:0.013000s ]
INFO: [ view_filter ] --START--
INFO: Run Behavior\WriteHtmlCacheBehavior [ RunTime:0.000000s ]
INFO: [ view_filter ] --END-- [ RunTime:0.000000s ]
INFO: [ app_end ] --START--
INFO: Run Behavior\ShowPageTraceBehavior [ RunTime:0.000000s ]
INFO: [ app_end ] --END-- [ RunTime:0.000000s ]

[ 2017-03-17T15:04:21+08:00 ] 127.0.0.1 /Admin/Rbac/role.html
INFO: [ app_init ] --START--
INFO: Run Behavior\BuildLiteBehavior [ RunTime:0.000000s ]
INFO: [ app_init ] --END-- [ RunTime:0.001000s ]
INFO: [ app_begin ] --START--
INFO: Run Behavior\ReadHtmlCacheBehavior [ RunTime:0.001000s ]
INFO: [ app_begin ] --END-- [ RunTime:0.001000s ]
SQL: SHOW COLUMNS FROM `ht_role` [ RunTime:0.0050s ]
SQL: SELECT * FROM `ht_role`  [ RunTime:0.0000s ]
INFO: [ view_parse ] --START--
INFO: [ template_filter ] --START--
INFO: Run Behavior\ContentReplaceBehavior [ RunTime:0.001000s ]
INFO: [ template_filter ] --END-- [ RunTime:0.001000s ]
INFO: Run Behavior\ParseTemplateBehavior [ RunTime:0.010000s ]
INFO: [ view_parse ] --END-- [ RunTime:0.010000s ]
INFO: [ view_filter ] --START--
INFO: Run Behavior\WriteHtmlCacheBehavior [ RunTime:0.000000s ]
INFO: [ view_filter ] --END-- [ RunTime:0.000000s ]
INFO: [ app_end ] --START--
INFO: Run Behavior\ShowPageTraceBehavior [ RunTime:0.001000s ]
INFO: [ app_end ] --END-- [ RunTime:0.001000s ]

[ 2017-03-17T15:04:26+08:00 ] 127.0.0.1 /Admin/Menu/index.html
INFO: [ app_init ] --START--
INFO: Run Behavior\BuildLiteBehavior [ RunTime:0.000000s ]
INFO: [ app_init ] --END-- [ RunTime:0.001000s ]
INFO: [ app_begin ] --START--
INFO: Run Behavior\ReadHtmlCacheBehavior [ RunTime:0.000000s ]
INFO: [ app_begin ] --END-- [ RunTime:0.000000s ]
SQL: SHOW COLUMNS FROM `ht_menu` [ RunTime:0.0030s ]
SQL: SELECT * FROM `ht_menu` ORDER BY sort  [ RunTime:0.0000s ]
INFO: [ view_parse ] --START--
INFO: [ template_filter ] --START--
INFO: Run Behavior\ContentReplaceBehavior [ RunTime:0.000000s ]
INFO: [ template_filter ] --END-- [ RunTime:0.000000s ]
NOTIC: [8] Undefined variable: gid E:\wwwroot\www\kf.hitui.com\App\Runtime\Cache\Admin\5a1d71dcf039f1b3725a8d8d96ae9d91.php 第 70 行.
INFO: Run Behavior\ParseTemplateBehavior [ RunTime:0.010000s ]
INFO: [ view_parse ] --END-- [ RunTime:0.010000s ]
INFO: [ view_filter ] --START--
INFO: Run Behavior\WriteHtmlCacheBehavior [ RunTime:0.000000s ]
INFO: [ view_filter ] --END-- [ RunTime:0.000000s ]
INFO: [ app_end ] --START--
INFO: Run Behavior\ShowPageTraceBehavior [ RunTime:0.001000s ]
INFO: [ app_end ] --END-- [ RunTime:0.001000s ]

[ 2017-03-17T15:04:27+08:00 ] 127.0.0.1 /Admin/Data/index.html
INFO: [ app_init ] --START--
INFO: Run Behavior\BuildLiteBehavior [ RunTime:0.000000s ]
INFO: [ app_init ] --END-- [ RunTime:0.000000s ]
INFO: [ app_begin ] --START--
INFO: Run Behavior\ReadHtmlCacheBehavior [ RunTime:0.000000s ]
INFO: [ app_begin ] --END-- [ RunTime:0.000000s ]
SQL: SHOW TABLE STATUS FROM ihitui_px [ RunTime:0.0790s ]
INFO: [ view_parse ] --START--
INFO: [ template_filter ] --START--
INFO: Run Behavior\ContentReplaceBehavior [ RunTime:0.000000s ]
INFO: [ template_filter ] --END-- [ RunTime:0.000000s ]
INFO: Run Behavior\ParseTemplateBehavior [ RunTime:0.016001s ]
INFO: [ view_parse ] --END-- [ RunTime:0.016001s ]
INFO: [ view_filter ] --START--
INFO: Run Behavior\WriteHtmlCacheBehavior [ RunTime:0.000000s ]
INFO: [ view_filter ] --END-- [ RunTime:0.000000s ]
INFO: [ app_end ] --START--
INFO: Run Behavior\ShowPageTraceBehavior [ RunTime:0.000000s ]
INFO: [ app_end ] --END-- [ RunTime:0.000000s ]

[ 2017-03-17T15:04:32+08:00 ] 127.0.0.1 /Admin/Rbac/node.html
INFO: [ app_init ] --START--
INFO: Run Behavior\BuildLiteBehavior [ RunTime:0.000000s ]
INFO: [ app_init ] --END-- [ RunTime:0.001000s ]
INFO: [ app_begin ] --START--
INFO: Run Behavior\ReadHtmlCacheBehavior [ RunTime:0.001000s ]
INFO: [ app_begin ] --END-- [ RunTime:0.001000s ]
SQL: SHOW COLUMNS FROM `ht_node` [ RunTime:0.0040s ]
SQL: SELECT `id`,`name`,`title`,`pid`,`sort`,`status`,`menu_id`,`menu_status` FROM `ht_node`  [ RunTime:0.0010s ]
SQL: SHOW COLUMNS FROM `ht_menu` [ RunTime:0.0030s ]
SQL: SELECT `title` FROM `ht_menu` WHERE ( 1=1 AND id='0' ) LIMIT 1   [ RunTime:0.0000s ]
SQL: SELECT `title` FROM `ht_menu` WHERE ( 1=1 AND id='0' ) LIMIT 1   [ RunTime:0.0000s ]
SQL: SELECT `title` FROM `ht_menu` WHERE ( 1=1 AND id='1' ) LIMIT 1   [ RunTime:0.0000s ]
SQL: SELECT `title` FROM `ht_menu` WHERE ( 1=1 AND id='0' ) LIMIT 1   [ RunTime:0.0000s ]
SQL: SELECT `title` FROM `ht_menu` WHERE ( 1=1 AND id='0' ) LIMIT 1   [ RunTime:0.0000s ]
SQL: SELECT `title` FROM `ht_menu` WHERE ( 1=1 AND id='0' ) LIMIT 1   [ RunTime:0.0000s ]
SQL: SELECT `title` FROM `ht_menu` WHERE ( 1=1 AND id='0' ) LIMIT 1   [ RunTime:0.0000s ]
SQL: SELECT `title` FROM `ht_menu` WHERE ( 1=1 AND id='1' ) LIMIT 1   [ RunTime:0.0000s ]
SQL: SELECT `title` FROM `ht_menu` WHERE ( 1=1 AND id='0' ) LIMIT 1   [ RunTime:0.0000s ]
SQL: SELECT `title` FROM `ht_menu` WHERE ( 1=1 AND id='0' ) LIMIT 1   [ RunTime:0.0000s ]
SQL: SELECT `title` FROM `ht_menu` WHERE ( 1=1 AND id='0' ) LIMIT 1   [ RunTime:0.0010s ]
SQL: SELECT `title` FROM `ht_menu` WHERE ( 1=1 AND id='1' ) LIMIT 1   [ RunTime:0.0000s ]
SQL: SELECT `title` FROM `ht_menu` WHERE ( 1=1 AND id='0' ) LIMIT 1   [ RunTime:0.0000s ]
SQL: SELECT `title` FROM `ht_menu` WHERE ( 1=1 AND id='0' ) LIMIT 1   [ RunTime:0.0000s ]
SQL: SELECT `title` FROM `ht_menu` WHERE ( 1=1 AND id='0' ) LIMIT 1   [ RunTime:0.0000s ]
SQL: SELECT `title` FROM `ht_menu` WHERE ( 1=1 AND id='1' ) LIMIT 1   [ RunTime:0.0000s ]
SQL: SELECT `title` FROM `ht_menu` WHERE ( 1=1 AND id='0' ) LIMIT 1   [ RunTime:0.0000s ]
SQL: SELECT `title` FROM `ht_menu` WHERE ( 1=1 AND id='0' ) LIMIT 1   [ RunTime:0.0000s ]
SQL: SELECT `title` FROM `ht_menu` WHERE ( 1=1 AND id='0' ) LIMIT 1   [ RunTime:0.0000s ]
SQL: SELECT `title` FROM `ht_menu` WHERE ( 1=1 AND id='0' ) LIMIT 1   [ RunTime:0.0000s ]
SQL: SELECT `title` FROM `ht_menu` WHERE ( 1=1 AND id='0' ) LIMIT 1   [ RunTime:0.0000s ]
SQL: SELECT `title` FROM `ht_menu` WHERE ( 1=1 AND id='1' ) LIMIT 1   [ RunTime:0.0010s ]
SQL: SELECT `title` FROM `ht_menu` WHERE ( 1=1 AND id='0' ) LIMIT 1   [ RunTime:0.0000s ]
SQL: SELECT `title` FROM `ht_menu` WHERE ( 1=1 AND id='0' ) LIMIT 1   [ RunTime:0.0000s ]
SQL: SELECT `title` FROM `ht_menu` WHERE ( 1=1 AND id='0' ) LIMIT 1   [ RunTime:0.0000s ]
SQL: SELECT `title` FROM `ht_menu` WHERE ( 1=1 AND id='15' ) LIMIT 1   [ RunTime:0.0000s ]
SQL: SELECT `title` FROM `ht_menu` WHERE ( 1=1 AND id='0' ) LIMIT 1   [ RunTime:0.0000s ]
SQL: SELECT `title` FROM `ht_menu` WHERE ( 1=1 AND id='0' ) LIMIT 1   [ RunTime:0.0010s ]
SQL: SELECT `title` FROM `ht_menu` WHERE ( 1=1 AND id='0' ) LIMIT 1   [ RunTime:0.0000s ]
SQL: SELECT `title` FROM `ht_menu` WHERE ( 1=1 AND id='0' ) LIMIT 1   [ RunTime:0.0000s ]
SQL: SELECT `title` FROM `ht_menu` WHERE ( 1=1 AND id='5' ) LIMIT 1   [ RunTime:0.0010s ]
SQL: SELECT `title` FROM `ht_menu` WHERE ( 1=1 AND id='0' ) LIMIT 1   [ RunTime:0.0000s ]
SQL: SELECT `title` FROM `ht_menu` WHERE ( 1=1 AND id='0' ) LIMIT 1   [ RunTime:0.0000s ]
SQL: SELECT `title` FROM `ht_menu` WHERE ( 1=1 AND id='0' ) LIMIT 1   [ RunTime:0.0000s ]
SQL: SELECT `title` FROM `ht_menu` WHERE ( 1=1 AND id='0' ) LIMIT 1   [ RunTime:0.0010s ]
INFO: [ view_parse ] --START--
INFO: [ template_filter ] --START--
INFO: Run Behavior\ContentReplaceBehavior [ RunTime:0.001000s ]
INFO: [ template_filter ] --END-- [ RunTime:0.001000s ]
NOTIC: [8] Undefined variable: gid E:\wwwroot\www\kf.hitui.com\App\Runtime\Cache\Admin\5956d02cef07d0f490f1cf2927dcf4bf.php 第 70 行.
INFO: Run Behavior\ParseTemplateBehavior [ RunTime:0.018001s ]
INFO: [ view_parse ] --END-- [ RunTime:0.019002s ]
INFO: [ view_filter ] --START--
INFO: Run Behavior\WriteHtmlCacheBehavior [ RunTime:0.000000s ]
INFO: [ view_filter ] --END-- [ RunTime:0.000000s ]
INFO: [ app_end ] --START--
INFO: Run Behavior\ShowPageTraceBehavior [ RunTime:0.001000s ]
INFO: [ app_end ] --END-- [ RunTime:0.001000s ]

[ 2017-03-17T15:04:42+08:00 ] 127.0.0.1 /Admin/Rbac/addNode/pid/1/level/2.html
INFO: [ app_init ] --START--
INFO: Run Behavior\BuildLiteBehavior [ RunTime:0.000000s ]
INFO: [ app_init ] --END-- [ RunTime:0.001000s ]
INFO: [ app_begin ] --START--
INFO: Run Behavior\ReadHtmlCacheBehavior [ RunTime:0.000000s ]
INFO: [ app_begin ] --END-- [ RunTime:0.000000s ]
SQL: SHOW COLUMNS FROM `ht_menu` [ RunTime:0.0050s ]
SQL: SELECT * FROM `ht_menu` ORDER BY sort  [ RunTime:0.0020s ]
INFO: [ view_parse ] --START--
INFO: [ template_filter ] --START--
INFO: Run Behavior\ContentReplaceBehavior [ RunTime:0.001001s ]
INFO: [ template_filter ] --END-- [ RunTime:0.001001s ]
INFO: Run Behavior\ParseTemplateBehavior [ RunTime:0.008001s ]
INFO: [ view_parse ] --END-- [ RunTime:0.009001s ]
INFO: [ view_filter ] --START--
INFO: Run Behavior\WriteHtmlCacheBehavior [ RunTime:0.001000s ]
INFO: [ view_filter ] --END-- [ RunTime:0.001000s ]
INFO: [ app_end ] --START--
INFO: Run Behavior\ShowPageTraceBehavior [ RunTime:0.001000s ]
INFO: [ app_end ] --END-- [ RunTime:0.001000s ]

[ 2017-03-17T15:04:46+08:00 ] 127.0.0.1 /Admin/Data/index.html
INFO: [ app_init ] --START--
INFO: Run Behavior\BuildLiteBehavior [ RunTime:0.000000s ]
INFO: [ app_init ] --END-- [ RunTime:0.001000s ]
INFO: [ app_begin ] --START--
INFO: Run Behavior\ReadHtmlCacheBehavior [ RunTime:0.000000s ]
INFO: [ app_begin ] --END-- [ RunTime:0.000000s ]
SQL: SHOW TABLE STATUS FROM ihitui_px [ RunTime:0.0030s ]
INFO: [ view_parse ] --START--
INFO: [ template_filter ] --START--
INFO: Run Behavior\ContentReplaceBehavior [ RunTime:0.000000s ]
INFO: [ template_filter ] --END-- [ RunTime:0.000000s ]
INFO: Run Behavior\ParseTemplateBehavior [ RunTime:0.016001s ]
INFO: [ view_parse ] --END-- [ RunTime:0.016001s ]
INFO: [ view_filter ] --START--
INFO: Run Behavior\WriteHtmlCacheBehavior [ RunTime:0.001000s ]
INFO: [ view_filter ] --END-- [ RunTime:0.001000s ]
INFO: [ app_end ] --START--
INFO: Run Behavior\ShowPageTraceBehavior [ RunTime:0.001000s ]
INFO: [ app_end ] --END-- [ RunTime:0.001000s ]

[ 2017-03-17T15:04:47+08:00 ] 127.0.0.1 /Admin/Rbac/role.html
INFO: [ app_init ] --START--
INFO: Run Behavior\BuildLiteBehavior [ RunTime:0.000000s ]
INFO: [ app_init ] --END-- [ RunTime:0.000000s ]
INFO: [ app_begin ] --START--
INFO: Run Behavior\ReadHtmlCacheBehavior [ RunTime:0.000000s ]
INFO: [ app_begin ] --END-- [ RunTime:0.000000s ]
SQL: SHOW COLUMNS FROM `ht_role` [ RunTime:0.0040s ]
SQL: SELECT * FROM `ht_role`  [ RunTime:0.0000s ]
INFO: [ view_parse ] --START--
INFO: [ template_filter ] --START--
INFO: Run Behavior\ContentReplaceBehavior [ RunTime:0.000000s ]
INFO: [ template_filter ] --END-- [ RunTime:0.000000s ]
INFO: Run Behavior\ParseTemplateBehavior [ RunTime:0.010001s ]
INFO: [ view_parse ] --END-- [ RunTime:0.010001s ]
INFO: [ view_filter ] --START--
INFO: Run Behavior\WriteHtmlCacheBehavior [ RunTime:0.000000s ]
INFO: [ view_filter ] --END-- [ RunTime:0.000000s ]
INFO: [ app_end ] --START--
INFO: Run Behavior\ShowPageTraceBehavior [ RunTime:0.001000s ]
INFO: [ app_end ] --END-- [ RunTime:0.001000s ]

[ 2017-03-17T15:04:49+08:00 ] 127.0.0.1 /Admin/Data/index.html
INFO: [ app_init ] --START--
INFO: Run Behavior\BuildLiteBehavior [ RunTime:0.000000s ]
INFO: [ app_init ] --END-- [ RunTime:0.000000s ]
INFO: [ app_begin ] --START--
INFO: Run Behavior\ReadHtmlCacheBehavior [ RunTime:0.000000s ]
INFO: [ app_begin ] --END-- [ RunTime:0.000000s ]
SQL: SHOW TABLE STATUS FROM ihitui_px [ RunTime:0.0030s ]
INFO: [ view_parse ] --START--
INFO: [ template_filter ] --START--
INFO: Run Behavior\ContentReplaceBehavior [ RunTime:0.000000s ]
INFO: [ template_filter ] --END-- [ RunTime:0.001000s ]
INFO: Run Behavior\ParseTemplateBehavior [ RunTime:0.013000s ]
INFO: [ view_parse ] --END-- [ RunTime:0.013000s ]
INFO: [ view_filter ] --START--
INFO: Run Behavior\WriteHtmlCacheBehavior [ RunTime:0.001000s ]
INFO: [ view_filter ] --END-- [ RunTime:0.001000s ]
INFO: [ app_end ] --START--
INFO: Run Behavior\ShowPageTraceBehavior [ RunTime:0.001000s ]
INFO: [ app_end ] --END-- [ RunTime:0.001000s ]

[ 2017-03-17T15:04:53+08:00 ] 127.0.0.1 /Admin/Article/index.html
INFO: [ app_init ] --START--
INFO: Run Behavior\BuildLiteBehavior [ RunTime:0.000000s ]
INFO: [ app_init ] --END-- [ RunTime:0.000000s ]
INFO: [ app_begin ] --START--
INFO: Run Behavior\ReadHtmlCacheBehavior [ RunTime:0.001000s ]
INFO: [ app_begin ] --END-- [ RunTime:0.001000s ]
SQL: SHOW COLUMNS FROM `ht_article` [ RunTime:0.0040s ]
SQL: SHOW COLUMNS FROM `ht_category` [ RunTime:0.0030s ]
NOTIC: [8] Undefined index: cid E:\wwwroot\www\kf.hitui.com\App\Admin\Controller\ArticleController.class.php 第 14 行.
NOTIC: [8] Undefined index: title E:\wwwroot\www\kf.hitui.com\App\Admin\Controller\ArticleController.class.php 第 16 行.
SQL: SELECT COUNT(*) AS tp_count FROM `ht_article` LIMIT 1   [ RunTime:0.0000s ]
SQL: SELECT * FROM `ht_article` ORDER BY sort desc LIMIT 0,15   [ RunTime:0.0010s ]
SQL: SELECT * FROM `ht_category`  [ RunTime:0.0000s ]
INFO: [ view_parse ] --START--
INFO: [ template_filter ] --START--
INFO: Run Behavior\ContentReplaceBehavior [ RunTime:0.000000s ]
INFO: [ template_filter ] --END-- [ RunTime:0.000000s ]
NOTIC: [8] Undefined variable: cid E:\wwwroot\www\kf.hitui.com\App\Runtime\Cache\Admin\ac492b5605bffa8cac27c5e0dc599b32.php 第 91 行.
NOTIC: [8] Undefined variable: cid E:\wwwroot\www\kf.hitui.com\App\Runtime\Cache\Admin\ac492b5605bffa8cac27c5e0dc599b32.php 第 92 行.
NOTIC: [8] Undefined variable: cid E:\wwwroot\www\kf.hitui.com\App\Runtime\Cache\Admin\ac492b5605bffa8cac27c5e0dc599b32.php 第 92 行.
NOTIC: [8] Undefined variable: cid E:\wwwroot\www\kf.hitui.com\App\Runtime\Cache\Admin\ac492b5605bffa8cac27c5e0dc599b32.php 第 92 行.
NOTIC: [8] Undefined variable: cid E:\wwwroot\www\kf.hitui.com\App\Runtime\Cache\Admin\ac492b5605bffa8cac27c5e0dc599b32.php 第 92 行.
SQL: SELECT `pid` FROM `ht_category` WHERE `id` = 105 LIMIT 1   [ RunTime:0.0000s ]
SQL: SELECT `name` FROM `ht_category` WHERE `id` = 104 LIMIT 1   [ RunTime:0.0000s ]
SQL: SELECT `name` FROM `ht_category` WHERE `id` = 105 LIMIT 1   [ RunTime:0.0000s ]
SQL: SELECT `pid` FROM `ht_category` WHERE `id` = 105 LIMIT 1   [ RunTime:0.0010s ]
SQL: SELECT `name` FROM `ht_category` WHERE `id` = 104 LIMIT 1   [ RunTime:0.0000s ]
SQL: SELECT `name` FROM `ht_category` WHERE `id` = 105 LIMIT 1   [ RunTime:0.0000s ]
SQL: SELECT `pid` FROM `ht_category` WHERE `id` = 105 LIMIT 1   [ RunTime:0.0000s ]
SQL: SELECT `name` FROM `ht_category` WHERE `id` = 104 LIMIT 1   [ RunTime:0.0000s ]
SQL: SELECT `name` FROM `ht_category` WHERE `id` = 105 LIMIT 1   [ RunTime:0.0000s ]
SQL: SELECT `pid` FROM `ht_category` WHERE `id` = 105 LIMIT 1   [ RunTime:0.0000s ]
SQL: SELECT `name` FROM `ht_category` WHERE `id` = 104 LIMIT 1   [ RunTime:0.0000s ]
SQL: SELECT `name` FROM `ht_category` WHERE `id` = 105 LIMIT 1   [ RunTime:0.0000s ]
INFO: Run Behavior\ParseTemplateBehavior [ RunTime:0.014001s ]
INFO: [ view_parse ] --END-- [ RunTime:0.014001s ]
INFO: [ view_filter ] --START--
INFO: Run Behavior\WriteHtmlCacheBehavior [ RunTime:0.000000s ]
INFO: [ view_filter ] --END-- [ RunTime:0.000000s ]
INFO: [ app_end ] --START--
INFO: Run Behavior\ShowPageTraceBehavior [ RunTime:0.001000s ]
INFO: [ app_end ] --END-- [ RunTime:0.001000s ]

[ 2017-03-17T15:05:00+08:00 ] 127.0.0.1 /Admin/Category/index.html
INFO: [ app_init ] --START--
INFO: Run Behavior\BuildLiteBehavior [ RunTime:0.000000s ]
INFO: [ app_init ] --END-- [ RunTime:0.000000s ]
INFO: [ app_begin ] --START--
INFO: Run Behavior\ReadHtmlCacheBehavior [ RunTime:0.001000s ]
INFO: [ app_begin ] --END-- [ RunTime:0.001000s ]
SQL: SHOW COLUMNS FROM `ht_category` [ RunTime:0.0040s ]
NOTIC: [8] Undefined variable: gid E:\wwwroot\www\kf.hitui.com\App\Admin\Controller\CategoryController.class.php 第 12 行.
SQL: SELECT * FROM `ht_category` ORDER BY sort ASC  [ RunTime:0.0000s ]
INFO: [ view_parse ] --START--
INFO: [ template_filter ] --START--
INFO: Run Behavior\ContentReplaceBehavior [ RunTime:0.000000s ]
INFO: [ template_filter ] --END-- [ RunTime:0.000000s ]
NOTIC: [8] Undefined variable: gid E:\wwwroot\www\kf.hitui.com\App\Runtime\Cache\Admin\fd4baca4519ae09b87f761f8e37c27b2.php 第 70 行.
INFO: Run Behavior\ParseTemplateBehavior [ RunTime:0.010001s ]
INFO: [ view_parse ] --END-- [ RunTime:0.011001s ]
INFO: [ view_filter ] --START--
INFO: Run Behavior\WriteHtmlCacheBehavior [ RunTime:0.000000s ]
INFO: [ view_filter ] --END-- [ RunTime:0.000000s ]
INFO: [ app_end ] --START--
INFO: Run Behavior\ShowPageTraceBehavior [ RunTime:0.001000s ]
INFO: [ app_end ] --END-- [ RunTime:0.001000s ]

