[ 2017-04-06T10:35:43+08:00 ] 127.0.0.1 /admin
INFO: [ app_init ] --START--
INFO: Run Behavior\BuildLiteBehavior [ RunTime:0.000000s ]
INFO: [ app_init ] --END-- [ RunTime:0.000000s ]
INFO: [ app_begin ] --START--
INFO: Run Behavior\ReadHtmlCacheBehavior [ RunTime:0.001000s ]
INFO: [ app_begin ] --END-- [ RunTime:0.001000s ]
NOTIC: [8] A session had already been started - ignoring session_start() E:\wwwroot\www\kf.hitui.com\ThinkPHP\Common\functions.php 第 1263 行.

[ 2017-04-06T10:35:43+08:00 ] 127.0.0.1 /Admin/Login/index.html
INFO: [ app_init ] --START--
INFO: Run Behavior\BuildLiteBehavior [ RunTime:0.001000s ]
INFO: [ app_init ] --END-- [ RunTime:0.001000s ]
INFO: [ app_begin ] --START--
INFO: Run Behavior\ReadHtmlCacheBehavior [ RunTime:0.001000s ]
INFO: [ app_begin ] --END-- [ RunTime:0.001000s ]
NOTIC: [8] A session had already been started - ignoring session_start() E:\wwwroot\www\kf.hitui.com\ThinkPHP\Common\functions.php 第 1263 行.
INFO: [ view_parse ] --START--
INFO: [ template_filter ] --START--
INFO: Run Behavior\ContentReplaceBehavior [ RunTime:0.000000s ]
INFO: [ template_filter ] --END-- [ RunTime:0.000000s ]
SQL: SHOW COLUMNS FROM `ht_config` [ RunTime:0.0040s ]
INFO: Run Behavior\ParseTemplateBehavior [ RunTime:0.033002s ]
INFO: [ view_parse ] --END-- [ RunTime:0.033002s ]
INFO: [ view_filter ] --START--
INFO: Run Behavior\WriteHtmlCacheBehavior [ RunTime:0.000000s ]
INFO: [ view_filter ] --END-- [ RunTime:0.000000s ]
INFO: [ app_end ] --START--
INFO: Run Behavior\ShowPageTraceBehavior [ RunTime:0.000000s ]
INFO: [ app_end ] --END-- [ RunTime:0.000000s ]

[ 2017-04-06T10:35:43+08:00 ] 127.0.0.1 /Admin/Login/verify
INFO: [ app_init ] --START--
INFO: Run Behavior\BuildLiteBehavior [ RunTime:0.000000s ]
INFO: [ app_init ] --END-- [ RunTime:0.000000s ]
INFO: [ app_begin ] --START--
INFO: Run Behavior\ReadHtmlCacheBehavior [ RunTime:0.000000s ]
INFO: [ app_begin ] --END-- [ RunTime:0.000000s ]
NOTIC: [8] A session had already been started - ignoring session_start() E:\wwwroot\www\kf.hitui.com\ThinkPHP\Common\functions.php 第 1263 行.
INFO: [ app_end ] --START--
INFO: Run Behavior\ShowPageTraceBehavior [ RunTime:0.000000s ]
INFO: [ app_end ] --END-- [ RunTime:0.000000s ]

[ 2017-04-06T10:35:59+08:00 ] 127.0.0.1 /Admin/Login/login.html
INFO: [ app_init ] --START--
INFO: Run Behavior\BuildLiteBehavior [ RunTime:0.000000s ]
INFO: [ app_init ] --END-- [ RunTime:0.001000s ]
INFO: [ app_begin ] --START--
INFO: Run Behavior\ReadHtmlCacheBehavior [ RunTime:0.001000s ]
INFO: [ app_begin ] --END-- [ RunTime:0.001000s ]
NOTIC: [8] A session had already been started - ignoring session_start() E:\wwwroot\www\kf.hitui.com\ThinkPHP\Common\functions.php 第 1263 行.
SQL: SHOW COLUMNS FROM `ht_manage` [ RunTime:0.0050s ]
SQL: SELECT * FROM `ht_manage` WHERE `username` = 'admin' LIMIT 1   [ RunTime:0.0000s ]
SQL: UPDATE `ht_manage` SET `login_time`='1491446159',`login_ip`='127.0.0.1',`login_count`='20' WHERE `id` = 1 [ RunTime:0.0010s ]
NOTIC: [8] Undefined index: type E:\wwwroot\www\kf.hitui.com\App\Admin\Controller\LoginController.class.php 第 38 行.

[ 2017-04-06T10:35:59+08:00 ] 127.0.0.1 /Admin/Index/index.html
INFO: [ app_init ] --START--
INFO: Run Behavior\BuildLiteBehavior [ RunTime:0.000000s ]
INFO: [ app_init ] --END-- [ RunTime:0.000000s ]
INFO: [ app_begin ] --START--
INFO: Run Behavior\ReadHtmlCacheBehavior [ RunTime:0.000000s ]
INFO: [ app_begin ] --END-- [ RunTime:0.000000s ]
NOTIC: [8] A session had already been started - ignoring session_start() E:\wwwroot\www\kf.hitui.com\ThinkPHP\Common\functions.php 第 1263 行.
SQL: SHOW COLUMNS FROM `ht_menu` [ RunTime:0.0060s ]
SQL: SELECT * FROM `ht_menu` WHERE `status` = 1 ORDER BY sort  [ RunTime:0.0000s ]
SQL: SHOW COLUMNS FROM `ht_node` [ RunTime:0.0050s ]
SQL: SELECT `id`,`name`,`title`,`pid`,`level`,`menu_id`,`sort`,`url` FROM `ht_node` WHERE ( status=1 AND menu_status=1 AND menu_id='1' ) ORDER BY sort  [ RunTime:0.0010s ]
SQL: SELECT `id`,`name`,`title`,`pid`,`level`,`menu_id`,`sort`,`url` FROM `ht_node` WHERE ( status=1 AND menu_status=1 AND menu_id='15' ) ORDER BY sort  [ RunTime:0.0000s ]
SQL: SELECT `id`,`name`,`title`,`pid`,`level`,`menu_id`,`sort`,`url` FROM `ht_node` WHERE ( status=1 AND menu_status=1 AND menu_id='5' ) ORDER BY sort  [ RunTime:0.0000s ]
SQL: SHOW COLUMNS FROM `ht_node` [ RunTime:0.0040s ]
SQL: SELECT `id`,`name`,`title`,`pid`,`menu_id`,`menu_status` FROM `ht_node`  [ RunTime:0.0000s ]
INFO: [ view_parse ] --START--
INFO: [ template_filter ] --START--
INFO: Run Behavior\ContentReplaceBehavior [ RunTime:0.000000s ]
INFO: [ template_filter ] --END-- [ RunTime:0.000000s ]
SQL: SHOW COLUMNS FROM `ht_config` [ RunTime:0.0030s ]
INFO: Run Behavior\ParseTemplateBehavior [ RunTime:0.017001s ]
INFO: [ view_parse ] --END-- [ RunTime:0.017001s ]
INFO: [ view_filter ] --START--
INFO: Run Behavior\WriteHtmlCacheBehavior [ RunTime:0.000000s ]
INFO: [ view_filter ] --END-- [ RunTime:0.000000s ]
INFO: [ app_end ] --START--
INFO: Run Behavior\ShowPageTraceBehavior [ RunTime:0.000000s ]
INFO: [ app_end ] --END-- [ RunTime:0.001000s ]

[ 2017-04-06T10:35:59+08:00 ] 127.0.0.1 /Admin/Index/welcome.html
INFO: [ app_init ] --START--
INFO: Run Behavior\BuildLiteBehavior [ RunTime:0.000000s ]
INFO: [ app_init ] --END-- [ RunTime:0.000000s ]
INFO: [ app_begin ] --START--
INFO: Run Behavior\ReadHtmlCacheBehavior [ RunTime:0.001000s ]
INFO: [ app_begin ] --END-- [ RunTime:0.001000s ]
NOTIC: [8] A session had already been started - ignoring session_start() E:\wwwroot\www\kf.hitui.com\ThinkPHP\Common\functions.php 第 1263 行.
SQL: select VERSION() [ RunTime:0.0000s ]
SQL: SHOW COLUMNS FROM `v5_user` [ RunTime:0.0050s ]
SQL: SELECT COUNT(*) AS tp_count FROM `v5_user` LIMIT 1   [ RunTime:0.0000s ]
SQL: SHOW COLUMNS FROM `ht_article` [ RunTime:0.0040s ]
SQL: SELECT COUNT(*) AS tp_count FROM `ht_article` LIMIT 1   [ RunTime:0.0000s ]
SQL: SHOW COLUMNS FROM `v5_video` [ RunTime:0.0040s ]
SQL: SELECT COUNT(*) AS tp_count FROM `v5_video` LIMIT 1   [ RunTime:0.0000s ]
INFO: [ view_parse ] --START--
INFO: [ template_filter ] --START--
INFO: Run Behavior\ContentReplaceBehavior [ RunTime:0.000000s ]
INFO: [ template_filter ] --END-- [ RunTime:0.000000s ]
SQL: SHOW COLUMNS FROM `ht_config` [ RunTime:0.0070s ]
INFO: Run Behavior\ParseTemplateBehavior [ RunTime:0.030001s ]
INFO: [ view_parse ] --END-- [ RunTime:0.030001s ]
INFO: [ view_filter ] --START--
INFO: Run Behavior\WriteHtmlCacheBehavior [ RunTime:0.000000s ]
INFO: [ view_filter ] --END-- [ RunTime:0.000000s ]
INFO: [ app_end ] --START--
INFO: Run Behavior\ShowPageTraceBehavior [ RunTime:0.001000s ]
INFO: [ app_end ] --END-- [ RunTime:0.001000s ]

[ 2017-04-06T10:36:04+08:00 ] 127.0.0.1 /Admin/Category/index.html
INFO: [ app_init ] --START--
INFO: Run Behavior\BuildLiteBehavior [ RunTime:0.000000s ]
INFO: [ app_init ] --END-- [ RunTime:0.000000s ]
INFO: [ app_begin ] --START--
INFO: Run Behavior\ReadHtmlCacheBehavior [ RunTime:0.000000s ]
INFO: [ app_begin ] --END-- [ RunTime:0.000000s ]
NOTIC: [8] A session had already been started - ignoring session_start() E:\wwwroot\www\kf.hitui.com\ThinkPHP\Common\functions.php 第 1263 行.
SQL: SHOW COLUMNS FROM `ht_category` [ RunTime:0.0030s ]
NOTIC: [8] Undefined variable: gid E:\wwwroot\www\kf.hitui.com\App\Admin\Controller\CategoryController.class.php 第 12 行.
SQL: SELECT * FROM `ht_category` ORDER BY sort ASC  [ RunTime:0.0010s ]
SQL: SHOW COLUMNS FROM `ht_article` [ RunTime:0.0030s ]
SQL: SELECT COUNT(*) AS tp_count FROM `ht_article` WHERE `category_id` = 104 LIMIT 1   [ RunTime:0.0010s ]
SQL: SELECT COUNT(*) AS tp_count FROM `ht_article` WHERE `category_id` = 105 LIMIT 1   [ RunTime:0.0000s ]
SQL: SELECT COUNT(*) AS tp_count FROM `ht_article` WHERE `category_id` = 106 LIMIT 1   [ RunTime:0.0000s ]
SQL: SELECT COUNT(*) AS tp_count FROM `ht_article` WHERE `category_id` = 107 LIMIT 1   [ RunTime:0.0000s ]
SQL: SELECT COUNT(*) AS tp_count FROM `ht_article` WHERE `category_id` = 108 LIMIT 1   [ RunTime:0.0000s ]
SQL: SELECT COUNT(*) AS tp_count FROM `ht_article` WHERE `category_id` = 109 LIMIT 1   [ RunTime:0.0000s ]
SQL: SELECT COUNT(*) AS tp_count FROM `ht_article` WHERE `category_id` = 110 LIMIT 1   [ RunTime:0.0000s ]
SQL: SELECT COUNT(*) AS tp_count FROM `ht_article` WHERE `category_id` = 111 LIMIT 1   [ RunTime:0.0000s ]
SQL: SELECT COUNT(*) AS tp_count FROM `ht_article` WHERE `category_id` = 112 LIMIT 1   [ RunTime:0.0000s ]
INFO: [ view_parse ] --START--
INFO: [ template_filter ] --START--
INFO: Run Behavior\ContentReplaceBehavior [ RunTime:0.000000s ]
INFO: [ template_filter ] --END-- [ RunTime:0.000000s ]
SQL: SHOW COLUMNS FROM `ht_config` [ RunTime:0.0030s ]
NOTIC: [8] Undefined variable: gid E:\wwwroot\www\kf.hitui.com\App\Runtime\Cache\Admin\fd4baca4519ae09b87f761f8e37c27b2.php 第 70 行.
INFO: Run Behavior\ParseTemplateBehavior [ RunTime:0.016001s ]
INFO: [ view_parse ] --END-- [ RunTime:0.016001s ]
INFO: [ view_filter ] --START--
INFO: Run Behavior\WriteHtmlCacheBehavior [ RunTime:0.000000s ]
INFO: [ view_filter ] --END-- [ RunTime:0.000000s ]
INFO: [ app_end ] --START--
INFO: Run Behavior\ShowPageTraceBehavior [ RunTime:0.001000s ]
INFO: [ app_end ] --END-- [ RunTime:0.001000s ]

[ 2017-04-06T14:13:22+08:00 ] 127.0.0.1 /Admin/Index/index.html
INFO: [ app_init ] --START--
INFO: Run Behavior\BuildLiteBehavior [ RunTime:0.000000s ]
INFO: [ app_init ] --END-- [ RunTime:0.001000s ]
INFO: [ app_begin ] --START--
INFO: Run Behavior\ReadHtmlCacheBehavior [ RunTime:0.000000s ]
INFO: [ app_begin ] --END-- [ RunTime:0.001000s ]
NOTIC: [8] A session had already been started - ignoring session_start() E:\wwwroot\www\kf.hitui.com\ThinkPHP\Common\functions.php 第 1263 行.
SQL: SHOW COLUMNS FROM `ht_menu` [ RunTime:0.0060s ]
SQL: SELECT * FROM `ht_menu` WHERE `status` = 1 ORDER BY sort  [ RunTime:0.0000s ]
SQL: SHOW COLUMNS FROM `ht_node` [ RunTime:0.0030s ]
SQL: SELECT `id`,`name`,`title`,`pid`,`level`,`menu_id`,`sort`,`url` FROM `ht_node` WHERE ( status=1 AND menu_status=1 AND menu_id='1' ) ORDER BY sort  [ RunTime:0.0010s ]
SQL: SELECT `id`,`name`,`title`,`pid`,`level`,`menu_id`,`sort`,`url` FROM `ht_node` WHERE ( status=1 AND menu_status=1 AND menu_id='15' ) ORDER BY sort  [ RunTime:0.0000s ]
SQL: SELECT `id`,`name`,`title`,`pid`,`level`,`menu_id`,`sort`,`url` FROM `ht_node` WHERE ( status=1 AND menu_status=1 AND menu_id='5' ) ORDER BY sort  [ RunTime:0.0000s ]
SQL: SHOW COLUMNS FROM `ht_node` [ RunTime:0.0040s ]
SQL: SELECT `id`,`name`,`title`,`pid`,`menu_id`,`menu_status` FROM `ht_node`  [ RunTime:0.0000s ]
INFO: [ view_parse ] --START--
INFO: [ template_filter ] --START--
INFO: Run Behavior\ContentReplaceBehavior [ RunTime:0.000000s ]
INFO: [ template_filter ] --END-- [ RunTime:0.000000s ]
SQL: SHOW COLUMNS FROM `ht_config` [ RunTime:0.0040s ]
SQL: SELECT `web_name` FROM `ht_config` WHERE `id` = 1 LIMIT 1   [ RunTime:0.0000s ]
INFO: Run Behavior\ParseTemplateBehavior [ RunTime:0.020002s ]
INFO: [ view_parse ] --END-- [ RunTime:0.020002s ]
INFO: [ view_filter ] --START--
INFO: Run Behavior\WriteHtmlCacheBehavior [ RunTime:0.000000s ]
INFO: [ view_filter ] --END-- [ RunTime:0.000000s ]
INFO: [ app_end ] --START--
INFO: Run Behavior\ShowPageTraceBehavior [ RunTime:0.000000s ]
INFO: [ app_end ] --END-- [ RunTime:0.000000s ]

[ 2017-04-06T14:13:22+08:00 ] 127.0.0.1 /Admin/Index/welcome.html
INFO: [ app_init ] --START--
INFO: Run Behavior\BuildLiteBehavior [ RunTime:0.000000s ]
INFO: [ app_init ] --END-- [ RunTime:0.000000s ]
INFO: [ app_begin ] --START--
INFO: Run Behavior\ReadHtmlCacheBehavior [ RunTime:0.001000s ]
INFO: [ app_begin ] --END-- [ RunTime:0.001000s ]
NOTIC: [8] A session had already been started - ignoring session_start() E:\wwwroot\www\kf.hitui.com\ThinkPHP\Common\functions.php 第 1263 行.
SQL: select VERSION() [ RunTime:0.0010s ]
SQL: SHOW COLUMNS FROM `v5_user` [ RunTime:0.0180s ]
SQL: SELECT COUNT(*) AS tp_count FROM `v5_user` LIMIT 1   [ RunTime:0.0000s ]
SQL: SHOW COLUMNS FROM `ht_article` [ RunTime:0.0050s ]
SQL: SELECT COUNT(*) AS tp_count FROM `ht_article` LIMIT 1   [ RunTime:0.0010s ]
SQL: SHOW COLUMNS FROM `v5_video` [ RunTime:0.0090s ]
SQL: SELECT COUNT(*) AS tp_count FROM `v5_video` LIMIT 1   [ RunTime:0.0010s ]
INFO: [ view_parse ] --START--
INFO: [ template_filter ] --START--
INFO: Run Behavior\ContentReplaceBehavior [ RunTime:0.000000s ]
INFO: [ template_filter ] --END-- [ RunTime:0.001000s ]
SQL: SHOW COLUMNS FROM `ht_config` [ RunTime:0.0070s ]
INFO: Run Behavior\ParseTemplateBehavior [ RunTime:0.031002s ]
INFO: [ view_parse ] --END-- [ RunTime:0.031002s ]
INFO: [ view_filter ] --START--
INFO: Run Behavior\WriteHtmlCacheBehavior [ RunTime:0.001000s ]
INFO: [ view_filter ] --END-- [ RunTime:0.001000s ]
INFO: [ app_end ] --START--
INFO: Run Behavior\ShowPageTraceBehavior [ RunTime:0.001000s ]
INFO: [ app_end ] --END-- [ RunTime:0.001000s ]

[ 2017-04-06T14:13:24+08:00 ] 127.0.0.1 /Admin/Index/index.html
INFO: [ app_init ] --START--
INFO: Run Behavior\BuildLiteBehavior [ RunTime:0.000000s ]
INFO: [ app_init ] --END-- [ RunTime:0.000000s ]
INFO: [ app_begin ] --START--
INFO: Run Behavior\ReadHtmlCacheBehavior [ RunTime:0.000000s ]
INFO: [ app_begin ] --END-- [ RunTime:0.000000s ]
NOTIC: [8] A session had already been started - ignoring session_start() E:\wwwroot\www\kf.hitui.com\ThinkPHP\Common\functions.php 第 1263 行.
SQL: SHOW COLUMNS FROM `ht_menu` [ RunTime:0.0060s ]
SQL: SELECT * FROM `ht_menu` WHERE `status` = 1 ORDER BY sort  [ RunTime:0.0000s ]
SQL: SHOW COLUMNS FROM `ht_node` [ RunTime:0.0050s ]
SQL: SELECT `id`,`name`,`title`,`pid`,`level`,`menu_id`,`sort`,`url` FROM `ht_node` WHERE ( status=1 AND menu_status=1 AND menu_id='1' ) ORDER BY sort  [ RunTime:0.0010s ]
SQL: SELECT `id`,`name`,`title`,`pid`,`level`,`menu_id`,`sort`,`url` FROM `ht_node` WHERE ( status=1 AND menu_status=1 AND menu_id='15' ) ORDER BY sort  [ RunTime:0.0000s ]
SQL: SELECT `id`,`name`,`title`,`pid`,`level`,`menu_id`,`sort`,`url` FROM `ht_node` WHERE ( status=1 AND menu_status=1 AND menu_id='5' ) ORDER BY sort  [ RunTime:0.0000s ]
SQL: SHOW COLUMNS FROM `ht_node` [ RunTime:0.0040s ]
SQL: SELECT `id`,`name`,`title`,`pid`,`menu_id`,`menu_status` FROM `ht_node`  [ RunTime:0.0000s ]
INFO: [ view_parse ] --START--
INFO: [ template_filter ] --START--
INFO: Run Behavior\ContentReplaceBehavior [ RunTime:0.000000s ]
INFO: [ template_filter ] --END-- [ RunTime:0.001000s ]
SQL: SHOW COLUMNS FROM `ht_config` [ RunTime:0.0040s ]
INFO: Run Behavior\ParseTemplateBehavior [ RunTime:0.018001s ]
INFO: [ view_parse ] --END-- [ RunTime:0.018001s ]
INFO: [ view_filter ] --START--
INFO: Run Behavior\WriteHtmlCacheBehavior [ RunTime:0.000000s ]
INFO: [ view_filter ] --END-- [ RunTime:0.000000s ]
INFO: [ app_end ] --START--
INFO: Run Behavior\ShowPageTraceBehavior [ RunTime:0.000000s ]
INFO: [ app_end ] --END-- [ RunTime:0.001000s ]

[ 2017-04-06T14:13:24+08:00 ] 127.0.0.1 /Admin/Index/welcome.html
INFO: [ app_init ] --START--
INFO: Run Behavior\BuildLiteBehavior [ RunTime:0.000000s ]
INFO: [ app_init ] --END-- [ RunTime:0.001000s ]
INFO: [ app_begin ] --START--
INFO: Run Behavior\ReadHtmlCacheBehavior [ RunTime:0.001000s ]
INFO: [ app_begin ] --END-- [ RunTime:0.001000s ]
NOTIC: [8] A session had already been started - ignoring session_start() E:\wwwroot\www\kf.hitui.com\ThinkPHP\Common\functions.php 第 1263 行.
SQL: select VERSION() [ RunTime:0.0000s ]
SQL: SHOW COLUMNS FROM `v5_user` [ RunTime:0.0060s ]
SQL: SELECT COUNT(*) AS tp_count FROM `v5_user` LIMIT 1   [ RunTime:0.0010s ]
SQL: SHOW COLUMNS FROM `ht_article` [ RunTime:0.0040s ]
SQL: SELECT COUNT(*) AS tp_count FROM `ht_article` LIMIT 1   [ RunTime:0.0000s ]
SQL: SHOW COLUMNS FROM `v5_video` [ RunTime:0.0060s ]
SQL: SELECT COUNT(*) AS tp_count FROM `v5_video` LIMIT 1   [ RunTime:0.0010s ]
INFO: [ view_parse ] --START--
INFO: [ template_filter ] --START--
INFO: Run Behavior\ContentReplaceBehavior [ RunTime:0.001000s ]
INFO: [ template_filter ] --END-- [ RunTime:0.001000s ]
SQL: SHOW COLUMNS FROM `ht_config` [ RunTime:0.0060s ]
INFO: Run Behavior\ParseTemplateBehavior [ RunTime:0.029002s ]
INFO: [ view_parse ] --END-- [ RunTime:0.030002s ]
INFO: [ view_filter ] --START--
INFO: Run Behavior\WriteHtmlCacheBehavior [ RunTime:0.000000s ]
INFO: [ view_filter ] --END-- [ RunTime:0.000000s ]
INFO: [ app_end ] --START--
INFO: Run Behavior\ShowPageTraceBehavior [ RunTime:0.001000s ]
INFO: [ app_end ] --END-- [ RunTime:0.001000s ]

