[ 2017-05-04T09:46:18+08:00 ] 127.0.0.1 /admin
INFO: [ app_init ] --START--
INFO: Run Behavior\BuildLiteBehavior [ RunTime:0.000000s ]
INFO: [ app_init ] --END-- [ RunTime:0.000000s ]
INFO: [ app_begin ] --START--
INFO: Run Behavior\ReadHtmlCacheBehavior [ RunTime:0.000000s ]
INFO: [ app_begin ] --END-- [ RunTime:0.000000s ]
NOTIC: [8] A session had already been started - ignoring session_start() E:\wwwroot\www\kf.hitui.com\ThinkPHP\Common\functions.php 第 1263 行.

[ 2017-05-04T09:46:19+08:00 ] 127.0.0.1 /Admin/Login/index.html
INFO: [ app_init ] --START--
INFO: Run Behavior\BuildLiteBehavior [ RunTime:0.000000s ]
INFO: [ app_init ] --END-- [ RunTime:0.000000s ]
INFO: [ app_begin ] --START--
INFO: Run Behavior\ReadHtmlCacheBehavior [ RunTime:0.001000s ]
INFO: [ app_begin ] --END-- [ RunTime:0.001000s ]
NOTIC: [8] A session had already been started - ignoring session_start() E:\wwwroot\www\kf.hitui.com\ThinkPHP\Common\functions.php 第 1263 行.
INFO: [ view_parse ] --START--
INFO: [ template_filter ] --START--
INFO: Run Behavior\ContentReplaceBehavior [ RunTime:0.000000s ]
INFO: [ template_filter ] --END-- [ RunTime:0.001000s ]
SQL: SHOW COLUMNS FROM `ht_config` [ RunTime:0.0080s ]
INFO: Run Behavior\ParseTemplateBehavior [ RunTime:0.057003s ]
INFO: [ view_parse ] --END-- [ RunTime:0.057003s ]
INFO: [ view_filter ] --START--
INFO: Run Behavior\WriteHtmlCacheBehavior [ RunTime:0.000000s ]
INFO: [ view_filter ] --END-- [ RunTime:0.000000s ]
INFO: [ app_end ] --START--
INFO: Run Behavior\ShowPageTraceBehavior [ RunTime:0.001000s ]
INFO: [ app_end ] --END-- [ RunTime:0.001000s ]

[ 2017-05-04T09:46:19+08:00 ] 127.0.0.1 /Admin/Login/verify
INFO: [ app_init ] --START--
INFO: Run Behavior\BuildLiteBehavior [ RunTime:0.000000s ]
INFO: [ app_init ] --END-- [ RunTime:0.001000s ]
INFO: [ app_begin ] --START--
INFO: Run Behavior\ReadHtmlCacheBehavior [ RunTime:0.000000s ]
INFO: [ app_begin ] --END-- [ RunTime:0.001000s ]
NOTIC: [8] A session had already been started - ignoring session_start() E:\wwwroot\www\kf.hitui.com\ThinkPHP\Common\functions.php 第 1263 行.
INFO: [ app_end ] --START--
INFO: Run Behavior\ShowPageTraceBehavior [ RunTime:0.001000s ]
INFO: [ app_end ] --END-- [ RunTime:0.001000s ]

[ 2017-05-04T09:47:48+08:00 ] 127.0.0.1 /Admin/Login/login.html
INFO: [ app_init ] --START--
INFO: Run Behavior\BuildLiteBehavior [ RunTime:0.000000s ]
INFO: [ app_init ] --END-- [ RunTime:0.000000s ]
INFO: [ app_begin ] --START--
INFO: Run Behavior\ReadHtmlCacheBehavior [ RunTime:0.001000s ]
INFO: [ app_begin ] --END-- [ RunTime:0.001000s ]
NOTIC: [8] A session had already been started - ignoring session_start() E:\wwwroot\www\kf.hitui.com\ThinkPHP\Common\functions.php 第 1263 行.
SQL: SHOW COLUMNS FROM `ht_manage` [ RunTime:0.0090s ]
SQL: SELECT * FROM `ht_manage` WHERE `username` = 'admin' LIMIT 1   [ RunTime:0.0090s ]
SQL: UPDATE `ht_manage` SET `login_time`='1493862468',`login_ip`='127.0.0.1',`login_count`='90' WHERE `id` = 1 [ RunTime:0.0080s ]
NOTIC: [8] Undefined index: type E:\wwwroot\www\kf.hitui.com\App\Admin\Controller\LoginController.class.php 第 38 行.

[ 2017-05-04T09:47:48+08:00 ] 127.0.0.1 /Admin/Index/index.html
INFO: [ app_init ] --START--
INFO: Run Behavior\BuildLiteBehavior [ RunTime:0.000000s ]
INFO: [ app_init ] --END-- [ RunTime:0.000000s ]
INFO: [ app_begin ] --START--
INFO: Run Behavior\ReadHtmlCacheBehavior [ RunTime:0.000000s ]
INFO: [ app_begin ] --END-- [ RunTime:0.000000s ]
NOTIC: [8] A session had already been started - ignoring session_start() E:\wwwroot\www\kf.hitui.com\ThinkPHP\Common\functions.php 第 1263 行.
SQL: SHOW COLUMNS FROM `ht_menu` [ RunTime:0.0070s ]
SQL: SELECT * FROM `ht_menu` WHERE `status` = 1 ORDER BY sort  [ RunTime:0.0070s ]
SQL: SHOW COLUMNS FROM `ht_node` [ RunTime:0.0080s ]
SQL: SELECT `id`,`name`,`title`,`pid`,`level`,`menu_id`,`sort`,`url` FROM `ht_node` WHERE ( status=1 AND menu_status=1 AND menu_id='1' ) ORDER BY sort  [ RunTime:0.0080s ]
SQL: SELECT `id`,`name`,`title`,`pid`,`level`,`menu_id`,`sort`,`url` FROM `ht_node` WHERE ( status=1 AND menu_status=1 AND menu_id='2' ) ORDER BY sort  [ RunTime:0.0080s ]
SQL: SELECT `id`,`name`,`title`,`pid`,`level`,`menu_id`,`sort`,`url` FROM `ht_node` WHERE ( status=1 AND menu_status=1 AND menu_id='15' ) ORDER BY sort  [ RunTime:0.0080s ]
SQL: SELECT `id`,`name`,`title`,`pid`,`level`,`menu_id`,`sort`,`url` FROM `ht_node` WHERE ( status=1 AND menu_status=1 AND menu_id='5' ) ORDER BY sort  [ RunTime:0.0080s ]
SQL: SELECT `id`,`name`,`title`,`pid`,`level`,`menu_id`,`sort`,`url` FROM `ht_node` WHERE ( status=1 AND menu_status=1 AND menu_id='16' ) ORDER BY sort  [ RunTime:0.0080s ]
SQL: SELECT `id`,`name`,`title`,`pid`,`level`,`menu_id`,`sort`,`url` FROM `ht_node` WHERE ( status=1 AND menu_status=1 AND menu_id='17' ) ORDER BY sort  [ RunTime:0.0080s ]
SQL: SELECT `id`,`name`,`title`,`pid`,`level`,`menu_id`,`sort`,`url` FROM `ht_node` WHERE ( status=1 AND menu_status=1 AND menu_id='18' ) ORDER BY sort  [ RunTime:0.0080s ]
SQL: SELECT `id`,`name`,`title`,`pid`,`level`,`menu_id`,`sort`,`url` FROM `ht_node` WHERE ( status=1 AND menu_status=1 AND menu_id='20' ) ORDER BY sort  [ RunTime:0.0080s ]
SQL: SELECT `id`,`name`,`title`,`pid`,`level`,`menu_id`,`sort`,`url` FROM `ht_node` WHERE ( status=1 AND menu_status=1 AND menu_id='19' ) ORDER BY sort  [ RunTime:0.0080s ]
SQL: SHOW COLUMNS FROM `ht_node` [ RunTime:0.0090s ]
SQL: SELECT `id`,`name`,`title`,`pid`,`menu_id`,`menu_status` FROM `ht_node`  [ RunTime:0.0090s ]
INFO: [ view_parse ] --START--
INFO: [ template_filter ] --START--
INFO: Run Behavior\ContentReplaceBehavior [ RunTime:0.000000s ]
INFO: [ template_filter ] --END-- [ RunTime:0.000000s ]
SQL: SHOW COLUMNS FROM `ht_config` [ RunTime:0.0090s ]
SQL: SELECT `web_name` FROM `ht_config` WHERE `id` = 1 LIMIT 1   [ RunTime:0.0080s ]
INFO: Run Behavior\ParseTemplateBehavior [ RunTime:0.037002s ]
INFO: [ view_parse ] --END-- [ RunTime:0.037002s ]
INFO: [ view_filter ] --START--
INFO: Run Behavior\WriteHtmlCacheBehavior [ RunTime:0.001000s ]
INFO: [ view_filter ] --END-- [ RunTime:0.001000s ]
INFO: [ app_end ] --START--
INFO: Run Behavior\ShowPageTraceBehavior [ RunTime:0.001000s ]
INFO: [ app_end ] --END-- [ RunTime:0.001000s ]

[ 2017-05-04T09:47:49+08:00 ] 127.0.0.1 /Admin/Index/welcome.html
INFO: [ app_init ] --START--
INFO: Run Behavior\BuildLiteBehavior [ RunTime:0.000000s ]
INFO: [ app_init ] --END-- [ RunTime:0.000000s ]
INFO: [ app_begin ] --START--
INFO: Run Behavior\ReadHtmlCacheBehavior [ RunTime:0.000000s ]
INFO: [ app_begin ] --END-- [ RunTime:0.000000s ]
NOTIC: [8] A session had already been started - ignoring session_start() E:\wwwroot\www\kf.hitui.com\ThinkPHP\Common\functions.php 第 1263 行.
SQL: select VERSION() [ RunTime:0.0080s ]
SQL: SHOW COLUMNS FROM `v5_user` [ RunTime:0.0090s ]
SQL: SELECT COUNT(*) AS tp_count FROM `v5_user` LIMIT 1   [ RunTime:0.0080s ]
SQL: SHOW COLUMNS FROM `ht_article` [ RunTime:0.0080s ]
SQL: SELECT COUNT(*) AS tp_count FROM `ht_article` LIMIT 1   [ RunTime:0.0070s ]
SQL: SHOW COLUMNS FROM `v5_video` [ RunTime:0.0090s ]
SQL: SELECT COUNT(*) AS tp_count FROM `v5_video` LIMIT 1   [ RunTime:0.0080s ]
INFO: [ view_parse ] --START--
INFO: [ template_filter ] --START--
INFO: Run Behavior\ContentReplaceBehavior [ RunTime:0.000000s ]
INFO: [ template_filter ] --END-- [ RunTime:0.000000s ]
SQL: SHOW COLUMNS FROM `ht_config` [ RunTime:0.0080s ]
INFO: Run Behavior\ParseTemplateBehavior [ RunTime:0.029002s ]
INFO: [ view_parse ] --END-- [ RunTime:0.029002s ]
INFO: [ view_filter ] --START--
INFO: Run Behavior\WriteHtmlCacheBehavior [ RunTime:0.000000s ]
INFO: [ view_filter ] --END-- [ RunTime:0.000000s ]
INFO: [ app_end ] --START--
INFO: Run Behavior\ShowPageTraceBehavior [ RunTime:0.001000s ]
INFO: [ app_end ] --END-- [ RunTime:0.001000s ]

[ 2017-05-04T09:48:51+08:00 ] 127.0.0.1 /Admin/Rbac/index.html
INFO: [ app_init ] --START--
INFO: Run Behavior\BuildLiteBehavior [ RunTime:0.000000s ]
INFO: [ app_init ] --END-- [ RunTime:0.000000s ]
INFO: [ app_begin ] --START--
INFO: Run Behavior\ReadHtmlCacheBehavior [ RunTime:0.000000s ]
INFO: [ app_begin ] --END-- [ RunTime:0.000000s ]
NOTIC: [8] A session had already been started - ignoring session_start() E:\wwwroot\www\kf.hitui.com\ThinkPHP\Common\functions.php 第 1263 行.
SQL: SHOW COLUMNS FROM `ht_manage` [ RunTime:0.0090s ]
SQL: SELECT COUNT(id) AS tp_count FROM `ht_manage` WHERE `id` <> '1' AND `username` <> 'admin' LIMIT 1   [ RunTime:0.0080s ]
SQL: SELECT `id`,`username`,`name`,`sex`,`email`,`tel`,`login_time`,`login_ip`,`up_time`,`reg_time`,`reg_ip`,`login_count`,`lock` FROM `ht_manage` WHERE `id` <> '1' AND `username` <> 'admin' LIMIT 0,15   [ RunTime:0.0080s ]
SQL: SHOW COLUMNS FROM `ht_role` [ RunTime:0.0090s ]
NOTIC: [8] Undefined index: mapping_order E:\wwwroot\www\kf.hitui.com\ThinkPHP\Library\Think\Model\RelationModel.class.php 第 186 行.
NOTIC: [8] Undefined index: mapping_limit E:\wwwroot\www\kf.hitui.com\ThinkPHP\Library\Think\Model\RelationModel.class.php 第 187 行.
SQL: SELECT b.id, name, remark FROM ht_role_user AS a, ht_role AS b WHERE a.role_id = b.id AND a. user_id='14' [ RunTime:0.0080s ]
INFO: [ view_parse ] --START--
INFO: [ template_filter ] --START--
INFO: Run Behavior\ContentReplaceBehavior [ RunTime:0.000000s ]
INFO: [ template_filter ] --END-- [ RunTime:0.000000s ]
SQL: SHOW COLUMNS FROM `ht_config` [ RunTime:0.0090s ]
SQL: SELECT `web_name` FROM `ht_config` WHERE `id` = 1 LIMIT 1   [ RunTime:0.0080s ]
INFO: Run Behavior\ParseTemplateBehavior [ RunTime:0.039003s ]
INFO: [ view_parse ] --END-- [ RunTime:0.039003s ]
INFO: [ view_filter ] --START--
INFO: Run Behavior\WriteHtmlCacheBehavior [ RunTime:0.000000s ]
INFO: [ view_filter ] --END-- [ RunTime:0.001000s ]
INFO: [ app_end ] --START--
INFO: Run Behavior\ShowPageTraceBehavior [ RunTime:0.001000s ]
INFO: [ app_end ] --END-- [ RunTime:0.001000s ]

[ 2017-05-04T09:48:53+08:00 ] 127.0.0.1 /Admin/Rbac/role.html
INFO: [ app_init ] --START--
INFO: Run Behavior\BuildLiteBehavior [ RunTime:0.000000s ]
INFO: [ app_init ] --END-- [ RunTime:0.000000s ]
INFO: [ app_begin ] --START--
INFO: Run Behavior\ReadHtmlCacheBehavior [ RunTime:0.000000s ]
INFO: [ app_begin ] --END-- [ RunTime:0.000000s ]
NOTIC: [8] A session had already been started - ignoring session_start() E:\wwwroot\www\kf.hitui.com\ThinkPHP\Common\functions.php 第 1263 行.
SQL: SHOW COLUMNS FROM `ht_role` [ RunTime:0.0080s ]
SQL: SELECT * FROM `ht_role`  [ RunTime:0.0080s ]
INFO: [ view_parse ] --START--
INFO: [ template_filter ] --START--
INFO: Run Behavior\ContentReplaceBehavior [ RunTime:0.000000s ]
INFO: [ template_filter ] --END-- [ RunTime:0.000000s ]
SQL: SHOW COLUMNS FROM `ht_config` [ RunTime:0.3110s ]
INFO: Run Behavior\ParseTemplateBehavior [ RunTime:0.337019s ]
INFO: [ view_parse ] --END-- [ RunTime:0.337019s ]
INFO: [ view_filter ] --START--
INFO: Run Behavior\WriteHtmlCacheBehavior [ RunTime:0.001000s ]
INFO: [ view_filter ] --END-- [ RunTime:0.001000s ]
INFO: [ app_end ] --START--
INFO: Run Behavior\ShowPageTraceBehavior [ RunTime:0.001000s ]
INFO: [ app_end ] --END-- [ RunTime:0.001000s ]

[ 2017-05-04T09:48:56+08:00 ] 127.0.0.1 /Admin/Rbac/node.html
INFO: [ app_init ] --START--
INFO: Run Behavior\BuildLiteBehavior [ RunTime:0.000000s ]
INFO: [ app_init ] --END-- [ RunTime:0.001000s ]
INFO: [ app_begin ] --START--
INFO: Run Behavior\ReadHtmlCacheBehavior [ RunTime:0.001000s ]
INFO: [ app_begin ] --END-- [ RunTime:0.001000s ]
NOTIC: [8] A session had already been started - ignoring session_start() E:\wwwroot\www\kf.hitui.com\ThinkPHP\Common\functions.php 第 1263 行.
SQL: SHOW COLUMNS FROM `ht_node` [ RunTime:0.0090s ]
SQL: SELECT `id`,`name`,`title`,`pid`,`sort`,`status`,`menu_id`,`menu_status` FROM `ht_node`  [ RunTime:0.0100s ]
SQL: SHOW COLUMNS FROM `ht_menu` [ RunTime:0.0090s ]
SQL: SELECT `title` FROM `ht_menu` WHERE ( 1=1 AND id='0' ) LIMIT 1   [ RunTime:0.0080s ]
SQL: SELECT `title` FROM `ht_menu` WHERE ( 1=1 AND id='0' ) LIMIT 1   [ RunTime:0.0080s ]
SQL: SELECT `title` FROM `ht_menu` WHERE ( 1=1 AND id='1' ) LIMIT 1   [ RunTime:0.0080s ]
SQL: SELECT `title` FROM `ht_menu` WHERE ( 1=1 AND id='0' ) LIMIT 1   [ RunTime:0.0080s ]
SQL: SELECT `title` FROM `ht_menu` WHERE ( 1=1 AND id='0' ) LIMIT 1   [ RunTime:0.3020s ]
SQL: SELECT `title` FROM `ht_menu` WHERE ( 1=1 AND id='0' ) LIMIT 1   [ RunTime:0.0080s ]
SQL: SELECT `title` FROM `ht_menu` WHERE ( 1=1 AND id='0' ) LIMIT 1   [ RunTime:0.0080s ]
SQL: SELECT `title` FROM `ht_menu` WHERE ( 1=1 AND id='1' ) LIMIT 1   [ RunTime:0.0080s ]
SQL: SELECT `title` FROM `ht_menu` WHERE ( 1=1 AND id='0' ) LIMIT 1   [ RunTime:0.0080s ]
SQL: SELECT `title` FROM `ht_menu` WHERE ( 1=1 AND id='0' ) LIMIT 1   [ RunTime:0.0080s ]
SQL: SELECT `title` FROM `ht_menu` WHERE ( 1=1 AND id='0' ) LIMIT 1   [ RunTime:0.0080s ]
SQL: SELECT `title` FROM `ht_menu` WHERE ( 1=1 AND id='1' ) LIMIT 1   [ RunTime:0.0080s ]
SQL: SELECT `title` FROM `ht_menu` WHERE ( 1=1 AND id='0' ) LIMIT 1   [ RunTime:0.0080s ]
SQL: SELECT `title` FROM `ht_menu` WHERE ( 1=1 AND id='0' ) LIMIT 1   [ RunTime:0.0080s ]
SQL: SELECT `title` FROM `ht_menu` WHERE ( 1=1 AND id='0' ) LIMIT 1   [ RunTime:0.0080s ]
SQL: SELECT `title` FROM `ht_menu` WHERE ( 1=1 AND id='1' ) LIMIT 1   [ RunTime:0.0080s ]
SQL: SELECT `title` FROM `ht_menu` WHERE ( 1=1 AND id='0' ) LIMIT 1   [ RunTime:0.0080s ]
SQL: SELECT `title` FROM `ht_menu` WHERE ( 1=1 AND id='0' ) LIMIT 1   [ RunTime:0.0080s ]
SQL: SELECT `title` FROM `ht_menu` WHERE ( 1=1 AND id='0' ) LIMIT 1   [ RunTime:0.3050s ]
SQL: SELECT `title` FROM `ht_menu` WHERE ( 1=1 AND id='0' ) LIMIT 1   [ RunTime:0.0080s ]
SQL: SELECT `title` FROM `ht_menu` WHERE ( 1=1 AND id='0' ) LIMIT 1   [ RunTime:0.0080s ]
SQL: SELECT `title` FROM `ht_menu` WHERE ( 1=1 AND id='1' ) LIMIT 1   [ RunTime:0.0080s ]
SQL: SELECT `title` FROM `ht_menu` WHERE ( 1=1 AND id='0' ) LIMIT 1   [ RunTime:0.0080s ]
SQL: SELECT `title` FROM `ht_menu` WHERE ( 1=1 AND id='0' ) LIMIT 1   [ RunTime:0.0080s ]
SQL: SELECT `title` FROM `ht_menu` WHERE ( 1=1 AND id='0' ) LIMIT 1   [ RunTime:0.0080s ]
SQL: SELECT `title` FROM `ht_menu` WHERE ( 1=1 AND id='15' ) LIMIT 1   [ RunTime:0.0080s ]
SQL: SELECT `title` FROM `ht_menu` WHERE ( 1=1 AND id='0' ) LIMIT 1   [ RunTime:0.0080s ]
SQL: SELECT `title` FROM `ht_menu` WHERE ( 1=1 AND id='0' ) LIMIT 1   [ RunTime:0.0090s ]
SQL: SELECT `title` FROM `ht_menu` WHERE ( 1=1 AND id='1' ) LIMIT 1   [ RunTime:0.0080s ]
SQL: SELECT `title` FROM `ht_menu` WHERE ( 1=1 AND id='0' ) LIMIT 1   [ RunTime:0.0090s ]
SQL: SELECT `title` FROM `ht_menu` WHERE ( 1=1 AND id='0' ) LIMIT 1   [ RunTime:0.0080s ]
SQL: SELECT `title` FROM `ht_menu` WHERE ( 1=1 AND id='0' ) LIMIT 1   [ RunTime:0.0080s ]
SQL: SELECT `title` FROM `ht_menu` WHERE ( 1=1 AND id='5' ) LIMIT 1   [ RunTime:0.3030s ]
SQL: SELECT `title` FROM `ht_menu` WHERE ( 1=1 AND id='0' ) LIMIT 1   [ RunTime:0.0080s ]
SQL: SELECT `title` FROM `ht_menu` WHERE ( 1=1 AND id='0' ) LIMIT 1   [ RunTime:0.0080s ]
SQL: SELECT `title` FROM `ht_menu` WHERE ( 1=1 AND id='0' ) LIMIT 1   [ RunTime:0.0080s ]
SQL: SELECT `title` FROM `ht_menu` WHERE ( 1=1 AND id='0' ) LIMIT 1   [ RunTime:0.0080s ]
SQL: SELECT `title` FROM `ht_menu` WHERE ( 1=1 AND id='2' ) LIMIT 1   [ RunTime:0.0080s ]
SQL: SELECT `title` FROM `ht_menu` WHERE ( 1=1 AND id='2' ) LIMIT 1   [ RunTime:0.0080s ]
SQL: SELECT `title` FROM `ht_menu` WHERE ( 1=1 AND id='2' ) LIMIT 1   [ RunTime:0.0070s ]
SQL: SELECT `title` FROM `ht_menu` WHERE ( 1=1 AND id='2' ) LIMIT 1   [ RunTime:0.0080s ]
SQL: SELECT `title` FROM `ht_menu` WHERE ( 1=1 AND id='2' ) LIMIT 1   [ RunTime:0.0080s ]
SQL: SELECT `title` FROM `ht_menu` WHERE ( 1=1 AND id='2' ) LIMIT 1   [ RunTime:0.0080s ]
SQL: SELECT `title` FROM `ht_menu` WHERE ( 1=1 AND id='20' ) LIMIT 1   [ RunTime:0.0080s ]
SQL: SELECT `title` FROM `ht_menu` WHERE ( 1=1 AND id='16' ) LIMIT 1   [ RunTime:0.0090s ]
SQL: SELECT `title` FROM `ht_menu` WHERE ( 1=1 AND id='16' ) LIMIT 1   [ RunTime:0.0090s ]
SQL: SELECT `title` FROM `ht_menu` WHERE ( 1=1 AND id='16' ) LIMIT 1   [ RunTime:0.3050s ]
SQL: SELECT `title` FROM `ht_menu` WHERE ( 1=1 AND id='16' ) LIMIT 1   [ RunTime:0.0090s ]
SQL: SELECT `title` FROM `ht_menu` WHERE ( 1=1 AND id='16' ) LIMIT 1   [ RunTime:0.0090s ]
SQL: SELECT `title` FROM `ht_menu` WHERE ( 1=1 AND id='16' ) LIMIT 1   [ RunTime:0.0080s ]
SQL: SELECT `title` FROM `ht_menu` WHERE ( 1=1 AND id='0' ) LIMIT 1   [ RunTime:0.0080s ]
SQL: SELECT `title` FROM `ht_menu` WHERE ( 1=1 AND id='17' ) LIMIT 1   [ RunTime:0.0080s ]
SQL: SELECT `title` FROM `ht_menu` WHERE ( 1=1 AND id='0' ) LIMIT 1   [ RunTime:0.0080s ]
SQL: SELECT `title` FROM `ht_menu` WHERE ( 1=1 AND id='18' ) LIMIT 1   [ RunTime:0.0080s ]
SQL: SELECT `title` FROM `ht_menu` WHERE ( 1=1 AND id='0' ) LIMIT 1   [ RunTime:0.0070s ]
SQL: SELECT `title` FROM `ht_menu` WHERE ( 1=1 AND id='0' ) LIMIT 1   [ RunTime:0.0080s ]
SQL: SELECT `title` FROM `ht_menu` WHERE ( 1=1 AND id='0' ) LIMIT 1   [ RunTime:0.0070s ]
SQL: SELECT `title` FROM `ht_menu` WHERE ( 1=1 AND id='0' ) LIMIT 1   [ RunTime:0.0080s ]
SQL: SELECT `title` FROM `ht_menu` WHERE ( 1=1 AND id='19' ) LIMIT 1   [ RunTime:0.0080s ]
SQL: SELECT `title` FROM `ht_menu` WHERE ( 1=1 AND id='17' ) LIMIT 1   [ RunTime:0.0080s ]
SQL: SELECT `title` FROM `ht_menu` WHERE ( 1=1 AND id='17' ) LIMIT 1   [ RunTime:0.0080s ]
SQL: SELECT `title` FROM `ht_menu` WHERE ( 1=1 AND id='19' ) LIMIT 1   [ RunTime:0.0100s ]
SQL: SELECT `title` FROM `ht_menu` WHERE ( 1=1 AND id='19' ) LIMIT 1   [ RunTime:0.0070s ]
SQL: SELECT `title` FROM `ht_menu` WHERE ( 1=1 AND id='19' ) LIMIT 1   [ RunTime:0.0080s ]
SQL: SELECT `title` FROM `ht_menu` WHERE ( 1=1 AND id='19' ) LIMIT 1   [ RunTime:0.0080s ]
SQL: SELECT `title` FROM `ht_menu` WHERE ( 1=1 AND id='0' ) LIMIT 1   [ RunTime:0.0080s ]
SQL: SELECT `title` FROM `ht_menu` WHERE ( 1=1 AND id='20' ) LIMIT 1   [ RunTime:0.0090s ]
INFO: [ view_parse ] --START--
INFO: [ template_filter ] --START--
INFO: Run Behavior\ContentReplaceBehavior [ RunTime:0.001000s ]
INFO: [ template_filter ] --END-- [ RunTime:0.001000s ]
SQL: SHOW COLUMNS FROM `ht_config` [ RunTime:0.0080s ]
NOTIC: [8] Undefined variable: gid E:\wwwroot\www\kf.hitui.com\App\Runtime\Cache\Admin\5956d02cef07d0f490f1cf2927dcf4bf.php 第 70 行.
INFO: Run Behavior\ParseTemplateBehavior [ RunTime:0.032002s ]
INFO: [ view_parse ] --END-- [ RunTime:0.033002s ]
INFO: [ view_filter ] --START--
INFO: Run Behavior\WriteHtmlCacheBehavior [ RunTime:0.000000s ]
INFO: [ view_filter ] --END-- [ RunTime:0.000000s ]

[ 2017-05-04T09:48:56+08:00 ] 127.0.0.1 /Admin/Config/index.html
INFO: [ app_init ] --START--
INFO: Run Behavior\BuildLiteBehavior [ RunTime:0.000000s ]
INFO: [ app_init ] --END-- [ RunTime:0.001000s ]
INFO: [ app_begin ] --START--
INFO: Run Behavior\ReadHtmlCacheBehavior [ RunTime:0.001000s ]
INFO: [ app_begin ] --END-- [ RunTime:0.001000s ]
NOTIC: [8] A session had already been started - ignoring session_start() E:\wwwroot\www\kf.hitui.com\ThinkPHP\Common\functions.php 第 1263 行.
SQL: SHOW COLUMNS FROM `ht_config` [ RunTime:0.0090s ]
SQL: SELECT * FROM `ht_config` WHERE `id` = 1 LIMIT 1   [ RunTime:0.0090s ]
INFO: [ view_parse ] --START--
INFO: [ template_filter ] --START--
INFO: Run Behavior\ContentReplaceBehavior [ RunTime:0.000000s ]
INFO: [ template_filter ] --END-- [ RunTime:0.000000s ]
INFO: Run Behavior\ParseTemplateBehavior [ RunTime:0.011001s ]
INFO: [ view_parse ] --END-- [ RunTime:0.011001s ]
INFO: [ view_filter ] --START--
INFO: Run Behavior\WriteHtmlCacheBehavior [ RunTime:0.001000s ]
INFO: [ view_filter ] --END-- [ RunTime:0.001000s ]
INFO: [ app_end ] --START--
INFO: Run Behavior\ShowPageTraceBehavior [ RunTime:0.000000s ]
INFO: [ app_end ] --END-- [ RunTime:0.000000s ]

[ 2017-05-04T09:48:56+08:00 ] 127.0.0.1 /Admin/Data/index.html
INFO: [ app_init ] --START--
INFO: Run Behavior\BuildLiteBehavior [ RunTime:0.000000s ]
INFO: [ app_init ] --END-- [ RunTime:0.000000s ]
INFO: [ app_begin ] --START--
INFO: Run Behavior\ReadHtmlCacheBehavior [ RunTime:0.000000s ]
INFO: [ app_begin ] --END-- [ RunTime:0.000000s ]
NOTIC: [8] A session had already been started - ignoring session_start() E:\wwwroot\www\kf.hitui.com\ThinkPHP\Common\functions.php 第 1263 行.
SQL: SHOW TABLE STATUS FROM ihitui_px [ RunTime:0.0210s ]
INFO: [ view_parse ] --START--
INFO: [ template_filter ] --START--
INFO: Run Behavior\ContentReplaceBehavior [ RunTime:0.000000s ]
INFO: [ template_filter ] --END-- [ RunTime:0.000000s ]
SQL: SHOW COLUMNS FROM `ht_config` [ RunTime:0.0100s ]
INFO: Run Behavior\ParseTemplateBehavior [ RunTime:0.032002s ]
INFO: [ view_parse ] --END-- [ RunTime:0.032002s ]
INFO: [ view_filter ] --START--
INFO: Run Behavior\WriteHtmlCacheBehavior [ RunTime:0.000000s ]
INFO: [ view_filter ] --END-- [ RunTime:0.000000s ]
INFO: [ app_end ] --START--
INFO: Run Behavior\ShowPageTraceBehavior [ RunTime:0.001000s ]
INFO: [ app_end ] --END-- [ RunTime:0.001000s ]

