[ 2017-04-22T09:14:34+08:00 ] 127.0.0.1 /admin
INFO: [ app_init ] --START--
INFO: Run Behavior\BuildLiteBehavior [ RunTime:0.000000s ]
INFO: [ app_init ] --END-- [ RunTime:0.001000s ]
INFO: [ app_begin ] --START--
INFO: Run Behavior\ReadHtmlCacheBehavior [ RunTime:0.001000s ]
INFO: [ app_begin ] --END-- [ RunTime:0.001000s ]
NOTIC: [8] A session had already been started - ignoring session_start() E:\wwwroot\www\kf.hitui.com\ThinkPHP\Common\functions.php 第 1263 行.

[ 2017-04-22T09:14:34+08:00 ] 127.0.0.1 /Admin/Login/index.html
INFO: [ app_init ] --START--
INFO: Run Behavior\BuildLiteBehavior [ RunTime:0.000000s ]
INFO: [ app_init ] --END-- [ RunTime:0.000000s ]
INFO: [ app_begin ] --START--
INFO: Run Behavior\ReadHtmlCacheBehavior [ RunTime:0.001000s ]
INFO: [ app_begin ] --END-- [ RunTime:0.001000s ]
NOTIC: [8] A session had already been started - ignoring session_start() E:\wwwroot\www\kf.hitui.com\ThinkPHP\Common\functions.php 第 1263 行.
INFO: [ view_parse ] --START--
INFO: [ template_filter ] --START--
INFO: Run Behavior\ContentReplaceBehavior [ RunTime:0.000000s ]
INFO: [ template_filter ] --END-- [ RunTime:0.000000s ]
INFO: Run Behavior\ParseTemplateBehavior [ RunTime:0.062004s ]
INFO: [ view_parse ] --END-- [ RunTime:0.062004s ]
INFO: [ view_filter ] --START--
INFO: Run Behavior\WriteHtmlCacheBehavior [ RunTime:0.000000s ]
INFO: [ view_filter ] --END-- [ RunTime:0.000000s ]
INFO: [ app_end ] --START--
INFO: Run Behavior\ShowPageTraceBehavior [ RunTime:0.001000s ]
INFO: [ app_end ] --END-- [ RunTime:0.001000s ]

[ 2017-04-22T09:14:34+08:00 ] 127.0.0.1 /Admin/Login/verify
INFO: [ app_init ] --START--
INFO: Run Behavior\BuildLiteBehavior [ RunTime:0.000000s ]
INFO: [ app_init ] --END-- [ RunTime:0.000000s ]
INFO: [ app_begin ] --START--
INFO: Run Behavior\ReadHtmlCacheBehavior [ RunTime:0.000000s ]
INFO: [ app_begin ] --END-- [ RunTime:0.000000s ]
NOTIC: [8] A session had already been started - ignoring session_start() E:\wwwroot\www\kf.hitui.com\ThinkPHP\Common\functions.php 第 1263 行.
INFO: [ app_end ] --START--
INFO: Run Behavior\ShowPageTraceBehavior [ RunTime:0.001000s ]
INFO: [ app_end ] --END-- [ RunTime:0.001000s ]

[ 2017-04-22T09:14:58+08:00 ] 127.0.0.1 /Admin/Login/login.html
INFO: [ app_init ] --START--
INFO: Run Behavior\BuildLiteBehavior [ RunTime:0.000000s ]
INFO: [ app_init ] --END-- [ RunTime:0.001000s ]
INFO: [ app_begin ] --START--
INFO: Run Behavior\ReadHtmlCacheBehavior [ RunTime:0.000000s ]
INFO: [ app_begin ] --END-- [ RunTime:0.000000s ]
NOTIC: [8] A session had already been started - ignoring session_start() E:\wwwroot\www\kf.hitui.com\ThinkPHP\Common\functions.php 第 1263 行.
NOTIC: [8] Undefined index: type E:\wwwroot\www\kf.hitui.com\App\Admin\Controller\LoginController.class.php 第 38 行.

[ 2017-04-22T09:14:58+08:00 ] 127.0.0.1 /Admin/Index/index.html
INFO: [ app_init ] --START--
INFO: Run Behavior\BuildLiteBehavior [ RunTime:0.000000s ]
INFO: [ app_init ] --END-- [ RunTime:0.000000s ]
INFO: [ app_begin ] --START--
INFO: Run Behavior\ReadHtmlCacheBehavior [ RunTime:0.001000s ]
INFO: [ app_begin ] --END-- [ RunTime:0.001000s ]
NOTIC: [8] A session had already been started - ignoring session_start() E:\wwwroot\www\kf.hitui.com\ThinkPHP\Common\functions.php 第 1263 行.
INFO: [ view_parse ] --START--
INFO: [ template_filter ] --START--
INFO: Run Behavior\ContentReplaceBehavior [ RunTime:0.000000s ]
INFO: [ template_filter ] --END-- [ RunTime:0.000000s ]
INFO: Run Behavior\ParseTemplateBehavior [ RunTime:0.030001s ]
INFO: [ view_parse ] --END-- [ RunTime:0.030001s ]
INFO: [ view_filter ] --START--
INFO: Run Behavior\WriteHtmlCacheBehavior [ RunTime:0.000000s ]
INFO: [ view_filter ] --END-- [ RunTime:0.000000s ]
INFO: [ app_end ] --START--
INFO: Run Behavior\ShowPageTraceBehavior [ RunTime:0.000000s ]
INFO: [ app_end ] --END-- [ RunTime:0.001000s ]

[ 2017-04-22T09:14:58+08:00 ] 127.0.0.1 /Admin/Index/welcome.html
INFO: [ app_init ] --START--
INFO: Run Behavior\BuildLiteBehavior [ RunTime:0.000000s ]
INFO: [ app_init ] --END-- [ RunTime:0.001000s ]
INFO: [ app_begin ] --START--
INFO: Run Behavior\ReadHtmlCacheBehavior [ RunTime:0.001000s ]
INFO: [ app_begin ] --END-- [ RunTime:0.001000s ]
NOTIC: [8] A session had already been started - ignoring session_start() E:\wwwroot\www\kf.hitui.com\ThinkPHP\Common\functions.php 第 1263 行.
INFO: [ view_parse ] --START--
INFO: [ template_filter ] --START--
INFO: Run Behavior\ContentReplaceBehavior [ RunTime:0.000000s ]
INFO: [ template_filter ] --END-- [ RunTime:0.000000s ]
INFO: Run Behavior\ParseTemplateBehavior [ RunTime:0.030002s ]
INFO: [ view_parse ] --END-- [ RunTime:0.030002s ]
INFO: [ view_filter ] --START--
INFO: Run Behavior\WriteHtmlCacheBehavior [ RunTime:0.000000s ]
INFO: [ view_filter ] --END-- [ RunTime:0.000000s ]
INFO: [ app_end ] --START--
INFO: Run Behavior\ShowPageTraceBehavior [ RunTime:0.001000s ]
INFO: [ app_end ] --END-- [ RunTime:0.001000s ]

[ 2017-04-22T09:15:01+08:00 ] 127.0.0.1 /Admin/Menu/index.html
INFO: [ app_init ] --START--
INFO: Run Behavior\BuildLiteBehavior [ RunTime:0.000000s ]
INFO: [ app_init ] --END-- [ RunTime:0.000000s ]
INFO: [ app_begin ] --START--
INFO: Run Behavior\ReadHtmlCacheBehavior [ RunTime:0.000000s ]
INFO: [ app_begin ] --END-- [ RunTime:0.000000s ]
NOTIC: [8] A session had already been started - ignoring session_start() E:\wwwroot\www\kf.hitui.com\ThinkPHP\Common\functions.php 第 1263 行.
INFO: [ view_parse ] --START--
INFO: [ template_filter ] --START--
INFO: Run Behavior\ContentReplaceBehavior [ RunTime:0.001000s ]
INFO: [ template_filter ] --END-- [ RunTime:0.001000s ]
NOTIC: [8] Undefined variable: gid E:\wwwroot\www\kf.hitui.com\App\Runtime\Cache\Admin\5a1d71dcf039f1b3725a8d8d96ae9d91.php 第 70 行.
INFO: Run Behavior\ParseTemplateBehavior [ RunTime:0.025001s ]
INFO: [ view_parse ] --END-- [ RunTime:0.026001s ]
INFO: [ view_filter ] --START--
INFO: Run Behavior\WriteHtmlCacheBehavior [ RunTime:0.000000s ]
INFO: [ view_filter ] --END-- [ RunTime:0.000000s ]
INFO: [ app_end ] --START--
INFO: Run Behavior\ShowPageTraceBehavior [ RunTime:0.000000s ]
INFO: [ app_end ] --END-- [ RunTime:0.000000s ]

[ 2017-04-22T09:16:32+08:00 ] 127.0.0.1 /Admin/Rbac/index.html
INFO: [ app_init ] --START--
INFO: Run Behavior\BuildLiteBehavior [ RunTime:0.000000s ]
INFO: [ app_init ] --END-- [ RunTime:0.001000s ]
INFO: [ app_begin ] --START--
INFO: Run Behavior\ReadHtmlCacheBehavior [ RunTime:0.001000s ]
INFO: [ app_begin ] --END-- [ RunTime:0.001000s ]
NOTIC: [8] A session had already been started - ignoring session_start() E:\wwwroot\www\kf.hitui.com\ThinkPHP\Common\functions.php 第 1263 行.
NOTIC: [8] Undefined index: mapping_order E:\wwwroot\www\kf.hitui.com\ThinkPHP\Library\Think\Model\RelationModel.class.php 第 186 行.
NOTIC: [8] Undefined index: mapping_limit E:\wwwroot\www\kf.hitui.com\ThinkPHP\Library\Think\Model\RelationModel.class.php 第 187 行.
INFO: [ view_parse ] --START--
INFO: [ template_filter ] --START--
INFO: Run Behavior\ContentReplaceBehavior [ RunTime:0.000000s ]
INFO: [ template_filter ] --END-- [ RunTime:0.000000s ]
INFO: Run Behavior\ParseTemplateBehavior [ RunTime:0.030001s ]
INFO: [ view_parse ] --END-- [ RunTime:0.030001s ]
INFO: [ view_filter ] --START--
INFO: Run Behavior\WriteHtmlCacheBehavior [ RunTime:0.001000s ]
INFO: [ view_filter ] --END-- [ RunTime:0.001000s ]
INFO: [ app_end ] --START--
INFO: Run Behavior\ShowPageTraceBehavior [ RunTime:0.000000s ]
INFO: [ app_end ] --END-- [ RunTime:0.000000s ]

[ 2017-04-22T09:16:36+08:00 ] 127.0.0.1 /Admin/Rbac/role.html
INFO: [ app_init ] --START--
INFO: Run Behavior\BuildLiteBehavior [ RunTime:0.000000s ]
INFO: [ app_init ] --END-- [ RunTime:0.000000s ]
INFO: [ app_begin ] --START--
INFO: Run Behavior\ReadHtmlCacheBehavior [ RunTime:0.001000s ]
INFO: [ app_begin ] --END-- [ RunTime:0.001000s ]
NOTIC: [8] A session had already been started - ignoring session_start() E:\wwwroot\www\kf.hitui.com\ThinkPHP\Common\functions.php 第 1263 行.
INFO: [ view_parse ] --START--
INFO: [ template_filter ] --START--
INFO: Run Behavior\ContentReplaceBehavior [ RunTime:0.000000s ]
INFO: [ template_filter ] --END-- [ RunTime:0.000000s ]
INFO: Run Behavior\ParseTemplateBehavior [ RunTime:0.024001s ]
INFO: [ view_parse ] --END-- [ RunTime:0.024001s ]
INFO: [ view_filter ] --START--
INFO: Run Behavior\WriteHtmlCacheBehavior [ RunTime:0.000000s ]
INFO: [ view_filter ] --END-- [ RunTime:0.000000s ]
INFO: [ app_end ] --START--
INFO: Run Behavior\ShowPageTraceBehavior [ RunTime:0.000000s ]
INFO: [ app_end ] --END-- [ RunTime:0.000000s ]

[ 2017-04-22T09:16:39+08:00 ] 127.0.0.1 /Admin/Rbac/node.html
INFO: [ app_init ] --START--
INFO: Run Behavior\BuildLiteBehavior [ RunTime:0.000000s ]
INFO: [ app_init ] --END-- [ RunTime:0.000000s ]
INFO: [ app_begin ] --START--
INFO: Run Behavior\ReadHtmlCacheBehavior [ RunTime:0.001000s ]
INFO: [ app_begin ] --END-- [ RunTime:0.001000s ]
NOTIC: [8] A session had already been started - ignoring session_start() E:\wwwroot\www\kf.hitui.com\ThinkPHP\Common\functions.php 第 1263 行.
INFO: [ view_parse ] --START--
INFO: [ template_filter ] --START--
INFO: Run Behavior\ContentReplaceBehavior [ RunTime:0.000000s ]
INFO: [ template_filter ] --END-- [ RunTime:0.000000s ]
NOTIC: [8] Undefined variable: gid E:\wwwroot\www\kf.hitui.com\App\Runtime\Cache\Admin\5956d02cef07d0f490f1cf2927dcf4bf.php 第 70 行.
INFO: Run Behavior\ParseTemplateBehavior [ RunTime:0.033001s ]
INFO: [ view_parse ] --END-- [ RunTime:0.033001s ]
INFO: [ view_filter ] --START--
INFO: Run Behavior\WriteHtmlCacheBehavior [ RunTime:0.001000s ]
INFO: [ view_filter ] --END-- [ RunTime:0.001000s ]
INFO: [ app_end ] --START--
INFO: Run Behavior\ShowPageTraceBehavior [ RunTime:0.001001s ]
INFO: [ app_end ] --END-- [ RunTime:0.001001s ]

[ 2017-04-22T09:16:56+08:00 ] 127.0.0.1 /Admin/Config/index.html
INFO: [ app_init ] --START--
INFO: Run Behavior\BuildLiteBehavior [ RunTime:0.000000s ]
INFO: [ app_init ] --END-- [ RunTime:0.000000s ]
INFO: [ app_begin ] --START--
INFO: Run Behavior\ReadHtmlCacheBehavior [ RunTime:0.001000s ]
INFO: [ app_begin ] --END-- [ RunTime:0.001000s ]
NOTIC: [8] A session had already been started - ignoring session_start() E:\wwwroot\www\kf.hitui.com\ThinkPHP\Common\functions.php 第 1263 行.
INFO: [ view_parse ] --START--
INFO: [ template_filter ] --START--
INFO: Run Behavior\ContentReplaceBehavior [ RunTime:0.000000s ]
INFO: [ template_filter ] --END-- [ RunTime:0.000000s ]
INFO: Run Behavior\ParseTemplateBehavior [ RunTime:0.011000s ]
INFO: [ view_parse ] --END-- [ RunTime:0.011000s ]
INFO: [ view_filter ] --START--
INFO: Run Behavior\WriteHtmlCacheBehavior [ RunTime:0.000000s ]
INFO: [ view_filter ] --END-- [ RunTime:0.000000s ]
INFO: [ app_end ] --START--
INFO: Run Behavior\ShowPageTraceBehavior [ RunTime:0.000000s ]
INFO: [ app_end ] --END-- [ RunTime:0.000000s ]

[ 2017-04-22T09:16:56+08:00 ] 127.0.0.1 /Admin/Config/index.html
INFO: [ app_init ] --START--
INFO: Run Behavior\BuildLiteBehavior [ RunTime:0.000000s ]
INFO: [ app_init ] --END-- [ RunTime:0.000000s ]
INFO: [ app_begin ] --START--
INFO: Run Behavior\ReadHtmlCacheBehavior [ RunTime:0.001000s ]
INFO: [ app_begin ] --END-- [ RunTime:0.001000s ]
NOTIC: [8] A session had already been started - ignoring session_start() E:\wwwroot\www\kf.hitui.com\ThinkPHP\Common\functions.php 第 1263 行.
INFO: [ view_parse ] --START--
INFO: [ template_filter ] --START--
INFO: Run Behavior\ContentReplaceBehavior [ RunTime:0.000000s ]
INFO: [ template_filter ] --END-- [ RunTime:0.000000s ]
INFO: Run Behavior\ParseTemplateBehavior [ RunTime:0.010000s ]
INFO: [ view_parse ] --END-- [ RunTime:0.010000s ]
INFO: [ view_filter ] --START--
INFO: Run Behavior\WriteHtmlCacheBehavior [ RunTime:0.000000s ]
INFO: [ view_filter ] --END-- [ RunTime:0.000000s ]
INFO: [ app_end ] --START--
INFO: Run Behavior\ShowPageTraceBehavior [ RunTime:0.000000s ]
INFO: [ app_end ] --END-- [ RunTime:0.000000s ]

[ 2017-04-22T09:16:57+08:00 ] 127.0.0.1 /Admin/Data/index.html
INFO: [ app_init ] --START--
INFO: Run Behavior\BuildLiteBehavior [ RunTime:0.000000s ]
INFO: [ app_init ] --END-- [ RunTime:0.000000s ]
INFO: [ app_begin ] --START--
INFO: Run Behavior\ReadHtmlCacheBehavior [ RunTime:0.001000s ]
INFO: [ app_begin ] --END-- [ RunTime:0.001000s ]
NOTIC: [8] A session had already been started - ignoring session_start() E:\wwwroot\www\kf.hitui.com\ThinkPHP\Common\functions.php 第 1263 行.
INFO: [ view_parse ] --START--
INFO: [ template_filter ] --START--
INFO: Run Behavior\ContentReplaceBehavior [ RunTime:0.000000s ]
INFO: [ template_filter ] --END-- [ RunTime:0.000000s ]
INFO: Run Behavior\ParseTemplateBehavior [ RunTime:0.027001s ]
INFO: [ view_parse ] --END-- [ RunTime:0.027001s ]
INFO: [ view_filter ] --START--
INFO: Run Behavior\WriteHtmlCacheBehavior [ RunTime:0.001000s ]
INFO: [ view_filter ] --END-- [ RunTime:0.001000s ]
INFO: [ app_end ] --START--
INFO: Run Behavior\ShowPageTraceBehavior [ RunTime:0.001000s ]
INFO: [ app_end ] --END-- [ RunTime:0.001000s ]

[ 2017-04-22T09:20:38+08:00 ] 127.0.0.1 /Admin/User/userList.html
INFO: [ app_init ] --START--
INFO: Run Behavior\BuildLiteBehavior [ RunTime:0.000000s ]
INFO: [ app_init ] --END-- [ RunTime:0.001000s ]
INFO: [ app_begin ] --START--
INFO: Run Behavior\ReadHtmlCacheBehavior [ RunTime:0.000000s ]
INFO: [ app_begin ] --END-- [ RunTime:0.000000s ]
NOTIC: [8] A session had already been started - ignoring session_start() E:\wwwroot\www\kf.hitui.com\ThinkPHP\Common\functions.php 第 1263 行.
INFO: [ view_parse ] --START--
INFO: [ template_filter ] --START--
INFO: Run Behavior\ContentReplaceBehavior [ RunTime:0.000000s ]
INFO: [ template_filter ] --END-- [ RunTime:0.000000s ]
NOTIC: [8] Use of undefined constant group_id - assumed 'group_id' E:\wwwroot\www\kf.hitui.com\App\Runtime\Cache\Admin\659ce6107d8daa561ef1d1e3787ca18e.php 第 101 行.
NOTIC: [8] Use of undefined constant id - assumed 'id' E:\wwwroot\www\kf.hitui.com\App\Runtime\Cache\Admin\659ce6107d8daa561ef1d1e3787ca18e.php 第 101 行.
NOTIC: [8] Use of undefined constant group_id - assumed 'group_id' E:\wwwroot\www\kf.hitui.com\App\Runtime\Cache\Admin\659ce6107d8daa561ef1d1e3787ca18e.php 第 101 行.
NOTIC: [8] Use of undefined constant id - assumed 'id' E:\wwwroot\www\kf.hitui.com\App\Runtime\Cache\Admin\659ce6107d8daa561ef1d1e3787ca18e.php 第 101 行.
NOTIC: [8] Use of undefined constant group_id - assumed 'group_id' E:\wwwroot\www\kf.hitui.com\App\Runtime\Cache\Admin\659ce6107d8daa561ef1d1e3787ca18e.php 第 101 行.
NOTIC: [8] Use of undefined constant id - assumed 'id' E:\wwwroot\www\kf.hitui.com\App\Runtime\Cache\Admin\659ce6107d8daa561ef1d1e3787ca18e.php 第 101 行.
NOTIC: [8] Use of undefined constant group_id - assumed 'group_id' E:\wwwroot\www\kf.hitui.com\App\Runtime\Cache\Admin\659ce6107d8daa561ef1d1e3787ca18e.php 第 101 行.
NOTIC: [8] Use of undefined constant id - assumed 'id' E:\wwwroot\www\kf.hitui.com\App\Runtime\Cache\Admin\659ce6107d8daa561ef1d1e3787ca18e.php 第 101 行.
NOTIC: [8] Use of undefined constant group_id - assumed 'group_id' E:\wwwroot\www\kf.hitui.com\App\Runtime\Cache\Admin\659ce6107d8daa561ef1d1e3787ca18e.php 第 101 行.
NOTIC: [8] Use of undefined constant id - assumed 'id' E:\wwwroot\www\kf.hitui.com\App\Runtime\Cache\Admin\659ce6107d8daa561ef1d1e3787ca18e.php 第 101 行.
NOTIC: [8] Use of undefined constant group_id - assumed 'group_id' E:\wwwroot\www\kf.hitui.com\App\Runtime\Cache\Admin\659ce6107d8daa561ef1d1e3787ca18e.php 第 101 行.
NOTIC: [8] Use of undefined constant id - assumed 'id' E:\wwwroot\www\kf.hitui.com\App\Runtime\Cache\Admin\659ce6107d8daa561ef1d1e3787ca18e.php 第 101 行.
NOTIC: [8] Use of undefined constant username - assumed 'username' E:\wwwroot\www\kf.hitui.com\App\Runtime\Cache\Admin\659ce6107d8daa561ef1d1e3787ca18e.php 第 106 行.
NOTIC: [8] Use of undefined constant qq - assumed 'qq' E:\wwwroot\www\kf.hitui.com\App\Runtime\Cache\Admin\659ce6107d8daa561ef1d1e3787ca18e.php 第 111 行.
NOTIC: [8] Use of undefined constant mobile - assumed 'mobile' E:\wwwroot\www\kf.hitui.com\App\Runtime\Cache\Admin\659ce6107d8daa561ef1d1e3787ca18e.php 第 115 行.
NOTIC: [8] Use of undefined constant time_type - assumed 'time_type' E:\wwwroot\www\kf.hitui.com\App\Runtime\Cache\Admin\659ce6107d8daa561ef1d1e3787ca18e.php 第 121 行.
NOTIC: [8] Use of undefined constant time_type - assumed 'time_type' E:\wwwroot\www\kf.hitui.com\App\Runtime\Cache\Admin\659ce6107d8daa561ef1d1e3787ca18e.php 第 122 行.
NOTIC: [8] Use of undefined constant time_type - assumed 'time_type' E:\wwwroot\www\kf.hitui.com\App\Runtime\Cache\Admin\659ce6107d8daa561ef1d1e3787ca18e.php 第 123 行.
NOTIC: [8] Undefined index: video_time E:\wwwroot\www\kf.hitui.com\App\Runtime\Cache\Admin\659ce6107d8daa561ef1d1e3787ca18e.php 第 153 行.
NOTIC: [8] Undefined index: username_a E:\wwwroot\www\kf.hitui.com\App\Runtime\Cache\Admin\659ce6107d8daa561ef1d1e3787ca18e.php 第 161 行.
NOTIC: [8] Undefined index: video_time E:\wwwroot\www\kf.hitui.com\App\Runtime\Cache\Admin\659ce6107d8daa561ef1d1e3787ca18e.php 第 165 行.
NOTIC: [8] Undefined index: video_time E:\wwwroot\www\kf.hitui.com\App\Runtime\Cache\Admin\659ce6107d8daa561ef1d1e3787ca18e.php 第 153 行.
NOTIC: [8] Undefined index: username_a E:\wwwroot\www\kf.hitui.com\App\Runtime\Cache\Admin\659ce6107d8daa561ef1d1e3787ca18e.php 第 161 行.
NOTIC: [8] Undefined index: video_time E:\wwwroot\www\kf.hitui.com\App\Runtime\Cache\Admin\659ce6107d8daa561ef1d1e3787ca18e.php 第 165 行.
NOTIC: [8] Undefined index: video_time E:\wwwroot\www\kf.hitui.com\App\Runtime\Cache\Admin\659ce6107d8daa561ef1d1e3787ca18e.php 第 153 行.
NOTIC: [8] Undefined index: username_a E:\wwwroot\www\kf.hitui.com\App\Runtime\Cache\Admin\659ce6107d8daa561ef1d1e3787ca18e.php 第 161 行.
NOTIC: [8] Undefined index: video_time E:\wwwroot\www\kf.hitui.com\App\Runtime\Cache\Admin\659ce6107d8daa561ef1d1e3787ca18e.php 第 165 行.
NOTIC: [8] Undefined index: video_time E:\wwwroot\www\kf.hitui.com\App\Runtime\Cache\Admin\659ce6107d8daa561ef1d1e3787ca18e.php 第 153 行.
NOTIC: [8] Undefined index: username_a E:\wwwroot\www\kf.hitui.com\App\Runtime\Cache\Admin\659ce6107d8daa561ef1d1e3787ca18e.php 第 161 行.
NOTIC: [8] Undefined index: video_time E:\wwwroot\www\kf.hitui.com\App\Runtime\Cache\Admin\659ce6107d8daa561ef1d1e3787ca18e.php 第 165 行.
NOTIC: [8] Undefined index: video_time E:\wwwroot\www\kf.hitui.com\App\Runtime\Cache\Admin\659ce6107d8daa561ef1d1e3787ca18e.php 第 153 行.
NOTIC: [8] Undefined index: username_a E:\wwwroot\www\kf.hitui.com\App\Runtime\Cache\Admin\659ce6107d8daa561ef1d1e3787ca18e.php 第 161 行.
NOTIC: [8] Undefined index: video_time E:\wwwroot\www\kf.hitui.com\App\Runtime\Cache\Admin\659ce6107d8daa561ef1d1e3787ca18e.php 第 165 行.
NOTIC: [8] Undefined index: video_time E:\wwwroot\www\kf.hitui.com\App\Runtime\Cache\Admin\659ce6107d8daa561ef1d1e3787ca18e.php 第 153 行.
NOTIC: [8] Undefined index: username_a E:\wwwroot\www\kf.hitui.com\App\Runtime\Cache\Admin\659ce6107d8daa561ef1d1e3787ca18e.php 第 161 行.
NOTIC: [8] Undefined index: video_time E:\wwwroot\www\kf.hitui.com\App\Runtime\Cache\Admin\659ce6107d8daa561ef1d1e3787ca18e.php 第 165 行.
INFO: Run Behavior\ParseTemplateBehavior [ RunTime:0.044003s ]
INFO: [ view_parse ] --END-- [ RunTime:0.044003s ]
INFO: [ view_filter ] --START--
INFO: Run Behavior\WriteHtmlCacheBehavior [ RunTime:0.001000s ]
INFO: [ view_filter ] --END-- [ RunTime:0.001000s ]
INFO: [ app_end ] --START--
INFO: Run Behavior\ShowPageTraceBehavior [ RunTime:0.001000s ]
INFO: [ app_end ] --END-- [ RunTime:0.001000s ]

[ 2017-04-22T09:21:22+08:00 ] 127.0.0.1 /Admin/User/userHack.html
INFO: [ app_init ] --START--
INFO: Run Behavior\BuildLiteBehavior [ RunTime:0.000000s ]
INFO: [ app_init ] --END-- [ RunTime:0.000000s ]
INFO: [ app_begin ] --START--
INFO: Run Behavior\ReadHtmlCacheBehavior [ RunTime:0.000000s ]
INFO: [ app_begin ] --END-- [ RunTime:0.000000s ]
NOTIC: [8] A session had already been started - ignoring session_start() E:\wwwroot\www\kf.hitui.com\ThinkPHP\Common\functions.php 第 1263 行.
INFO: [ view_parse ] --START--
INFO: [ template_filter ] --START--
INFO: Run Behavior\ContentReplaceBehavior [ RunTime:0.000000s ]
INFO: [ template_filter ] --END-- [ RunTime:0.000000s ]
NOTIC: [8] Undefined variable: gid E:\wwwroot\www\kf.hitui.com\App\Runtime\Cache\Admin\5306f01985c79d4f493efa47046db065.php 第 71 行.
INFO: Run Behavior\ParseTemplateBehavior [ RunTime:0.021001s ]
INFO: [ view_parse ] --END-- [ RunTime:0.021001s ]
INFO: [ view_filter ] --START--
INFO: Run Behavior\WriteHtmlCacheBehavior [ RunTime:0.001000s ]
INFO: [ view_filter ] --END-- [ RunTime:0.001000s ]
INFO: [ app_end ] --START--
INFO: Run Behavior\ShowPageTraceBehavior [ RunTime:0.000000s ]
INFO: [ app_end ] --END-- [ RunTime:0.000000s ]

[ 2017-04-22T09:21:29+08:00 ] 127.0.0.1 /Admin/User/ticket.html
INFO: [ app_init ] --START--
INFO: Run Behavior\BuildLiteBehavior [ RunTime:0.000000s ]
INFO: [ app_init ] --END-- [ RunTime:0.001000s ]
INFO: [ app_begin ] --START--
INFO: Run Behavior\ReadHtmlCacheBehavior [ RunTime:0.001000s ]
INFO: [ app_begin ] --END-- [ RunTime:0.001000s ]
NOTIC: [8] A session had already been started - ignoring session_start() E:\wwwroot\www\kf.hitui.com\ThinkPHP\Common\functions.php 第 1263 行.
INFO: [ view_parse ] --START--
INFO: [ template_filter ] --START--
INFO: Run Behavior\ContentReplaceBehavior [ RunTime:0.001000s ]
INFO: [ template_filter ] --END-- [ RunTime:0.001000s ]
NOTIC: [8] Array to string conversion E:\wwwroot\www\kf.hitui.com\App\Runtime\Cache\Admin\9e1ca5faaa8aa8ec921b37c1180563b2.php 第 124 行.
NOTIC: [8] Undefined index: remark?Array E:\wwwroot\www\kf.hitui.com\App\Runtime\Cache\Admin\9e1ca5faaa8aa8ec921b37c1180563b2.php 第 124 行.
NOTIC: [8] Use of undefined constant id - assumed 'id' E:\wwwroot\www\kf.hitui.com\App\Runtime\Cache\Admin\9e1ca5faaa8aa8ec921b37c1180563b2.php 第 126 行.
NOTIC: [8] Use of undefined constant id - assumed 'id' E:\wwwroot\www\kf.hitui.com\App\Runtime\Cache\Admin\9e1ca5faaa8aa8ec921b37c1180563b2.php 第 126 行.
NOTIC: [8] Use of undefined constant id - assumed 'id' E:\wwwroot\www\kf.hitui.com\App\Runtime\Cache\Admin\9e1ca5faaa8aa8ec921b37c1180563b2.php 第 130 行.
NOTIC: [8] Use of undefined constant id - assumed 'id' E:\wwwroot\www\kf.hitui.com\App\Runtime\Cache\Admin\9e1ca5faaa8aa8ec921b37c1180563b2.php 第 130 行.
NOTIC: [8] Array to string conversion E:\wwwroot\www\kf.hitui.com\App\Runtime\Cache\Admin\9e1ca5faaa8aa8ec921b37c1180563b2.php 第 124 行.
NOTIC: [8] Undefined index: remark?Array E:\wwwroot\www\kf.hitui.com\App\Runtime\Cache\Admin\9e1ca5faaa8aa8ec921b37c1180563b2.php 第 124 行.
NOTIC: [8] Use of undefined constant id - assumed 'id' E:\wwwroot\www\kf.hitui.com\App\Runtime\Cache\Admin\9e1ca5faaa8aa8ec921b37c1180563b2.php 第 126 行.
NOTIC: [8] Use of undefined constant id - assumed 'id' E:\wwwroot\www\kf.hitui.com\App\Runtime\Cache\Admin\9e1ca5faaa8aa8ec921b37c1180563b2.php 第 126 行.
NOTIC: [8] Use of undefined constant id - assumed 'id' E:\wwwroot\www\kf.hitui.com\App\Runtime\Cache\Admin\9e1ca5faaa8aa8ec921b37c1180563b2.php 第 130 行.
NOTIC: [8] Use of undefined constant id - assumed 'id' E:\wwwroot\www\kf.hitui.com\App\Runtime\Cache\Admin\9e1ca5faaa8aa8ec921b37c1180563b2.php 第 130 行.
NOTIC: [8] Array to string conversion E:\wwwroot\www\kf.hitui.com\App\Runtime\Cache\Admin\9e1ca5faaa8aa8ec921b37c1180563b2.php 第 124 行.
NOTIC: [8] Undefined index: remark?Array E:\wwwroot\www\kf.hitui.com\App\Runtime\Cache\Admin\9e1ca5faaa8aa8ec921b37c1180563b2.php 第 124 行.
NOTIC: [8] Use of undefined constant id - assumed 'id' E:\wwwroot\www\kf.hitui.com\App\Runtime\Cache\Admin\9e1ca5faaa8aa8ec921b37c1180563b2.php 第 126 行.
NOTIC: [8] Use of undefined constant id - assumed 'id' E:\wwwroot\www\kf.hitui.com\App\Runtime\Cache\Admin\9e1ca5faaa8aa8ec921b37c1180563b2.php 第 126 行.
NOTIC: [8] Use of undefined constant id - assumed 'id' E:\wwwroot\www\kf.hitui.com\App\Runtime\Cache\Admin\9e1ca5faaa8aa8ec921b37c1180563b2.php 第 130 行.
NOTIC: [8] Use of undefined constant id - assumed 'id' E:\wwwroot\www\kf.hitui.com\App\Runtime\Cache\Admin\9e1ca5faaa8aa8ec921b37c1180563b2.php 第 130 行.
INFO: Run Behavior\ParseTemplateBehavior [ RunTime:0.025002s ]
INFO: [ view_parse ] --END-- [ RunTime:0.025002s ]
INFO: [ view_filter ] --START--
INFO: Run Behavior\WriteHtmlCacheBehavior [ RunTime:0.000000s ]
INFO: [ view_filter ] --END-- [ RunTime:0.000000s ]
INFO: [ app_end ] --START--
INFO: Run Behavior\ShowPageTraceBehavior [ RunTime:0.000000s ]
INFO: [ app_end ] --END-- [ RunTime:0.000000s ]

[ 2017-04-22T09:22:28+08:00 ] 127.0.0.1 /Admin/User/dubious.html
INFO: [ app_init ] --START--
INFO: Run Behavior\BuildLiteBehavior [ RunTime:0.000000s ]
INFO: [ app_init ] --END-- [ RunTime:0.000000s ]
INFO: [ app_begin ] --START--
INFO: Run Behavior\ReadHtmlCacheBehavior [ RunTime:0.000000s ]
INFO: [ app_begin ] --END-- [ RunTime:0.000000s ]
NOTIC: [8] A session had already been started - ignoring session_start() E:\wwwroot\www\kf.hitui.com\ThinkPHP\Common\functions.php 第 1263 行.
INFO: [ view_parse ] --START--
INFO: [ template_filter ] --START--
INFO: Run Behavior\ContentReplaceBehavior [ RunTime:0.000000s ]
INFO: [ template_filter ] --END-- [ RunTime:0.000000s ]
NOTIC: [8] Undefined variable: username E:\wwwroot\www\kf.hitui.com\App\Runtime\Cache\Admin\29f00fa7f9f44ab655434e6f8b3ea3cc.php 第 77 行.
INFO: Run Behavior\ParseTemplateBehavior [ RunTime:0.030002s ]
INFO: [ view_parse ] --END-- [ RunTime:0.030002s ]
INFO: [ view_filter ] --START--
INFO: Run Behavior\WriteHtmlCacheBehavior [ RunTime:0.001000s ]
INFO: [ view_filter ] --END-- [ RunTime:0.001000s ]
INFO: [ app_end ] --START--
INFO: Run Behavior\ShowPageTraceBehavior [ RunTime:0.001000s ]
INFO: [ app_end ] --END-- [ RunTime:0.001000s ]

[ 2017-04-22T09:22:31+08:00 ] 127.0.0.1 /Admin/User/invite.html
INFO: [ app_init ] --START--
INFO: Run Behavior\BuildLiteBehavior [ RunTime:0.000000s ]
INFO: [ app_init ] --END-- [ RunTime:0.001000s ]
INFO: [ app_begin ] --START--
INFO: Run Behavior\ReadHtmlCacheBehavior [ RunTime:0.001000s ]
INFO: [ app_begin ] --END-- [ RunTime:0.001000s ]
NOTIC: [8] A session had already been started - ignoring session_start() E:\wwwroot\www\kf.hitui.com\ThinkPHP\Common\functions.php 第 1263 行.
INFO: [ view_parse ] --START--
INFO: [ template_filter ] --START--
INFO: Run Behavior\ContentReplaceBehavior [ RunTime:0.000000s ]
INFO: [ template_filter ] --END-- [ RunTime:0.000000s ]
NOTIC: [8] Use of undefined constant qq - assumed 'qq' E:\wwwroot\www\kf.hitui.com\App\Runtime\Cache\Admin\a83958906e69514006a2181620124104.php 第 77 行.
NOTIC: [8] Undefined variable: condition E:\wwwroot\www\kf.hitui.com\App\Runtime\Cache\Admin\a83958906e69514006a2181620124104.php 第 77 行.
NOTIC: [8] Use of undefined constant mobile - assumed 'mobile' E:\wwwroot\www\kf.hitui.com\App\Runtime\Cache\Admin\a83958906e69514006a2181620124104.php 第 81 行.
NOTIC: [8] Undefined variable: condition E:\wwwroot\www\kf.hitui.com\App\Runtime\Cache\Admin\a83958906e69514006a2181620124104.php 第 81 行.
NOTIC: [8] Use of undefined constant username - assumed 'username' E:\wwwroot\www\kf.hitui.com\App\Runtime\Cache\Admin\a83958906e69514006a2181620124104.php 第 85 行.
NOTIC: [8] Undefined variable: condition E:\wwwroot\www\kf.hitui.com\App\Runtime\Cache\Admin\a83958906e69514006a2181620124104.php 第 85 行.
NOTIC: [8] Use of undefined constant realname - assumed 'realname' E:\wwwroot\www\kf.hitui.com\App\Runtime\Cache\Admin\a83958906e69514006a2181620124104.php 第 89 行.
NOTIC: [8] Undefined variable: condition E:\wwwroot\www\kf.hitui.com\App\Runtime\Cache\Admin\a83958906e69514006a2181620124104.php 第 89 行.
NOTIC: [8] Undefined variable: group E:\wwwroot\www\kf.hitui.com\App\Runtime\Cache\Admin\a83958906e69514006a2181620124104.php 第 95 行.
NOTIC: [8] Use of undefined constant time_type - assumed 'time_type' E:\wwwroot\www\kf.hitui.com\App\Runtime\Cache\Admin\a83958906e69514006a2181620124104.php 第 100 行.
NOTIC: [8] Undefined variable: condition E:\wwwroot\www\kf.hitui.com\App\Runtime\Cache\Admin\a83958906e69514006a2181620124104.php 第 100 行.
NOTIC: [8] Use of undefined constant time_type - assumed 'time_type' E:\wwwroot\www\kf.hitui.com\App\Runtime\Cache\Admin\a83958906e69514006a2181620124104.php 第 101 行.
NOTIC: [8] Undefined variable: condition E:\wwwroot\www\kf.hitui.com\App\Runtime\Cache\Admin\a83958906e69514006a2181620124104.php 第 101 行.
NOTIC: [8] Use of undefined constant time_type - assumed 'time_type' E:\wwwroot\www\kf.hitui.com\App\Runtime\Cache\Admin\a83958906e69514006a2181620124104.php 第 102 行.
NOTIC: [8] Undefined variable: condition E:\wwwroot\www\kf.hitui.com\App\Runtime\Cache\Admin\a83958906e69514006a2181620124104.php 第 102 行.
NOTIC: [8] Use of undefined constant user_invite_id - assumed 'user_invite_id' E:\wwwroot\www\kf.hitui.com\App\Runtime\Cache\Admin\a83958906e69514006a2181620124104.php 第 126 行.
NOTIC: [8] Undefined variable: totalPages E:\wwwroot\www\kf.hitui.com\App\Runtime\Cache\Admin\a83958906e69514006a2181620124104.php 第 134 行.
INFO: Run Behavior\ParseTemplateBehavior [ RunTime:0.025001s ]
INFO: [ view_parse ] --END-- [ RunTime:0.026001s ]
INFO: [ view_filter ] --START--
INFO: Run Behavior\WriteHtmlCacheBehavior [ RunTime:0.000000s ]
INFO: [ view_filter ] --END-- [ RunTime:0.000000s ]
INFO: [ app_end ] --START--
INFO: Run Behavior\ShowPageTraceBehavior [ RunTime:0.000000s ]
INFO: [ app_end ] --END-- [ RunTime:0.000000s ]

[ 2017-04-22T09:22:52+08:00 ] 127.0.0.1 /Admin/Menu/index.html
INFO: [ app_init ] --START--
INFO: Run Behavior\BuildLiteBehavior [ RunTime:0.000000s ]
INFO: [ app_init ] --END-- [ RunTime:0.001000s ]
INFO: [ app_begin ] --START--
INFO: Run Behavior\ReadHtmlCacheBehavior [ RunTime:0.000000s ]
INFO: [ app_begin ] --END-- [ RunTime:0.000000s ]
NOTIC: [8] A session had already been started - ignoring session_start() E:\wwwroot\www\kf.hitui.com\ThinkPHP\Common\functions.php 第 1263 行.
INFO: [ view_parse ] --START--
INFO: [ template_filter ] --START--
INFO: Run Behavior\ContentReplaceBehavior [ RunTime:0.000000s ]
INFO: [ template_filter ] --END-- [ RunTime:0.000000s ]
NOTIC: [8] Undefined variable: gid E:\wwwroot\www\kf.hitui.com\App\Runtime\Cache\Admin\5a1d71dcf039f1b3725a8d8d96ae9d91.php 第 70 行.
INFO: Run Behavior\ParseTemplateBehavior [ RunTime:0.019001s ]
INFO: [ view_parse ] --END-- [ RunTime:0.019001s ]
INFO: [ view_filter ] --START--
INFO: Run Behavior\WriteHtmlCacheBehavior [ RunTime:0.000000s ]
INFO: [ view_filter ] --END-- [ RunTime:0.000000s ]
INFO: [ app_end ] --START--
INFO: Run Behavior\ShowPageTraceBehavior [ RunTime:0.001000s ]
INFO: [ app_end ] --END-- [ RunTime:0.001000s ]

[ 2017-04-22T09:22:54+08:00 ] 127.0.0.1 /Admin/Menu/editMenu/mid/1.html
INFO: [ app_init ] --START--
INFO: Run Behavior\BuildLiteBehavior [ RunTime:0.000000s ]
INFO: [ app_init ] --END-- [ RunTime:0.000000s ]
INFO: [ app_begin ] --START--
INFO: Run Behavior\ReadHtmlCacheBehavior [ RunTime:0.001000s ]
INFO: [ app_begin ] --END-- [ RunTime:0.001000s ]
NOTIC: [8] A session had already been started - ignoring session_start() E:\wwwroot\www\kf.hitui.com\ThinkPHP\Common\functions.php 第 1263 行.
INFO: [ view_parse ] --START--
INFO: [ template_filter ] --START--
INFO: Run Behavior\ContentReplaceBehavior [ RunTime:0.001000s ]
INFO: [ template_filter ] --END-- [ RunTime:0.001000s ]
INFO: Run Behavior\ParseTemplateBehavior [ RunTime:0.020001s ]
INFO: [ view_parse ] --END-- [ RunTime:0.020001s ]
INFO: [ view_filter ] --START--
INFO: Run Behavior\WriteHtmlCacheBehavior [ RunTime:0.000000s ]
INFO: [ view_filter ] --END-- [ RunTime:0.000000s ]
INFO: [ app_end ] --START--
INFO: Run Behavior\ShowPageTraceBehavior [ RunTime:0.000000s ]
INFO: [ app_end ] --END-- [ RunTime:0.000000s ]

[ 2017-04-22T09:23:04+08:00 ] 127.0.0.1 /Admin/Menu/index.html
INFO: [ app_init ] --START--
INFO: Run Behavior\BuildLiteBehavior [ RunTime:0.000000s ]
INFO: [ app_init ] --END-- [ RunTime:0.000000s ]
INFO: [ app_begin ] --START--
INFO: Run Behavior\ReadHtmlCacheBehavior [ RunTime:0.001000s ]
INFO: [ app_begin ] --END-- [ RunTime:0.001000s ]
NOTIC: [8] A session had already been started - ignoring session_start() E:\wwwroot\www\kf.hitui.com\ThinkPHP\Common\functions.php 第 1263 行.
INFO: [ view_parse ] --START--
INFO: [ template_filter ] --START--
INFO: Run Behavior\ContentReplaceBehavior [ RunTime:0.000000s ]
INFO: [ template_filter ] --END-- [ RunTime:0.000000s ]
NOTIC: [8] Undefined variable: gid E:\wwwroot\www\kf.hitui.com\App\Runtime\Cache\Admin\5a1d71dcf039f1b3725a8d8d96ae9d91.php 第 70 行.
INFO: Run Behavior\ParseTemplateBehavior [ RunTime:0.020001s ]
INFO: [ view_parse ] --END-- [ RunTime:0.020001s ]
INFO: [ view_filter ] --START--
INFO: Run Behavior\WriteHtmlCacheBehavior [ RunTime:0.001000s ]
INFO: [ view_filter ] --END-- [ RunTime:0.001000s ]
INFO: [ app_end ] --START--
INFO: Run Behavior\ShowPageTraceBehavior [ RunTime:0.000000s ]
INFO: [ app_end ] --END-- [ RunTime:0.000000s ]

[ 2017-04-22T09:23:11+08:00 ] 127.0.0.1 /Admin/User/invite.html
INFO: [ app_init ] --START--
INFO: Run Behavior\BuildLiteBehavior [ RunTime:0.000000s ]
INFO: [ app_init ] --END-- [ RunTime:0.001000s ]
INFO: [ app_begin ] --START--
INFO: Run Behavior\ReadHtmlCacheBehavior [ RunTime:0.001000s ]
INFO: [ app_begin ] --END-- [ RunTime:0.001000s ]
NOTIC: [8] A session had already been started - ignoring session_start() E:\wwwroot\www\kf.hitui.com\ThinkPHP\Common\functions.php 第 1263 行.
INFO: [ view_parse ] --START--
INFO: [ template_filter ] --START--
INFO: Run Behavior\ContentReplaceBehavior [ RunTime:0.000000s ]
INFO: [ template_filter ] --END-- [ RunTime:0.000000s ]
NOTIC: [8] Use of undefined constant qq - assumed 'qq' E:\wwwroot\www\kf.hitui.com\App\Runtime\Cache\Admin\a83958906e69514006a2181620124104.php 第 77 行.
NOTIC: [8] Undefined variable: condition E:\wwwroot\www\kf.hitui.com\App\Runtime\Cache\Admin\a83958906e69514006a2181620124104.php 第 77 行.
NOTIC: [8] Use of undefined constant mobile - assumed 'mobile' E:\wwwroot\www\kf.hitui.com\App\Runtime\Cache\Admin\a83958906e69514006a2181620124104.php 第 81 行.
NOTIC: [8] Undefined variable: condition E:\wwwroot\www\kf.hitui.com\App\Runtime\Cache\Admin\a83958906e69514006a2181620124104.php 第 81 行.
NOTIC: [8] Use of undefined constant username - assumed 'username' E:\wwwroot\www\kf.hitui.com\App\Runtime\Cache\Admin\a83958906e69514006a2181620124104.php 第 85 行.
NOTIC: [8] Undefined variable: condition E:\wwwroot\www\kf.hitui.com\App\Runtime\Cache\Admin\a83958906e69514006a2181620124104.php 第 85 行.
NOTIC: [8] Use of undefined constant realname - assumed 'realname' E:\wwwroot\www\kf.hitui.com\App\Runtime\Cache\Admin\a83958906e69514006a2181620124104.php 第 89 行.
NOTIC: [8] Undefined variable: condition E:\wwwroot\www\kf.hitui.com\App\Runtime\Cache\Admin\a83958906e69514006a2181620124104.php 第 89 行.
NOTIC: [8] Undefined variable: group E:\wwwroot\www\kf.hitui.com\App\Runtime\Cache\Admin\a83958906e69514006a2181620124104.php 第 95 行.
NOTIC: [8] Use of undefined constant time_type - assumed 'time_type' E:\wwwroot\www\kf.hitui.com\App\Runtime\Cache\Admin\a83958906e69514006a2181620124104.php 第 100 行.
NOTIC: [8] Undefined variable: condition E:\wwwroot\www\kf.hitui.com\App\Runtime\Cache\Admin\a83958906e69514006a2181620124104.php 第 100 行.
NOTIC: [8] Use of undefined constant time_type - assumed 'time_type' E:\wwwroot\www\kf.hitui.com\App\Runtime\Cache\Admin\a83958906e69514006a2181620124104.php 第 101 行.
NOTIC: [8] Undefined variable: condition E:\wwwroot\www\kf.hitui.com\App\Runtime\Cache\Admin\a83958906e69514006a2181620124104.php 第 101 行.
NOTIC: [8] Use of undefined constant time_type - assumed 'time_type' E:\wwwroot\www\kf.hitui.com\App\Runtime\Cache\Admin\a83958906e69514006a2181620124104.php 第 102 行.
NOTIC: [8] Undefined variable: condition E:\wwwroot\www\kf.hitui.com\App\Runtime\Cache\Admin\a83958906e69514006a2181620124104.php 第 102 行.
NOTIC: [8] Use of undefined constant user_invite_id - assumed 'user_invite_id' E:\wwwroot\www\kf.hitui.com\App\Runtime\Cache\Admin\a83958906e69514006a2181620124104.php 第 126 行.
NOTIC: [8] Undefined variable: totalPages E:\wwwroot\www\kf.hitui.com\App\Runtime\Cache\Admin\a83958906e69514006a2181620124104.php 第 134 行.
INFO: Run Behavior\ParseTemplateBehavior [ RunTime:0.024001s ]
INFO: [ view_parse ] --END-- [ RunTime:0.024001s ]
INFO: [ view_filter ] --START--
INFO: Run Behavior\WriteHtmlCacheBehavior [ RunTime:0.000000s ]
INFO: [ view_filter ] --END-- [ RunTime:0.000000s ]
INFO: [ app_end ] --START--
INFO: Run Behavior\ShowPageTraceBehavior [ RunTime:0.001000s ]
INFO: [ app_end ] --END-- [ RunTime:0.001000s ]

[ 2017-04-22T09:23:13+08:00 ] 127.0.0.1 /Admin/Rbac/index.html
INFO: [ app_init ] --START--
INFO: Run Behavior\BuildLiteBehavior [ RunTime:0.000000s ]
INFO: [ app_init ] --END-- [ RunTime:0.000000s ]
INFO: [ app_begin ] --START--
INFO: Run Behavior\ReadHtmlCacheBehavior [ RunTime:0.001000s ]
INFO: [ app_begin ] --END-- [ RunTime:0.001000s ]
NOTIC: [8] A session had already been started - ignoring session_start() E:\wwwroot\www\kf.hitui.com\ThinkPHP\Common\functions.php 第 1263 行.
NOTIC: [8] Undefined index: mapping_order E:\wwwroot\www\kf.hitui.com\ThinkPHP\Library\Think\Model\RelationModel.class.php 第 186 行.
NOTIC: [8] Undefined index: mapping_limit E:\wwwroot\www\kf.hitui.com\ThinkPHP\Library\Think\Model\RelationModel.class.php 第 187 行.
INFO: [ view_parse ] --START--
INFO: [ template_filter ] --START--
INFO: Run Behavior\ContentReplaceBehavior [ RunTime:0.000000s ]
INFO: [ template_filter ] --END-- [ RunTime:0.000000s ]
INFO: Run Behavior\ParseTemplateBehavior [ RunTime:0.020001s ]
INFO: [ view_parse ] --END-- [ RunTime:0.020001s ]
INFO: [ view_filter ] --START--
INFO: Run Behavior\WriteHtmlCacheBehavior [ RunTime:0.001000s ]
INFO: [ view_filter ] --END-- [ RunTime:0.001000s ]
INFO: [ app_end ] --START--
INFO: Run Behavior\ShowPageTraceBehavior [ RunTime:0.000000s ]
INFO: [ app_end ] --END-- [ RunTime:0.000000s ]

[ 2017-04-22T09:23:16+08:00 ] 127.0.0.1 /Admin/Rbac/editUser/uid/14/super/14.html
INFO: [ app_init ] --START--
INFO: Run Behavior\BuildLiteBehavior [ RunTime:0.000000s ]
INFO: [ app_init ] --END-- [ RunTime:0.001000s ]
INFO: [ app_begin ] --START--
INFO: Run Behavior\ReadHtmlCacheBehavior [ RunTime:0.001000s ]
INFO: [ app_begin ] --END-- [ RunTime:0.001000s ]
NOTIC: [8] A session had already been started - ignoring session_start() E:\wwwroot\www\kf.hitui.com\ThinkPHP\Common\functions.php 第 1263 行.
NOTIC: [8] Undefined index: mapping_order E:\wwwroot\www\kf.hitui.com\ThinkPHP\Library\Think\Model\RelationModel.class.php 第 186 行.
NOTIC: [8] Undefined index: mapping_limit E:\wwwroot\www\kf.hitui.com\ThinkPHP\Library\Think\Model\RelationModel.class.php 第 187 行.
INFO: [ view_parse ] --START--
INFO: [ template_filter ] --START--
INFO: Run Behavior\ContentReplaceBehavior [ RunTime:0.000000s ]
INFO: [ template_filter ] --END-- [ RunTime:0.000000s ]
INFO: Run Behavior\ParseTemplateBehavior [ RunTime:0.026001s ]
INFO: [ view_parse ] --END-- [ RunTime:0.026001s ]
INFO: [ view_filter ] --START--
INFO: Run Behavior\WriteHtmlCacheBehavior [ RunTime:0.000000s ]
INFO: [ view_filter ] --END-- [ RunTime:0.000000s ]
INFO: [ app_end ] --START--
INFO: Run Behavior\ShowPageTraceBehavior [ RunTime:0.000000s ]
INFO: [ app_end ] --END-- [ RunTime:0.001000s ]

[ 2017-04-22T09:24:21+08:00 ] 127.0.0.1 /Admin/Rbac/node.html
INFO: [ app_init ] --START--
INFO: Run Behavior\BuildLiteBehavior [ RunTime:0.000000s ]
INFO: [ app_init ] --END-- [ RunTime:0.001000s ]
INFO: [ app_begin ] --START--
INFO: Run Behavior\ReadHtmlCacheBehavior [ RunTime:0.000000s ]
INFO: [ app_begin ] --END-- [ RunTime:0.000000s ]
NOTIC: [8] A session had already been started - ignoring session_start() E:\wwwroot\www\kf.hitui.com\ThinkPHP\Common\functions.php 第 1263 行.
INFO: [ view_parse ] --START--
INFO: [ template_filter ] --START--
INFO: Run Behavior\ContentReplaceBehavior [ RunTime:0.000000s ]
INFO: [ template_filter ] --END-- [ RunTime:0.001000s ]
NOTIC: [8] Undefined variable: gid E:\wwwroot\www\kf.hitui.com\App\Runtime\Cache\Admin\5956d02cef07d0f490f1cf2927dcf4bf.php 第 70 行.
INFO: Run Behavior\ParseTemplateBehavior [ RunTime:0.046003s ]
INFO: [ view_parse ] --END-- [ RunTime:0.047003s ]
INFO: [ view_filter ] --START--
INFO: Run Behavior\WriteHtmlCacheBehavior [ RunTime:0.000000s ]
INFO: [ view_filter ] --END-- [ RunTime:0.000000s ]
INFO: [ app_end ] --START--
INFO: Run Behavior\ShowPageTraceBehavior [ RunTime:0.000000s ]
INFO: [ app_end ] --END-- [ RunTime:0.000000s ]

[ 2017-04-22T09:24:27+08:00 ] 127.0.0.1 /Admin/Config/index.html
INFO: [ app_init ] --START--
INFO: Run Behavior\BuildLiteBehavior [ RunTime:0.000000s ]
INFO: [ app_init ] --END-- [ RunTime:0.001000s ]
INFO: [ app_begin ] --START--
INFO: Run Behavior\ReadHtmlCacheBehavior [ RunTime:0.000000s ]
INFO: [ app_begin ] --END-- [ RunTime:0.000000s ]
NOTIC: [8] A session had already been started - ignoring session_start() E:\wwwroot\www\kf.hitui.com\ThinkPHP\Common\functions.php 第 1263 行.
INFO: [ view_parse ] --START--
INFO: [ template_filter ] --START--
INFO: Run Behavior\ContentReplaceBehavior [ RunTime:0.000000s ]
INFO: [ template_filter ] --END-- [ RunTime:0.000000s ]
INFO: Run Behavior\ParseTemplateBehavior [ RunTime:0.014001s ]
INFO: [ view_parse ] --END-- [ RunTime:0.014001s ]
INFO: [ view_filter ] --START--
INFO: Run Behavior\WriteHtmlCacheBehavior [ RunTime:0.000000s ]
INFO: [ view_filter ] --END-- [ RunTime:0.000000s ]
INFO: [ app_end ] --START--
INFO: Run Behavior\ShowPageTraceBehavior [ RunTime:0.001000s ]
INFO: [ app_end ] --END-- [ RunTime:0.001000s ]

[ 2017-04-22T09:38:19+08:00 ] 127.0.0.1 /Admin/Config/index.html
INFO: [ app_init ] --START--
INFO: Run Behavior\BuildLiteBehavior [ RunTime:0.000000s ]
INFO: [ app_init ] --END-- [ RunTime:0.000000s ]
INFO: [ app_begin ] --START--
INFO: Run Behavior\ReadHtmlCacheBehavior [ RunTime:0.000000s ]
INFO: [ app_begin ] --END-- [ RunTime:0.000000s ]
NOTIC: [8] A session had already been started - ignoring session_start() E:\wwwroot\www\kf.hitui.com\ThinkPHP\Common\functions.php 第 1263 行.
NOTIC: [8] Undefined offset: 0 E:\wwwroot\www\kf.hitui.com\ThinkPHP\Library\Think\Db\Driver.class.php 第 113 行.
INFO: [ view_parse ] --START--
INFO: [ template_filter ] --START--
INFO: Run Behavior\ContentReplaceBehavior [ RunTime:0.000000s ]
INFO: [ template_filter ] --END-- [ RunTime:0.000000s ]
INFO: Run Behavior\ParseTemplateBehavior [ RunTime:0.009001s ]
INFO: [ view_parse ] --END-- [ RunTime:0.009001s ]
INFO: [ view_filter ] --START--
INFO: Run Behavior\WriteHtmlCacheBehavior [ RunTime:0.000000s ]
INFO: [ view_filter ] --END-- [ RunTime:0.001000s ]
INFO: [ app_end ] --START--
INFO: Run Behavior\ShowPageTraceBehavior [ RunTime:0.000000s ]
INFO: [ app_end ] --END-- [ RunTime:0.000000s ]

[ 2017-04-22T09:38:19+08:00 ] 127.0.0.1 /Admin/Data/index.html
INFO: [ app_init ] --START--
INFO: Run Behavior\BuildLiteBehavior [ RunTime:0.000000s ]
INFO: [ app_init ] --END-- [ RunTime:0.000000s ]
INFO: [ app_begin ] --START--
INFO: Run Behavior\ReadHtmlCacheBehavior [ RunTime:0.000000s ]
INFO: [ app_begin ] --END-- [ RunTime:0.000000s ]
NOTIC: [8] A session had already been started - ignoring session_start() E:\wwwroot\www\kf.hitui.com\ThinkPHP\Common\functions.php 第 1263 行.
INFO: [ view_parse ] --START--
INFO: [ template_filter ] --START--
INFO: Run Behavior\ContentReplaceBehavior [ RunTime:0.001001s ]
INFO: [ template_filter ] --END-- [ RunTime:0.001001s ]
INFO: Run Behavior\ParseTemplateBehavior [ RunTime:0.039002s ]
INFO: [ view_parse ] --END-- [ RunTime:0.039002s ]
INFO: [ view_filter ] --START--
INFO: Run Behavior\WriteHtmlCacheBehavior [ RunTime:0.001000s ]
INFO: [ view_filter ] --END-- [ RunTime:0.001000s ]

[ 2017-04-22T09:39:01+08:00 ] 127.0.0.1 /Admin/Data/index.html
INFO: [ app_init ] --START--
INFO: Run Behavior\BuildLiteBehavior [ RunTime:0.000000s ]
INFO: [ app_init ] --END-- [ RunTime:0.000000s ]
INFO: [ app_begin ] --START--
INFO: Run Behavior\ReadHtmlCacheBehavior [ RunTime:0.001000s ]
INFO: [ app_begin ] --END-- [ RunTime:0.001000s ]
NOTIC: [8] A session had already been started - ignoring session_start() E:\wwwroot\www\kf.hitui.com\ThinkPHP\Common\functions.php 第 1263 行.
NOTIC: [8] Undefined offset: 0 E:\wwwroot\www\kf.hitui.com\ThinkPHP\Library\Think\Db\Driver.class.php 第 113 行.
INFO: [ view_parse ] --START--
INFO: [ template_filter ] --START--
INFO: Run Behavior\ContentReplaceBehavior [ RunTime:0.000000s ]
INFO: [ template_filter ] --END-- [ RunTime:0.000000s ]
NOTIC: [8] Undefined offset: 0 E:\wwwroot\www\kf.hitui.com\ThinkPHP\Library\Think\Db\Driver.class.php 第 113 行.
INFO: Run Behavior\ParseTemplateBehavior [ RunTime:21.099207s ]
INFO: [ view_parse ] --END-- [ RunTime:21.099207s ]
INFO: [ view_filter ] --START--
INFO: Run Behavior\WriteHtmlCacheBehavior [ RunTime:0.000000s ]
INFO: [ view_filter ] --END-- [ RunTime:0.000000s ]
INFO: [ app_end ] --START--
INFO: Run Behavior\ShowPageTraceBehavior [ RunTime:0.000000s ]
INFO: [ app_end ] --END-- [ RunTime:0.001000s ]

[ 2017-04-22T09:39:01+08:00 ] 127.0.0.1 /Admin/User/index.html
INFO: [ app_init ] --START--
INFO: Run Behavior\BuildLiteBehavior [ RunTime:0.000000s ]
INFO: [ app_init ] --END-- [ RunTime:0.000000s ]
INFO: [ app_begin ] --START--
INFO: Run Behavior\ReadHtmlCacheBehavior [ RunTime:0.001000s ]
INFO: [ app_begin ] --END-- [ RunTime:0.001000s ]
NOTIC: [8] A session had already been started - ignoring session_start() E:\wwwroot\www\kf.hitui.com\ThinkPHP\Common\functions.php 第 1263 行.
INFO: [ view_parse ] --START--
INFO: [ template_filter ] --START--
INFO: Run Behavior\ContentReplaceBehavior [ RunTime:0.000000s ]
INFO: [ template_filter ] --END-- [ RunTime:0.000000s ]
NOTIC: [8] Use of undefined constant qq - assumed 'qq' E:\wwwroot\www\kf.hitui.com\App\Runtime\Cache\Admin\4295d5db477f3199c8db51638416159f.php 第 104 行.
NOTIC: [8] Use of undefined constant mobile - assumed 'mobile' E:\wwwroot\www\kf.hitui.com\App\Runtime\Cache\Admin\4295d5db477f3199c8db51638416159f.php 第 108 行.
NOTIC: [8] Use of undefined constant username - assumed 'username' E:\wwwroot\www\kf.hitui.com\App\Runtime\Cache\Admin\4295d5db477f3199c8db51638416159f.php 第 112 行.
NOTIC: [8] Use of undefined constant realname - assumed 'realname' E:\wwwroot\www\kf.hitui.com\App\Runtime\Cache\Admin\4295d5db477f3199c8db51638416159f.php 第 116 行.
INFO: Run Behavior\ParseTemplateBehavior [ RunTime:0.021001s ]
INFO: [ view_parse ] --END-- [ RunTime:0.021001s ]
INFO: [ view_filter ] --START--
INFO: Run Behavior\WriteHtmlCacheBehavior [ RunTime:0.000000s ]
INFO: [ view_filter ] --END-- [ RunTime:0.001000s ]
INFO: [ app_end ] --START--
INFO: Run Behavior\ShowPageTraceBehavior [ RunTime:0.000000s ]
INFO: [ app_end ] --END-- [ RunTime:0.000000s ]

[ 2017-04-22T09:39:01+08:00 ] 127.0.0.1 /Admin/User/index.html
INFO: [ app_init ] --START--
INFO: Run Behavior\BuildLiteBehavior [ RunTime:0.000000s ]
INFO: [ app_init ] --END-- [ RunTime:0.000000s ]
INFO: [ app_begin ] --START--
INFO: Run Behavior\ReadHtmlCacheBehavior [ RunTime:0.001000s ]
INFO: [ app_begin ] --END-- [ RunTime:0.001000s ]
NOTIC: [8] A session had already been started - ignoring session_start() E:\wwwroot\www\kf.hitui.com\ThinkPHP\Common\functions.php 第 1263 行.
INFO: [ view_parse ] --START--
INFO: [ template_filter ] --START--
INFO: Run Behavior\ContentReplaceBehavior [ RunTime:0.000000s ]
INFO: [ template_filter ] --END-- [ RunTime:0.000000s ]
NOTIC: [8] Use of undefined constant qq - assumed 'qq' E:\wwwroot\www\kf.hitui.com\App\Runtime\Cache\Admin\4295d5db477f3199c8db51638416159f.php 第 104 行.
NOTIC: [8] Use of undefined constant mobile - assumed 'mobile' E:\wwwroot\www\kf.hitui.com\App\Runtime\Cache\Admin\4295d5db477f3199c8db51638416159f.php 第 108 行.
NOTIC: [8] Use of undefined constant username - assumed 'username' E:\wwwroot\www\kf.hitui.com\App\Runtime\Cache\Admin\4295d5db477f3199c8db51638416159f.php 第 112 行.
NOTIC: [8] Use of undefined constant realname - assumed 'realname' E:\wwwroot\www\kf.hitui.com\App\Runtime\Cache\Admin\4295d5db477f3199c8db51638416159f.php 第 116 行.
INFO: Run Behavior\ParseTemplateBehavior [ RunTime:0.021002s ]
INFO: [ view_parse ] --END-- [ RunTime:0.021002s ]
INFO: [ view_filter ] --START--
INFO: Run Behavior\WriteHtmlCacheBehavior [ RunTime:0.000000s ]
INFO: [ view_filter ] --END-- [ RunTime:0.000000s ]
INFO: [ app_end ] --START--
INFO: Run Behavior\ShowPageTraceBehavior [ RunTime:0.000000s ]
INFO: [ app_end ] --END-- [ RunTime:0.000000s ]

[ 2017-04-22T18:02:56+08:00 ] 127.0.0.1 /Admin/User/userHack.html
INFO: [ app_init ] --START--
INFO: Run Behavior\BuildLiteBehavior [ RunTime:0.001000s ]
INFO: [ app_init ] --END-- [ RunTime:0.002000s ]
INFO: [ app_begin ] --START--
INFO: Run Behavior\ReadHtmlCacheBehavior [ RunTime:0.001000s ]
INFO: [ app_begin ] --END-- [ RunTime:0.001000s ]
NOTIC: [8] A session had already been started - ignoring session_start() E:\wwwroot\www\kf.hitui.com\ThinkPHP\Common\functions.php 第 1263 行.
INFO: [ view_parse ] --START--
INFO: [ template_filter ] --START--
INFO: Run Behavior\ContentReplaceBehavior [ RunTime:0.000000s ]
INFO: [ template_filter ] --END-- [ RunTime:0.001000s ]
NOTIC: [8] Undefined variable: gid E:\wwwroot\www\kf.hitui.com\App\Runtime\Cache\Admin\5306f01985c79d4f493efa47046db065.php 第 71 行.
INFO: Run Behavior\ParseTemplateBehavior [ RunTime:0.039003s ]
INFO: [ view_parse ] --END-- [ RunTime:0.039003s ]
INFO: [ view_filter ] --START--
INFO: Run Behavior\WriteHtmlCacheBehavior [ RunTime:0.001000s ]
INFO: [ view_filter ] --END-- [ RunTime:0.001000s ]
INFO: [ app_end ] --START--
INFO: Run Behavior\ShowPageTraceBehavior [ RunTime:0.001000s ]
INFO: [ app_end ] --END-- [ RunTime:0.001000s ]

[ 2017-04-22T18:02:57+08:00 ] 127.0.0.1 /Admin/User/ticket.html
INFO: [ app_init ] --START--
INFO: Run Behavior\BuildLiteBehavior [ RunTime:0.000000s ]
INFO: [ app_init ] --END-- [ RunTime:0.000000s ]
INFO: [ app_begin ] --START--
INFO: Run Behavior\ReadHtmlCacheBehavior [ RunTime:0.000000s ]
INFO: [ app_begin ] --END-- [ RunTime:0.000000s ]
NOTIC: [8] A session had already been started - ignoring session_start() E:\wwwroot\www\kf.hitui.com\ThinkPHP\Common\functions.php 第 1263 行.
INFO: [ view_parse ] --START--
INFO: [ template_filter ] --START--
INFO: Run Behavior\ContentReplaceBehavior [ RunTime:0.000000s ]
INFO: [ template_filter ] --END-- [ RunTime:0.000000s ]
NOTIC: [8] Array to string conversion E:\wwwroot\www\kf.hitui.com\App\Runtime\Cache\Admin\9e1ca5faaa8aa8ec921b37c1180563b2.php 第 124 行.
NOTIC: [8] Undefined index: remark?Array E:\wwwroot\www\kf.hitui.com\App\Runtime\Cache\Admin\9e1ca5faaa8aa8ec921b37c1180563b2.php 第 124 行.
NOTIC: [8] Use of undefined constant id - assumed 'id' E:\wwwroot\www\kf.hitui.com\App\Runtime\Cache\Admin\9e1ca5faaa8aa8ec921b37c1180563b2.php 第 126 行.
NOTIC: [8] Use of undefined constant id - assumed 'id' E:\wwwroot\www\kf.hitui.com\App\Runtime\Cache\Admin\9e1ca5faaa8aa8ec921b37c1180563b2.php 第 126 行.
NOTIC: [8] Use of undefined constant id - assumed 'id' E:\wwwroot\www\kf.hitui.com\App\Runtime\Cache\Admin\9e1ca5faaa8aa8ec921b37c1180563b2.php 第 130 行.
NOTIC: [8] Use of undefined constant id - assumed 'id' E:\wwwroot\www\kf.hitui.com\App\Runtime\Cache\Admin\9e1ca5faaa8aa8ec921b37c1180563b2.php 第 130 行.
NOTIC: [8] Array to string conversion E:\wwwroot\www\kf.hitui.com\App\Runtime\Cache\Admin\9e1ca5faaa8aa8ec921b37c1180563b2.php 第 124 行.
NOTIC: [8] Undefined index: remark?Array E:\wwwroot\www\kf.hitui.com\App\Runtime\Cache\Admin\9e1ca5faaa8aa8ec921b37c1180563b2.php 第 124 行.
NOTIC: [8] Use of undefined constant id - assumed 'id' E:\wwwroot\www\kf.hitui.com\App\Runtime\Cache\Admin\9e1ca5faaa8aa8ec921b37c1180563b2.php 第 126 行.
NOTIC: [8] Use of undefined constant id - assumed 'id' E:\wwwroot\www\kf.hitui.com\App\Runtime\Cache\Admin\9e1ca5faaa8aa8ec921b37c1180563b2.php 第 126 行.
NOTIC: [8] Use of undefined constant id - assumed 'id' E:\wwwroot\www\kf.hitui.com\App\Runtime\Cache\Admin\9e1ca5faaa8aa8ec921b37c1180563b2.php 第 130 行.
NOTIC: [8] Use of undefined constant id - assumed 'id' E:\wwwroot\www\kf.hitui.com\App\Runtime\Cache\Admin\9e1ca5faaa8aa8ec921b37c1180563b2.php 第 130 行.
NOTIC: [8] Array to string conversion E:\wwwroot\www\kf.hitui.com\App\Runtime\Cache\Admin\9e1ca5faaa8aa8ec921b37c1180563b2.php 第 124 行.
NOTIC: [8] Undefined index: remark?Array E:\wwwroot\www\kf.hitui.com\App\Runtime\Cache\Admin\9e1ca5faaa8aa8ec921b37c1180563b2.php 第 124 行.
NOTIC: [8] Use of undefined constant id - assumed 'id' E:\wwwroot\www\kf.hitui.com\App\Runtime\Cache\Admin\9e1ca5faaa8aa8ec921b37c1180563b2.php 第 126 行.
NOTIC: [8] Use of undefined constant id - assumed 'id' E:\wwwroot\www\kf.hitui.com\App\Runtime\Cache\Admin\9e1ca5faaa8aa8ec921b37c1180563b2.php 第 126 行.
NOTIC: [8] Use of undefined constant id - assumed 'id' E:\wwwroot\www\kf.hitui.com\App\Runtime\Cache\Admin\9e1ca5faaa8aa8ec921b37c1180563b2.php 第 130 行.
NOTIC: [8] Use of undefined constant id - assumed 'id' E:\wwwroot\www\kf.hitui.com\App\Runtime\Cache\Admin\9e1ca5faaa8aa8ec921b37c1180563b2.php 第 130 行.
INFO: Run Behavior\ParseTemplateBehavior [ RunTime:0.026002s ]
INFO: [ view_parse ] --END-- [ RunTime:0.026002s ]
INFO: [ view_filter ] --START--
INFO: Run Behavior\WriteHtmlCacheBehavior [ RunTime:0.000000s ]
INFO: [ view_filter ] --END-- [ RunTime:0.000000s ]
INFO: [ app_end ] --START--
INFO: Run Behavior\ShowPageTraceBehavior [ RunTime:0.001000s ]
INFO: [ app_end ] --END-- [ RunTime:0.001000s ]

