[ 2017-06-07T15:33:51+08:00 ] 192.168.0.98 /
INFO: [ app_init ] --START--
INFO: Run Behavior\BuildLiteBehavior [ RunTime:0.000000s ]
INFO: [ app_init ] --END-- [ RunTime:0.002001s ]
INFO: [ app_begin ] --START--
INFO: Run Behavior\ReadHtmlCacheBehavior [ RunTime:0.001000s ]
INFO: [ app_begin ] --END-- [ RunTime:0.001000s ]
NOTIC: [8] A session had already been started - ignoring session_start() E:\wwwroot\www\kf.hitui.com\ThinkPHP\Common\functions.php 第 1263 行.
SQL: SHOW COLUMNS FROM `ht_article_other` [ RunTime:0.0260s ]
SQL: SHOW COLUMNS FROM `ht_user` [ RunTime:0.0270s ]
SQL: SHOW COLUMNS FROM `ht_video` [ RunTime:0.0250s ]
SQL: SHOW COLUMNS FROM `ht_user_group` [ RunTime:0.1060s ]
SQL: SELECT * FROM `ht_user_group` WHERE `allow_buy` = 1 ORDER BY sort ASC,buy_money DESC,id DESC LIMIT 4   [ RunTime:0.3680s ]
SQL: SELECT `video_time` FROM `ht_video`  [ RunTime:0.0390s ]
SQL: SELECT COUNT(*) AS tp_count FROM `ht_user` LIMIT 1   [ RunTime:0.0140s ]
SQL: SELECT COUNT(*) AS tp_count FROM `ht_video` LIMIT 1   [ RunTime:0.0220s ]
SQL: SELECT * FROM `ht_article_other` WHERE `type` = 2 AND `is_show` = 1 ORDER BY sort ASC,id DESC LIMIT 4   [ RunTime:0.0160s ]
SQL: SELECT * FROM `ht_article_other` WHERE `type` = 3 AND `is_show` = 1 ORDER BY sort ASC,id DESC LIMIT 7   [ RunTime:1.1311s ]
SQL: SELECT * FROM `ht_article_other` WHERE `type` = 4 AND `is_show` = 1 ORDER BY sort ASC,id DESC LIMIT 7   [ RunTime:0.0540s ]
SQL: SELECT * FROM `ht_article_other` WHERE `type` = 5 AND `is_show` = 1 ORDER BY sort ASC,id DESC LIMIT 7   [ RunTime:0.0280s ]
INFO: [ view_parse ] --START--
INFO: [ template_filter ] --START--
INFO: Run Behavior\ContentReplaceBehavior [ RunTime:0.000000s ]
INFO: [ template_filter ] --END-- [ RunTime:0.000000s ]
INFO: Run Behavior\ParseTemplateBehavior [ RunTime:0.047003s ]
INFO: [ view_parse ] --END-- [ RunTime:0.047003s ]
INFO: [ view_filter ] --START--
INFO: Run Behavior\WriteHtmlCacheBehavior [ RunTime:0.001000s ]
INFO: [ view_filter ] --END-- [ RunTime:0.001000s ]
INFO: [ app_end ] --START--
INFO: Run Behavior\ShowPageTraceBehavior [ RunTime:0.001000s ]
INFO: [ app_end ] --END-- [ RunTime:0.001000s ]

[ 2017-06-07T15:33:51+08:00 ] 192.168.0.98 /Public/public/images/hhico03.png
INFO: [ app_init ] --START--
INFO: Run Behavior\BuildLiteBehavior [ RunTime:0.000000s ]
INFO: [ app_init ] --END-- [ RunTime:0.001000s ]

[ 2017-06-07T15:33:51+08:00 ] 192.168.0.98 /Public/public/images/prevNext.png
INFO: [ app_init ] --START--
INFO: Run Behavior\BuildLiteBehavior [ RunTime:0.000000s ]
INFO: [ app_init ] --END-- [ RunTime:0.001000s ]

[ 2017-06-07T15:33:51+08:00 ] 192.168.0.98 /Public/public/images/hhico02.png
INFO: [ app_init ] --START--
INFO: Run Behavior\BuildLiteBehavior [ RunTime:0.001000s ]
INFO: [ app_init ] --END-- [ RunTime:0.001000s ]

[ 2017-06-07T15:33:51+08:00 ] 192.168.0.98 /Public/public/images/hhico01.png
INFO: [ app_init ] --START--
INFO: Run Behavior\BuildLiteBehavior [ RunTime:0.000000s ]
INFO: [ app_init ] --END-- [ RunTime:0.001000s ]

[ 2017-06-07T15:33:51+08:00 ] 192.168.0.98 /Public/public/images/affBg.png
INFO: [ app_init ] --START--
INFO: Run Behavior\BuildLiteBehavior [ RunTime:0.000000s ]
INFO: [ app_init ] --END-- [ RunTime:0.001000s ]

[ 2017-06-07T15:33:51+08:00 ] 192.168.0.98 /Public/public/images/hdbgLine.png
INFO: [ app_init ] --START--
INFO: Run Behavior\BuildLiteBehavior [ RunTime:0.000000s ]
INFO: [ app_init ] --END-- [ RunTime:0.000000s ]

[ 2017-06-07T15:34:03+08:00 ] 192.168.0.98 /favicon.ico
INFO: [ app_init ] --START--
INFO: Run Behavior\BuildLiteBehavior [ RunTime:0.000000s ]
INFO: [ app_init ] --END-- [ RunTime:0.000000s ]

[ 2017-06-07T16:28:37+08:00 ] 192.168.0.99 /html/wap/hituiWap/pages/courses/javascript;
INFO: [ app_init ] --START--
INFO: Run Behavior\BuildLiteBehavior [ RunTime:0.000000s ]
INFO: [ app_init ] --END-- [ RunTime:0.001000s ]
INFO: [ app_begin ] --START--
INFO: Run Behavior\ReadHtmlCacheBehavior [ RunTime:0.001000s ]
INFO: [ app_begin ] --END-- [ RunTime:0.001000s ]
NOTIC: [8] A session had already been started - ignoring session_start() E:\wwwroot\www\kf.hitui.com\ThinkPHP\Common\functions.php 第 1263 行.
INFO: [ view_parse ] --START--
INFO: [ template_filter ] --START--
INFO: Run Behavior\ContentReplaceBehavior [ RunTime:0.000000s ]
INFO: [ template_filter ] --END-- [ RunTime:0.000000s ]
INFO: Run Behavior\ParseTemplateBehavior [ RunTime:0.012000s ]
INFO: [ view_parse ] --END-- [ RunTime:0.012000s ]
INFO: [ view_filter ] --START--
INFO: Run Behavior\WriteHtmlCacheBehavior [ RunTime:0.000000s ]
INFO: [ view_filter ] --END-- [ RunTime:0.000000s ]
INFO: [ app_end ] --START--
INFO: Run Behavior\ShowPageTraceBehavior [ RunTime:0.001000s ]
INFO: [ app_end ] --END-- [ RunTime:0.001000s ]

