[ 2017-03-25T10:20:20+08:00 ] 192.168.0.16 /index.php?m=mobile_new
INFO: [ app_init ] --START--
INFO: Run Behavior\BuildLiteBehavior [ RunTime:0.000000s ]
INFO: [ app_init ] --END-- [ RunTime:0.001000s ]
ERR: 无法加载模块:Mobile_new

[ 2017-03-25T10:21:24+08:00 ] 192.168.0.17 /index.php?m=mobile_new
INFO: [ app_init ] --START--
INFO: Run Behavior\BuildLiteBehavior [ RunTime:0.000000s ]
INFO: [ app_init ] --END-- [ RunTime:0.001000s ]
ERR: 无法加载模块:Mobile_new

[ 2017-03-25T17:32:18+08:00 ] 192.168.0.16 /index.php?m=mobile_new&c=index&a=kecheng&v=1
INFO: [ app_init ] --START--
INFO: Run Behavior\BuildLiteBehavior [ RunTime:0.000000s ]
INFO: [ app_init ] --END-- [ RunTime:0.000000s ]
ERR: 无法加载模块:Mobile_new

[ 2017-03-25T17:37:23+08:00 ] 192.168.0.17 /index.php?m=mobile_new&c=index&a=kecheng&v=1
INFO: [ app_init ] --START--
INFO: Run Behavior\BuildLiteBehavior [ RunTime:0.000000s ]
INFO: [ app_init ] --END-- [ RunTime:0.000000s ]
ERR: 无法加载模块:Mobile_new

[ 2017-03-25T17:40:12+08:00 ] 192.168.0.17 /index.php?m=mobile_new&c=index&a=kecheng&v=1
INFO: [ app_init ] --START--
INFO: Run Behavior\BuildLiteBehavior [ RunTime:0.000000s ]
INFO: [ app_init ] --END-- [ RunTime:0.000000s ]
ERR: 无法加载模块:Mobile_new

[ 2017-03-25T17:40:15+08:00 ] 192.168.0.17 /index.php?m=mobile_new&c=index&a=kecheng&v=1
INFO: [ app_init ] --START--
INFO: Run Behavior\BuildLiteBehavior [ RunTime:0.000000s ]
INFO: [ app_init ] --END-- [ RunTime:0.000000s ]
ERR: 无法加载模块:Mobile_new

[ 2017-03-25T17:40:15+08:00 ] 192.168.0.17 /index.php?m=mobile_new&c=index&a=kecheng&v=1
INFO: [ app_init ] --START--
INFO: Run Behavior\BuildLiteBehavior [ RunTime:0.000000s ]
INFO: [ app_init ] --END-- [ RunTime:0.001000s ]
ERR: 无法加载模块:Mobile_new

